ARM GAS  /var/folders/m4/4md61f0s1_g0rzfghffqnxvr0000gn/T//ccRgSYSB.s 			page 1


   1              		.syntax unified
   2              		.cpu cortex-m4
   3              		.eabi_attribute 27, 1
   4              		.eabi_attribute 28, 1
   5              		.fpu fpv4-sp-d16
   6              		.eabi_attribute 20, 1
   7              		.eabi_attribute 21, 1
   8              		.eabi_attribute 23, 3
   9              		.eabi_attribute 24, 1
  10              		.eabi_attribute 25, 1
  11              		.eabi_attribute 26, 1
  12              		.eabi_attribute 30, 2
  13              		.eabi_attribute 34, 1
  14              		.eabi_attribute 18, 4
  15              		.thumb
  16              		.syntax unified
  17              		.file	"board.c"
  18              		.text
  19              	.Ltext0:
  20              		.cfi_sections	.debug_frame
  21              		.section	.text.__early_init,"ax",%progbits
  22              		.align	2
  23              		.p2align 4,,15
  24              		.global	__early_init
  25              		.thumb
  26              		.thumb_func
  27              		.type	__early_init, %function
  28              	__early_init:
  29              	.LFB268:
  30              		.file 1 "board/board.c"
  31              		.loc 1 70 0
  32              		.cfi_startproc
  33              		@ args = 0, pretend = 0, frame = 0
  34              		@ frame_needed = 0, uses_anonymous_args = 0
  35              		@ link register save eliminated.
  36              		.loc 1 72 0
  37 0000 FFF7FEBF 		b	stm32_clock_init
  38              	.LVL0:
  39              		.cfi_endproc
  40              	.LFE268:
  41              		.size	__early_init, .-__early_init
  42              		.section	.text.boardInit,"ax",%progbits
  43              		.align	2
  44              		.p2align 4,,15
  45              		.global	boardInit
  46              		.thumb
  47              		.thumb_func
  48              		.type	boardInit, %function
  49              	boardInit:
  50              	.LFB269:
  51              		.loc 1 123 0
  52              		.cfi_startproc
  53              		@ args = 0, pretend = 0, frame = 0
  54              		@ frame_needed = 0, uses_anonymous_args = 0
  55              		@ link register save eliminated.
  56 0000 7047     		bx	lr
  57              		.cfi_endproc
ARM GAS  /var/folders/m4/4md61f0s1_g0rzfghffqnxvr0000gn/T//ccRgSYSB.s 			page 2


  58              	.LFE269:
  59              		.size	boardInit, .-boardInit
  60              		.global	pal_default_config
  61 0002 00BF     		.section	.rodata.pal_default_config,"a",%progbits
  62              		.align	2
  63              		.type	pal_default_config, %object
  64              		.size	pal_default_config, 252
  65              	pal_default_config:
  66 0000 00AAA02A 		.word	715172352
  67 0004 00000000 		.word	0
  68 0008 FFABFFFF 		.word	-21505
  69 000c 54000140 		.word	1073807444
  70 0010 FFFF0000 		.word	65535
  71 0014 00005655 		.word	1431699456
  72 0018 00AA0A00 		.word	698880
  73 001c 80200800 		.word	532608
  74 0020 40020000 		.word	576
  75 0024 FFFFFFFF 		.word	-1
  76 0028 15455155 		.word	1431389461
  77 002c FFFF0000 		.word	65535
  78 0030 00000004 		.word	67108864
  79 0034 40000000 		.word	64
  80 0038 01802002 		.word	35684353
  81 003c 00000000 		.word	0
  82 0040 FFFFFFFF 		.word	-1
  83 0044 54154554 		.word	1413813588
  84 0048 FFFF0000 		.word	65535
  85 004c 00000060 		.word	1610612736
  86 0050 00060600 		.word	394752
  87 0054 00010055 		.word	1426063616
  88 0058 00000000 		.word	0
  89 005c FFFFFFFF 		.word	-1
  90 0060 55505500 		.word	5591125
  91 0064 FF0F0000 		.word	4095
  92 0068 00000000 		.word	0
  93 006c 00000000 		.word	0
  94 0070 40000000 		.word	64
  95 0074 00000000 		.word	0
  96 0078 FFFFFFFF 		.word	-1
  97 007c 00000000 		.word	0
  98 0080 FFFF0000 		.word	65535
  99 0084 00000000 		.word	0
 100 0088 00000000 		.word	0
 101 008c 00000000 		.word	0
 102 0090 00000000 		.word	0
 103 0094 FFFFFFFF 		.word	-1
 104 0098 00000000 		.word	0
 105 009c FFFF0000 		.word	65535
 106 00a0 00000000 		.word	0
 107 00a4 00000000 		.word	0
 108 00a8 00000000 		.word	0
 109 00ac 00000000 		.word	0
 110 00b0 FFFFFFFF 		.word	-1
 111 00b4 00000000 		.word	0
 112 00b8 FFFF0000 		.word	65535
 113 00bc 00000000 		.word	0
 114 00c0 00000000 		.word	0
ARM GAS  /var/folders/m4/4md61f0s1_g0rzfghffqnxvr0000gn/T//ccRgSYSB.s 			page 3


 115 00c4 00000000 		.word	0
 116 00c8 00000000 		.word	0
 117 00cc FFFFFFFF 		.word	-1
 118 00d0 00000000 		.word	0
 119 00d4 FFFF0000 		.word	65535
 120 00d8 00000000 		.word	0
 121 00dc 00000000 		.word	0
 122 00e0 00000000 		.word	0
 123 00e4 00000000 		.word	0
 124 00e8 FFFFFFFF 		.word	-1
 125 00ec 00000000 		.word	0
 126 00f0 FFFF0000 		.word	65535
 127 00f4 00000000 		.word	0
 128 00f8 00000000 		.word	0
 129              		.text
 130              	.Letext0:
 131              		.file 2 "/opt/homebrew-cask/Caskroom/gcc-arm-embedded/5_2-2015q4,20151219/gcc-arm-none-eabi-5_2-20
 132              		.file 3 "/opt/homebrew-cask/Caskroom/gcc-arm-embedded/5_2-2015q4,20151219/gcc-arm-none-eabi-5_2-20
 133              		.file 4 "/opt/homebrew-cask/Caskroom/gcc-arm-embedded/5_2-2015q4,20151219/gcc-arm-none-eabi-5_2-20
 134              		.file 5 "ChibiOS_16.1.4/os/rt/ports/ARMCMx/compilers/GCC/chtypes.h"
 135              		.file 6 "ChibiOS_16.1.4/os/rt/include/chsystypes.h"
 136              		.file 7 "ChibiOS_16.1.4/os/rt/include/chschd.h"
 137              		.file 8 "ChibiOS_16.1.4/os/rt/ports/ARMCMx/chcore.h"
 138              		.file 9 "ChibiOS_16.1.4/os/rt/ports/ARMCMx/chcore_v7m.h"
 139              		.file 10 "ChibiOS_16.1.4/os/rt/include/chtm.h"
 140              		.file 11 "ChibiOS_16.1.4/os/rt/include/chsem.h"
 141              		.file 12 "ChibiOS_16.1.4/os/rt/include/chmtx.h"
 142              		.file 13 "ChibiOS_16.1.4/os/hal/ports/STM32/LLD/GPIOv2/pal_lld.h"
 143              		.file 14 "ChibiOS_16.1.4/os/ext/CMSIS/include/core_cm4.h"
 144              		.file 15 "ChibiOS_16.1.4/os/hal/ports/STM32/STM32F4xx/hal_lld.h"
 145              		.section	.debug_info,"",%progbits
 146              	.Ldebug_info0:
 147 0000 80080000 		.4byte	0x880
 148 0004 0400     		.2byte	0x4
 149 0006 00000000 		.4byte	.Ldebug_abbrev0
 150 000a 04       		.byte	0x4
 151 000b 01       		.uleb128 0x1
 152 000c E7020000 		.4byte	.LASF125
 153 0010 0C       		.byte	0xc
 154 0011 9C040000 		.4byte	.LASF126
 155 0015 14020000 		.4byte	.LASF127
 156 0019 00000000 		.4byte	.Ldebug_ranges0+0
 157 001d 00000000 		.4byte	0
 158 0021 00000000 		.4byte	.Ldebug_line0
 159 0025 02       		.uleb128 0x2
 160 0026 04       		.byte	0x4
 161 0027 05       		.byte	0x5
 162 0028 696E7400 		.ascii	"int\000"
 163 002c 03       		.uleb128 0x3
 164 002d 20000000 		.4byte	.LASF2
 165 0031 02       		.byte	0x2
 166 0032 D8       		.byte	0xd8
 167 0033 37000000 		.4byte	0x37
 168 0037 04       		.uleb128 0x4
 169 0038 04       		.byte	0x4
 170 0039 07       		.byte	0x7
 171 003a 97010000 		.4byte	.LASF0
ARM GAS  /var/folders/m4/4md61f0s1_g0rzfghffqnxvr0000gn/T//ccRgSYSB.s 			page 4


 172 003e 04       		.uleb128 0x4
 173 003f 01       		.byte	0x1
 174 0040 06       		.byte	0x6
 175 0041 DD000000 		.4byte	.LASF1
 176 0045 03       		.uleb128 0x3
 177 0046 37000000 		.4byte	.LASF3
 178 004a 03       		.byte	0x3
 179 004b 1D       		.byte	0x1d
 180 004c 50000000 		.4byte	0x50
 181 0050 04       		.uleb128 0x4
 182 0051 01       		.byte	0x1
 183 0052 08       		.byte	0x8
 184 0053 8E040000 		.4byte	.LASF4
 185 0057 04       		.uleb128 0x4
 186 0058 02       		.byte	0x2
 187 0059 05       		.byte	0x5
 188 005a BF040000 		.4byte	.LASF5
 189 005e 04       		.uleb128 0x4
 190 005f 02       		.byte	0x2
 191 0060 07       		.byte	0x7
 192 0061 EA010000 		.4byte	.LASF6
 193 0065 03       		.uleb128 0x3
 194 0066 77020000 		.4byte	.LASF7
 195 006a 03       		.byte	0x3
 196 006b 3F       		.byte	0x3f
 197 006c 70000000 		.4byte	0x70
 198 0070 04       		.uleb128 0x4
 199 0071 04       		.byte	0x4
 200 0072 05       		.byte	0x5
 201 0073 19010000 		.4byte	.LASF8
 202 0077 03       		.uleb128 0x3
 203 0078 9C050000 		.4byte	.LASF9
 204 007c 03       		.byte	0x3
 205 007d 41       		.byte	0x41
 206 007e 82000000 		.4byte	0x82
 207 0082 04       		.uleb128 0x4
 208 0083 04       		.byte	0x4
 209 0084 07       		.byte	0x7
 210 0085 57050000 		.4byte	.LASF10
 211 0089 04       		.uleb128 0x4
 212 008a 08       		.byte	0x8
 213 008b 05       		.byte	0x5
 214 008c CF000000 		.4byte	.LASF11
 215 0090 03       		.uleb128 0x3
 216 0091 3E040000 		.4byte	.LASF12
 217 0095 03       		.byte	0x3
 218 0096 5B       		.byte	0x5b
 219 0097 9B000000 		.4byte	0x9b
 220 009b 04       		.uleb128 0x4
 221 009c 08       		.byte	0x8
 222 009d 07       		.byte	0x7
 223 009e 63000000 		.4byte	.LASF13
 224 00a2 03       		.uleb128 0x3
 225 00a3 FF050000 		.4byte	.LASF14
 226 00a7 04       		.byte	0x4
 227 00a8 14       		.byte	0x14
 228 00a9 45000000 		.4byte	0x45
ARM GAS  /var/folders/m4/4md61f0s1_g0rzfghffqnxvr0000gn/T//ccRgSYSB.s 			page 5


 229 00ad 03       		.uleb128 0x3
 230 00ae 86040000 		.4byte	.LASF15
 231 00b2 04       		.byte	0x4
 232 00b3 1F       		.byte	0x1f
 233 00b4 65000000 		.4byte	0x65
 234 00b8 03       		.uleb128 0x3
 235 00b9 2F050000 		.4byte	.LASF16
 236 00bd 04       		.byte	0x4
 237 00be 20       		.byte	0x20
 238 00bf 77000000 		.4byte	0x77
 239 00c3 03       		.uleb128 0x3
 240 00c4 2E000000 		.4byte	.LASF17
 241 00c8 04       		.byte	0x4
 242 00c9 26       		.byte	0x26
 243 00ca 90000000 		.4byte	0x90
 244 00ce 03       		.uleb128 0x3
 245 00cf C0050000 		.4byte	.LASF18
 246 00d3 05       		.byte	0x5
 247 00d4 39       		.byte	0x39
 248 00d5 B8000000 		.4byte	0xb8
 249 00d9 03       		.uleb128 0x3
 250 00da 55020000 		.4byte	.LASF19
 251 00de 05       		.byte	0x5
 252 00df 3C       		.byte	0x3c
 253 00e0 A2000000 		.4byte	0xa2
 254 00e4 03       		.uleb128 0x3
 255 00e5 29010000 		.4byte	.LASF20
 256 00e9 05       		.byte	0x5
 257 00ea 3D       		.byte	0x3d
 258 00eb A2000000 		.4byte	0xa2
 259 00ef 03       		.uleb128 0x3
 260 00f0 49040000 		.4byte	.LASF21
 261 00f4 05       		.byte	0x5
 262 00f5 3E       		.byte	0x3e
 263 00f6 A2000000 		.4byte	0xa2
 264 00fa 03       		.uleb128 0x3
 265 00fb FF000000 		.4byte	.LASF22
 266 00ff 05       		.byte	0x5
 267 0100 3F       		.byte	0x3f
 268 0101 A2000000 		.4byte	0xa2
 269 0105 03       		.uleb128 0x3
 270 0106 68040000 		.4byte	.LASF23
 271 010a 05       		.byte	0x5
 272 010b 40       		.byte	0x40
 273 010c B8000000 		.4byte	0xb8
 274 0110 03       		.uleb128 0x3
 275 0111 0E020000 		.4byte	.LASF24
 276 0115 05       		.byte	0x5
 277 0116 41       		.byte	0x41
 278 0117 AD000000 		.4byte	0xad
 279 011b 03       		.uleb128 0x3
 280 011c 6B020000 		.4byte	.LASF25
 281 0120 05       		.byte	0x5
 282 0121 43       		.byte	0x43
 283 0122 B8000000 		.4byte	0xb8
 284 0126 03       		.uleb128 0x3
 285 0127 91010000 		.4byte	.LASF26
ARM GAS  /var/folders/m4/4md61f0s1_g0rzfghffqnxvr0000gn/T//ccRgSYSB.s 			page 6


 286 012b 05       		.byte	0x5
 287 012c 45       		.byte	0x45
 288 012d AD000000 		.4byte	0xad
 289 0131 03       		.uleb128 0x3
 290 0132 7E050000 		.4byte	.LASF27
 291 0136 06       		.byte	0x6
 292 0137 33       		.byte	0x33
 293 0138 B8000000 		.4byte	0xb8
 294 013c 03       		.uleb128 0x3
 295 013d 6E050000 		.4byte	.LASF28
 296 0141 06       		.byte	0x6
 297 0142 3F       		.byte	0x3f
 298 0143 47010000 		.4byte	0x147
 299 0147 05       		.uleb128 0x5
 300 0148 04020000 		.4byte	.LASF50
 301 014c 48       		.byte	0x48
 302 014d 07       		.byte	0x7
 303 014e C2       		.byte	0xc2
 304 014f 4C020000 		.4byte	0x24c
 305 0153 06       		.uleb128 0x6
 306 0154 F0040000 		.4byte	.LASF29
 307 0158 07       		.byte	0x7
 308 0159 C3       		.byte	0xc3
 309 015a 57020000 		.4byte	0x257
 310 015e 00       		.byte	0
 311 015f 06       		.uleb128 0x6
 312 0160 61040000 		.4byte	.LASF30
 313 0164 07       		.byte	0x7
 314 0165 C5       		.byte	0xc5
 315 0166 57020000 		.4byte	0x257
 316 016a 04       		.byte	0x4
 317 016b 06       		.uleb128 0x6
 318 016c C8000000 		.4byte	.LASF31
 319 0170 07       		.byte	0x7
 320 0171 C7       		.byte	0xc7
 321 0172 05010000 		.4byte	0x105
 322 0176 08       		.byte	0x8
 323 0177 06       		.uleb128 0x6
 324 0178 52060000 		.4byte	.LASF32
 325 017c 07       		.byte	0x7
 326 017d C8       		.byte	0xc8
 327 017e 87040000 		.4byte	0x487
 328 0182 0C       		.byte	0xc
 329 0183 06       		.uleb128 0x6
 330 0184 32010000 		.4byte	.LASF33
 331 0188 07       		.byte	0x7
 332 0189 CA       		.byte	0xca
 333 018a 57020000 		.4byte	0x257
 334 018e 10       		.byte	0x10
 335 018f 06       		.uleb128 0x6
 336 0190 DF020000 		.4byte	.LASF34
 337 0194 07       		.byte	0x7
 338 0195 CB       		.byte	0xcb
 339 0196 57020000 		.4byte	0x257
 340 019a 14       		.byte	0x14
 341 019b 06       		.uleb128 0x6
 342 019c 0E060000 		.4byte	.LASF35
ARM GAS  /var/folders/m4/4md61f0s1_g0rzfghffqnxvr0000gn/T//ccRgSYSB.s 			page 7


 343 01a0 07       		.byte	0x7
 344 01a1 D2       		.byte	0xd2
 345 01a2 D5060000 		.4byte	0x6d5
 346 01a6 18       		.byte	0x18
 347 01a7 06       		.uleb128 0x6
 348 01a8 C9040000 		.4byte	.LASF36
 349 01ac 07       		.byte	0x7
 350 01ad DD       		.byte	0xdd
 351 01ae E4000000 		.4byte	0xe4
 352 01b2 1C       		.byte	0x1c
 353 01b3 06       		.uleb128 0x6
 354 01b4 F7040000 		.4byte	.LASF37
 355 01b8 07       		.byte	0x7
 356 01b9 E1       		.byte	0xe1
 357 01ba D9000000 		.4byte	0xd9
 358 01be 1D       		.byte	0x1d
 359 01bf 06       		.uleb128 0x6
 360 01c0 E8050000 		.4byte	.LASF38
 361 01c4 07       		.byte	0x7
 362 01c5 E6       		.byte	0xe6
 363 01c6 EF000000 		.4byte	0xef
 364 01ca 1E       		.byte	0x1e
 365 01cb 06       		.uleb128 0x6
 366 01cc D1040000 		.4byte	.LASF39
 367 01d0 07       		.byte	0x7
 368 01d1 EC       		.byte	0xec
 369 01d2 FA000000 		.4byte	0xfa
 370 01d6 1F       		.byte	0x1f
 371 01d7 06       		.uleb128 0x6
 372 01d8 AC010000 		.4byte	.LASF40
 373 01dc 07       		.byte	0x7
 374 01dd F3       		.byte	0xf3
 375 01de E7060000 		.4byte	0x6e7
 376 01e2 20       		.byte	0x20
 377 01e3 07       		.uleb128 0x7
 378 01e4 705F7500 		.ascii	"p_u\000"
 379 01e8 07       		.byte	0x7
 380 01e9 3101     		.2byte	0x131
 381 01eb 10060000 		.4byte	0x610
 382 01ef 24       		.byte	0x24
 383 01f0 08       		.uleb128 0x8
 384 01f1 A2020000 		.4byte	.LASF41
 385 01f5 07       		.byte	0x7
 386 01f6 3601     		.2byte	0x136
 387 01f8 5D020000 		.4byte	0x25d
 388 01fc 28       		.byte	0x28
 389 01fd 08       		.uleb128 0x8
 390 01fe C3010000 		.4byte	.LASF42
 391 0202 07       		.byte	0x7
 392 0203 3C01     		.2byte	0x13c
 393 0205 81020000 		.4byte	0x281
 394 0209 2C       		.byte	0x2c
 395 020a 08       		.uleb128 0x8
 396 020b 27060000 		.4byte	.LASF43
 397 020f 07       		.byte	0x7
 398 0210 4001     		.2byte	0x140
 399 0212 10010000 		.4byte	0x110
ARM GAS  /var/folders/m4/4md61f0s1_g0rzfghffqnxvr0000gn/T//ccRgSYSB.s 			page 8


 400 0216 34       		.byte	0x34
 401 0217 08       		.uleb128 0x8
 402 0218 24050000 		.4byte	.LASF44
 403 021c 07       		.byte	0x7
 404 021d 4601     		.2byte	0x146
 405 021f 1B010000 		.4byte	0x11b
 406 0223 38       		.byte	0x38
 407 0224 08       		.uleb128 0x8
 408 0225 B5040000 		.4byte	.LASF45
 409 0229 07       		.byte	0x7
 410 022a 4D01     		.2byte	0x14d
 411 022c CF060000 		.4byte	0x6cf
 412 0230 3C       		.byte	0x3c
 413 0231 08       		.uleb128 0x8
 414 0232 88050000 		.4byte	.LASF46
 415 0236 07       		.byte	0x7
 416 0237 5101     		.2byte	0x151
 417 0239 05010000 		.4byte	0x105
 418 023d 40       		.byte	0x40
 419 023e 08       		.uleb128 0x8
 420 023f E9000000 		.4byte	.LASF47
 421 0243 07       		.byte	0x7
 422 0244 5801     		.2byte	0x158
 423 0246 34030000 		.4byte	0x334
 424 024a 44       		.byte	0x44
 425 024b 00       		.byte	0
 426 024c 03       		.uleb128 0x3
 427 024d B5020000 		.4byte	.LASF48
 428 0251 06       		.byte	0x6
 429 0252 44       		.byte	0x44
 430 0253 57020000 		.4byte	0x257
 431 0257 09       		.uleb128 0x9
 432 0258 04       		.byte	0x4
 433 0259 3C010000 		.4byte	0x13c
 434 025d 03       		.uleb128 0x3
 435 025e 93020000 		.4byte	.LASF49
 436 0262 06       		.byte	0x6
 437 0263 49       		.byte	0x49
 438 0264 68020000 		.4byte	0x268
 439 0268 05       		.uleb128 0x5
 440 0269 47050000 		.4byte	.LASF51
 441 026d 04       		.byte	0x4
 442 026e 07       		.byte	0x7
 443 026f B0       		.byte	0xb0
 444 0270 81020000 		.4byte	0x281
 445 0274 06       		.uleb128 0x6
 446 0275 F0040000 		.4byte	.LASF29
 447 0279 07       		.byte	0x7
 448 027a B1       		.byte	0xb1
 449 027b 57020000 		.4byte	0x257
 450 027f 00       		.byte	0
 451 0280 00       		.byte	0
 452 0281 03       		.uleb128 0x3
 453 0282 CF050000 		.4byte	.LASF52
 454 0286 06       		.byte	0x6
 455 0287 50       		.byte	0x50
 456 0288 8C020000 		.4byte	0x28c
ARM GAS  /var/folders/m4/4md61f0s1_g0rzfghffqnxvr0000gn/T//ccRgSYSB.s 			page 9


 457 028c 05       		.uleb128 0x5
 458 028d B7000000 		.4byte	.LASF53
 459 0291 08       		.byte	0x8
 460 0292 07       		.byte	0x7
 461 0293 B7       		.byte	0xb7
 462 0294 B1020000 		.4byte	0x2b1
 463 0298 06       		.uleb128 0x6
 464 0299 F0040000 		.4byte	.LASF29
 465 029d 07       		.byte	0x7
 466 029e B8       		.byte	0xb8
 467 029f 57020000 		.4byte	0x257
 468 02a3 00       		.byte	0
 469 02a4 06       		.uleb128 0x6
 470 02a5 61040000 		.4byte	.LASF30
 471 02a9 07       		.byte	0x7
 472 02aa B9       		.byte	0xb9
 473 02ab 57020000 		.4byte	0x257
 474 02af 04       		.byte	0x4
 475 02b0 00       		.byte	0
 476 02b1 03       		.uleb128 0x3
 477 02b2 13000000 		.4byte	.LASF54
 478 02b6 06       		.byte	0x6
 479 02b7 57       		.byte	0x57
 480 02b8 BC020000 		.4byte	0x2bc
 481 02bc 0A       		.uleb128 0xa
 482 02bd 5D020000 		.4byte	.LASF55
 483 02c1 1C       		.byte	0x1c
 484 02c2 07       		.byte	0x7
 485 02c3 9001     		.2byte	0x190
 486 02c5 18030000 		.4byte	0x318
 487 02c9 08       		.uleb128 0x8
 488 02ca 3F050000 		.4byte	.LASF56
 489 02ce 07       		.byte	0x7
 490 02cf 9101     		.2byte	0x191
 491 02d1 81020000 		.4byte	0x281
 492 02d5 00       		.byte	0
 493 02d6 08       		.uleb128 0x8
 494 02d7 DB040000 		.4byte	.LASF57
 495 02db 07       		.byte	0x7
 496 02dc 9201     		.2byte	0x192
 497 02de 05010000 		.4byte	0x105
 498 02e2 08       		.byte	0x8
 499 02e3 08       		.uleb128 0x8
 500 02e4 09040000 		.4byte	.LASF58
 501 02e8 07       		.byte	0x7
 502 02e9 9401     		.2byte	0x194
 503 02eb 87040000 		.4byte	0x487
 504 02ef 0C       		.byte	0xc
 505 02f0 08       		.uleb128 0x8
 506 02f1 42010000 		.4byte	.LASF59
 507 02f5 07       		.byte	0x7
 508 02f6 9701     		.2byte	0x197
 509 02f8 57020000 		.4byte	0x257
 510 02fc 10       		.byte	0x10
 511 02fd 08       		.uleb128 0x8
 512 02fe 36040000 		.4byte	.LASF60
 513 0302 07       		.byte	0x7
ARM GAS  /var/folders/m4/4md61f0s1_g0rzfghffqnxvr0000gn/T//ccRgSYSB.s 			page 10


 514 0303 9801     		.2byte	0x198
 515 0305 57020000 		.4byte	0x257
 516 0309 14       		.byte	0x14
 517 030a 08       		.uleb128 0x8
 518 030b 2C040000 		.4byte	.LASF61
 519 030f 07       		.byte	0x7
 520 0310 9B01     		.2byte	0x19b
 521 0312 57020000 		.4byte	0x257
 522 0316 18       		.byte	0x18
 523 0317 00       		.byte	0
 524 0318 03       		.uleb128 0x3
 525 0319 93050000 		.4byte	.LASF62
 526 031d 06       		.byte	0x6
 527 031e 5C       		.byte	0x5c
 528 031f 23030000 		.4byte	0x323
 529 0323 09       		.uleb128 0x9
 530 0324 04       		.byte	0x4
 531 0325 29030000 		.4byte	0x329
 532 0329 0B       		.uleb128 0xb
 533 032a 34030000 		.4byte	0x334
 534 032e 0C       		.uleb128 0xc
 535 032f 34030000 		.4byte	0x334
 536 0333 00       		.byte	0
 537 0334 0D       		.uleb128 0xd
 538 0335 04       		.byte	0x4
 539 0336 03       		.uleb128 0x3
 540 0337 51040000 		.4byte	.LASF63
 541 033b 06       		.byte	0x6
 542 033c 61       		.byte	0x61
 543 033d 41030000 		.4byte	0x341
 544 0341 0A       		.uleb128 0xa
 545 0342 06050000 		.4byte	.LASF64
 546 0346 14       		.byte	0x14
 547 0347 07       		.byte	0x7
 548 0348 6B01     		.2byte	0x16b
 549 034a 90030000 		.4byte	0x390
 550 034e 08       		.uleb128 0x8
 551 034f A4010000 		.4byte	.LASF65
 552 0353 07       		.byte	0x7
 553 0354 6C01     		.2byte	0x16c
 554 0356 EC060000 		.4byte	0x6ec
 555 035a 00       		.byte	0
 556 035b 08       		.uleb128 0x8
 557 035c 53010000 		.4byte	.LASF66
 558 0360 07       		.byte	0x7
 559 0361 6D01     		.2byte	0x16d
 560 0363 EC060000 		.4byte	0x6ec
 561 0367 04       		.byte	0x4
 562 0368 08       		.uleb128 0x8
 563 0369 BA010000 		.4byte	.LASF67
 564 036d 07       		.byte	0x7
 565 036e 6E01     		.2byte	0x16e
 566 0370 31010000 		.4byte	0x131
 567 0374 08       		.byte	0x8
 568 0375 08       		.uleb128 0x8
 569 0376 58060000 		.4byte	.LASF68
 570 037a 07       		.byte	0x7
ARM GAS  /var/folders/m4/4md61f0s1_g0rzfghffqnxvr0000gn/T//ccRgSYSB.s 			page 11


 571 037b 6F01     		.2byte	0x16f
 572 037d 18030000 		.4byte	0x318
 573 0381 0C       		.byte	0xc
 574 0382 08       		.uleb128 0x8
 575 0383 C8050000 		.4byte	.LASF69
 576 0387 07       		.byte	0x7
 577 0388 7101     		.2byte	0x171
 578 038a 34030000 		.4byte	0x334
 579 038e 10       		.byte	0x10
 580 038f 00       		.byte	0
 581 0390 03       		.uleb128 0x3
 582 0391 94000000 		.4byte	.LASF70
 583 0395 06       		.byte	0x6
 584 0396 66       		.byte	0x66
 585 0397 9B030000 		.4byte	0x39b
 586 039b 0A       		.uleb128 0xa
 587 039c C8020000 		.4byte	.LASF71
 588 03a0 10       		.byte	0x10
 589 03a1 07       		.byte	0x7
 590 03a2 7B01     		.2byte	0x17b
 591 03a4 DD030000 		.4byte	0x3dd
 592 03a8 08       		.uleb128 0x8
 593 03a9 A4010000 		.4byte	.LASF65
 594 03ad 07       		.byte	0x7
 595 03ae 7C01     		.2byte	0x17c
 596 03b0 EC060000 		.4byte	0x6ec
 597 03b4 00       		.byte	0
 598 03b5 08       		.uleb128 0x8
 599 03b6 53010000 		.4byte	.LASF66
 600 03ba 07       		.byte	0x7
 601 03bb 7E01     		.2byte	0x17e
 602 03bd EC060000 		.4byte	0x6ec
 603 03c1 04       		.byte	0x4
 604 03c2 08       		.uleb128 0x8
 605 03c3 BA010000 		.4byte	.LASF67
 606 03c7 07       		.byte	0x7
 607 03c8 8001     		.2byte	0x180
 608 03ca 31010000 		.4byte	0x131
 609 03ce 08       		.byte	0x8
 610 03cf 08       		.uleb128 0x8
 611 03d0 1C060000 		.4byte	.LASF72
 612 03d4 07       		.byte	0x7
 613 03d5 8201     		.2byte	0x182
 614 03d7 E7060000 		.4byte	0x6e7
 615 03db 0C       		.byte	0xc
 616 03dc 00       		.byte	0
 617 03dd 03       		.uleb128 0x3
 618 03de 4D000000 		.4byte	.LASF73
 619 03e2 06       		.byte	0x6
 620 03e3 6B       		.byte	0x6b
 621 03e4 E8030000 		.4byte	0x3e8
 622 03e8 0A       		.uleb128 0xa
 623 03e9 70040000 		.4byte	.LASF74
 624 03ed 04       		.byte	0x4
 625 03ee 07       		.byte	0x7
 626 03ef A201     		.2byte	0x1a2
 627 03f1 03040000 		.4byte	0x403
ARM GAS  /var/folders/m4/4md61f0s1_g0rzfghffqnxvr0000gn/T//ccRgSYSB.s 			page 12


 628 03f5 08       		.uleb128 0x8
 629 03f6 A7050000 		.4byte	.LASF75
 630 03fa 07       		.byte	0x7
 631 03fb AA01     		.2byte	0x1aa
 632 03fd F2060000 		.4byte	0x6f2
 633 0401 00       		.byte	0
 634 0402 00       		.byte	0
 635 0403 03       		.uleb128 0x3
 636 0404 49020000 		.4byte	.LASF76
 637 0408 06       		.byte	0x6
 638 0409 70       		.byte	0x70
 639 040a 0E040000 		.4byte	0x40e
 640 040e 0E       		.uleb128 0xe
 641 040f 0F010000 		.4byte	.LASF77
 642 0413 5802     		.2byte	0x258
 643 0415 07       		.byte	0x7
 644 0416 C201     		.2byte	0x1c2
 645 0418 6A040000 		.4byte	0x46a
 646 041c 08       		.uleb128 0x8
 647 041d F9050000 		.4byte	.LASF78
 648 0421 07       		.byte	0x7
 649 0422 C601     		.2byte	0x1c6
 650 0424 B1020000 		.4byte	0x2b1
 651 0428 00       		.byte	0
 652 0429 08       		.uleb128 0x8
 653 042a 5B010000 		.4byte	.LASF79
 654 042e 07       		.byte	0x7
 655 042f CA01     		.2byte	0x1ca
 656 0431 90030000 		.4byte	0x390
 657 0435 1C       		.byte	0x1c
 658 0436 07       		.uleb128 0x7
 659 0437 64626700 		.ascii	"dbg\000"
 660 043b 07       		.byte	0x7
 661 043c CE01     		.2byte	0x1ce
 662 043e DD030000 		.4byte	0x3dd
 663 0442 2C       		.byte	0x2c
 664 0443 08       		.uleb128 0x8
 665 0444 89000000 		.4byte	.LASF80
 666 0448 07       		.byte	0x7
 667 0449 D201     		.2byte	0x1d2
 668 044b 3C010000 		.4byte	0x13c
 669 044f 30       		.byte	0x30
 670 0450 07       		.uleb128 0x7
 671 0451 746D00   		.ascii	"tm\000"
 672 0454 07       		.byte	0x7
 673 0455 D701     		.2byte	0x1d7
 674 0457 05060000 		.4byte	0x605
 675 045b 78       		.byte	0x78
 676 045c 08       		.uleb128 0x8
 677 045d 82010000 		.4byte	.LASF81
 678 0461 07       		.byte	0x7
 679 0462 E301     		.2byte	0x1e3
 680 0464 F7060000 		.4byte	0x6f7
 681 0468 80       		.byte	0x80
 682 0469 00       		.byte	0
 683 046a 04       		.uleb128 0x4
 684 046b 04       		.byte	0x4
ARM GAS  /var/folders/m4/4md61f0s1_g0rzfghffqnxvr0000gn/T//ccRgSYSB.s 			page 13


 685 046c 07       		.byte	0x7
 686 046d AC020000 		.4byte	.LASF82
 687 0471 03       		.uleb128 0x3
 688 0472 4A010000 		.4byte	.LASF83
 689 0476 08       		.byte	0x8
 690 0477 65       		.byte	0x65
 691 0478 34030000 		.4byte	0x334
 692 047c 03       		.uleb128 0x3
 693 047d 88020000 		.4byte	.LASF84
 694 0481 08       		.byte	0x8
 695 0482 6D       		.byte	0x6d
 696 0483 C3000000 		.4byte	0xc3
 697 0487 05       		.uleb128 0x5
 698 0488 B8050000 		.4byte	.LASF85
 699 048c 04       		.byte	0x4
 700 048d 08       		.byte	0x8
 701 048e 89       		.byte	0x89
 702 048f A0040000 		.4byte	0x4a0
 703 0493 0F       		.uleb128 0xf
 704 0494 72313300 		.ascii	"r13\000"
 705 0498 08       		.byte	0x8
 706 0499 8A       		.byte	0x8a
 707 049a EA050000 		.4byte	0x5ea
 708 049e 00       		.byte	0
 709 049f 00       		.byte	0
 710 04a0 05       		.uleb128 0x5
 711 04a1 41000000 		.4byte	.LASF86
 712 04a5 64       		.byte	0x64
 713 04a6 09       		.byte	0x9
 714 04a7 FD       		.byte	0xfd
 715 04a8 EA050000 		.4byte	0x5ea
 716 04ac 0F       		.uleb128 0xf
 717 04ad 73313600 		.ascii	"s16\000"
 718 04b1 09       		.byte	0x9
 719 04b2 FF       		.byte	0xff
 720 04b3 71040000 		.4byte	0x471
 721 04b7 00       		.byte	0
 722 04b8 07       		.uleb128 0x7
 723 04b9 73313700 		.ascii	"s17\000"
 724 04bd 09       		.byte	0x9
 725 04be 0001     		.2byte	0x100
 726 04c0 71040000 		.4byte	0x471
 727 04c4 04       		.byte	0x4
 728 04c5 07       		.uleb128 0x7
 729 04c6 73313800 		.ascii	"s18\000"
 730 04ca 09       		.byte	0x9
 731 04cb 0101     		.2byte	0x101
 732 04cd 71040000 		.4byte	0x471
 733 04d1 08       		.byte	0x8
 734 04d2 07       		.uleb128 0x7
 735 04d3 73313900 		.ascii	"s19\000"
 736 04d7 09       		.byte	0x9
 737 04d8 0201     		.2byte	0x102
 738 04da 71040000 		.4byte	0x471
 739 04de 0C       		.byte	0xc
 740 04df 07       		.uleb128 0x7
 741 04e0 73323000 		.ascii	"s20\000"
ARM GAS  /var/folders/m4/4md61f0s1_g0rzfghffqnxvr0000gn/T//ccRgSYSB.s 			page 14


 742 04e4 09       		.byte	0x9
 743 04e5 0301     		.2byte	0x103
 744 04e7 71040000 		.4byte	0x471
 745 04eb 10       		.byte	0x10
 746 04ec 07       		.uleb128 0x7
 747 04ed 73323100 		.ascii	"s21\000"
 748 04f1 09       		.byte	0x9
 749 04f2 0401     		.2byte	0x104
 750 04f4 71040000 		.4byte	0x471
 751 04f8 14       		.byte	0x14
 752 04f9 07       		.uleb128 0x7
 753 04fa 73323200 		.ascii	"s22\000"
 754 04fe 09       		.byte	0x9
 755 04ff 0501     		.2byte	0x105
 756 0501 71040000 		.4byte	0x471
 757 0505 18       		.byte	0x18
 758 0506 07       		.uleb128 0x7
 759 0507 73323300 		.ascii	"s23\000"
 760 050b 09       		.byte	0x9
 761 050c 0601     		.2byte	0x106
 762 050e 71040000 		.4byte	0x471
 763 0512 1C       		.byte	0x1c
 764 0513 07       		.uleb128 0x7
 765 0514 73323400 		.ascii	"s24\000"
 766 0518 09       		.byte	0x9
 767 0519 0701     		.2byte	0x107
 768 051b 71040000 		.4byte	0x471
 769 051f 20       		.byte	0x20
 770 0520 07       		.uleb128 0x7
 771 0521 73323500 		.ascii	"s25\000"
 772 0525 09       		.byte	0x9
 773 0526 0801     		.2byte	0x108
 774 0528 71040000 		.4byte	0x471
 775 052c 24       		.byte	0x24
 776 052d 07       		.uleb128 0x7
 777 052e 73323600 		.ascii	"s26\000"
 778 0532 09       		.byte	0x9
 779 0533 0901     		.2byte	0x109
 780 0535 71040000 		.4byte	0x471
 781 0539 28       		.byte	0x28
 782 053a 07       		.uleb128 0x7
 783 053b 73323700 		.ascii	"s27\000"
 784 053f 09       		.byte	0x9
 785 0540 0A01     		.2byte	0x10a
 786 0542 71040000 		.4byte	0x471
 787 0546 2C       		.byte	0x2c
 788 0547 07       		.uleb128 0x7
 789 0548 73323800 		.ascii	"s28\000"
 790 054c 09       		.byte	0x9
 791 054d 0B01     		.2byte	0x10b
 792 054f 71040000 		.4byte	0x471
 793 0553 30       		.byte	0x30
 794 0554 07       		.uleb128 0x7
 795 0555 73323900 		.ascii	"s29\000"
 796 0559 09       		.byte	0x9
 797 055a 0C01     		.2byte	0x10c
 798 055c 71040000 		.4byte	0x471
ARM GAS  /var/folders/m4/4md61f0s1_g0rzfghffqnxvr0000gn/T//ccRgSYSB.s 			page 15


 799 0560 34       		.byte	0x34
 800 0561 07       		.uleb128 0x7
 801 0562 73333000 		.ascii	"s30\000"
 802 0566 09       		.byte	0x9
 803 0567 0D01     		.2byte	0x10d
 804 0569 71040000 		.4byte	0x471
 805 056d 38       		.byte	0x38
 806 056e 07       		.uleb128 0x7
 807 056f 73333100 		.ascii	"s31\000"
 808 0573 09       		.byte	0x9
 809 0574 0E01     		.2byte	0x10e
 810 0576 71040000 		.4byte	0x471
 811 057a 3C       		.byte	0x3c
 812 057b 07       		.uleb128 0x7
 813 057c 723400   		.ascii	"r4\000"
 814 057f 09       		.byte	0x9
 815 0580 1001     		.2byte	0x110
 816 0582 71040000 		.4byte	0x471
 817 0586 40       		.byte	0x40
 818 0587 07       		.uleb128 0x7
 819 0588 723500   		.ascii	"r5\000"
 820 058b 09       		.byte	0x9
 821 058c 1101     		.2byte	0x111
 822 058e 71040000 		.4byte	0x471
 823 0592 44       		.byte	0x44
 824 0593 07       		.uleb128 0x7
 825 0594 723600   		.ascii	"r6\000"
 826 0597 09       		.byte	0x9
 827 0598 1201     		.2byte	0x112
 828 059a 71040000 		.4byte	0x471
 829 059e 48       		.byte	0x48
 830 059f 07       		.uleb128 0x7
 831 05a0 723700   		.ascii	"r7\000"
 832 05a3 09       		.byte	0x9
 833 05a4 1301     		.2byte	0x113
 834 05a6 71040000 		.4byte	0x471
 835 05aa 4C       		.byte	0x4c
 836 05ab 07       		.uleb128 0x7
 837 05ac 723800   		.ascii	"r8\000"
 838 05af 09       		.byte	0x9
 839 05b0 1401     		.2byte	0x114
 840 05b2 71040000 		.4byte	0x471
 841 05b6 50       		.byte	0x50
 842 05b7 07       		.uleb128 0x7
 843 05b8 723900   		.ascii	"r9\000"
 844 05bb 09       		.byte	0x9
 845 05bc 1501     		.2byte	0x115
 846 05be 71040000 		.4byte	0x471
 847 05c2 54       		.byte	0x54
 848 05c3 07       		.uleb128 0x7
 849 05c4 72313000 		.ascii	"r10\000"
 850 05c8 09       		.byte	0x9
 851 05c9 1601     		.2byte	0x116
 852 05cb 71040000 		.4byte	0x471
 853 05cf 58       		.byte	0x58
 854 05d0 07       		.uleb128 0x7
 855 05d1 72313100 		.ascii	"r11\000"
ARM GAS  /var/folders/m4/4md61f0s1_g0rzfghffqnxvr0000gn/T//ccRgSYSB.s 			page 16


 856 05d5 09       		.byte	0x9
 857 05d6 1701     		.2byte	0x117
 858 05d8 71040000 		.4byte	0x471
 859 05dc 5C       		.byte	0x5c
 860 05dd 07       		.uleb128 0x7
 861 05de 6C7200   		.ascii	"lr\000"
 862 05e1 09       		.byte	0x9
 863 05e2 1801     		.2byte	0x118
 864 05e4 71040000 		.4byte	0x471
 865 05e8 60       		.byte	0x60
 866 05e9 00       		.byte	0
 867 05ea 09       		.uleb128 0x9
 868 05eb 04       		.byte	0x4
 869 05ec A0040000 		.4byte	0x4a0
 870 05f0 10       		.uleb128 0x10
 871 05f1 04       		.byte	0x4
 872 05f2 0A       		.byte	0xa
 873 05f3 38       		.byte	0x38
 874 05f4 05060000 		.4byte	0x605
 875 05f8 06       		.uleb128 0x6
 876 05f9 B1050000 		.4byte	.LASF87
 877 05fd 0A       		.byte	0xa
 878 05fe 3C       		.byte	0x3c
 879 05ff CE000000 		.4byte	0xce
 880 0603 00       		.byte	0
 881 0604 00       		.byte	0
 882 0605 03       		.uleb128 0x3
 883 0606 0F040000 		.4byte	.LASF88
 884 060a 0A       		.byte	0xa
 885 060b 3D       		.byte	0x3d
 886 060c F0050000 		.4byte	0x5f0
 887 0610 11       		.uleb128 0x11
 888 0611 04       		.byte	0x4
 889 0612 07       		.byte	0x7
 890 0613 FA       		.byte	0xfa
 891 0614 6D060000 		.4byte	0x66d
 892 0618 12       		.uleb128 0x12
 893 0619 27000000 		.4byte	.LASF89
 894 061d 07       		.byte	0x7
 895 061e 0101     		.2byte	0x101
 896 0620 10010000 		.4byte	0x110
 897 0624 12       		.uleb128 0x12
 898 0625 80000000 		.4byte	.LASF90
 899 0629 07       		.byte	0x7
 900 062a 0801     		.2byte	0x108
 901 062c 10010000 		.4byte	0x110
 902 0630 12       		.uleb128 0x12
 903 0631 07060000 		.4byte	.LASF91
 904 0635 07       		.byte	0x7
 905 0636 0F01     		.2byte	0x10f
 906 0638 34030000 		.4byte	0x334
 907 063c 12       		.uleb128 0x12
 908 063d 09010000 		.4byte	.LASF92
 909 0641 07       		.byte	0x7
 910 0642 1601     		.2byte	0x116
 911 0644 6D060000 		.4byte	0x66d
 912 0648 12       		.uleb128 0x12
ARM GAS  /var/folders/m4/4md61f0s1_g0rzfghffqnxvr0000gn/T//ccRgSYSB.s 			page 17


 913 0649 B3010000 		.4byte	.LASF93
 914 064d 07       		.byte	0x7
 915 064e 1E01     		.2byte	0x11e
 916 0650 98060000 		.4byte	0x698
 917 0654 12       		.uleb128 0x12
 918 0655 38050000 		.4byte	.LASF94
 919 0659 07       		.byte	0x7
 920 065a 2701     		.2byte	0x127
 921 065c CF060000 		.4byte	0x6cf
 922 0660 12       		.uleb128 0x12
 923 0661 E9040000 		.4byte	.LASF95
 924 0665 07       		.byte	0x7
 925 0666 2F01     		.2byte	0x12f
 926 0668 1B010000 		.4byte	0x11b
 927 066c 00       		.byte	0
 928 066d 09       		.uleb128 0x9
 929 066e 04       		.byte	0x4
 930 066f 4C020000 		.4byte	0x24c
 931 0673 05       		.uleb128 0x5
 932 0674 17050000 		.4byte	.LASF96
 933 0678 0C       		.byte	0xc
 934 0679 0B       		.byte	0xb
 935 067a 34       		.byte	0x34
 936 067b 98060000 		.4byte	0x698
 937 067f 06       		.uleb128 0x6
 938 0680 3A010000 		.4byte	.LASF97
 939 0684 0B       		.byte	0xb
 940 0685 35       		.byte	0x35
 941 0686 81020000 		.4byte	0x281
 942 068a 00       		.byte	0
 943 068b 06       		.uleb128 0x6
 944 068c AF040000 		.4byte	.LASF98
 945 0690 0B       		.byte	0xb
 946 0691 37       		.byte	0x37
 947 0692 26010000 		.4byte	0x126
 948 0696 08       		.byte	0x8
 949 0697 00       		.byte	0
 950 0698 09       		.uleb128 0x9
 951 0699 04       		.byte	0x4
 952 069a 73060000 		.4byte	0x673
 953 069e 05       		.uleb128 0x5
 954 069f DF050000 		.4byte	.LASF99
 955 06a3 10       		.byte	0x10
 956 06a4 0C       		.byte	0xc
 957 06a5 39       		.byte	0x39
 958 06a6 CF060000 		.4byte	0x6cf
 959 06aa 06       		.uleb128 0x6
 960 06ab F1000000 		.4byte	.LASF100
 961 06af 0C       		.byte	0xc
 962 06b0 3A       		.byte	0x3a
 963 06b1 81020000 		.4byte	0x281
 964 06b5 00       		.byte	0
 965 06b6 06       		.uleb128 0x6
 966 06b7 37060000 		.4byte	.LASF101
 967 06bb 0C       		.byte	0xc
 968 06bc 3C       		.byte	0x3c
 969 06bd 57020000 		.4byte	0x257
ARM GAS  /var/folders/m4/4md61f0s1_g0rzfghffqnxvr0000gn/T//ccRgSYSB.s 			page 18


 970 06c1 08       		.byte	0x8
 971 06c2 06       		.uleb128 0x6
 972 06c3 77050000 		.4byte	.LASF102
 973 06c7 0C       		.byte	0xc
 974 06c8 3E       		.byte	0x3e
 975 06c9 12070000 		.4byte	0x712
 976 06cd 0C       		.byte	0xc
 977 06ce 00       		.byte	0
 978 06cf 09       		.uleb128 0x9
 979 06d0 04       		.byte	0x4
 980 06d1 9E060000 		.4byte	0x69e
 981 06d5 09       		.uleb128 0x9
 982 06d6 04       		.byte	0x4
 983 06d7 E2060000 		.4byte	0x6e2
 984 06db 04       		.uleb128 0x4
 985 06dc 01       		.byte	0x1
 986 06dd 08       		.byte	0x8
 987 06de 69050000 		.4byte	.LASF103
 988 06e2 13       		.uleb128 0x13
 989 06e3 DB060000 		.4byte	0x6db
 990 06e7 14       		.uleb128 0x14
 991 06e8 31010000 		.4byte	0x131
 992 06ec 09       		.uleb128 0x9
 993 06ed 04       		.byte	0x4
 994 06ee 36030000 		.4byte	0x336
 995 06f2 14       		.uleb128 0x14
 996 06f3 D5060000 		.4byte	0x6d5
 997 06f7 15       		.uleb128 0x15
 998 06f8 7C040000 		.4byte	0x47c
 999 06fc 07070000 		.4byte	0x707
 1000 0700 16       		.uleb128 0x16
 1001 0701 6A040000 		.4byte	0x46a
 1002 0705 3A       		.byte	0x3a
 1003 0706 00       		.byte	0
 1004 0707 03       		.uleb128 0x3
 1005 0708 73010000 		.4byte	.LASF104
 1006 070c 0C       		.byte	0xc
 1007 070d 34       		.byte	0x34
 1008 070e 9E060000 		.4byte	0x69e
 1009 0712 09       		.uleb128 0x9
 1010 0713 04       		.byte	0x4
 1011 0714 07070000 		.4byte	0x707
 1012 0718 04       		.uleb128 0x4
 1013 0719 01       		.byte	0x1
 1014 071a 02       		.byte	0x2
 1015 071b 80040000 		.4byte	.LASF105
 1016 071f 10       		.uleb128 0x10
 1017 0720 1C       		.byte	0x1c
 1018 0721 0D       		.byte	0xd
 1019 0722 F5       		.byte	0xf5
 1020 0723 7E070000 		.4byte	0x77e
 1021 0727 06       		.uleb128 0x6
 1022 0728 F9000000 		.4byte	.LASF106
 1023 072c 0D       		.byte	0xd
 1024 072d F7       		.byte	0xf7
 1025 072e B8000000 		.4byte	0xb8
 1026 0732 00       		.byte	0
ARM GAS  /var/folders/m4/4md61f0s1_g0rzfghffqnxvr0000gn/T//ccRgSYSB.s 			page 19


 1027 0733 06       		.uleb128 0x6
 1028 0734 D6010000 		.4byte	.LASF107
 1029 0738 0D       		.byte	0xd
 1030 0739 F9       		.byte	0xf9
 1031 073a B8000000 		.4byte	0xb8
 1032 073e 04       		.byte	0x4
 1033 073f 06       		.uleb128 0x6
 1034 0740 CE010000 		.4byte	.LASF108
 1035 0744 0D       		.byte	0xd
 1036 0745 FB       		.byte	0xfb
 1037 0746 B8000000 		.4byte	0xb8
 1038 074a 08       		.byte	0x8
 1039 074b 06       		.uleb128 0x6
 1040 074c 7A000000 		.4byte	.LASF109
 1041 0750 0D       		.byte	0xd
 1042 0751 FD       		.byte	0xfd
 1043 0752 B8000000 		.4byte	0xb8
 1044 0756 0C       		.byte	0xc
 1045 0757 0F       		.uleb128 0xf
 1046 0758 6F647200 		.ascii	"odr\000"
 1047 075c 0D       		.byte	0xd
 1048 075d FF       		.byte	0xff
 1049 075e B8000000 		.4byte	0xb8
 1050 0762 10       		.byte	0x10
 1051 0763 08       		.uleb128 0x8
 1052 0764 AA040000 		.4byte	.LASF110
 1053 0768 0D       		.byte	0xd
 1054 0769 0101     		.2byte	0x101
 1055 076b B8000000 		.4byte	0xb8
 1056 076f 14       		.byte	0x14
 1057 0770 08       		.uleb128 0x8
 1058 0771 20040000 		.4byte	.LASF111
 1059 0775 0D       		.byte	0xd
 1060 0776 0301     		.2byte	0x103
 1061 0778 B8000000 		.4byte	0xb8
 1062 077c 18       		.byte	0x18
 1063 077d 00       		.byte	0
 1064 077e 17       		.uleb128 0x17
 1065 077f 00000000 		.4byte	.LASF112
 1066 0783 0D       		.byte	0xd
 1067 0784 0401     		.2byte	0x104
 1068 0786 1F070000 		.4byte	0x71f
 1069 078a 18       		.uleb128 0x18
 1070 078b FC       		.byte	0xfc
 1071 078c 0D       		.byte	0xd
 1072 078d 0D01     		.2byte	0x10d
 1073 078f 09080000 		.4byte	0x809
 1074 0793 08       		.uleb128 0x8
 1075 0794 E2040000 		.4byte	.LASF113
 1076 0798 0D       		.byte	0xd
 1077 0799 1001     		.2byte	0x110
 1078 079b 7E070000 		.4byte	0x77e
 1079 079f 00       		.byte	0
 1080 07a0 08       		.uleb128 0x8
 1081 07a1 7B010000 		.4byte	.LASF114
 1082 07a5 0D       		.byte	0xd
 1083 07a6 1401     		.2byte	0x114
ARM GAS  /var/folders/m4/4md61f0s1_g0rzfghffqnxvr0000gn/T//ccRgSYSB.s 			page 20


 1084 07a8 7E070000 		.4byte	0x77e
 1085 07ac 1C       		.byte	0x1c
 1086 07ad 08       		.uleb128 0x8
 1087 07ae 15060000 		.4byte	.LASF115
 1088 07b2 0D       		.byte	0xd
 1089 07b3 1801     		.2byte	0x118
 1090 07b5 7E070000 		.4byte	0x77e
 1091 07b9 38       		.byte	0x38
 1092 07ba 08       		.uleb128 0x8
 1093 07bb 25040000 		.4byte	.LASF116
 1094 07bf 0D       		.byte	0xd
 1095 07c0 1C01     		.2byte	0x11c
 1096 07c2 7E070000 		.4byte	0x77e
 1097 07c6 54       		.byte	0x54
 1098 07c7 08       		.uleb128 0x8
 1099 07c8 22010000 		.4byte	.LASF117
 1100 07cc 0D       		.byte	0xd
 1101 07cd 2001     		.2byte	0x120
 1102 07cf 7E070000 		.4byte	0x77e
 1103 07d3 70       		.byte	0x70
 1104 07d4 08       		.uleb128 0x8
 1105 07d5 FD010000 		.4byte	.LASF118
 1106 07d9 0D       		.byte	0xd
 1107 07da 2401     		.2byte	0x124
 1108 07dc 7E070000 		.4byte	0x77e
 1109 07e0 8C       		.byte	0x8c
 1110 07e1 08       		.uleb128 0x8
 1111 07e2 81020000 		.4byte	.LASF119
 1112 07e6 0D       		.byte	0xd
 1113 07e7 2801     		.2byte	0x128
 1114 07e9 7E070000 		.4byte	0x77e
 1115 07ed A8       		.byte	0xa8
 1116 07ee 08       		.uleb128 0x8
 1117 07ef 5C000000 		.4byte	.LASF120
 1118 07f3 0D       		.byte	0xd
 1119 07f4 2C01     		.2byte	0x12c
 1120 07f6 7E070000 		.4byte	0x77e
 1121 07fa C4       		.byte	0xc4
 1122 07fb 08       		.uleb128 0x8
 1123 07fc FF040000 		.4byte	.LASF121
 1124 0800 0D       		.byte	0xd
 1125 0801 3001     		.2byte	0x130
 1126 0803 7E070000 		.4byte	0x77e
 1127 0807 E0       		.byte	0xe0
 1128 0808 00       		.byte	0
 1129 0809 17       		.uleb128 0x17
 1130 080a 2D060000 		.4byte	.LASF122
 1131 080e 0D       		.byte	0xd
 1132 080f 3A01     		.2byte	0x13a
 1133 0811 8A070000 		.4byte	0x78a
 1134 0815 19       		.uleb128 0x19
 1135 0816 DD010000 		.4byte	.LASF128
 1136 081a 01       		.byte	0x1
 1137 081b 46       		.byte	0x46
 1138 081c 00000000 		.4byte	.LFB268
 1139 0820 04000000 		.4byte	.LFE268-.LFB268
 1140 0824 01       		.uleb128 0x1
ARM GAS  /var/folders/m4/4md61f0s1_g0rzfghffqnxvr0000gn/T//ccRgSYSB.s 			page 21


 1141 0825 9C       		.byte	0x9c
 1142 0826 34080000 		.4byte	0x834
 1143 082a 1A       		.uleb128 0x1a
 1144 082b 04000000 		.4byte	.LVL0
 1145 082f 77080000 		.4byte	0x877
 1146 0833 00       		.byte	0
 1147 0834 1B       		.uleb128 0x1b
 1148 0835 EF050000 		.4byte	.LASF129
 1149 0839 01       		.byte	0x1
 1150 083a 7B       		.byte	0x7b
 1151 083b 00000000 		.4byte	.LFB269
 1152 083f 02000000 		.4byte	.LFE269-.LFB269
 1153 0843 01       		.uleb128 0x1
 1154 0844 9C       		.byte	0x9c
 1155 0845 1C       		.uleb128 0x1c
 1156 0846 AA000000 		.4byte	.LASF123
 1157 084a 0E       		.byte	0xe
 1158 084b FA06     		.2byte	0x6fa
 1159 084d 51080000 		.4byte	0x851
 1160 0851 14       		.uleb128 0x14
 1161 0852 AD000000 		.4byte	0xad
 1162 0856 1D       		.uleb128 0x1d
 1163 0857 636800   		.ascii	"ch\000"
 1164 085a 07       		.byte	0x7
 1165 085b 0902     		.2byte	0x209
 1166 085d 03040000 		.4byte	0x403
 1167 0861 1E       		.uleb128 0x1e
 1168 0862 3F060000 		.4byte	.LASF124
 1169 0866 01       		.byte	0x1
 1170 0867 19       		.byte	0x19
 1171 0868 72080000 		.4byte	0x872
 1172 086c 05       		.uleb128 0x5
 1173 086d 03       		.byte	0x3
 1174 086e 00000000 		.4byte	pal_default_config
 1175 0872 13       		.uleb128 0x13
 1176 0873 09080000 		.4byte	0x809
 1177 0877 1F       		.uleb128 0x1f
 1178 0878 62010000 		.4byte	.LASF130
 1179 087c 62010000 		.4byte	.LASF130
 1180 0880 0F       		.byte	0xf
 1181 0881 2106     		.2byte	0x621
 1182 0883 00       		.byte	0
 1183              		.section	.debug_abbrev,"",%progbits
 1184              	.Ldebug_abbrev0:
 1185 0000 01       		.uleb128 0x1
 1186 0001 11       		.uleb128 0x11
 1187 0002 01       		.byte	0x1
 1188 0003 25       		.uleb128 0x25
 1189 0004 0E       		.uleb128 0xe
 1190 0005 13       		.uleb128 0x13
 1191 0006 0B       		.uleb128 0xb
 1192 0007 03       		.uleb128 0x3
 1193 0008 0E       		.uleb128 0xe
 1194 0009 1B       		.uleb128 0x1b
 1195 000a 0E       		.uleb128 0xe
 1196 000b 55       		.uleb128 0x55
 1197 000c 17       		.uleb128 0x17
ARM GAS  /var/folders/m4/4md61f0s1_g0rzfghffqnxvr0000gn/T//ccRgSYSB.s 			page 22


 1198 000d 11       		.uleb128 0x11
 1199 000e 01       		.uleb128 0x1
 1200 000f 10       		.uleb128 0x10
 1201 0010 17       		.uleb128 0x17
 1202 0011 00       		.byte	0
 1203 0012 00       		.byte	0
 1204 0013 02       		.uleb128 0x2
 1205 0014 24       		.uleb128 0x24
 1206 0015 00       		.byte	0
 1207 0016 0B       		.uleb128 0xb
 1208 0017 0B       		.uleb128 0xb
 1209 0018 3E       		.uleb128 0x3e
 1210 0019 0B       		.uleb128 0xb
 1211 001a 03       		.uleb128 0x3
 1212 001b 08       		.uleb128 0x8
 1213 001c 00       		.byte	0
 1214 001d 00       		.byte	0
 1215 001e 03       		.uleb128 0x3
 1216 001f 16       		.uleb128 0x16
 1217 0020 00       		.byte	0
 1218 0021 03       		.uleb128 0x3
 1219 0022 0E       		.uleb128 0xe
 1220 0023 3A       		.uleb128 0x3a
 1221 0024 0B       		.uleb128 0xb
 1222 0025 3B       		.uleb128 0x3b
 1223 0026 0B       		.uleb128 0xb
 1224 0027 49       		.uleb128 0x49
 1225 0028 13       		.uleb128 0x13
 1226 0029 00       		.byte	0
 1227 002a 00       		.byte	0
 1228 002b 04       		.uleb128 0x4
 1229 002c 24       		.uleb128 0x24
 1230 002d 00       		.byte	0
 1231 002e 0B       		.uleb128 0xb
 1232 002f 0B       		.uleb128 0xb
 1233 0030 3E       		.uleb128 0x3e
 1234 0031 0B       		.uleb128 0xb
 1235 0032 03       		.uleb128 0x3
 1236 0033 0E       		.uleb128 0xe
 1237 0034 00       		.byte	0
 1238 0035 00       		.byte	0
 1239 0036 05       		.uleb128 0x5
 1240 0037 13       		.uleb128 0x13
 1241 0038 01       		.byte	0x1
 1242 0039 03       		.uleb128 0x3
 1243 003a 0E       		.uleb128 0xe
 1244 003b 0B       		.uleb128 0xb
 1245 003c 0B       		.uleb128 0xb
 1246 003d 3A       		.uleb128 0x3a
 1247 003e 0B       		.uleb128 0xb
 1248 003f 3B       		.uleb128 0x3b
 1249 0040 0B       		.uleb128 0xb
 1250 0041 01       		.uleb128 0x1
 1251 0042 13       		.uleb128 0x13
 1252 0043 00       		.byte	0
 1253 0044 00       		.byte	0
 1254 0045 06       		.uleb128 0x6
ARM GAS  /var/folders/m4/4md61f0s1_g0rzfghffqnxvr0000gn/T//ccRgSYSB.s 			page 23


 1255 0046 0D       		.uleb128 0xd
 1256 0047 00       		.byte	0
 1257 0048 03       		.uleb128 0x3
 1258 0049 0E       		.uleb128 0xe
 1259 004a 3A       		.uleb128 0x3a
 1260 004b 0B       		.uleb128 0xb
 1261 004c 3B       		.uleb128 0x3b
 1262 004d 0B       		.uleb128 0xb
 1263 004e 49       		.uleb128 0x49
 1264 004f 13       		.uleb128 0x13
 1265 0050 38       		.uleb128 0x38
 1266 0051 0B       		.uleb128 0xb
 1267 0052 00       		.byte	0
 1268 0053 00       		.byte	0
 1269 0054 07       		.uleb128 0x7
 1270 0055 0D       		.uleb128 0xd
 1271 0056 00       		.byte	0
 1272 0057 03       		.uleb128 0x3
 1273 0058 08       		.uleb128 0x8
 1274 0059 3A       		.uleb128 0x3a
 1275 005a 0B       		.uleb128 0xb
 1276 005b 3B       		.uleb128 0x3b
 1277 005c 05       		.uleb128 0x5
 1278 005d 49       		.uleb128 0x49
 1279 005e 13       		.uleb128 0x13
 1280 005f 38       		.uleb128 0x38
 1281 0060 0B       		.uleb128 0xb
 1282 0061 00       		.byte	0
 1283 0062 00       		.byte	0
 1284 0063 08       		.uleb128 0x8
 1285 0064 0D       		.uleb128 0xd
 1286 0065 00       		.byte	0
 1287 0066 03       		.uleb128 0x3
 1288 0067 0E       		.uleb128 0xe
 1289 0068 3A       		.uleb128 0x3a
 1290 0069 0B       		.uleb128 0xb
 1291 006a 3B       		.uleb128 0x3b
 1292 006b 05       		.uleb128 0x5
 1293 006c 49       		.uleb128 0x49
 1294 006d 13       		.uleb128 0x13
 1295 006e 38       		.uleb128 0x38
 1296 006f 0B       		.uleb128 0xb
 1297 0070 00       		.byte	0
 1298 0071 00       		.byte	0
 1299 0072 09       		.uleb128 0x9
 1300 0073 0F       		.uleb128 0xf
 1301 0074 00       		.byte	0
 1302 0075 0B       		.uleb128 0xb
 1303 0076 0B       		.uleb128 0xb
 1304 0077 49       		.uleb128 0x49
 1305 0078 13       		.uleb128 0x13
 1306 0079 00       		.byte	0
 1307 007a 00       		.byte	0
 1308 007b 0A       		.uleb128 0xa
 1309 007c 13       		.uleb128 0x13
 1310 007d 01       		.byte	0x1
 1311 007e 03       		.uleb128 0x3
ARM GAS  /var/folders/m4/4md61f0s1_g0rzfghffqnxvr0000gn/T//ccRgSYSB.s 			page 24


 1312 007f 0E       		.uleb128 0xe
 1313 0080 0B       		.uleb128 0xb
 1314 0081 0B       		.uleb128 0xb
 1315 0082 3A       		.uleb128 0x3a
 1316 0083 0B       		.uleb128 0xb
 1317 0084 3B       		.uleb128 0x3b
 1318 0085 05       		.uleb128 0x5
 1319 0086 01       		.uleb128 0x1
 1320 0087 13       		.uleb128 0x13
 1321 0088 00       		.byte	0
 1322 0089 00       		.byte	0
 1323 008a 0B       		.uleb128 0xb
 1324 008b 15       		.uleb128 0x15
 1325 008c 01       		.byte	0x1
 1326 008d 27       		.uleb128 0x27
 1327 008e 19       		.uleb128 0x19
 1328 008f 01       		.uleb128 0x1
 1329 0090 13       		.uleb128 0x13
 1330 0091 00       		.byte	0
 1331 0092 00       		.byte	0
 1332 0093 0C       		.uleb128 0xc
 1333 0094 05       		.uleb128 0x5
 1334 0095 00       		.byte	0
 1335 0096 49       		.uleb128 0x49
 1336 0097 13       		.uleb128 0x13
 1337 0098 00       		.byte	0
 1338 0099 00       		.byte	0
 1339 009a 0D       		.uleb128 0xd
 1340 009b 0F       		.uleb128 0xf
 1341 009c 00       		.byte	0
 1342 009d 0B       		.uleb128 0xb
 1343 009e 0B       		.uleb128 0xb
 1344 009f 00       		.byte	0
 1345 00a0 00       		.byte	0
 1346 00a1 0E       		.uleb128 0xe
 1347 00a2 13       		.uleb128 0x13
 1348 00a3 01       		.byte	0x1
 1349 00a4 03       		.uleb128 0x3
 1350 00a5 0E       		.uleb128 0xe
 1351 00a6 0B       		.uleb128 0xb
 1352 00a7 05       		.uleb128 0x5
 1353 00a8 3A       		.uleb128 0x3a
 1354 00a9 0B       		.uleb128 0xb
 1355 00aa 3B       		.uleb128 0x3b
 1356 00ab 05       		.uleb128 0x5
 1357 00ac 01       		.uleb128 0x1
 1358 00ad 13       		.uleb128 0x13
 1359 00ae 00       		.byte	0
 1360 00af 00       		.byte	0
 1361 00b0 0F       		.uleb128 0xf
 1362 00b1 0D       		.uleb128 0xd
 1363 00b2 00       		.byte	0
 1364 00b3 03       		.uleb128 0x3
 1365 00b4 08       		.uleb128 0x8
 1366 00b5 3A       		.uleb128 0x3a
 1367 00b6 0B       		.uleb128 0xb
 1368 00b7 3B       		.uleb128 0x3b
ARM GAS  /var/folders/m4/4md61f0s1_g0rzfghffqnxvr0000gn/T//ccRgSYSB.s 			page 25


 1369 00b8 0B       		.uleb128 0xb
 1370 00b9 49       		.uleb128 0x49
 1371 00ba 13       		.uleb128 0x13
 1372 00bb 38       		.uleb128 0x38
 1373 00bc 0B       		.uleb128 0xb
 1374 00bd 00       		.byte	0
 1375 00be 00       		.byte	0
 1376 00bf 10       		.uleb128 0x10
 1377 00c0 13       		.uleb128 0x13
 1378 00c1 01       		.byte	0x1
 1379 00c2 0B       		.uleb128 0xb
 1380 00c3 0B       		.uleb128 0xb
 1381 00c4 3A       		.uleb128 0x3a
 1382 00c5 0B       		.uleb128 0xb
 1383 00c6 3B       		.uleb128 0x3b
 1384 00c7 0B       		.uleb128 0xb
 1385 00c8 01       		.uleb128 0x1
 1386 00c9 13       		.uleb128 0x13
 1387 00ca 00       		.byte	0
 1388 00cb 00       		.byte	0
 1389 00cc 11       		.uleb128 0x11
 1390 00cd 17       		.uleb128 0x17
 1391 00ce 01       		.byte	0x1
 1392 00cf 0B       		.uleb128 0xb
 1393 00d0 0B       		.uleb128 0xb
 1394 00d1 3A       		.uleb128 0x3a
 1395 00d2 0B       		.uleb128 0xb
 1396 00d3 3B       		.uleb128 0x3b
 1397 00d4 0B       		.uleb128 0xb
 1398 00d5 01       		.uleb128 0x1
 1399 00d6 13       		.uleb128 0x13
 1400 00d7 00       		.byte	0
 1401 00d8 00       		.byte	0
 1402 00d9 12       		.uleb128 0x12
 1403 00da 0D       		.uleb128 0xd
 1404 00db 00       		.byte	0
 1405 00dc 03       		.uleb128 0x3
 1406 00dd 0E       		.uleb128 0xe
 1407 00de 3A       		.uleb128 0x3a
 1408 00df 0B       		.uleb128 0xb
 1409 00e0 3B       		.uleb128 0x3b
 1410 00e1 05       		.uleb128 0x5
 1411 00e2 49       		.uleb128 0x49
 1412 00e3 13       		.uleb128 0x13
 1413 00e4 00       		.byte	0
 1414 00e5 00       		.byte	0
 1415 00e6 13       		.uleb128 0x13
 1416 00e7 26       		.uleb128 0x26
 1417 00e8 00       		.byte	0
 1418 00e9 49       		.uleb128 0x49
 1419 00ea 13       		.uleb128 0x13
 1420 00eb 00       		.byte	0
 1421 00ec 00       		.byte	0
 1422 00ed 14       		.uleb128 0x14
 1423 00ee 35       		.uleb128 0x35
 1424 00ef 00       		.byte	0
 1425 00f0 49       		.uleb128 0x49
ARM GAS  /var/folders/m4/4md61f0s1_g0rzfghffqnxvr0000gn/T//ccRgSYSB.s 			page 26


 1426 00f1 13       		.uleb128 0x13
 1427 00f2 00       		.byte	0
 1428 00f3 00       		.byte	0
 1429 00f4 15       		.uleb128 0x15
 1430 00f5 01       		.uleb128 0x1
 1431 00f6 01       		.byte	0x1
 1432 00f7 49       		.uleb128 0x49
 1433 00f8 13       		.uleb128 0x13
 1434 00f9 01       		.uleb128 0x1
 1435 00fa 13       		.uleb128 0x13
 1436 00fb 00       		.byte	0
 1437 00fc 00       		.byte	0
 1438 00fd 16       		.uleb128 0x16
 1439 00fe 21       		.uleb128 0x21
 1440 00ff 00       		.byte	0
 1441 0100 49       		.uleb128 0x49
 1442 0101 13       		.uleb128 0x13
 1443 0102 2F       		.uleb128 0x2f
 1444 0103 0B       		.uleb128 0xb
 1445 0104 00       		.byte	0
 1446 0105 00       		.byte	0
 1447 0106 17       		.uleb128 0x17
 1448 0107 16       		.uleb128 0x16
 1449 0108 00       		.byte	0
 1450 0109 03       		.uleb128 0x3
 1451 010a 0E       		.uleb128 0xe
 1452 010b 3A       		.uleb128 0x3a
 1453 010c 0B       		.uleb128 0xb
 1454 010d 3B       		.uleb128 0x3b
 1455 010e 05       		.uleb128 0x5
 1456 010f 49       		.uleb128 0x49
 1457 0110 13       		.uleb128 0x13
 1458 0111 00       		.byte	0
 1459 0112 00       		.byte	0
 1460 0113 18       		.uleb128 0x18
 1461 0114 13       		.uleb128 0x13
 1462 0115 01       		.byte	0x1
 1463 0116 0B       		.uleb128 0xb
 1464 0117 0B       		.uleb128 0xb
 1465 0118 3A       		.uleb128 0x3a
 1466 0119 0B       		.uleb128 0xb
 1467 011a 3B       		.uleb128 0x3b
 1468 011b 05       		.uleb128 0x5
 1469 011c 01       		.uleb128 0x1
 1470 011d 13       		.uleb128 0x13
 1471 011e 00       		.byte	0
 1472 011f 00       		.byte	0
 1473 0120 19       		.uleb128 0x19
 1474 0121 2E       		.uleb128 0x2e
 1475 0122 01       		.byte	0x1
 1476 0123 3F       		.uleb128 0x3f
 1477 0124 19       		.uleb128 0x19
 1478 0125 03       		.uleb128 0x3
 1479 0126 0E       		.uleb128 0xe
 1480 0127 3A       		.uleb128 0x3a
 1481 0128 0B       		.uleb128 0xb
 1482 0129 3B       		.uleb128 0x3b
ARM GAS  /var/folders/m4/4md61f0s1_g0rzfghffqnxvr0000gn/T//ccRgSYSB.s 			page 27


 1483 012a 0B       		.uleb128 0xb
 1484 012b 27       		.uleb128 0x27
 1485 012c 19       		.uleb128 0x19
 1486 012d 11       		.uleb128 0x11
 1487 012e 01       		.uleb128 0x1
 1488 012f 12       		.uleb128 0x12
 1489 0130 06       		.uleb128 0x6
 1490 0131 40       		.uleb128 0x40
 1491 0132 18       		.uleb128 0x18
 1492 0133 9742     		.uleb128 0x2117
 1493 0135 19       		.uleb128 0x19
 1494 0136 01       		.uleb128 0x1
 1495 0137 13       		.uleb128 0x13
 1496 0138 00       		.byte	0
 1497 0139 00       		.byte	0
 1498 013a 1A       		.uleb128 0x1a
 1499 013b 898201   		.uleb128 0x4109
 1500 013e 00       		.byte	0
 1501 013f 11       		.uleb128 0x11
 1502 0140 01       		.uleb128 0x1
 1503 0141 9542     		.uleb128 0x2115
 1504 0143 19       		.uleb128 0x19
 1505 0144 31       		.uleb128 0x31
 1506 0145 13       		.uleb128 0x13
 1507 0146 00       		.byte	0
 1508 0147 00       		.byte	0
 1509 0148 1B       		.uleb128 0x1b
 1510 0149 2E       		.uleb128 0x2e
 1511 014a 00       		.byte	0
 1512 014b 3F       		.uleb128 0x3f
 1513 014c 19       		.uleb128 0x19
 1514 014d 03       		.uleb128 0x3
 1515 014e 0E       		.uleb128 0xe
 1516 014f 3A       		.uleb128 0x3a
 1517 0150 0B       		.uleb128 0xb
 1518 0151 3B       		.uleb128 0x3b
 1519 0152 0B       		.uleb128 0xb
 1520 0153 27       		.uleb128 0x27
 1521 0154 19       		.uleb128 0x19
 1522 0155 11       		.uleb128 0x11
 1523 0156 01       		.uleb128 0x1
 1524 0157 12       		.uleb128 0x12
 1525 0158 06       		.uleb128 0x6
 1526 0159 40       		.uleb128 0x40
 1527 015a 18       		.uleb128 0x18
 1528 015b 9742     		.uleb128 0x2117
 1529 015d 19       		.uleb128 0x19
 1530 015e 00       		.byte	0
 1531 015f 00       		.byte	0
 1532 0160 1C       		.uleb128 0x1c
 1533 0161 34       		.uleb128 0x34
 1534 0162 00       		.byte	0
 1535 0163 03       		.uleb128 0x3
 1536 0164 0E       		.uleb128 0xe
 1537 0165 3A       		.uleb128 0x3a
 1538 0166 0B       		.uleb128 0xb
 1539 0167 3B       		.uleb128 0x3b
ARM GAS  /var/folders/m4/4md61f0s1_g0rzfghffqnxvr0000gn/T//ccRgSYSB.s 			page 28


 1540 0168 05       		.uleb128 0x5
 1541 0169 49       		.uleb128 0x49
 1542 016a 13       		.uleb128 0x13
 1543 016b 3F       		.uleb128 0x3f
 1544 016c 19       		.uleb128 0x19
 1545 016d 3C       		.uleb128 0x3c
 1546 016e 19       		.uleb128 0x19
 1547 016f 00       		.byte	0
 1548 0170 00       		.byte	0
 1549 0171 1D       		.uleb128 0x1d
 1550 0172 34       		.uleb128 0x34
 1551 0173 00       		.byte	0
 1552 0174 03       		.uleb128 0x3
 1553 0175 08       		.uleb128 0x8
 1554 0176 3A       		.uleb128 0x3a
 1555 0177 0B       		.uleb128 0xb
 1556 0178 3B       		.uleb128 0x3b
 1557 0179 05       		.uleb128 0x5
 1558 017a 49       		.uleb128 0x49
 1559 017b 13       		.uleb128 0x13
 1560 017c 3F       		.uleb128 0x3f
 1561 017d 19       		.uleb128 0x19
 1562 017e 3C       		.uleb128 0x3c
 1563 017f 19       		.uleb128 0x19
 1564 0180 00       		.byte	0
 1565 0181 00       		.byte	0
 1566 0182 1E       		.uleb128 0x1e
 1567 0183 34       		.uleb128 0x34
 1568 0184 00       		.byte	0
 1569 0185 03       		.uleb128 0x3
 1570 0186 0E       		.uleb128 0xe
 1571 0187 3A       		.uleb128 0x3a
 1572 0188 0B       		.uleb128 0xb
 1573 0189 3B       		.uleb128 0x3b
 1574 018a 0B       		.uleb128 0xb
 1575 018b 49       		.uleb128 0x49
 1576 018c 13       		.uleb128 0x13
 1577 018d 3F       		.uleb128 0x3f
 1578 018e 19       		.uleb128 0x19
 1579 018f 02       		.uleb128 0x2
 1580 0190 18       		.uleb128 0x18
 1581 0191 00       		.byte	0
 1582 0192 00       		.byte	0
 1583 0193 1F       		.uleb128 0x1f
 1584 0194 2E       		.uleb128 0x2e
 1585 0195 00       		.byte	0
 1586 0196 3F       		.uleb128 0x3f
 1587 0197 19       		.uleb128 0x19
 1588 0198 3C       		.uleb128 0x3c
 1589 0199 19       		.uleb128 0x19
 1590 019a 6E       		.uleb128 0x6e
 1591 019b 0E       		.uleb128 0xe
 1592 019c 03       		.uleb128 0x3
 1593 019d 0E       		.uleb128 0xe
 1594 019e 3A       		.uleb128 0x3a
 1595 019f 0B       		.uleb128 0xb
 1596 01a0 3B       		.uleb128 0x3b
ARM GAS  /var/folders/m4/4md61f0s1_g0rzfghffqnxvr0000gn/T//ccRgSYSB.s 			page 29


 1597 01a1 05       		.uleb128 0x5
 1598 01a2 00       		.byte	0
 1599 01a3 00       		.byte	0
 1600 01a4 00       		.byte	0
 1601              		.section	.debug_aranges,"",%progbits
 1602 0000 24000000 		.4byte	0x24
 1603 0004 0200     		.2byte	0x2
 1604 0006 00000000 		.4byte	.Ldebug_info0
 1605 000a 04       		.byte	0x4
 1606 000b 00       		.byte	0
 1607 000c 0000     		.2byte	0
 1608 000e 0000     		.2byte	0
 1609 0010 00000000 		.4byte	.LFB268
 1610 0014 04000000 		.4byte	.LFE268-.LFB268
 1611 0018 00000000 		.4byte	.LFB269
 1612 001c 02000000 		.4byte	.LFE269-.LFB269
 1613 0020 00000000 		.4byte	0
 1614 0024 00000000 		.4byte	0
 1615              		.section	.debug_ranges,"",%progbits
 1616              	.Ldebug_ranges0:
 1617 0000 00000000 		.4byte	.LFB268
 1618 0004 04000000 		.4byte	.LFE268
 1619 0008 00000000 		.4byte	.LFB269
 1620 000c 02000000 		.4byte	.LFE269
 1621 0010 00000000 		.4byte	0
 1622 0014 00000000 		.4byte	0
 1623              		.section	.debug_line,"",%progbits
 1624              	.Ldebug_line0:
 1625 0000 67030000 		.section	.debug_str,"MS",%progbits,1
 1625      02004003 
 1625      00000201 
 1625      FB0E0D00 
 1625      01010101 
 1626              	.LASF112:
 1627 0000 73746D33 		.ascii	"stm32_gpio_setup_t\000"
 1627      325F6770 
 1627      696F5F73 
 1627      65747570 
 1627      5F7400
 1628              	.LASF54:
 1629 0013 72656164 		.ascii	"ready_list_t\000"
 1629      795F6C69 
 1629      73745F74 
 1629      00
 1630              	.LASF2:
 1631 0020 73697A65 		.ascii	"size_t\000"
 1631      5F7400
 1632              	.LASF89:
 1633 0027 7264796D 		.ascii	"rdymsg\000"
 1633      736700
 1634              	.LASF17:
 1635 002e 75696E74 		.ascii	"uint64_t\000"
 1635      36345F74 
 1635      00
 1636              	.LASF3:
 1637 0037 5F5F7569 		.ascii	"__uint8_t\000"
 1637      6E74385F 
ARM GAS  /var/folders/m4/4md61f0s1_g0rzfghffqnxvr0000gn/T//ccRgSYSB.s 			page 30


 1637      7400
 1638              	.LASF86:
 1639 0041 706F7274 		.ascii	"port_intctx\000"
 1639      5F696E74 
 1639      63747800 
 1640              	.LASF73:
 1641 004d 73797374 		.ascii	"system_debug_t\000"
 1641      656D5F64 
 1641      65627567 
 1641      5F7400
 1642              	.LASF120:
 1643 005c 50484461 		.ascii	"PHData\000"
 1643      746100
 1644              	.LASF13:
 1645 0063 6C6F6E67 		.ascii	"long long unsigned int\000"
 1645      206C6F6E 
 1645      6720756E 
 1645      7369676E 
 1645      65642069 
 1646              	.LASF109:
 1647 007a 70757064 		.ascii	"pupdr\000"
 1647      7200
 1648              	.LASF90:
 1649 0080 65786974 		.ascii	"exitcode\000"
 1649      636F6465 
 1649      00
 1650              	.LASF80:
 1651 0089 6D61696E 		.ascii	"mainthread\000"
 1651      74687265 
 1651      616400
 1652              	.LASF70:
 1653 0094 76697274 		.ascii	"virtual_timers_list_t\000"
 1653      75616C5F 
 1653      74696D65 
 1653      72735F6C 
 1653      6973745F 
 1654              	.LASF123:
 1655 00aa 49544D5F 		.ascii	"ITM_RxBuffer\000"
 1655      52784275 
 1655      66666572 
 1655      00
 1656              	.LASF53:
 1657 00b7 63685F74 		.ascii	"ch_threads_queue\000"
 1657      68726561 
 1657      64735F71 
 1657      75657565 
 1657      00
 1658              	.LASF31:
 1659 00c8 705F7072 		.ascii	"p_prio\000"
 1659      696F00
 1660              	.LASF11:
 1661 00cf 6C6F6E67 		.ascii	"long long int\000"
 1661      206C6F6E 
 1661      6720696E 
 1661      7400
 1662              	.LASF1:
 1663 00dd 7369676E 		.ascii	"signed char\000"
ARM GAS  /var/folders/m4/4md61f0s1_g0rzfghffqnxvr0000gn/T//ccRgSYSB.s 			page 31


 1663      65642063 
 1663      68617200 
 1664              	.LASF47:
 1665 00e9 705F6D70 		.ascii	"p_mpool\000"
 1665      6F6F6C00 
 1666              	.LASF100:
 1667 00f1 6D5F7175 		.ascii	"m_queue\000"
 1667      65756500 
 1668              	.LASF106:
 1669 00f9 6D6F6465 		.ascii	"moder\000"
 1669      7200
 1670              	.LASF22:
 1671 00ff 74736C69 		.ascii	"tslices_t\000"
 1671      6365735F 
 1671      7400
 1672              	.LASF92:
 1673 0109 77747472 		.ascii	"wttrp\000"
 1673      7000
 1674              	.LASF77:
 1675 010f 63685F73 		.ascii	"ch_system\000"
 1675      79737465 
 1675      6D00
 1676              	.LASF8:
 1677 0119 6C6F6E67 		.ascii	"long int\000"
 1677      20696E74 
 1677      00
 1678              	.LASF117:
 1679 0122 50454461 		.ascii	"PEData\000"
 1679      746100
 1680              	.LASF20:
 1681 0129 74737461 		.ascii	"tstate_t\000"
 1681      74655F74 
 1681      00
 1682              	.LASF33:
 1683 0132 705F6E65 		.ascii	"p_newer\000"
 1683      77657200 
 1684              	.LASF97:
 1685 013a 735F7175 		.ascii	"s_queue\000"
 1685      65756500 
 1686              	.LASF59:
 1687 0142 725F6E65 		.ascii	"r_newer\000"
 1687      77657200 
 1688              	.LASF83:
 1689 014a 72656761 		.ascii	"regarm_t\000"
 1689      726D5F74 
 1689      00
 1690              	.LASF66:
 1691 0153 76745F70 		.ascii	"vt_prev\000"
 1691      72657600 
 1692              	.LASF79:
 1693 015b 76746C69 		.ascii	"vtlist\000"
 1693      737400
 1694              	.LASF130:
 1695 0162 73746D33 		.ascii	"stm32_clock_init\000"
 1695      325F636C 
 1695      6F636B5F 
 1695      696E6974 
ARM GAS  /var/folders/m4/4md61f0s1_g0rzfghffqnxvr0000gn/T//ccRgSYSB.s 			page 32


 1695      00
 1696              	.LASF104:
 1697 0173 6D757465 		.ascii	"mutex_t\000"
 1697      785F7400 
 1698              	.LASF114:
 1699 017b 50424461 		.ascii	"PBData\000"
 1699      746100
 1700              	.LASF81:
 1701 0182 69646C65 		.ascii	"idle_thread_wa\000"
 1701      5F746872 
 1701      6561645F 
 1701      776100
 1702              	.LASF26:
 1703 0191 636E745F 		.ascii	"cnt_t\000"
 1703      7400
 1704              	.LASF0:
 1705 0197 756E7369 		.ascii	"unsigned int\000"
 1705      676E6564 
 1705      20696E74 
 1705      00
 1706              	.LASF65:
 1707 01a4 76745F6E 		.ascii	"vt_next\000"
 1707      65787400 
 1708              	.LASF40:
 1709 01ac 705F7469 		.ascii	"p_time\000"
 1709      6D6500
 1710              	.LASF93:
 1711 01b3 77747365 		.ascii	"wtsemp\000"
 1711      6D7000
 1712              	.LASF67:
 1713 01ba 76745F64 		.ascii	"vt_delta\000"
 1713      656C7461 
 1713      00
 1714              	.LASF42:
 1715 01c3 705F6D73 		.ascii	"p_msgqueue\000"
 1715      67717565 
 1715      756500
 1716              	.LASF108:
 1717 01ce 6F737065 		.ascii	"ospeedr\000"
 1717      65647200 
 1718              	.LASF107:
 1719 01d6 6F747970 		.ascii	"otyper\000"
 1719      657200
 1720              	.LASF128:
 1721 01dd 5F5F6561 		.ascii	"__early_init\000"
 1721      726C795F 
 1721      696E6974 
 1721      00
 1722              	.LASF6:
 1723 01ea 73686F72 		.ascii	"short unsigned int\000"
 1723      7420756E 
 1723      7369676E 
 1723      65642069 
 1723      6E7400
 1724              	.LASF118:
 1725 01fd 50464461 		.ascii	"PFData\000"
 1725      746100
ARM GAS  /var/folders/m4/4md61f0s1_g0rzfghffqnxvr0000gn/T//ccRgSYSB.s 			page 33


 1726              	.LASF50:
 1727 0204 63685F74 		.ascii	"ch_thread\000"
 1727      68726561 
 1727      6400
 1728              	.LASF24:
 1729 020e 6D73675F 		.ascii	"msg_t\000"
 1729      7400
 1730              	.LASF127:
 1731 0214 2F557365 		.ascii	"/Users/raphael/Documents/Projects/rESC/resc-firmwar"
 1731      72732F72 
 1731      61706861 
 1731      656C2F44 
 1731      6F63756D 
 1732 0247 6500     		.ascii	"e\000"
 1733              	.LASF76:
 1734 0249 63685F73 		.ascii	"ch_system_t\000"
 1734      79737465 
 1734      6D5F7400 
 1735              	.LASF19:
 1736 0255 746D6F64 		.ascii	"tmode_t\000"
 1736      655F7400 
 1737              	.LASF55:
 1738 025d 63685F72 		.ascii	"ch_ready_list\000"
 1738      65616479 
 1738      5F6C6973 
 1738      7400
 1739              	.LASF25:
 1740 026b 6576656E 		.ascii	"eventmask_t\000"
 1740      746D6173 
 1740      6B5F7400 
 1741              	.LASF7:
 1742 0277 5F5F696E 		.ascii	"__int32_t\000"
 1742      7433325F 
 1742      7400
 1743              	.LASF119:
 1744 0281 50474461 		.ascii	"PGData\000"
 1744      746100
 1745              	.LASF84:
 1746 0288 73746B61 		.ascii	"stkalign_t\000"
 1746      6C69676E 
 1746      5F7400
 1747              	.LASF49:
 1748 0293 74687265 		.ascii	"threads_list_t\000"
 1748      6164735F 
 1748      6C697374 
 1748      5F7400
 1749              	.LASF41:
 1750 02a2 705F7761 		.ascii	"p_waiting\000"
 1750      6974696E 
 1750      6700
 1751              	.LASF82:
 1752 02ac 73697A65 		.ascii	"sizetype\000"
 1752      74797065 
 1752      00
 1753              	.LASF48:
 1754 02b5 74687265 		.ascii	"thread_reference_t\000"
 1754      61645F72 
ARM GAS  /var/folders/m4/4md61f0s1_g0rzfghffqnxvr0000gn/T//ccRgSYSB.s 			page 34


 1754      65666572 
 1754      656E6365 
 1754      5F7400
 1755              	.LASF71:
 1756 02c8 63685F76 		.ascii	"ch_virtual_timers_list\000"
 1756      69727475 
 1756      616C5F74 
 1756      696D6572 
 1756      735F6C69 
 1757              	.LASF34:
 1758 02df 705F6F6C 		.ascii	"p_older\000"
 1758      64657200 
 1759              	.LASF125:
 1760 02e7 474E5520 		.ascii	"GNU C99 5.2.1 20151202 (release) [ARM/embedded-5-br"
 1760      43393920 
 1760      352E322E 
 1760      31203230 
 1760      31353132 
 1761 031a 616E6368 		.ascii	"anch revision 231848] -mcpu=cortex-m4 -mfloat-abi=h"
 1761      20726576 
 1761      6973696F 
 1761      6E203233 
 1761      31383438 
 1762 034d 61726420 		.ascii	"ard -mfpu=fpv4-sp-d16 -mno-thumb-interwork -mthumb "
 1762      2D6D6670 
 1762      753D6670 
 1762      76342D73 
 1762      702D6431 
 1763 0380 2D676764 		.ascii	"-ggdb -O2 -std=c99 -fomit-frame-pointer -falign-fun"
 1763      62202D4F 
 1763      32202D73 
 1763      74643D63 
 1763      3939202D 
 1764 03b3 6374696F 		.ascii	"ctions=16 -fsingle-precision-constant -ffunction-se"
 1764      6E733D31 
 1764      36202D66 
 1764      73696E67 
 1764      6C652D70 
 1765 03e6 6374696F 		.ascii	"ctions -fdata-sections -fno-common\000"
 1765      6E73202D 
 1765      66646174 
 1765      612D7365 
 1765      6374696F 
 1766              	.LASF58:
 1767 0409 725F6374 		.ascii	"r_ctx\000"
 1767      7800
 1768              	.LASF88:
 1769 040f 746D5F63 		.ascii	"tm_calibration_t\000"
 1769      616C6962 
 1769      72617469 
 1769      6F6E5F74 
 1769      00
 1770              	.LASF111:
 1771 0420 61667268 		.ascii	"afrh\000"
 1771      00
 1772              	.LASF116:
 1773 0425 50444461 		.ascii	"PDData\000"
ARM GAS  /var/folders/m4/4md61f0s1_g0rzfghffqnxvr0000gn/T//ccRgSYSB.s 			page 35


 1773      746100
 1774              	.LASF61:
 1775 042c 725F6375 		.ascii	"r_current\000"
 1775      7272656E 
 1775      7400
 1776              	.LASF60:
 1777 0436 725F6F6C 		.ascii	"r_older\000"
 1777      64657200 
 1778              	.LASF12:
 1779 043e 5F5F7569 		.ascii	"__uint64_t\000"
 1779      6E743634 
 1779      5F7400
 1780              	.LASF21:
 1781 0449 74726566 		.ascii	"trefs_t\000"
 1781      735F7400 
 1782              	.LASF63:
 1783 0451 76697274 		.ascii	"virtual_timer_t\000"
 1783      75616C5F 
 1783      74696D65 
 1783      725F7400 
 1784              	.LASF30:
 1785 0461 705F7072 		.ascii	"p_prev\000"
 1785      657600
 1786              	.LASF23:
 1787 0468 74707269 		.ascii	"tprio_t\000"
 1787      6F5F7400 
 1788              	.LASF74:
 1789 0470 63685F73 		.ascii	"ch_system_debug\000"
 1789      79737465 
 1789      6D5F6465 
 1789      62756700 
 1790              	.LASF105:
 1791 0480 5F426F6F 		.ascii	"_Bool\000"
 1791      6C00
 1792              	.LASF15:
 1793 0486 696E7433 		.ascii	"int32_t\000"
 1793      325F7400 
 1794              	.LASF4:
 1795 048e 756E7369 		.ascii	"unsigned char\000"
 1795      676E6564 
 1795      20636861 
 1795      7200
 1796              	.LASF126:
 1797 049c 626F6172 		.ascii	"board/board.c\000"
 1797      642F626F 
 1797      6172642E 
 1797      6300
 1798              	.LASF110:
 1799 04aa 6166726C 		.ascii	"afrl\000"
 1799      00
 1800              	.LASF98:
 1801 04af 735F636E 		.ascii	"s_cnt\000"
 1801      7400
 1802              	.LASF45:
 1803 04b5 705F6D74 		.ascii	"p_mtxlist\000"
 1803      786C6973 
 1803      7400
ARM GAS  /var/folders/m4/4md61f0s1_g0rzfghffqnxvr0000gn/T//ccRgSYSB.s 			page 36


 1804              	.LASF5:
 1805 04bf 73686F72 		.ascii	"short int\000"
 1805      7420696E 
 1805      7400
 1806              	.LASF36:
 1807 04c9 705F7374 		.ascii	"p_state\000"
 1807      61746500 
 1808              	.LASF39:
 1809 04d1 705F7072 		.ascii	"p_preempt\000"
 1809      65656D70 
 1809      7400
 1810              	.LASF57:
 1811 04db 725F7072 		.ascii	"r_prio\000"
 1811      696F00
 1812              	.LASF113:
 1813 04e2 50414461 		.ascii	"PAData\000"
 1813      746100
 1814              	.LASF95:
 1815 04e9 65776D61 		.ascii	"ewmask\000"
 1815      736B00
 1816              	.LASF29:
 1817 04f0 705F6E65 		.ascii	"p_next\000"
 1817      787400
 1818              	.LASF37:
 1819 04f7 705F666C 		.ascii	"p_flags\000"
 1819      61677300 
 1820              	.LASF121:
 1821 04ff 50494461 		.ascii	"PIData\000"
 1821      746100
 1822              	.LASF64:
 1823 0506 63685F76 		.ascii	"ch_virtual_timer\000"
 1823      69727475 
 1823      616C5F74 
 1823      696D6572 
 1823      00
 1824              	.LASF96:
 1825 0517 63685F73 		.ascii	"ch_semaphore\000"
 1825      656D6170 
 1825      686F7265 
 1825      00
 1826              	.LASF44:
 1827 0524 705F6570 		.ascii	"p_epending\000"
 1827      656E6469 
 1827      6E6700
 1828              	.LASF16:
 1829 052f 75696E74 		.ascii	"uint32_t\000"
 1829      33325F74 
 1829      00
 1830              	.LASF94:
 1831 0538 77746D74 		.ascii	"wtmtxp\000"
 1831      787000
 1832              	.LASF56:
 1833 053f 725F7175 		.ascii	"r_queue\000"
 1833      65756500 
 1834              	.LASF51:
 1835 0547 63685F74 		.ascii	"ch_threads_list\000"
 1835      68726561 
ARM GAS  /var/folders/m4/4md61f0s1_g0rzfghffqnxvr0000gn/T//ccRgSYSB.s 			page 37


 1835      64735F6C 
 1835      69737400 
 1836              	.LASF10:
 1837 0557 6C6F6E67 		.ascii	"long unsigned int\000"
 1837      20756E73 
 1837      69676E65 
 1837      6420696E 
 1837      7400
 1838              	.LASF103:
 1839 0569 63686172 		.ascii	"char\000"
 1839      00
 1840              	.LASF28:
 1841 056e 74687265 		.ascii	"thread_t\000"
 1841      61645F74 
 1841      00
 1842              	.LASF102:
 1843 0577 6D5F6E65 		.ascii	"m_next\000"
 1843      787400
 1844              	.LASF27:
 1845 057e 73797374 		.ascii	"systime_t\000"
 1845      696D655F 
 1845      7400
 1846              	.LASF46:
 1847 0588 705F7265 		.ascii	"p_realprio\000"
 1847      616C7072 
 1847      696F00
 1848              	.LASF62:
 1849 0593 76746675 		.ascii	"vtfunc_t\000"
 1849      6E635F74 
 1849      00
 1850              	.LASF9:
 1851 059c 5F5F7569 		.ascii	"__uint32_t\000"
 1851      6E743332 
 1851      5F7400
 1852              	.LASF75:
 1853 05a7 70616E69 		.ascii	"panic_msg\000"
 1853      635F6D73 
 1853      6700
 1854              	.LASF87:
 1855 05b1 6F666673 		.ascii	"offset\000"
 1855      657400
 1856              	.LASF85:
 1857 05b8 636F6E74 		.ascii	"context\000"
 1857      65787400 
 1858              	.LASF18:
 1859 05c0 7274636E 		.ascii	"rtcnt_t\000"
 1859      745F7400 
 1860              	.LASF69:
 1861 05c8 76745F70 		.ascii	"vt_par\000"
 1861      617200
 1862              	.LASF52:
 1863 05cf 74687265 		.ascii	"threads_queue_t\000"
 1863      6164735F 
 1863      71756575 
 1863      655F7400 
 1864              	.LASF99:
 1865 05df 63685F6D 		.ascii	"ch_mutex\000"
ARM GAS  /var/folders/m4/4md61f0s1_g0rzfghffqnxvr0000gn/T//ccRgSYSB.s 			page 38


 1865      75746578 
 1865      00
 1866              	.LASF38:
 1867 05e8 705F7265 		.ascii	"p_refs\000"
 1867      667300
 1868              	.LASF129:
 1869 05ef 626F6172 		.ascii	"boardInit\000"
 1869      64496E69 
 1869      7400
 1870              	.LASF78:
 1871 05f9 726C6973 		.ascii	"rlist\000"
 1871      7400
 1872              	.LASF14:
 1873 05ff 75696E74 		.ascii	"uint8_t\000"
 1873      385F7400 
 1874              	.LASF91:
 1875 0607 77746F62 		.ascii	"wtobjp\000"
 1875      6A7000
 1876              	.LASF35:
 1877 060e 705F6E61 		.ascii	"p_name\000"
 1877      6D6500
 1878              	.LASF115:
 1879 0615 50434461 		.ascii	"PCData\000"
 1879      746100
 1880              	.LASF72:
 1881 061c 76745F73 		.ascii	"vt_systime\000"
 1881      79737469 
 1881      6D6500
 1882              	.LASF43:
 1883 0627 705F6D73 		.ascii	"p_msg\000"
 1883      6700
 1884              	.LASF122:
 1885 062d 50414C43 		.ascii	"PALConfig\000"
 1885      6F6E6669 
 1885      6700
 1886              	.LASF101:
 1887 0637 6D5F6F77 		.ascii	"m_owner\000"
 1887      6E657200 
 1888              	.LASF124:
 1889 063f 70616C5F 		.ascii	"pal_default_config\000"
 1889      64656661 
 1889      756C745F 
 1889      636F6E66 
 1889      696700
 1890              	.LASF32:
 1891 0652 705F6374 		.ascii	"p_ctx\000"
 1891      7800
 1892              	.LASF68:
 1893 0658 76745F66 		.ascii	"vt_func\000"
 1893      756E6300 
 1894              		.ident	"GCC: (GNU Tools for ARM Embedded Processors) 5.2.1 20151202 (release) [ARM/embedded-5-bran
ARM GAS  /var/folders/m4/4md61f0s1_g0rzfghffqnxvr0000gn/T//ccRgSYSB.s 			page 39


DEFINED SYMBOLS
                            *ABS*:0000000000000000 board.c
/var/folders/m4/4md61f0s1_g0rzfghffqnxvr0000gn/T//ccRgSYSB.s:22     .text.__early_init:0000000000000000 $t
/var/folders/m4/4md61f0s1_g0rzfghffqnxvr0000gn/T//ccRgSYSB.s:28     .text.__early_init:0000000000000000 __early_init
/var/folders/m4/4md61f0s1_g0rzfghffqnxvr0000gn/T//ccRgSYSB.s:43     .text.boardInit:0000000000000000 $t
/var/folders/m4/4md61f0s1_g0rzfghffqnxvr0000gn/T//ccRgSYSB.s:49     .text.boardInit:0000000000000000 boardInit
/var/folders/m4/4md61f0s1_g0rzfghffqnxvr0000gn/T//ccRgSYSB.s:65     .rodata.pal_default_config:0000000000000000 pal_default_config
/var/folders/m4/4md61f0s1_g0rzfghffqnxvr0000gn/T//ccRgSYSB.s:62     .rodata.pal_default_config:0000000000000000 $d
                     .debug_frame:0000000000000010 $d

UNDEFINED SYMBOLS
stm32_clock_init
