ARM GAS  /var/folders/m4/4md61f0s1_g0rzfghffqnxvr0000gn/T//ccWXgSfG.s 			page 1


   1              		.syntax unified
   2              		.cpu cortex-m4
   3              		.eabi_attribute 27, 1
   4              		.eabi_attribute 28, 1
   5              		.fpu fpv4-sp-d16
   6              		.eabi_attribute 20, 1
   7              		.eabi_attribute 21, 1
   8              		.eabi_attribute 23, 3
   9              		.eabi_attribute 24, 1
  10              		.eabi_attribute 25, 1
  11              		.eabi_attribute 26, 1
  12              		.eabi_attribute 30, 2
  13              		.eabi_attribute 34, 1
  14              		.eabi_attribute 18, 4
  15              		.thumb
  16              		.syntax unified
  17              		.file	"chcore.c"
  18              		.text
  19              	.Ltext0:
  20              		.cfi_sections	.debug_frame
  21              	.Letext0:
  22              		.file 1 "/opt/homebrew-cask/Caskroom/gcc-arm-embedded/5_2-2015q4,20151219/gcc-arm-none-eabi-5_2-20
  23              		.file 2 "/opt/homebrew-cask/Caskroom/gcc-arm-embedded/5_2-2015q4,20151219/gcc-arm-none-eabi-5_2-20
  24              		.file 3 "ChibiOS_16.1.4/os/rt/ports/ARMCMx/compilers/GCC/chtypes.h"
  25              		.file 4 "ChibiOS_16.1.4/os/rt/include/chsystypes.h"
  26              		.file 5 "ChibiOS_16.1.4/os/rt/include/chschd.h"
  27              		.file 6 "ChibiOS_16.1.4/os/rt/ports/ARMCMx/chcore.h"
  28              		.file 7 "ChibiOS_16.1.4/os/rt/ports/ARMCMx/chcore_v7m.h"
  29              		.file 8 "ChibiOS_16.1.4/os/rt/include/chtm.h"
  30              		.file 9 "ChibiOS_16.1.4/os/rt/include/chsem.h"
  31              		.file 10 "ChibiOS_16.1.4/os/rt/include/chmtx.h"
  32              		.file 11 "ChibiOS_16.1.4/os/ext/CMSIS/include/core_cm4.h"
  33              		.section	.debug_info,"",%progbits
  34              	.Ldebug_info0:
  35 0000 1E070000 		.4byte	0x71e
  36 0004 0400     		.2byte	0x4
  37 0006 00000000 		.4byte	.Ldebug_abbrev0
  38 000a 04       		.byte	0x4
  39 000b 01       		.uleb128 0x1
  40 000c CE030000 		.4byte	.LASF105
  41 0010 0C       		.byte	0xc
  42 0011 C8000000 		.4byte	.LASF106
  43 0015 D6010000 		.4byte	.LASF107
  44 0019 00000000 		.4byte	.Ldebug_line0
  45 001d 02       		.uleb128 0x2
  46 001e 04       		.byte	0x4
  47 001f 05       		.byte	0x5
  48 0020 696E7400 		.ascii	"int\000"
  49 0024 03       		.uleb128 0x3
  50 0025 04       		.byte	0x4
  51 0026 07       		.byte	0x7
  52 0027 76010000 		.4byte	.LASF0
  53 002b 03       		.uleb128 0x3
  54 002c 01       		.byte	0x1
  55 002d 06       		.byte	0x6
  56 002e BC000000 		.4byte	.LASF1
  57 0032 04       		.uleb128 0x4
ARM GAS  /var/folders/m4/4md61f0s1_g0rzfghffqnxvr0000gn/T//ccWXgSfG.s 			page 2


  58 0033 23000000 		.4byte	.LASF5
  59 0037 01       		.byte	0x1
  60 0038 1D       		.byte	0x1d
  61 0039 3D000000 		.4byte	0x3d
  62 003d 03       		.uleb128 0x3
  63 003e 01       		.byte	0x1
  64 003f 08       		.byte	0x8
  65 0040 15030000 		.4byte	.LASF2
  66 0044 03       		.uleb128 0x3
  67 0045 02       		.byte	0x2
  68 0046 05       		.byte	0x5
  69 0047 2D030000 		.4byte	.LASF3
  70 004b 03       		.uleb128 0x3
  71 004c 02       		.byte	0x2
  72 004d 07       		.byte	0x7
  73 004e B3010000 		.4byte	.LASF4
  74 0052 04       		.uleb128 0x4
  75 0053 39020000 		.4byte	.LASF6
  76 0057 01       		.byte	0x1
  77 0058 3F       		.byte	0x3f
  78 0059 5D000000 		.4byte	0x5d
  79 005d 03       		.uleb128 0x3
  80 005e 04       		.byte	0x4
  81 005f 05       		.byte	0x5
  82 0060 1E010000 		.4byte	.LASF7
  83 0064 04       		.uleb128 0x4
  84 0065 02050000 		.4byte	.LASF8
  85 0069 01       		.byte	0x1
  86 006a 41       		.byte	0x41
  87 006b 6F000000 		.4byte	0x6f
  88 006f 03       		.uleb128 0x3
  89 0070 04       		.byte	0x4
  90 0071 07       		.byte	0x7
  91 0072 B7030000 		.4byte	.LASF9
  92 0076 03       		.uleb128 0x3
  93 0077 08       		.byte	0x8
  94 0078 05       		.byte	0x5
  95 0079 AE000000 		.4byte	.LASF10
  96 007d 04       		.uleb128 0x4
  97 007e CB020000 		.4byte	.LASF11
  98 0082 01       		.byte	0x1
  99 0083 5B       		.byte	0x5b
 100 0084 88000000 		.4byte	0x88
 101 0088 03       		.uleb128 0x3
 102 0089 08       		.byte	0x8
 103 008a 07       		.byte	0x7
 104 008b 48000000 		.4byte	.LASF12
 105 008f 04       		.uleb128 0x4
 106 0090 5B050000 		.4byte	.LASF13
 107 0094 02       		.byte	0x2
 108 0095 14       		.byte	0x14
 109 0096 32000000 		.4byte	0x32
 110 009a 04       		.uleb128 0x4
 111 009b 0D030000 		.4byte	.LASF14
 112 009f 02       		.byte	0x2
 113 00a0 1F       		.byte	0x1f
 114 00a1 52000000 		.4byte	0x52
ARM GAS  /var/folders/m4/4md61f0s1_g0rzfghffqnxvr0000gn/T//ccWXgSfG.s 			page 3


 115 00a5 04       		.uleb128 0x4
 116 00a6 8F030000 		.4byte	.LASF15
 117 00aa 02       		.byte	0x2
 118 00ab 20       		.byte	0x20
 119 00ac 64000000 		.4byte	0x64
 120 00b0 04       		.uleb128 0x4
 121 00b1 1A000000 		.4byte	.LASF16
 122 00b5 02       		.byte	0x2
 123 00b6 26       		.byte	0x26
 124 00b7 7D000000 		.4byte	0x7d
 125 00bb 04       		.uleb128 0x4
 126 00bc 26050000 		.4byte	.LASF17
 127 00c0 03       		.byte	0x3
 128 00c1 39       		.byte	0x39
 129 00c2 A5000000 		.4byte	0xa5
 130 00c6 04       		.uleb128 0x4
 131 00c7 17020000 		.4byte	.LASF18
 132 00cb 03       		.byte	0x3
 133 00cc 3C       		.byte	0x3c
 134 00cd 8F000000 		.4byte	0x8f
 135 00d1 04       		.uleb128 0x4
 136 00d2 27010000 		.4byte	.LASF19
 137 00d6 03       		.byte	0x3
 138 00d7 3D       		.byte	0x3d
 139 00d8 8F000000 		.4byte	0x8f
 140 00dc 04       		.uleb128 0x4
 141 00dd D6020000 		.4byte	.LASF20
 142 00e1 03       		.byte	0x3
 143 00e2 3E       		.byte	0x3e
 144 00e3 8F000000 		.4byte	0x8f
 145 00e7 04       		.uleb128 0x4
 146 00e8 0A010000 		.4byte	.LASF21
 147 00ec 03       		.byte	0x3
 148 00ed 3F       		.byte	0x3f
 149 00ee 8F000000 		.4byte	0x8f
 150 00f2 04       		.uleb128 0x4
 151 00f3 F5020000 		.4byte	.LASF22
 152 00f7 03       		.byte	0x3
 153 00f8 40       		.byte	0x40
 154 00f9 A5000000 		.4byte	0xa5
 155 00fd 04       		.uleb128 0x4
 156 00fe D0010000 		.4byte	.LASF23
 157 0102 03       		.byte	0x3
 158 0103 41       		.byte	0x41
 159 0104 9A000000 		.4byte	0x9a
 160 0108 04       		.uleb128 0x4
 161 0109 2D020000 		.4byte	.LASF24
 162 010d 03       		.byte	0x3
 163 010e 43       		.byte	0x43
 164 010f A5000000 		.4byte	0xa5
 165 0113 04       		.uleb128 0x4
 166 0114 70010000 		.4byte	.LASF25
 167 0118 03       		.byte	0x3
 168 0119 45       		.byte	0x45
 169 011a 9A000000 		.4byte	0x9a
 170 011e 04       		.uleb128 0x4
 171 011f E4040000 		.4byte	.LASF26
ARM GAS  /var/folders/m4/4md61f0s1_g0rzfghffqnxvr0000gn/T//ccWXgSfG.s 			page 4


 172 0123 04       		.byte	0x4
 173 0124 33       		.byte	0x33
 174 0125 A5000000 		.4byte	0xa5
 175 0129 04       		.uleb128 0x4
 176 012a D4040000 		.4byte	.LASF27
 177 012e 04       		.byte	0x4
 178 012f 3F       		.byte	0x3f
 179 0130 34010000 		.4byte	0x134
 180 0134 05       		.uleb128 0x5
 181 0135 C6010000 		.4byte	.LASF49
 182 0139 48       		.byte	0x48
 183 013a 05       		.byte	0x5
 184 013b C2       		.byte	0xc2
 185 013c 39020000 		.4byte	0x239
 186 0140 06       		.uleb128 0x6
 187 0141 57030000 		.4byte	.LASF28
 188 0145 05       		.byte	0x5
 189 0146 C3       		.byte	0xc3
 190 0147 44020000 		.4byte	0x244
 191 014b 00       		.byte	0
 192 014c 06       		.uleb128 0x6
 193 014d EE020000 		.4byte	.LASF29
 194 0151 05       		.byte	0x5
 195 0152 C5       		.byte	0xc5
 196 0153 44020000 		.4byte	0x244
 197 0157 04       		.byte	0x4
 198 0158 06       		.uleb128 0x6
 199 0159 A7000000 		.4byte	.LASF30
 200 015d 05       		.byte	0x5
 201 015e C7       		.byte	0xc7
 202 015f F2000000 		.4byte	0xf2
 203 0163 08       		.byte	0x8
 204 0164 06       		.uleb128 0x6
 205 0165 8A050000 		.4byte	.LASF31
 206 0169 05       		.byte	0x5
 207 016a C8       		.byte	0xc8
 208 016b 74040000 		.4byte	0x474
 209 016f 0C       		.byte	0xc
 210 0170 06       		.uleb128 0x6
 211 0171 30010000 		.4byte	.LASF32
 212 0175 05       		.byte	0x5
 213 0176 CA       		.byte	0xca
 214 0177 44020000 		.4byte	0x244
 215 017b 10       		.byte	0x10
 216 017c 06       		.uleb128 0x6
 217 017d 9A020000 		.4byte	.LASF33
 218 0181 05       		.byte	0x5
 219 0182 CB       		.byte	0xcb
 220 0183 44020000 		.4byte	0x244
 221 0187 14       		.byte	0x14
 222 0188 06       		.uleb128 0x6
 223 0189 6A050000 		.4byte	.LASF34
 224 018d 05       		.byte	0x5
 225 018e D2       		.byte	0xd2
 226 018f C2060000 		.4byte	0x6c2
 227 0193 18       		.byte	0x18
 228 0194 06       		.uleb128 0x6
ARM GAS  /var/folders/m4/4md61f0s1_g0rzfghffqnxvr0000gn/T//ccWXgSfG.s 			page 5


 229 0195 37030000 		.4byte	.LASF35
 230 0199 05       		.byte	0x5
 231 019a DD       		.byte	0xdd
 232 019b D1000000 		.4byte	0xd1
 233 019f 1C       		.byte	0x1c
 234 01a0 06       		.uleb128 0x6
 235 01a1 5E030000 		.4byte	.LASF36
 236 01a5 05       		.byte	0x5
 237 01a6 E1       		.byte	0xe1
 238 01a7 C6000000 		.4byte	0xc6
 239 01ab 1D       		.byte	0x1d
 240 01ac 06       		.uleb128 0x6
 241 01ad 4E050000 		.4byte	.LASF37
 242 01b1 05       		.byte	0x5
 243 01b2 E6       		.byte	0xe6
 244 01b3 DC000000 		.4byte	0xdc
 245 01b7 1E       		.byte	0x1e
 246 01b8 06       		.uleb128 0x6
 247 01b9 3F030000 		.4byte	.LASF38
 248 01bd 05       		.byte	0x5
 249 01be EC       		.byte	0xec
 250 01bf E7000000 		.4byte	0xe7
 251 01c3 1F       		.byte	0x1f
 252 01c4 06       		.uleb128 0x6
 253 01c5 8B010000 		.4byte	.LASF39
 254 01c9 05       		.byte	0x5
 255 01ca F3       		.byte	0xf3
 256 01cb D4060000 		.4byte	0x6d4
 257 01cf 20       		.byte	0x20
 258 01d0 07       		.uleb128 0x7
 259 01d1 705F7500 		.ascii	"p_u\000"
 260 01d5 05       		.byte	0x5
 261 01d6 3101     		.2byte	0x131
 262 01d8 FD050000 		.4byte	0x5fd
 263 01dc 24       		.byte	0x24
 264 01dd 08       		.uleb128 0x8
 265 01de 5D020000 		.4byte	.LASF40
 266 01e2 05       		.byte	0x5
 267 01e3 3601     		.2byte	0x136
 268 01e5 4A020000 		.4byte	0x24a
 269 01e9 28       		.byte	0x28
 270 01ea 08       		.uleb128 0x8
 271 01eb A2010000 		.4byte	.LASF41
 272 01ef 05       		.byte	0x5
 273 01f0 3C01     		.2byte	0x13c
 274 01f2 6E020000 		.4byte	0x26e
 275 01f6 2C       		.byte	0x2c
 276 01f7 08       		.uleb128 0x8
 277 01f8 7C050000 		.4byte	.LASF42
 278 01fc 05       		.byte	0x5
 279 01fd 4001     		.2byte	0x140
 280 01ff FD000000 		.4byte	0xfd
 281 0203 34       		.byte	0x34
 282 0204 08       		.uleb128 0x8
 283 0205 84030000 		.4byte	.LASF43
 284 0209 05       		.byte	0x5
 285 020a 4601     		.2byte	0x146
ARM GAS  /var/folders/m4/4md61f0s1_g0rzfghffqnxvr0000gn/T//ccWXgSfG.s 			page 6


 286 020c 08010000 		.4byte	0x108
 287 0210 38       		.byte	0x38
 288 0211 08       		.uleb128 0x8
 289 0212 23030000 		.4byte	.LASF44
 290 0216 05       		.byte	0x5
 291 0217 4D01     		.2byte	0x14d
 292 0219 BC060000 		.4byte	0x6bc
 293 021d 3C       		.byte	0x3c
 294 021e 08       		.uleb128 0x8
 295 021f EE040000 		.4byte	.LASF45
 296 0223 05       		.byte	0x5
 297 0224 5101     		.2byte	0x151
 298 0226 F2000000 		.4byte	0xf2
 299 022a 40       		.byte	0x40
 300 022b 08       		.uleb128 0x8
 301 022c F3000000 		.4byte	.LASF46
 302 0230 05       		.byte	0x5
 303 0231 5801     		.2byte	0x158
 304 0233 21030000 		.4byte	0x321
 305 0237 44       		.byte	0x44
 306 0238 00       		.byte	0
 307 0239 04       		.uleb128 0x4
 308 023a 70020000 		.4byte	.LASF47
 309 023e 04       		.byte	0x4
 310 023f 44       		.byte	0x44
 311 0240 44020000 		.4byte	0x244
 312 0244 09       		.uleb128 0x9
 313 0245 04       		.byte	0x4
 314 0246 29010000 		.4byte	0x129
 315 024a 04       		.uleb128 0x4
 316 024b 4E020000 		.4byte	.LASF48
 317 024f 04       		.byte	0x4
 318 0250 49       		.byte	0x49
 319 0251 55020000 		.4byte	0x255
 320 0255 05       		.uleb128 0x5
 321 0256 A7030000 		.4byte	.LASF50
 322 025a 04       		.byte	0x4
 323 025b 05       		.byte	0x5
 324 025c B0       		.byte	0xb0
 325 025d 6E020000 		.4byte	0x26e
 326 0261 06       		.uleb128 0x6
 327 0262 57030000 		.4byte	.LASF28
 328 0266 05       		.byte	0x5
 329 0267 B1       		.byte	0xb1
 330 0268 44020000 		.4byte	0x244
 331 026c 00       		.byte	0
 332 026d 00       		.byte	0
 333 026e 04       		.uleb128 0x4
 334 026f 35050000 		.4byte	.LASF51
 335 0273 04       		.byte	0x4
 336 0274 50       		.byte	0x50
 337 0275 79020000 		.4byte	0x279
 338 0279 05       		.uleb128 0x5
 339 027a 96000000 		.4byte	.LASF52
 340 027e 08       		.byte	0x8
 341 027f 05       		.byte	0x5
 342 0280 B7       		.byte	0xb7
ARM GAS  /var/folders/m4/4md61f0s1_g0rzfghffqnxvr0000gn/T//ccWXgSfG.s 			page 7


 343 0281 9E020000 		.4byte	0x29e
 344 0285 06       		.uleb128 0x6
 345 0286 57030000 		.4byte	.LASF28
 346 028a 05       		.byte	0x5
 347 028b B8       		.byte	0xb8
 348 028c 44020000 		.4byte	0x244
 349 0290 00       		.byte	0
 350 0291 06       		.uleb128 0x6
 351 0292 EE020000 		.4byte	.LASF29
 352 0296 05       		.byte	0x5
 353 0297 B9       		.byte	0xb9
 354 0298 44020000 		.4byte	0x244
 355 029c 04       		.byte	0x4
 356 029d 00       		.byte	0
 357 029e 04       		.uleb128 0x4
 358 029f 00000000 		.4byte	.LASF53
 359 02a3 04       		.byte	0x4
 360 02a4 57       		.byte	0x57
 361 02a5 A9020000 		.4byte	0x2a9
 362 02a9 0A       		.uleb128 0xa
 363 02aa 1F020000 		.4byte	.LASF54
 364 02ae 1C       		.byte	0x1c
 365 02af 05       		.byte	0x5
 366 02b0 9001     		.2byte	0x190
 367 02b2 05030000 		.4byte	0x305
 368 02b6 08       		.uleb128 0x8
 369 02b7 9F030000 		.4byte	.LASF55
 370 02bb 05       		.byte	0x5
 371 02bc 9101     		.2byte	0x191
 372 02be 6E020000 		.4byte	0x26e
 373 02c2 00       		.byte	0
 374 02c3 08       		.uleb128 0x8
 375 02c4 49030000 		.4byte	.LASF56
 376 02c8 05       		.byte	0x5
 377 02c9 9201     		.2byte	0x192
 378 02cb F2000000 		.4byte	0xf2
 379 02cf 08       		.byte	0x8
 380 02d0 08       		.uleb128 0x8
 381 02d1 A2020000 		.4byte	.LASF57
 382 02d5 05       		.byte	0x5
 383 02d6 9401     		.2byte	0x194
 384 02d8 74040000 		.4byte	0x474
 385 02dc 0C       		.byte	0xc
 386 02dd 08       		.uleb128 0x8
 387 02de 40010000 		.4byte	.LASF58
 388 02e2 05       		.byte	0x5
 389 02e3 9701     		.2byte	0x197
 390 02e5 44020000 		.4byte	0x244
 391 02e9 10       		.byte	0x10
 392 02ea 08       		.uleb128 0x8
 393 02eb C3020000 		.4byte	.LASF59
 394 02ef 05       		.byte	0x5
 395 02f0 9801     		.2byte	0x198
 396 02f2 44020000 		.4byte	0x244
 397 02f6 14       		.byte	0x14
 398 02f7 08       		.uleb128 0x8
 399 02f8 B9020000 		.4byte	.LASF60
ARM GAS  /var/folders/m4/4md61f0s1_g0rzfghffqnxvr0000gn/T//ccWXgSfG.s 			page 8


 400 02fc 05       		.byte	0x5
 401 02fd 9B01     		.2byte	0x19b
 402 02ff 44020000 		.4byte	0x244
 403 0303 18       		.byte	0x18
 404 0304 00       		.byte	0
 405 0305 04       		.uleb128 0x4
 406 0306 F9040000 		.4byte	.LASF61
 407 030a 04       		.byte	0x4
 408 030b 5C       		.byte	0x5c
 409 030c 10030000 		.4byte	0x310
 410 0310 09       		.uleb128 0x9
 411 0311 04       		.byte	0x4
 412 0312 16030000 		.4byte	0x316
 413 0316 0B       		.uleb128 0xb
 414 0317 21030000 		.4byte	0x321
 415 031b 0C       		.uleb128 0xc
 416 031c 21030000 		.4byte	0x321
 417 0320 00       		.byte	0
 418 0321 0D       		.uleb128 0xd
 419 0322 04       		.byte	0x4
 420 0323 04       		.uleb128 0x4
 421 0324 DE020000 		.4byte	.LASF62
 422 0328 04       		.byte	0x4
 423 0329 61       		.byte	0x61
 424 032a 2E030000 		.4byte	0x32e
 425 032e 0A       		.uleb128 0xa
 426 032f 66030000 		.4byte	.LASF63
 427 0333 14       		.byte	0x14
 428 0334 05       		.byte	0x5
 429 0335 6B01     		.2byte	0x16b
 430 0337 7D030000 		.4byte	0x37d
 431 033b 08       		.uleb128 0x8
 432 033c 83010000 		.4byte	.LASF64
 433 0340 05       		.byte	0x5
 434 0341 6C01     		.2byte	0x16c
 435 0343 D9060000 		.4byte	0x6d9
 436 0347 00       		.byte	0
 437 0348 08       		.uleb128 0x8
 438 0349 51010000 		.4byte	.LASF65
 439 034d 05       		.byte	0x5
 440 034e 6D01     		.2byte	0x16d
 441 0350 D9060000 		.4byte	0x6d9
 442 0354 04       		.byte	0x4
 443 0355 08       		.uleb128 0x8
 444 0356 99010000 		.4byte	.LASF66
 445 035a 05       		.byte	0x5
 446 035b 6E01     		.2byte	0x16e
 447 035d 1E010000 		.4byte	0x11e
 448 0361 08       		.byte	0x8
 449 0362 08       		.uleb128 0x8
 450 0363 90050000 		.4byte	.LASF67
 451 0367 05       		.byte	0x5
 452 0368 6F01     		.2byte	0x16f
 453 036a 05030000 		.4byte	0x305
 454 036e 0C       		.byte	0xc
 455 036f 08       		.uleb128 0x8
 456 0370 2E050000 		.4byte	.LASF68
ARM GAS  /var/folders/m4/4md61f0s1_g0rzfghffqnxvr0000gn/T//ccWXgSfG.s 			page 9


 457 0374 05       		.byte	0x5
 458 0375 7101     		.2byte	0x171
 459 0377 21030000 		.4byte	0x321
 460 037b 10       		.byte	0x10
 461 037c 00       		.byte	0
 462 037d 04       		.uleb128 0x4
 463 037e 73000000 		.4byte	.LASF69
 464 0382 04       		.byte	0x4
 465 0383 66       		.byte	0x66
 466 0384 88030000 		.4byte	0x388
 467 0388 0A       		.uleb128 0xa
 468 0389 83020000 		.4byte	.LASF70
 469 038d 10       		.byte	0x10
 470 038e 05       		.byte	0x5
 471 038f 7B01     		.2byte	0x17b
 472 0391 CA030000 		.4byte	0x3ca
 473 0395 08       		.uleb128 0x8
 474 0396 83010000 		.4byte	.LASF64
 475 039a 05       		.byte	0x5
 476 039b 7C01     		.2byte	0x17c
 477 039d D9060000 		.4byte	0x6d9
 478 03a1 00       		.byte	0
 479 03a2 08       		.uleb128 0x8
 480 03a3 51010000 		.4byte	.LASF65
 481 03a7 05       		.byte	0x5
 482 03a8 7E01     		.2byte	0x17e
 483 03aa D9060000 		.4byte	0x6d9
 484 03ae 04       		.byte	0x4
 485 03af 08       		.uleb128 0x8
 486 03b0 99010000 		.4byte	.LASF66
 487 03b4 05       		.byte	0x5
 488 03b5 8001     		.2byte	0x180
 489 03b7 1E010000 		.4byte	0x11e
 490 03bb 08       		.byte	0x8
 491 03bc 08       		.uleb128 0x8
 492 03bd 71050000 		.4byte	.LASF71
 493 03c1 05       		.byte	0x5
 494 03c2 8201     		.2byte	0x182
 495 03c4 D4060000 		.4byte	0x6d4
 496 03c8 0C       		.byte	0xc
 497 03c9 00       		.byte	0
 498 03ca 04       		.uleb128 0x4
 499 03cb 39000000 		.4byte	.LASF72
 500 03cf 04       		.byte	0x4
 501 03d0 6B       		.byte	0x6b
 502 03d1 D5030000 		.4byte	0x3d5
 503 03d5 0A       		.uleb128 0xa
 504 03d6 FD020000 		.4byte	.LASF73
 505 03da 04       		.byte	0x4
 506 03db 05       		.byte	0x5
 507 03dc A201     		.2byte	0x1a2
 508 03de F0030000 		.4byte	0x3f0
 509 03e2 08       		.uleb128 0x8
 510 03e3 0D050000 		.4byte	.LASF74
 511 03e7 05       		.byte	0x5
 512 03e8 AA01     		.2byte	0x1aa
 513 03ea DF060000 		.4byte	0x6df
ARM GAS  /var/folders/m4/4md61f0s1_g0rzfghffqnxvr0000gn/T//ccWXgSfG.s 			page 10


 514 03ee 00       		.byte	0
 515 03ef 00       		.byte	0
 516 03f0 04       		.uleb128 0x4
 517 03f1 0B020000 		.4byte	.LASF75
 518 03f5 04       		.byte	0x4
 519 03f6 70       		.byte	0x70
 520 03f7 FB030000 		.4byte	0x3fb
 521 03fb 0E       		.uleb128 0xe
 522 03fc 14010000 		.4byte	.LASF76
 523 0400 5802     		.2byte	0x258
 524 0402 05       		.byte	0x5
 525 0403 C201     		.2byte	0x1c2
 526 0405 57040000 		.4byte	0x457
 527 0409 08       		.uleb128 0x8
 528 040a 55050000 		.4byte	.LASF77
 529 040e 05       		.byte	0x5
 530 040f C601     		.2byte	0x1c6
 531 0411 9E020000 		.4byte	0x29e
 532 0415 00       		.byte	0
 533 0416 08       		.uleb128 0x8
 534 0417 03010000 		.4byte	.LASF78
 535 041b 05       		.byte	0x5
 536 041c CA01     		.2byte	0x1ca
 537 041e 7D030000 		.4byte	0x37d
 538 0422 1C       		.byte	0x1c
 539 0423 07       		.uleb128 0x7
 540 0424 64626700 		.ascii	"dbg\000"
 541 0428 05       		.byte	0x5
 542 0429 CE01     		.2byte	0x1ce
 543 042b CA030000 		.4byte	0x3ca
 544 042f 2C       		.byte	0x2c
 545 0430 08       		.uleb128 0x8
 546 0431 68000000 		.4byte	.LASF79
 547 0435 05       		.byte	0x5
 548 0436 D201     		.2byte	0x1d2
 549 0438 29010000 		.4byte	0x129
 550 043c 30       		.byte	0x30
 551 043d 07       		.uleb128 0x7
 552 043e 746D00   		.ascii	"tm\000"
 553 0441 05       		.byte	0x5
 554 0442 D701     		.2byte	0x1d7
 555 0444 F2050000 		.4byte	0x5f2
 556 0448 78       		.byte	0x78
 557 0449 08       		.uleb128 0x8
 558 044a 61010000 		.4byte	.LASF80
 559 044e 05       		.byte	0x5
 560 044f E301     		.2byte	0x1e3
 561 0451 E4060000 		.4byte	0x6e4
 562 0455 80       		.byte	0x80
 563 0456 00       		.byte	0
 564 0457 03       		.uleb128 0x3
 565 0458 04       		.byte	0x4
 566 0459 07       		.byte	0x7
 567 045a 67020000 		.4byte	.LASF81
 568 045e 04       		.uleb128 0x4
 569 045f 48010000 		.4byte	.LASF82
 570 0463 06       		.byte	0x6
ARM GAS  /var/folders/m4/4md61f0s1_g0rzfghffqnxvr0000gn/T//ccWXgSfG.s 			page 11


 571 0464 65       		.byte	0x65
 572 0465 21030000 		.4byte	0x321
 573 0469 04       		.uleb128 0x4
 574 046a 43020000 		.4byte	.LASF83
 575 046e 06       		.byte	0x6
 576 046f 6D       		.byte	0x6d
 577 0470 B0000000 		.4byte	0xb0
 578 0474 05       		.uleb128 0x5
 579 0475 1E050000 		.4byte	.LASF84
 580 0479 04       		.byte	0x4
 581 047a 06       		.byte	0x6
 582 047b 89       		.byte	0x89
 583 047c 8D040000 		.4byte	0x48d
 584 0480 0F       		.uleb128 0xf
 585 0481 72313300 		.ascii	"r13\000"
 586 0485 06       		.byte	0x6
 587 0486 8A       		.byte	0x8a
 588 0487 D7050000 		.4byte	0x5d7
 589 048b 00       		.byte	0
 590 048c 00       		.byte	0
 591 048d 05       		.uleb128 0x5
 592 048e 2D000000 		.4byte	.LASF85
 593 0492 64       		.byte	0x64
 594 0493 07       		.byte	0x7
 595 0494 FD       		.byte	0xfd
 596 0495 D7050000 		.4byte	0x5d7
 597 0499 0F       		.uleb128 0xf
 598 049a 73313600 		.ascii	"s16\000"
 599 049e 07       		.byte	0x7
 600 049f FF       		.byte	0xff
 601 04a0 5E040000 		.4byte	0x45e
 602 04a4 00       		.byte	0
 603 04a5 07       		.uleb128 0x7
 604 04a6 73313700 		.ascii	"s17\000"
 605 04aa 07       		.byte	0x7
 606 04ab 0001     		.2byte	0x100
 607 04ad 5E040000 		.4byte	0x45e
 608 04b1 04       		.byte	0x4
 609 04b2 07       		.uleb128 0x7
 610 04b3 73313800 		.ascii	"s18\000"
 611 04b7 07       		.byte	0x7
 612 04b8 0101     		.2byte	0x101
 613 04ba 5E040000 		.4byte	0x45e
 614 04be 08       		.byte	0x8
 615 04bf 07       		.uleb128 0x7
 616 04c0 73313900 		.ascii	"s19\000"
 617 04c4 07       		.byte	0x7
 618 04c5 0201     		.2byte	0x102
 619 04c7 5E040000 		.4byte	0x45e
 620 04cb 0C       		.byte	0xc
 621 04cc 07       		.uleb128 0x7
 622 04cd 73323000 		.ascii	"s20\000"
 623 04d1 07       		.byte	0x7
 624 04d2 0301     		.2byte	0x103
 625 04d4 5E040000 		.4byte	0x45e
 626 04d8 10       		.byte	0x10
 627 04d9 07       		.uleb128 0x7
ARM GAS  /var/folders/m4/4md61f0s1_g0rzfghffqnxvr0000gn/T//ccWXgSfG.s 			page 12


 628 04da 73323100 		.ascii	"s21\000"
 629 04de 07       		.byte	0x7
 630 04df 0401     		.2byte	0x104
 631 04e1 5E040000 		.4byte	0x45e
 632 04e5 14       		.byte	0x14
 633 04e6 07       		.uleb128 0x7
 634 04e7 73323200 		.ascii	"s22\000"
 635 04eb 07       		.byte	0x7
 636 04ec 0501     		.2byte	0x105
 637 04ee 5E040000 		.4byte	0x45e
 638 04f2 18       		.byte	0x18
 639 04f3 07       		.uleb128 0x7
 640 04f4 73323300 		.ascii	"s23\000"
 641 04f8 07       		.byte	0x7
 642 04f9 0601     		.2byte	0x106
 643 04fb 5E040000 		.4byte	0x45e
 644 04ff 1C       		.byte	0x1c
 645 0500 07       		.uleb128 0x7
 646 0501 73323400 		.ascii	"s24\000"
 647 0505 07       		.byte	0x7
 648 0506 0701     		.2byte	0x107
 649 0508 5E040000 		.4byte	0x45e
 650 050c 20       		.byte	0x20
 651 050d 07       		.uleb128 0x7
 652 050e 73323500 		.ascii	"s25\000"
 653 0512 07       		.byte	0x7
 654 0513 0801     		.2byte	0x108
 655 0515 5E040000 		.4byte	0x45e
 656 0519 24       		.byte	0x24
 657 051a 07       		.uleb128 0x7
 658 051b 73323600 		.ascii	"s26\000"
 659 051f 07       		.byte	0x7
 660 0520 0901     		.2byte	0x109
 661 0522 5E040000 		.4byte	0x45e
 662 0526 28       		.byte	0x28
 663 0527 07       		.uleb128 0x7
 664 0528 73323700 		.ascii	"s27\000"
 665 052c 07       		.byte	0x7
 666 052d 0A01     		.2byte	0x10a
 667 052f 5E040000 		.4byte	0x45e
 668 0533 2C       		.byte	0x2c
 669 0534 07       		.uleb128 0x7
 670 0535 73323800 		.ascii	"s28\000"
 671 0539 07       		.byte	0x7
 672 053a 0B01     		.2byte	0x10b
 673 053c 5E040000 		.4byte	0x45e
 674 0540 30       		.byte	0x30
 675 0541 07       		.uleb128 0x7
 676 0542 73323900 		.ascii	"s29\000"
 677 0546 07       		.byte	0x7
 678 0547 0C01     		.2byte	0x10c
 679 0549 5E040000 		.4byte	0x45e
 680 054d 34       		.byte	0x34
 681 054e 07       		.uleb128 0x7
 682 054f 73333000 		.ascii	"s30\000"
 683 0553 07       		.byte	0x7
 684 0554 0D01     		.2byte	0x10d
ARM GAS  /var/folders/m4/4md61f0s1_g0rzfghffqnxvr0000gn/T//ccWXgSfG.s 			page 13


 685 0556 5E040000 		.4byte	0x45e
 686 055a 38       		.byte	0x38
 687 055b 07       		.uleb128 0x7
 688 055c 73333100 		.ascii	"s31\000"
 689 0560 07       		.byte	0x7
 690 0561 0E01     		.2byte	0x10e
 691 0563 5E040000 		.4byte	0x45e
 692 0567 3C       		.byte	0x3c
 693 0568 07       		.uleb128 0x7
 694 0569 723400   		.ascii	"r4\000"
 695 056c 07       		.byte	0x7
 696 056d 1001     		.2byte	0x110
 697 056f 5E040000 		.4byte	0x45e
 698 0573 40       		.byte	0x40
 699 0574 07       		.uleb128 0x7
 700 0575 723500   		.ascii	"r5\000"
 701 0578 07       		.byte	0x7
 702 0579 1101     		.2byte	0x111
 703 057b 5E040000 		.4byte	0x45e
 704 057f 44       		.byte	0x44
 705 0580 07       		.uleb128 0x7
 706 0581 723600   		.ascii	"r6\000"
 707 0584 07       		.byte	0x7
 708 0585 1201     		.2byte	0x112
 709 0587 5E040000 		.4byte	0x45e
 710 058b 48       		.byte	0x48
 711 058c 07       		.uleb128 0x7
 712 058d 723700   		.ascii	"r7\000"
 713 0590 07       		.byte	0x7
 714 0591 1301     		.2byte	0x113
 715 0593 5E040000 		.4byte	0x45e
 716 0597 4C       		.byte	0x4c
 717 0598 07       		.uleb128 0x7
 718 0599 723800   		.ascii	"r8\000"
 719 059c 07       		.byte	0x7
 720 059d 1401     		.2byte	0x114
 721 059f 5E040000 		.4byte	0x45e
 722 05a3 50       		.byte	0x50
 723 05a4 07       		.uleb128 0x7
 724 05a5 723900   		.ascii	"r9\000"
 725 05a8 07       		.byte	0x7
 726 05a9 1501     		.2byte	0x115
 727 05ab 5E040000 		.4byte	0x45e
 728 05af 54       		.byte	0x54
 729 05b0 07       		.uleb128 0x7
 730 05b1 72313000 		.ascii	"r10\000"
 731 05b5 07       		.byte	0x7
 732 05b6 1601     		.2byte	0x116
 733 05b8 5E040000 		.4byte	0x45e
 734 05bc 58       		.byte	0x58
 735 05bd 07       		.uleb128 0x7
 736 05be 72313100 		.ascii	"r11\000"
 737 05c2 07       		.byte	0x7
 738 05c3 1701     		.2byte	0x117
 739 05c5 5E040000 		.4byte	0x45e
 740 05c9 5C       		.byte	0x5c
 741 05ca 07       		.uleb128 0x7
ARM GAS  /var/folders/m4/4md61f0s1_g0rzfghffqnxvr0000gn/T//ccWXgSfG.s 			page 14


 742 05cb 6C7200   		.ascii	"lr\000"
 743 05ce 07       		.byte	0x7
 744 05cf 1801     		.2byte	0x118
 745 05d1 5E040000 		.4byte	0x45e
 746 05d5 60       		.byte	0x60
 747 05d6 00       		.byte	0
 748 05d7 09       		.uleb128 0x9
 749 05d8 04       		.byte	0x4
 750 05d9 8D040000 		.4byte	0x48d
 751 05dd 10       		.uleb128 0x10
 752 05de 04       		.byte	0x4
 753 05df 08       		.byte	0x8
 754 05e0 38       		.byte	0x38
 755 05e1 F2050000 		.4byte	0x5f2
 756 05e5 06       		.uleb128 0x6
 757 05e6 17050000 		.4byte	.LASF86
 758 05ea 08       		.byte	0x8
 759 05eb 3C       		.byte	0x3c
 760 05ec BB000000 		.4byte	0xbb
 761 05f0 00       		.byte	0
 762 05f1 00       		.byte	0
 763 05f2 04       		.uleb128 0x4
 764 05f3 A8020000 		.4byte	.LASF87
 765 05f7 08       		.byte	0x8
 766 05f8 3D       		.byte	0x3d
 767 05f9 DD050000 		.4byte	0x5dd
 768 05fd 11       		.uleb128 0x11
 769 05fe 04       		.byte	0x4
 770 05ff 05       		.byte	0x5
 771 0600 FA       		.byte	0xfa
 772 0601 5A060000 		.4byte	0x65a
 773 0605 12       		.uleb128 0x12
 774 0606 13000000 		.4byte	.LASF88
 775 060a 05       		.byte	0x5
 776 060b 0101     		.2byte	0x101
 777 060d FD000000 		.4byte	0xfd
 778 0611 12       		.uleb128 0x12
 779 0612 5F000000 		.4byte	.LASF89
 780 0616 05       		.byte	0x5
 781 0617 0801     		.2byte	0x108
 782 0619 FD000000 		.4byte	0xfd
 783 061d 12       		.uleb128 0x12
 784 061e 63050000 		.4byte	.LASF90
 785 0622 05       		.byte	0x5
 786 0623 0F01     		.2byte	0x10f
 787 0625 21030000 		.4byte	0x321
 788 0629 12       		.uleb128 0x12
 789 062a 0D000000 		.4byte	.LASF91
 790 062e 05       		.byte	0x5
 791 062f 1601     		.2byte	0x116
 792 0631 5A060000 		.4byte	0x65a
 793 0635 12       		.uleb128 0x12
 794 0636 92010000 		.4byte	.LASF92
 795 063a 05       		.byte	0x5
 796 063b 1E01     		.2byte	0x11e
 797 063d 85060000 		.4byte	0x685
 798 0641 12       		.uleb128 0x12
ARM GAS  /var/folders/m4/4md61f0s1_g0rzfghffqnxvr0000gn/T//ccWXgSfG.s 			page 15


 799 0642 98030000 		.4byte	.LASF93
 800 0646 05       		.byte	0x5
 801 0647 2701     		.2byte	0x127
 802 0649 BC060000 		.4byte	0x6bc
 803 064d 12       		.uleb128 0x12
 804 064e 50030000 		.4byte	.LASF94
 805 0652 05       		.byte	0x5
 806 0653 2F01     		.2byte	0x12f
 807 0655 08010000 		.4byte	0x108
 808 0659 00       		.byte	0
 809 065a 09       		.uleb128 0x9
 810 065b 04       		.byte	0x4
 811 065c 39020000 		.4byte	0x239
 812 0660 05       		.uleb128 0x5
 813 0661 77030000 		.4byte	.LASF95
 814 0665 0C       		.byte	0xc
 815 0666 09       		.byte	0x9
 816 0667 34       		.byte	0x34
 817 0668 85060000 		.4byte	0x685
 818 066c 06       		.uleb128 0x6
 819 066d 38010000 		.4byte	.LASF96
 820 0671 09       		.byte	0x9
 821 0672 35       		.byte	0x35
 822 0673 6E020000 		.4byte	0x26e
 823 0677 00       		.byte	0
 824 0678 06       		.uleb128 0x6
 825 0679 AD010000 		.4byte	.LASF97
 826 067d 09       		.byte	0x9
 827 067e 37       		.byte	0x37
 828 067f 13010000 		.4byte	0x113
 829 0683 08       		.byte	0x8
 830 0684 00       		.byte	0
 831 0685 09       		.uleb128 0x9
 832 0686 04       		.byte	0x4
 833 0687 60060000 		.4byte	0x660
 834 068b 05       		.uleb128 0x5
 835 068c 45050000 		.4byte	.LASF98
 836 0690 10       		.byte	0x10
 837 0691 0A       		.byte	0xa
 838 0692 39       		.byte	0x39
 839 0693 BC060000 		.4byte	0x6bc
 840 0697 06       		.uleb128 0x6
 841 0698 FB000000 		.4byte	.LASF99
 842 069c 0A       		.byte	0xa
 843 069d 3A       		.byte	0x3a
 844 069e 6E020000 		.4byte	0x26e
 845 06a2 00       		.byte	0
 846 06a3 06       		.uleb128 0x6
 847 06a4 82050000 		.4byte	.LASF100
 848 06a8 0A       		.byte	0xa
 849 06a9 3C       		.byte	0x3c
 850 06aa 44020000 		.4byte	0x244
 851 06ae 08       		.byte	0x8
 852 06af 06       		.uleb128 0x6
 853 06b0 DD040000 		.4byte	.LASF101
 854 06b4 0A       		.byte	0xa
 855 06b5 3E       		.byte	0x3e
ARM GAS  /var/folders/m4/4md61f0s1_g0rzfghffqnxvr0000gn/T//ccWXgSfG.s 			page 16


 856 06b6 FF060000 		.4byte	0x6ff
 857 06ba 0C       		.byte	0xc
 858 06bb 00       		.byte	0
 859 06bc 09       		.uleb128 0x9
 860 06bd 04       		.byte	0x4
 861 06be 8B060000 		.4byte	0x68b
 862 06c2 09       		.uleb128 0x9
 863 06c3 04       		.byte	0x4
 864 06c4 CF060000 		.4byte	0x6cf
 865 06c8 03       		.uleb128 0x3
 866 06c9 01       		.byte	0x1
 867 06ca 08       		.byte	0x8
 868 06cb C9030000 		.4byte	.LASF102
 869 06cf 13       		.uleb128 0x13
 870 06d0 C8060000 		.4byte	0x6c8
 871 06d4 14       		.uleb128 0x14
 872 06d5 1E010000 		.4byte	0x11e
 873 06d9 09       		.uleb128 0x9
 874 06da 04       		.byte	0x4
 875 06db 23030000 		.4byte	0x323
 876 06df 14       		.uleb128 0x14
 877 06e0 C2060000 		.4byte	0x6c2
 878 06e4 15       		.uleb128 0x15
 879 06e5 69040000 		.4byte	0x469
 880 06e9 F4060000 		.4byte	0x6f4
 881 06ed 16       		.uleb128 0x16
 882 06ee 57040000 		.4byte	0x457
 883 06f2 3A       		.byte	0x3a
 884 06f3 00       		.byte	0
 885 06f4 04       		.uleb128 0x4
 886 06f5 59010000 		.4byte	.LASF103
 887 06f9 0A       		.byte	0xa
 888 06fa 34       		.byte	0x34
 889 06fb 8B060000 		.4byte	0x68b
 890 06ff 09       		.uleb128 0x9
 891 0700 04       		.byte	0x4
 892 0701 F4060000 		.4byte	0x6f4
 893 0705 17       		.uleb128 0x17
 894 0706 89000000 		.4byte	.LASF104
 895 070a 0B       		.byte	0xb
 896 070b FA06     		.2byte	0x6fa
 897 070d 11070000 		.4byte	0x711
 898 0711 14       		.uleb128 0x14
 899 0712 9A000000 		.4byte	0x9a
 900 0716 18       		.uleb128 0x18
 901 0717 636800   		.ascii	"ch\000"
 902 071a 05       		.byte	0x5
 903 071b 0902     		.2byte	0x209
 904 071d F0030000 		.4byte	0x3f0
 905 0721 00       		.byte	0
 906              		.section	.debug_abbrev,"",%progbits
 907              	.Ldebug_abbrev0:
 908 0000 01       		.uleb128 0x1
 909 0001 11       		.uleb128 0x11
 910 0002 01       		.byte	0x1
 911 0003 25       		.uleb128 0x25
 912 0004 0E       		.uleb128 0xe
ARM GAS  /var/folders/m4/4md61f0s1_g0rzfghffqnxvr0000gn/T//ccWXgSfG.s 			page 17


 913 0005 13       		.uleb128 0x13
 914 0006 0B       		.uleb128 0xb
 915 0007 03       		.uleb128 0x3
 916 0008 0E       		.uleb128 0xe
 917 0009 1B       		.uleb128 0x1b
 918 000a 0E       		.uleb128 0xe
 919 000b 10       		.uleb128 0x10
 920 000c 17       		.uleb128 0x17
 921 000d 00       		.byte	0
 922 000e 00       		.byte	0
 923 000f 02       		.uleb128 0x2
 924 0010 24       		.uleb128 0x24
 925 0011 00       		.byte	0
 926 0012 0B       		.uleb128 0xb
 927 0013 0B       		.uleb128 0xb
 928 0014 3E       		.uleb128 0x3e
 929 0015 0B       		.uleb128 0xb
 930 0016 03       		.uleb128 0x3
 931 0017 08       		.uleb128 0x8
 932 0018 00       		.byte	0
 933 0019 00       		.byte	0
 934 001a 03       		.uleb128 0x3
 935 001b 24       		.uleb128 0x24
 936 001c 00       		.byte	0
 937 001d 0B       		.uleb128 0xb
 938 001e 0B       		.uleb128 0xb
 939 001f 3E       		.uleb128 0x3e
 940 0020 0B       		.uleb128 0xb
 941 0021 03       		.uleb128 0x3
 942 0022 0E       		.uleb128 0xe
 943 0023 00       		.byte	0
 944 0024 00       		.byte	0
 945 0025 04       		.uleb128 0x4
 946 0026 16       		.uleb128 0x16
 947 0027 00       		.byte	0
 948 0028 03       		.uleb128 0x3
 949 0029 0E       		.uleb128 0xe
 950 002a 3A       		.uleb128 0x3a
 951 002b 0B       		.uleb128 0xb
 952 002c 3B       		.uleb128 0x3b
 953 002d 0B       		.uleb128 0xb
 954 002e 49       		.uleb128 0x49
 955 002f 13       		.uleb128 0x13
 956 0030 00       		.byte	0
 957 0031 00       		.byte	0
 958 0032 05       		.uleb128 0x5
 959 0033 13       		.uleb128 0x13
 960 0034 01       		.byte	0x1
 961 0035 03       		.uleb128 0x3
 962 0036 0E       		.uleb128 0xe
 963 0037 0B       		.uleb128 0xb
 964 0038 0B       		.uleb128 0xb
 965 0039 3A       		.uleb128 0x3a
 966 003a 0B       		.uleb128 0xb
 967 003b 3B       		.uleb128 0x3b
 968 003c 0B       		.uleb128 0xb
 969 003d 01       		.uleb128 0x1
ARM GAS  /var/folders/m4/4md61f0s1_g0rzfghffqnxvr0000gn/T//ccWXgSfG.s 			page 18


 970 003e 13       		.uleb128 0x13
 971 003f 00       		.byte	0
 972 0040 00       		.byte	0
 973 0041 06       		.uleb128 0x6
 974 0042 0D       		.uleb128 0xd
 975 0043 00       		.byte	0
 976 0044 03       		.uleb128 0x3
 977 0045 0E       		.uleb128 0xe
 978 0046 3A       		.uleb128 0x3a
 979 0047 0B       		.uleb128 0xb
 980 0048 3B       		.uleb128 0x3b
 981 0049 0B       		.uleb128 0xb
 982 004a 49       		.uleb128 0x49
 983 004b 13       		.uleb128 0x13
 984 004c 38       		.uleb128 0x38
 985 004d 0B       		.uleb128 0xb
 986 004e 00       		.byte	0
 987 004f 00       		.byte	0
 988 0050 07       		.uleb128 0x7
 989 0051 0D       		.uleb128 0xd
 990 0052 00       		.byte	0
 991 0053 03       		.uleb128 0x3
 992 0054 08       		.uleb128 0x8
 993 0055 3A       		.uleb128 0x3a
 994 0056 0B       		.uleb128 0xb
 995 0057 3B       		.uleb128 0x3b
 996 0058 05       		.uleb128 0x5
 997 0059 49       		.uleb128 0x49
 998 005a 13       		.uleb128 0x13
 999 005b 38       		.uleb128 0x38
 1000 005c 0B       		.uleb128 0xb
 1001 005d 00       		.byte	0
 1002 005e 00       		.byte	0
 1003 005f 08       		.uleb128 0x8
 1004 0060 0D       		.uleb128 0xd
 1005 0061 00       		.byte	0
 1006 0062 03       		.uleb128 0x3
 1007 0063 0E       		.uleb128 0xe
 1008 0064 3A       		.uleb128 0x3a
 1009 0065 0B       		.uleb128 0xb
 1010 0066 3B       		.uleb128 0x3b
 1011 0067 05       		.uleb128 0x5
 1012 0068 49       		.uleb128 0x49
 1013 0069 13       		.uleb128 0x13
 1014 006a 38       		.uleb128 0x38
 1015 006b 0B       		.uleb128 0xb
 1016 006c 00       		.byte	0
 1017 006d 00       		.byte	0
 1018 006e 09       		.uleb128 0x9
 1019 006f 0F       		.uleb128 0xf
 1020 0070 00       		.byte	0
 1021 0071 0B       		.uleb128 0xb
 1022 0072 0B       		.uleb128 0xb
 1023 0073 49       		.uleb128 0x49
 1024 0074 13       		.uleb128 0x13
 1025 0075 00       		.byte	0
 1026 0076 00       		.byte	0
ARM GAS  /var/folders/m4/4md61f0s1_g0rzfghffqnxvr0000gn/T//ccWXgSfG.s 			page 19


 1027 0077 0A       		.uleb128 0xa
 1028 0078 13       		.uleb128 0x13
 1029 0079 01       		.byte	0x1
 1030 007a 03       		.uleb128 0x3
 1031 007b 0E       		.uleb128 0xe
 1032 007c 0B       		.uleb128 0xb
 1033 007d 0B       		.uleb128 0xb
 1034 007e 3A       		.uleb128 0x3a
 1035 007f 0B       		.uleb128 0xb
 1036 0080 3B       		.uleb128 0x3b
 1037 0081 05       		.uleb128 0x5
 1038 0082 01       		.uleb128 0x1
 1039 0083 13       		.uleb128 0x13
 1040 0084 00       		.byte	0
 1041 0085 00       		.byte	0
 1042 0086 0B       		.uleb128 0xb
 1043 0087 15       		.uleb128 0x15
 1044 0088 01       		.byte	0x1
 1045 0089 27       		.uleb128 0x27
 1046 008a 19       		.uleb128 0x19
 1047 008b 01       		.uleb128 0x1
 1048 008c 13       		.uleb128 0x13
 1049 008d 00       		.byte	0
 1050 008e 00       		.byte	0
 1051 008f 0C       		.uleb128 0xc
 1052 0090 05       		.uleb128 0x5
 1053 0091 00       		.byte	0
 1054 0092 49       		.uleb128 0x49
 1055 0093 13       		.uleb128 0x13
 1056 0094 00       		.byte	0
 1057 0095 00       		.byte	0
 1058 0096 0D       		.uleb128 0xd
 1059 0097 0F       		.uleb128 0xf
 1060 0098 00       		.byte	0
 1061 0099 0B       		.uleb128 0xb
 1062 009a 0B       		.uleb128 0xb
 1063 009b 00       		.byte	0
 1064 009c 00       		.byte	0
 1065 009d 0E       		.uleb128 0xe
 1066 009e 13       		.uleb128 0x13
 1067 009f 01       		.byte	0x1
 1068 00a0 03       		.uleb128 0x3
 1069 00a1 0E       		.uleb128 0xe
 1070 00a2 0B       		.uleb128 0xb
 1071 00a3 05       		.uleb128 0x5
 1072 00a4 3A       		.uleb128 0x3a
 1073 00a5 0B       		.uleb128 0xb
 1074 00a6 3B       		.uleb128 0x3b
 1075 00a7 05       		.uleb128 0x5
 1076 00a8 01       		.uleb128 0x1
 1077 00a9 13       		.uleb128 0x13
 1078 00aa 00       		.byte	0
 1079 00ab 00       		.byte	0
 1080 00ac 0F       		.uleb128 0xf
 1081 00ad 0D       		.uleb128 0xd
 1082 00ae 00       		.byte	0
 1083 00af 03       		.uleb128 0x3
ARM GAS  /var/folders/m4/4md61f0s1_g0rzfghffqnxvr0000gn/T//ccWXgSfG.s 			page 20


 1084 00b0 08       		.uleb128 0x8
 1085 00b1 3A       		.uleb128 0x3a
 1086 00b2 0B       		.uleb128 0xb
 1087 00b3 3B       		.uleb128 0x3b
 1088 00b4 0B       		.uleb128 0xb
 1089 00b5 49       		.uleb128 0x49
 1090 00b6 13       		.uleb128 0x13
 1091 00b7 38       		.uleb128 0x38
 1092 00b8 0B       		.uleb128 0xb
 1093 00b9 00       		.byte	0
 1094 00ba 00       		.byte	0
 1095 00bb 10       		.uleb128 0x10
 1096 00bc 13       		.uleb128 0x13
 1097 00bd 01       		.byte	0x1
 1098 00be 0B       		.uleb128 0xb
 1099 00bf 0B       		.uleb128 0xb
 1100 00c0 3A       		.uleb128 0x3a
 1101 00c1 0B       		.uleb128 0xb
 1102 00c2 3B       		.uleb128 0x3b
 1103 00c3 0B       		.uleb128 0xb
 1104 00c4 01       		.uleb128 0x1
 1105 00c5 13       		.uleb128 0x13
 1106 00c6 00       		.byte	0
 1107 00c7 00       		.byte	0
 1108 00c8 11       		.uleb128 0x11
 1109 00c9 17       		.uleb128 0x17
 1110 00ca 01       		.byte	0x1
 1111 00cb 0B       		.uleb128 0xb
 1112 00cc 0B       		.uleb128 0xb
 1113 00cd 3A       		.uleb128 0x3a
 1114 00ce 0B       		.uleb128 0xb
 1115 00cf 3B       		.uleb128 0x3b
 1116 00d0 0B       		.uleb128 0xb
 1117 00d1 01       		.uleb128 0x1
 1118 00d2 13       		.uleb128 0x13
 1119 00d3 00       		.byte	0
 1120 00d4 00       		.byte	0
 1121 00d5 12       		.uleb128 0x12
 1122 00d6 0D       		.uleb128 0xd
 1123 00d7 00       		.byte	0
 1124 00d8 03       		.uleb128 0x3
 1125 00d9 0E       		.uleb128 0xe
 1126 00da 3A       		.uleb128 0x3a
 1127 00db 0B       		.uleb128 0xb
 1128 00dc 3B       		.uleb128 0x3b
 1129 00dd 05       		.uleb128 0x5
 1130 00de 49       		.uleb128 0x49
 1131 00df 13       		.uleb128 0x13
 1132 00e0 00       		.byte	0
 1133 00e1 00       		.byte	0
 1134 00e2 13       		.uleb128 0x13
 1135 00e3 26       		.uleb128 0x26
 1136 00e4 00       		.byte	0
 1137 00e5 49       		.uleb128 0x49
 1138 00e6 13       		.uleb128 0x13
 1139 00e7 00       		.byte	0
 1140 00e8 00       		.byte	0
ARM GAS  /var/folders/m4/4md61f0s1_g0rzfghffqnxvr0000gn/T//ccWXgSfG.s 			page 21


 1141 00e9 14       		.uleb128 0x14
 1142 00ea 35       		.uleb128 0x35
 1143 00eb 00       		.byte	0
 1144 00ec 49       		.uleb128 0x49
 1145 00ed 13       		.uleb128 0x13
 1146 00ee 00       		.byte	0
 1147 00ef 00       		.byte	0
 1148 00f0 15       		.uleb128 0x15
 1149 00f1 01       		.uleb128 0x1
 1150 00f2 01       		.byte	0x1
 1151 00f3 49       		.uleb128 0x49
 1152 00f4 13       		.uleb128 0x13
 1153 00f5 01       		.uleb128 0x1
 1154 00f6 13       		.uleb128 0x13
 1155 00f7 00       		.byte	0
 1156 00f8 00       		.byte	0
 1157 00f9 16       		.uleb128 0x16
 1158 00fa 21       		.uleb128 0x21
 1159 00fb 00       		.byte	0
 1160 00fc 49       		.uleb128 0x49
 1161 00fd 13       		.uleb128 0x13
 1162 00fe 2F       		.uleb128 0x2f
 1163 00ff 0B       		.uleb128 0xb
 1164 0100 00       		.byte	0
 1165 0101 00       		.byte	0
 1166 0102 17       		.uleb128 0x17
 1167 0103 34       		.uleb128 0x34
 1168 0104 00       		.byte	0
 1169 0105 03       		.uleb128 0x3
 1170 0106 0E       		.uleb128 0xe
 1171 0107 3A       		.uleb128 0x3a
 1172 0108 0B       		.uleb128 0xb
 1173 0109 3B       		.uleb128 0x3b
 1174 010a 05       		.uleb128 0x5
 1175 010b 49       		.uleb128 0x49
 1176 010c 13       		.uleb128 0x13
 1177 010d 3F       		.uleb128 0x3f
 1178 010e 19       		.uleb128 0x19
 1179 010f 3C       		.uleb128 0x3c
 1180 0110 19       		.uleb128 0x19
 1181 0111 00       		.byte	0
 1182 0112 00       		.byte	0
 1183 0113 18       		.uleb128 0x18
 1184 0114 34       		.uleb128 0x34
 1185 0115 00       		.byte	0
 1186 0116 03       		.uleb128 0x3
 1187 0117 08       		.uleb128 0x8
 1188 0118 3A       		.uleb128 0x3a
 1189 0119 0B       		.uleb128 0xb
 1190 011a 3B       		.uleb128 0x3b
 1191 011b 05       		.uleb128 0x5
 1192 011c 49       		.uleb128 0x49
 1193 011d 13       		.uleb128 0x13
 1194 011e 3F       		.uleb128 0x3f
 1195 011f 19       		.uleb128 0x19
 1196 0120 3C       		.uleb128 0x3c
 1197 0121 19       		.uleb128 0x19
ARM GAS  /var/folders/m4/4md61f0s1_g0rzfghffqnxvr0000gn/T//ccWXgSfG.s 			page 22


 1198 0122 00       		.byte	0
 1199 0123 00       		.byte	0
 1200 0124 00       		.byte	0
 1201              		.section	.debug_aranges,"",%progbits
 1202 0000 14000000 		.4byte	0x14
 1203 0004 0200     		.2byte	0x2
 1204 0006 00000000 		.4byte	.Ldebug_info0
 1205 000a 04       		.byte	0x4
 1206 000b 00       		.byte	0
 1207 000c 0000     		.2byte	0
 1208 000e 0000     		.2byte	0
 1209 0010 00000000 		.4byte	0
 1210 0014 00000000 		.4byte	0
 1211              		.section	.debug_line,"",%progbits
 1212              	.Ldebug_line0:
 1213 0000 34020000 		.section	.debug_str,"MS",%progbits,1
 1213      02002E02 
 1213      00000201 
 1213      FB0E0D00 
 1213      01010101 
 1214              	.LASF53:
 1215 0000 72656164 		.ascii	"ready_list_t\000"
 1215      795F6C69 
 1215      73745F74 
 1215      00
 1216              	.LASF91:
 1217 000d 77747472 		.ascii	"wttrp\000"
 1217      7000
 1218              	.LASF88:
 1219 0013 7264796D 		.ascii	"rdymsg\000"
 1219      736700
 1220              	.LASF16:
 1221 001a 75696E74 		.ascii	"uint64_t\000"
 1221      36345F74 
 1221      00
 1222              	.LASF5:
 1223 0023 5F5F7569 		.ascii	"__uint8_t\000"
 1223      6E74385F 
 1223      7400
 1224              	.LASF85:
 1225 002d 706F7274 		.ascii	"port_intctx\000"
 1225      5F696E74 
 1225      63747800 
 1226              	.LASF72:
 1227 0039 73797374 		.ascii	"system_debug_t\000"
 1227      656D5F64 
 1227      65627567 
 1227      5F7400
 1228              	.LASF12:
 1229 0048 6C6F6E67 		.ascii	"long long unsigned int\000"
 1229      206C6F6E 
 1229      6720756E 
 1229      7369676E 
 1229      65642069 
 1230              	.LASF89:
 1231 005f 65786974 		.ascii	"exitcode\000"
 1231      636F6465 
ARM GAS  /var/folders/m4/4md61f0s1_g0rzfghffqnxvr0000gn/T//ccWXgSfG.s 			page 23


 1231      00
 1232              	.LASF79:
 1233 0068 6D61696E 		.ascii	"mainthread\000"
 1233      74687265 
 1233      616400
 1234              	.LASF69:
 1235 0073 76697274 		.ascii	"virtual_timers_list_t\000"
 1235      75616C5F 
 1235      74696D65 
 1235      72735F6C 
 1235      6973745F 
 1236              	.LASF104:
 1237 0089 49544D5F 		.ascii	"ITM_RxBuffer\000"
 1237      52784275 
 1237      66666572 
 1237      00
 1238              	.LASF52:
 1239 0096 63685F74 		.ascii	"ch_threads_queue\000"
 1239      68726561 
 1239      64735F71 
 1239      75657565 
 1239      00
 1240              	.LASF30:
 1241 00a7 705F7072 		.ascii	"p_prio\000"
 1241      696F00
 1242              	.LASF10:
 1243 00ae 6C6F6E67 		.ascii	"long long int\000"
 1243      206C6F6E 
 1243      6720696E 
 1243      7400
 1244              	.LASF1:
 1245 00bc 7369676E 		.ascii	"signed char\000"
 1245      65642063 
 1245      68617200 
 1246              	.LASF106:
 1247 00c8 43686962 		.ascii	"ChibiOS_16.1.4/os/rt/ports/ARMCMx/chcore.c\000"
 1247      694F535F 
 1247      31362E31 
 1247      2E342F6F 
 1247      732F7274 
 1248              	.LASF46:
 1249 00f3 705F6D70 		.ascii	"p_mpool\000"
 1249      6F6F6C00 
 1250              	.LASF99:
 1251 00fb 6D5F7175 		.ascii	"m_queue\000"
 1251      65756500 
 1252              	.LASF78:
 1253 0103 76746C69 		.ascii	"vtlist\000"
 1253      737400
 1254              	.LASF21:
 1255 010a 74736C69 		.ascii	"tslices_t\000"
 1255      6365735F 
 1255      7400
 1256              	.LASF76:
 1257 0114 63685F73 		.ascii	"ch_system\000"
 1257      79737465 
 1257      6D00
ARM GAS  /var/folders/m4/4md61f0s1_g0rzfghffqnxvr0000gn/T//ccWXgSfG.s 			page 24


 1258              	.LASF7:
 1259 011e 6C6F6E67 		.ascii	"long int\000"
 1259      20696E74 
 1259      00
 1260              	.LASF19:
 1261 0127 74737461 		.ascii	"tstate_t\000"
 1261      74655F74 
 1261      00
 1262              	.LASF32:
 1263 0130 705F6E65 		.ascii	"p_newer\000"
 1263      77657200 
 1264              	.LASF96:
 1265 0138 735F7175 		.ascii	"s_queue\000"
 1265      65756500 
 1266              	.LASF58:
 1267 0140 725F6E65 		.ascii	"r_newer\000"
 1267      77657200 
 1268              	.LASF82:
 1269 0148 72656761 		.ascii	"regarm_t\000"
 1269      726D5F74 
 1269      00
 1270              	.LASF65:
 1271 0151 76745F70 		.ascii	"vt_prev\000"
 1271      72657600 
 1272              	.LASF103:
 1273 0159 6D757465 		.ascii	"mutex_t\000"
 1273      785F7400 
 1274              	.LASF80:
 1275 0161 69646C65 		.ascii	"idle_thread_wa\000"
 1275      5F746872 
 1275      6561645F 
 1275      776100
 1276              	.LASF25:
 1277 0170 636E745F 		.ascii	"cnt_t\000"
 1277      7400
 1278              	.LASF0:
 1279 0176 756E7369 		.ascii	"unsigned int\000"
 1279      676E6564 
 1279      20696E74 
 1279      00
 1280              	.LASF64:
 1281 0183 76745F6E 		.ascii	"vt_next\000"
 1281      65787400 
 1282              	.LASF39:
 1283 018b 705F7469 		.ascii	"p_time\000"
 1283      6D6500
 1284              	.LASF92:
 1285 0192 77747365 		.ascii	"wtsemp\000"
 1285      6D7000
 1286              	.LASF66:
 1287 0199 76745F64 		.ascii	"vt_delta\000"
 1287      656C7461 
 1287      00
 1288              	.LASF41:
 1289 01a2 705F6D73 		.ascii	"p_msgqueue\000"
 1289      67717565 
 1289      756500
ARM GAS  /var/folders/m4/4md61f0s1_g0rzfghffqnxvr0000gn/T//ccWXgSfG.s 			page 25


 1290              	.LASF97:
 1291 01ad 735F636E 		.ascii	"s_cnt\000"
 1291      7400
 1292              	.LASF4:
 1293 01b3 73686F72 		.ascii	"short unsigned int\000"
 1293      7420756E 
 1293      7369676E 
 1293      65642069 
 1293      6E7400
 1294              	.LASF49:
 1295 01c6 63685F74 		.ascii	"ch_thread\000"
 1295      68726561 
 1295      6400
 1296              	.LASF23:
 1297 01d0 6D73675F 		.ascii	"msg_t\000"
 1297      7400
 1298              	.LASF107:
 1299 01d6 2F557365 		.ascii	"/Users/raphael/Documents/Projects/rESC/resc-firmwar"
 1299      72732F72 
 1299      61706861 
 1299      656C2F44 
 1299      6F63756D 
 1300 0209 6500     		.ascii	"e\000"
 1301              	.LASF75:
 1302 020b 63685F73 		.ascii	"ch_system_t\000"
 1302      79737465 
 1302      6D5F7400 
 1303              	.LASF18:
 1304 0217 746D6F64 		.ascii	"tmode_t\000"
 1304      655F7400 
 1305              	.LASF54:
 1306 021f 63685F72 		.ascii	"ch_ready_list\000"
 1306      65616479 
 1306      5F6C6973 
 1306      7400
 1307              	.LASF24:
 1308 022d 6576656E 		.ascii	"eventmask_t\000"
 1308      746D6173 
 1308      6B5F7400 
 1309              	.LASF6:
 1310 0239 5F5F696E 		.ascii	"__int32_t\000"
 1310      7433325F 
 1310      7400
 1311              	.LASF83:
 1312 0243 73746B61 		.ascii	"stkalign_t\000"
 1312      6C69676E 
 1312      5F7400
 1313              	.LASF48:
 1314 024e 74687265 		.ascii	"threads_list_t\000"
 1314      6164735F 
 1314      6C697374 
 1314      5F7400
 1315              	.LASF40:
 1316 025d 705F7761 		.ascii	"p_waiting\000"
 1316      6974696E 
 1316      6700
 1317              	.LASF81:
ARM GAS  /var/folders/m4/4md61f0s1_g0rzfghffqnxvr0000gn/T//ccWXgSfG.s 			page 26


 1318 0267 73697A65 		.ascii	"sizetype\000"
 1318      74797065 
 1318      00
 1319              	.LASF47:
 1320 0270 74687265 		.ascii	"thread_reference_t\000"
 1320      61645F72 
 1320      65666572 
 1320      656E6365 
 1320      5F7400
 1321              	.LASF70:
 1322 0283 63685F76 		.ascii	"ch_virtual_timers_list\000"
 1322      69727475 
 1322      616C5F74 
 1322      696D6572 
 1322      735F6C69 
 1323              	.LASF33:
 1324 029a 705F6F6C 		.ascii	"p_older\000"
 1324      64657200 
 1325              	.LASF57:
 1326 02a2 725F6374 		.ascii	"r_ctx\000"
 1326      7800
 1327              	.LASF87:
 1328 02a8 746D5F63 		.ascii	"tm_calibration_t\000"
 1328      616C6962 
 1328      72617469 
 1328      6F6E5F74 
 1328      00
 1329              	.LASF60:
 1330 02b9 725F6375 		.ascii	"r_current\000"
 1330      7272656E 
 1330      7400
 1331              	.LASF59:
 1332 02c3 725F6F6C 		.ascii	"r_older\000"
 1332      64657200 
 1333              	.LASF11:
 1334 02cb 5F5F7569 		.ascii	"__uint64_t\000"
 1334      6E743634 
 1334      5F7400
 1335              	.LASF20:
 1336 02d6 74726566 		.ascii	"trefs_t\000"
 1336      735F7400 
 1337              	.LASF62:
 1338 02de 76697274 		.ascii	"virtual_timer_t\000"
 1338      75616C5F 
 1338      74696D65 
 1338      725F7400 
 1339              	.LASF29:
 1340 02ee 705F7072 		.ascii	"p_prev\000"
 1340      657600
 1341              	.LASF22:
 1342 02f5 74707269 		.ascii	"tprio_t\000"
 1342      6F5F7400 
 1343              	.LASF73:
 1344 02fd 63685F73 		.ascii	"ch_system_debug\000"
 1344      79737465 
 1344      6D5F6465 
 1344      62756700 
ARM GAS  /var/folders/m4/4md61f0s1_g0rzfghffqnxvr0000gn/T//ccWXgSfG.s 			page 27


 1345              	.LASF14:
 1346 030d 696E7433 		.ascii	"int32_t\000"
 1346      325F7400 
 1347              	.LASF2:
 1348 0315 756E7369 		.ascii	"unsigned char\000"
 1348      676E6564 
 1348      20636861 
 1348      7200
 1349              	.LASF44:
 1350 0323 705F6D74 		.ascii	"p_mtxlist\000"
 1350      786C6973 
 1350      7400
 1351              	.LASF3:
 1352 032d 73686F72 		.ascii	"short int\000"
 1352      7420696E 
 1352      7400
 1353              	.LASF35:
 1354 0337 705F7374 		.ascii	"p_state\000"
 1354      61746500 
 1355              	.LASF38:
 1356 033f 705F7072 		.ascii	"p_preempt\000"
 1356      65656D70 
 1356      7400
 1357              	.LASF56:
 1358 0349 725F7072 		.ascii	"r_prio\000"
 1358      696F00
 1359              	.LASF94:
 1360 0350 65776D61 		.ascii	"ewmask\000"
 1360      736B00
 1361              	.LASF28:
 1362 0357 705F6E65 		.ascii	"p_next\000"
 1362      787400
 1363              	.LASF36:
 1364 035e 705F666C 		.ascii	"p_flags\000"
 1364      61677300 
 1365              	.LASF63:
 1366 0366 63685F76 		.ascii	"ch_virtual_timer\000"
 1366      69727475 
 1366      616C5F74 
 1366      696D6572 
 1366      00
 1367              	.LASF95:
 1368 0377 63685F73 		.ascii	"ch_semaphore\000"
 1368      656D6170 
 1368      686F7265 
 1368      00
 1369              	.LASF43:
 1370 0384 705F6570 		.ascii	"p_epending\000"
 1370      656E6469 
 1370      6E6700
 1371              	.LASF15:
 1372 038f 75696E74 		.ascii	"uint32_t\000"
 1372      33325F74 
 1372      00
 1373              	.LASF93:
 1374 0398 77746D74 		.ascii	"wtmtxp\000"
 1374      787000
ARM GAS  /var/folders/m4/4md61f0s1_g0rzfghffqnxvr0000gn/T//ccWXgSfG.s 			page 28


 1375              	.LASF55:
 1376 039f 725F7175 		.ascii	"r_queue\000"
 1376      65756500 
 1377              	.LASF50:
 1378 03a7 63685F74 		.ascii	"ch_threads_list\000"
 1378      68726561 
 1378      64735F6C 
 1378      69737400 
 1379              	.LASF9:
 1380 03b7 6C6F6E67 		.ascii	"long unsigned int\000"
 1380      20756E73 
 1380      69676E65 
 1380      6420696E 
 1380      7400
 1381              	.LASF102:
 1382 03c9 63686172 		.ascii	"char\000"
 1382      00
 1383              	.LASF105:
 1384 03ce 474E5520 		.ascii	"GNU C99 5.2.1 20151202 (release) [ARM/embedded-5-br"
 1384      43393920 
 1384      352E322E 
 1384      31203230 
 1384      31353132 
 1385 0401 616E6368 		.ascii	"anch revision 231848] -mcpu=cortex-m4 -mfloat-abi=h"
 1385      20726576 
 1385      6973696F 
 1385      6E203233 
 1385      31383438 
 1386 0434 61726420 		.ascii	"ard -mfpu=fpv4-sp-d16 -mno-thumb-interwork -mthumb "
 1386      2D6D6670 
 1386      753D6670 
 1386      76342D73 
 1386      702D6431 
 1387 0467 2D676764 		.ascii	"-ggdb -O2 -std=c99 -fomit-frame-pointer -falign-fun"
 1387      62202D4F 
 1387      32202D73 
 1387      74643D63 
 1387      3939202D 
 1388 049a 6374696F 		.ascii	"ctions=16 -ffunction-sections -fdata-sections -fno-"
 1388      6E733D31 
 1388      36202D66 
 1388      66756E63 
 1388      74696F6E 
 1389 04cd 636F6D6D 		.ascii	"common\000"
 1389      6F6E00
 1390              	.LASF27:
 1391 04d4 74687265 		.ascii	"thread_t\000"
 1391      61645F74 
 1391      00
 1392              	.LASF101:
 1393 04dd 6D5F6E65 		.ascii	"m_next\000"
 1393      787400
 1394              	.LASF26:
 1395 04e4 73797374 		.ascii	"systime_t\000"
 1395      696D655F 
 1395      7400
 1396              	.LASF45:
ARM GAS  /var/folders/m4/4md61f0s1_g0rzfghffqnxvr0000gn/T//ccWXgSfG.s 			page 29


 1397 04ee 705F7265 		.ascii	"p_realprio\000"
 1397      616C7072 
 1397      696F00
 1398              	.LASF61:
 1399 04f9 76746675 		.ascii	"vtfunc_t\000"
 1399      6E635F74 
 1399      00
 1400              	.LASF8:
 1401 0502 5F5F7569 		.ascii	"__uint32_t\000"
 1401      6E743332 
 1401      5F7400
 1402              	.LASF74:
 1403 050d 70616E69 		.ascii	"panic_msg\000"
 1403      635F6D73 
 1403      6700
 1404              	.LASF86:
 1405 0517 6F666673 		.ascii	"offset\000"
 1405      657400
 1406              	.LASF84:
 1407 051e 636F6E74 		.ascii	"context\000"
 1407      65787400 
 1408              	.LASF17:
 1409 0526 7274636E 		.ascii	"rtcnt_t\000"
 1409      745F7400 
 1410              	.LASF68:
 1411 052e 76745F70 		.ascii	"vt_par\000"
 1411      617200
 1412              	.LASF51:
 1413 0535 74687265 		.ascii	"threads_queue_t\000"
 1413      6164735F 
 1413      71756575 
 1413      655F7400 
 1414              	.LASF98:
 1415 0545 63685F6D 		.ascii	"ch_mutex\000"
 1415      75746578 
 1415      00
 1416              	.LASF37:
 1417 054e 705F7265 		.ascii	"p_refs\000"
 1417      667300
 1418              	.LASF77:
 1419 0555 726C6973 		.ascii	"rlist\000"
 1419      7400
 1420              	.LASF13:
 1421 055b 75696E74 		.ascii	"uint8_t\000"
 1421      385F7400 
 1422              	.LASF90:
 1423 0563 77746F62 		.ascii	"wtobjp\000"
 1423      6A7000
 1424              	.LASF34:
 1425 056a 705F6E61 		.ascii	"p_name\000"
 1425      6D6500
 1426              	.LASF71:
 1427 0571 76745F73 		.ascii	"vt_systime\000"
 1427      79737469 
 1427      6D6500
 1428              	.LASF42:
 1429 057c 705F6D73 		.ascii	"p_msg\000"
ARM GAS  /var/folders/m4/4md61f0s1_g0rzfghffqnxvr0000gn/T//ccWXgSfG.s 			page 30


 1429      6700
 1430              	.LASF100:
 1431 0582 6D5F6F77 		.ascii	"m_owner\000"
 1431      6E657200 
 1432              	.LASF31:
 1433 058a 705F6374 		.ascii	"p_ctx\000"
 1433      7800
 1434              	.LASF67:
 1435 0590 76745F66 		.ascii	"vt_func\000"
 1435      756E6300 
 1436              		.ident	"GCC: (GNU Tools for ARM Embedded Processors) 5.2.1 20151202 (release) [ARM/embedded-5-bran
ARM GAS  /var/folders/m4/4md61f0s1_g0rzfghffqnxvr0000gn/T//ccWXgSfG.s 			page 31


DEFINED SYMBOLS
                            *ABS*:0000000000000000 chcore.c

NO UNDEFINED SYMBOLS
