ARM GAS  /var/folders/m4/4md61f0s1_g0rzfghffqnxvr0000gn/T//ccHHwO7h.s 			page 1


   1              		.syntax unified
   2              		.cpu cortex-m4
   3              		.eabi_attribute 27, 1
   4              		.eabi_attribute 28, 1
   5              		.fpu fpv4-sp-d16
   6              		.eabi_attribute 20, 1
   7              		.eabi_attribute 21, 1
   8              		.eabi_attribute 23, 3
   9              		.eabi_attribute 24, 1
  10              		.eabi_attribute 25, 1
  11              		.eabi_attribute 26, 1
  12              		.eabi_attribute 30, 2
  13              		.eabi_attribute 34, 1
  14              		.eabi_attribute 18, 4
  15              		.thumb
  16              		.syntax unified
  17              		.file	"chregistry.c"
  18              		.text
  19              	.Ltext0:
  20              		.cfi_sections	.debug_frame
  21              		.section	.text.chRegFirstThread,"ax",%progbits
  22              		.align	2
  23              		.p2align 4,,15
  24              		.global	chRegFirstThread
  25              		.thumb
  26              		.thumb_func
  27              		.type	chRegFirstThread, %function
  28              	chRegFirstThread:
  29              	.LFB231:
  30              		.file 1 "ChibiOS_16.1.4/os/rt/src/chregistry.c"
  31              		.loc 1 131 0
  32              		.cfi_startproc
  33              		@ args = 0, pretend = 0, frame = 0
  34              		@ frame_needed = 0, uses_anonymous_args = 0
  35              		@ link register save eliminated.
  36              	.LVL0:
  37              	.LBB34:
  38              	.LBB35:
  39              	.LBB36:
  40              	.LBB37:
  41              		.file 2 "ChibiOS_16.1.4/os/ext/CMSIS/include/core_cmFunc.h"
  42              		.loc 2 548 0
  43 0000 2023     		movs	r3, #32
  44              		.syntax unified
  45              	@ 548 "ChibiOS_16.1.4/os/ext/CMSIS/include/core_cmFunc.h" 1
  46 0002 83F31188 		MSR basepri, r3
  47              	@ 0 "" 2
  48              	.LVL1:
  49              		.thumb
  50              		.syntax unified
  51              	.LBE37:
  52              	.LBE36:
  53              	.LBE35:
  54              	.LBE34:
  55              		.loc 1 135 0
  56 0006 044B     		ldr	r3, .L2
  57 0008 1869     		ldr	r0, [r3, #16]
ARM GAS  /var/folders/m4/4md61f0s1_g0rzfghffqnxvr0000gn/T//ccHHwO7h.s 			page 2


  58              	.LVL2:
  59              		.loc 1 137 0
  60 000a 837F     		ldrb	r3, [r0, #30]	@ zero_extendqisi2
  61 000c 0133     		adds	r3, r3, #1
  62 000e 8377     		strb	r3, [r0, #30]
  63              	.LVL3:
  64              	.LBB38:
  65              	.LBB39:
  66              	.LBB40:
  67              	.LBB41:
  68              	.LBB42:
  69              		.loc 2 548 0
  70 0010 0023     		movs	r3, #0
  71              		.syntax unified
  72              	@ 548 "ChibiOS_16.1.4/os/ext/CMSIS/include/core_cmFunc.h" 1
  73 0012 83F31188 		MSR basepri, r3
  74              	@ 0 "" 2
  75              	.LVL4:
  76              		.thumb
  77              		.syntax unified
  78              	.LBE42:
  79              	.LBE41:
  80              	.LBE40:
  81              	.LBE39:
  82              	.LBE38:
  83              		.loc 1 142 0
  84 0016 7047     		bx	lr
  85              	.L3:
  86              		.align	2
  87              	.L2:
  88 0018 00000000 		.word	ch
  89              		.cfi_endproc
  90              	.LFE231:
  91              		.size	chRegFirstThread, .-chRegFirstThread
  92              		.section	.text.chRegNextThread,"ax",%progbits
  93              		.align	2
  94              		.p2align 4,,15
  95              		.global	chRegNextThread
  96              		.thumb
  97              		.thumb_func
  98              		.type	chRegNextThread, %function
  99              	chRegNextThread:
 100              	.LFB232:
 101              		.loc 1 155 0
 102              		.cfi_startproc
 103              		@ args = 0, pretend = 0, frame = 0
 104              		@ frame_needed = 0, uses_anonymous_args = 0
 105              	.LVL5:
 106 0000 10B5     		push	{r4, lr}
 107              		.cfi_def_cfa_offset 8
 108              		.cfi_offset 4, -8
 109              		.cfi_offset 14, -4
 110              	.LBB43:
 111              	.LBB44:
 112              	.LBB45:
 113              	.LBB46:
 114              		.loc 2 548 0
ARM GAS  /var/folders/m4/4md61f0s1_g0rzfghffqnxvr0000gn/T//ccHHwO7h.s 			page 3


 115 0002 2023     		movs	r3, #32
 116              		.syntax unified
 117              	@ 548 "ChibiOS_16.1.4/os/ext/CMSIS/include/core_cmFunc.h" 1
 118 0004 83F31188 		MSR basepri, r3
 119              	@ 0 "" 2
 120              	.LVL6:
 121              		.thumb
 122              		.syntax unified
 123              	.LBE46:
 124              	.LBE45:
 125              	.LBE44:
 126              	.LBE43:
 127              		.loc 1 161 0
 128 0008 074B     		ldr	r3, .L9
 129              		.loc 1 159 0
 130 000a 0469     		ldr	r4, [r0, #16]
 131              	.LVL7:
 132              		.loc 1 161 0
 133 000c 9C42     		cmp	r4, r3
 134              		.loc 1 168 0
 135 000e 1DBF     		ittte	ne
 136 0010 A37F     		ldrbne	r3, [r4, #30]	@ zero_extendqisi2
 137 0012 0133     		addne	r3, r3, #1
 138 0014 A377     		strbne	r3, [r4, #30]
 139              		.loc 1 163 0
 140 0016 0024     		moveq	r4, #0
 141              	.LVL8:
 142              	.LBB47:
 143              	.LBB48:
 144              	.LBB49:
 145              	.LBB50:
 146              	.LBB51:
 147              		.loc 2 548 0
 148 0018 0023     		movs	r3, #0
 149              		.syntax unified
 150              	@ 548 "ChibiOS_16.1.4/os/ext/CMSIS/include/core_cmFunc.h" 1
 151 001a 83F31188 		MSR basepri, r3
 152              	@ 0 "" 2
 153              	.LVL9:
 154              		.thumb
 155              		.syntax unified
 156              	.LBE51:
 157              	.LBE50:
 158              	.LBE49:
 159              	.LBE48:
 160              	.LBE47:
 161              		.loc 1 173 0
 162 001e FFF7FEFF 		bl	chThdRelease
 163              	.LVL10:
 164              		.loc 1 177 0
 165 0022 2046     		mov	r0, r4
 166 0024 10BD     		pop	{r4, pc}
 167              	.LVL11:
 168              	.L10:
 169 0026 00BF     		.align	2
 170              	.L9:
 171 0028 00000000 		.word	ch
ARM GAS  /var/folders/m4/4md61f0s1_g0rzfghffqnxvr0000gn/T//ccHHwO7h.s 			page 4


 172              		.cfi_endproc
 173              	.LFE232:
 174              		.size	chRegNextThread, .-chRegNextThread
 175              		.global	ch_debug
 176              		.section	.rodata.ch_debug,"a",%progbits
 177              		.align	2
 178              		.type	ch_debug, %object
 179              		.size	ch_debug, 22
 180              	ch_debug:
 181 0000 6D       		.byte	109
 182 0001 61       		.byte	97
 183 0002 69       		.byte	105
 184 0003 6E       		.byte	110
 185 0004 00       		.byte	0
 186 0005 16       		.byte	22
 187 0006 4318     		.short	6211
 188 0008 04       		.byte	4
 189 0009 04       		.byte	4
 190 000a 48       		.byte	72
 191 000b 08       		.byte	8
 192 000c 0C       		.byte	12
 193 000d 10       		.byte	16
 194 000e 14       		.byte	20
 195 000f 18       		.byte	24
 196 0010 00       		.byte	0
 197 0011 1C       		.byte	28
 198 0012 1D       		.byte	29
 199 0013 1E       		.byte	30
 200 0014 1F       		.byte	31
 201 0015 20       		.byte	32
 202              		.text
 203              	.Letext0:
 204              		.file 3 "/opt/homebrew-cask/Caskroom/gcc-arm-embedded/5_2-2015q4,20151219/gcc-arm-none-eabi-5_2-20
 205              		.file 4 "/opt/homebrew-cask/Caskroom/gcc-arm-embedded/5_2-2015q4,20151219/gcc-arm-none-eabi-5_2-20
 206              		.file 5 "/opt/homebrew-cask/Caskroom/gcc-arm-embedded/5_2-2015q4,20151219/gcc-arm-none-eabi-5_2-20
 207              		.file 6 "ChibiOS_16.1.4/os/rt/ports/ARMCMx/compilers/GCC/chtypes.h"
 208              		.file 7 "ChibiOS_16.1.4/os/rt/include/chsystypes.h"
 209              		.file 8 "ChibiOS_16.1.4/os/rt/include/chschd.h"
 210              		.file 9 "ChibiOS_16.1.4/os/rt/ports/ARMCMx/chcore.h"
 211              		.file 10 "ChibiOS_16.1.4/os/rt/ports/ARMCMx/chcore_v7m.h"
 212              		.file 11 "ChibiOS_16.1.4/os/rt/include/chtm.h"
 213              		.file 12 "ChibiOS_16.1.4/os/rt/include/chsem.h"
 214              		.file 13 "ChibiOS_16.1.4/os/rt/include/chmtx.h"
 215              		.file 14 "ChibiOS_16.1.4/os/rt/include/chregistry.h"
 216              		.file 15 "ChibiOS_16.1.4/os/rt/include/chsys.h"
 217              		.file 16 "ChibiOS_16.1.4/os/ext/CMSIS/include/core_cm4.h"
 218              		.file 17 "ChibiOS_16.1.4/os/rt/include/chdynamic.h"
 219              		.section	.debug_info,"",%progbits
 220              	.Ldebug_info0:
 221 0000 6B0A0000 		.4byte	0xa6b
 222 0004 0400     		.2byte	0x4
 223 0006 00000000 		.4byte	.Ldebug_abbrev0
 224 000a 04       		.byte	0x4
 225 000b 01       		.uleb128 0x1
 226 000c FD040000 		.4byte	.LASF135
 227 0010 0C       		.byte	0xc
 228 0011 F6000000 		.4byte	.LASF136
ARM GAS  /var/folders/m4/4md61f0s1_g0rzfghffqnxvr0000gn/T//ccHHwO7h.s 			page 5


 229 0015 50020000 		.4byte	.LASF137
 230 0019 00000000 		.4byte	.Ldebug_ranges0+0
 231 001d 00000000 		.4byte	0
 232 0021 00000000 		.4byte	.Ldebug_line0
 233 0025 02       		.uleb128 0x2
 234 0026 04       		.byte	0x4
 235 0027 05       		.byte	0x5
 236 0028 696E7400 		.ascii	"int\000"
 237 002c 03       		.uleb128 0x3
 238 002d 1A000000 		.4byte	.LASF2
 239 0031 03       		.byte	0x3
 240 0032 D8       		.byte	0xd8
 241 0033 37000000 		.4byte	0x37
 242 0037 04       		.uleb128 0x4
 243 0038 04       		.byte	0x4
 244 0039 07       		.byte	0x7
 245 003a DE010000 		.4byte	.LASF0
 246 003e 04       		.uleb128 0x4
 247 003f 01       		.byte	0x1
 248 0040 06       		.byte	0x6
 249 0041 EA000000 		.4byte	.LASF1
 250 0045 03       		.uleb128 0x3
 251 0046 31000000 		.4byte	.LASF3
 252 004a 04       		.byte	0x4
 253 004b 1D       		.byte	0x1d
 254 004c 50000000 		.4byte	0x50
 255 0050 04       		.uleb128 0x4
 256 0051 01       		.byte	0x1
 257 0052 08       		.byte	0x8
 258 0053 D3030000 		.4byte	.LASF4
 259 0057 04       		.uleb128 0x4
 260 0058 02       		.byte	0x2
 261 0059 05       		.byte	0x5
 262 005a EB030000 		.4byte	.LASF5
 263 005e 03       		.uleb128 0x3
 264 005f 0A060000 		.4byte	.LASF6
 265 0063 04       		.byte	0x4
 266 0064 2B       		.byte	0x2b
 267 0065 69000000 		.4byte	0x69
 268 0069 04       		.uleb128 0x4
 269 006a 02       		.byte	0x2
 270 006b 07       		.byte	0x7
 271 006c 2D020000 		.4byte	.LASF7
 272 0070 03       		.uleb128 0x3
 273 0071 B7020000 		.4byte	.LASF8
 274 0075 04       		.byte	0x4
 275 0076 3F       		.byte	0x3f
 276 0077 7B000000 		.4byte	0x7b
 277 007b 04       		.uleb128 0x4
 278 007c 04       		.byte	0x4
 279 007d 05       		.byte	0x5
 280 007e 76010000 		.4byte	.LASF9
 281 0082 03       		.uleb128 0x3
 282 0083 43060000 		.4byte	.LASF10
 283 0087 04       		.byte	0x4
 284 0088 41       		.byte	0x41
 285 0089 8D000000 		.4byte	0x8d
ARM GAS  /var/folders/m4/4md61f0s1_g0rzfghffqnxvr0000gn/T//ccHHwO7h.s 			page 6


 286 008d 04       		.uleb128 0x4
 287 008e 04       		.byte	0x4
 288 008f 07       		.byte	0x7
 289 0090 D6040000 		.4byte	.LASF11
 290 0094 04       		.uleb128 0x4
 291 0095 08       		.byte	0x8
 292 0096 05       		.byte	0x5
 293 0097 DC000000 		.4byte	.LASF12
 294 009b 03       		.uleb128 0x3
 295 009c 7E030000 		.4byte	.LASF13
 296 00a0 04       		.byte	0x4
 297 00a1 5B       		.byte	0x5b
 298 00a2 A6000000 		.4byte	0xa6
 299 00a6 04       		.uleb128 0x4
 300 00a7 08       		.byte	0x8
 301 00a8 07       		.byte	0x7
 302 00a9 60000000 		.4byte	.LASF14
 303 00ad 03       		.uleb128 0x3
 304 00ae AB060000 		.4byte	.LASF15
 305 00b2 05       		.byte	0x5
 306 00b3 14       		.byte	0x14
 307 00b4 45000000 		.4byte	0x45
 308 00b8 03       		.uleb128 0x3
 309 00b9 F3010000 		.4byte	.LASF16
 310 00bd 05       		.byte	0x5
 311 00be 1A       		.byte	0x1a
 312 00bf 5E000000 		.4byte	0x5e
 313 00c3 03       		.uleb128 0x3
 314 00c4 CB030000 		.4byte	.LASF17
 315 00c8 05       		.byte	0x5
 316 00c9 1F       		.byte	0x1f
 317 00ca 70000000 		.4byte	0x70
 318 00ce 03       		.uleb128 0x3
 319 00cf A1040000 		.4byte	.LASF18
 320 00d3 05       		.byte	0x5
 321 00d4 20       		.byte	0x20
 322 00d5 82000000 		.4byte	0x82
 323 00d9 03       		.uleb128 0x3
 324 00da 28000000 		.4byte	.LASF19
 325 00de 05       		.byte	0x5
 326 00df 26       		.byte	0x26
 327 00e0 9B000000 		.4byte	0x9b
 328 00e4 03       		.uleb128 0x3
 329 00e5 7B060000 		.4byte	.LASF20
 330 00e9 06       		.byte	0x6
 331 00ea 39       		.byte	0x39
 332 00eb CE000000 		.4byte	0xce
 333 00ef 03       		.uleb128 0x3
 334 00f0 1C040000 		.4byte	.LASF21
 335 00f4 06       		.byte	0x6
 336 00f5 3C       		.byte	0x3c
 337 00f6 AD000000 		.4byte	0xad
 338 00fa 03       		.uleb128 0x3
 339 00fb 7F010000 		.4byte	.LASF22
 340 00ff 06       		.byte	0x6
 341 0100 3D       		.byte	0x3d
 342 0101 AD000000 		.4byte	0xad
ARM GAS  /var/folders/m4/4md61f0s1_g0rzfghffqnxvr0000gn/T//ccHHwO7h.s 			page 7


 343 0105 03       		.uleb128 0x3
 344 0106 89030000 		.4byte	.LASF23
 345 010a 06       		.byte	0x6
 346 010b 3E       		.byte	0x3e
 347 010c AD000000 		.4byte	0xad
 348 0110 03       		.uleb128 0x3
 349 0111 5C010000 		.4byte	.LASF24
 350 0115 06       		.byte	0x6
 351 0116 3F       		.byte	0x3f
 352 0117 AD000000 		.4byte	0xad
 353 011b 03       		.uleb128 0x3
 354 011c B3030000 		.4byte	.LASF25
 355 0120 06       		.byte	0x6
 356 0121 40       		.byte	0x40
 357 0122 CE000000 		.4byte	0xce
 358 0126 03       		.uleb128 0x3
 359 0127 4A020000 		.4byte	.LASF26
 360 012b 06       		.byte	0x6
 361 012c 41       		.byte	0x41
 362 012d C3000000 		.4byte	0xc3
 363 0131 03       		.uleb128 0x3
 364 0132 AB020000 		.4byte	.LASF27
 365 0136 06       		.byte	0x6
 366 0137 43       		.byte	0x43
 367 0138 CE000000 		.4byte	0xce
 368 013c 03       		.uleb128 0x3
 369 013d D8010000 		.4byte	.LASF28
 370 0141 06       		.byte	0x6
 371 0142 45       		.byte	0x45
 372 0143 C3000000 		.4byte	0xc3
 373 0147 03       		.uleb128 0x3
 374 0148 25060000 		.4byte	.LASF29
 375 014c 07       		.byte	0x7
 376 014d 33       		.byte	0x33
 377 014e CE000000 		.4byte	0xce
 378 0152 03       		.uleb128 0x3
 379 0153 15060000 		.4byte	.LASF30
 380 0157 07       		.byte	0x7
 381 0158 3F       		.byte	0x3f
 382 0159 5D010000 		.4byte	0x15d
 383 015d 05       		.uleb128 0x5
 384 015e 40020000 		.4byte	.LASF52
 385 0162 48       		.byte	0x48
 386 0163 08       		.byte	0x8
 387 0164 C2       		.byte	0xc2
 388 0165 62020000 		.4byte	0x262
 389 0169 06       		.uleb128 0x6
 390 016a 15040000 		.4byte	.LASF31
 391 016e 08       		.byte	0x8
 392 016f C3       		.byte	0xc3
 393 0170 6D020000 		.4byte	0x26d
 394 0174 00       		.byte	0
 395 0175 06       		.uleb128 0x6
 396 0176 AC030000 		.4byte	.LASF32
 397 017a 08       		.byte	0x8
 398 017b C5       		.byte	0xc5
 399 017c 6D020000 		.4byte	0x26d
ARM GAS  /var/folders/m4/4md61f0s1_g0rzfghffqnxvr0000gn/T//ccHHwO7h.s 			page 8


 400 0180 04       		.byte	0x4
 401 0181 06       		.uleb128 0x6
 402 0182 C8000000 		.4byte	.LASF33
 403 0186 08       		.byte	0x8
 404 0187 C7       		.byte	0xc7
 405 0188 1B010000 		.4byte	0x11b
 406 018c 08       		.byte	0x8
 407 018d 06       		.uleb128 0x6
 408 018e 55030000 		.4byte	.LASF34
 409 0192 08       		.byte	0x8
 410 0193 C8       		.byte	0xc8
 411 0194 9D040000 		.4byte	0x49d
 412 0198 0C       		.byte	0xc
 413 0199 06       		.uleb128 0x6
 414 019a 92010000 		.4byte	.LASF35
 415 019e 08       		.byte	0x8
 416 019f CA       		.byte	0xca
 417 01a0 6D020000 		.4byte	0x26d
 418 01a4 10       		.byte	0x10
 419 01a5 06       		.uleb128 0x6
 420 01a6 47030000 		.4byte	.LASF36
 421 01aa 08       		.byte	0x8
 422 01ab CB       		.byte	0xcb
 423 01ac 6D020000 		.4byte	0x26d
 424 01b0 14       		.byte	0x14
 425 01b1 06       		.uleb128 0x6
 426 01b2 CD060000 		.4byte	.LASF37
 427 01b6 08       		.byte	0x8
 428 01b7 D2       		.byte	0xd2
 429 01b8 EB060000 		.4byte	0x6eb
 430 01bc 18       		.byte	0x18
 431 01bd 06       		.uleb128 0x6
 432 01be F5030000 		.4byte	.LASF38
 433 01c2 08       		.byte	0x8
 434 01c3 DD       		.byte	0xdd
 435 01c4 FA000000 		.4byte	0xfa
 436 01c8 1C       		.byte	0x1c
 437 01c9 06       		.uleb128 0x6
 438 01ca 33040000 		.4byte	.LASF39
 439 01ce 08       		.byte	0x8
 440 01cf E1       		.byte	0xe1
 441 01d0 EF000000 		.4byte	0xef
 442 01d4 1D       		.byte	0x1d
 443 01d5 06       		.uleb128 0x6
 444 01d6 9E060000 		.4byte	.LASF40
 445 01da 08       		.byte	0x8
 446 01db E6       		.byte	0xe6
 447 01dc 05010000 		.4byte	0x105
 448 01e0 1E       		.byte	0x1e
 449 01e1 06       		.uleb128 0x6
 450 01e2 FD030000 		.4byte	.LASF41
 451 01e6 08       		.byte	0x8
 452 01e7 EC       		.byte	0xec
 453 01e8 10010000 		.4byte	0x110
 454 01ec 1F       		.byte	0x1f
 455 01ed 06       		.uleb128 0x6
 456 01ee FC010000 		.4byte	.LASF42
ARM GAS  /var/folders/m4/4md61f0s1_g0rzfghffqnxvr0000gn/T//ccHHwO7h.s 			page 9


 457 01f2 08       		.byte	0x8
 458 01f3 F3       		.byte	0xf3
 459 01f4 FD060000 		.4byte	0x6fd
 460 01f8 20       		.byte	0x20
 461 01f9 07       		.uleb128 0x7
 462 01fa 705F7500 		.ascii	"p_u\000"
 463 01fe 08       		.byte	0x8
 464 01ff 3101     		.2byte	0x131
 465 0201 26060000 		.4byte	0x626
 466 0205 24       		.byte	0x24
 467 0206 08       		.uleb128 0x8
 468 0207 05030000 		.4byte	.LASF43
 469 020b 08       		.byte	0x8
 470 020c 3601     		.2byte	0x136
 471 020e 73020000 		.4byte	0x273
 472 0212 28       		.byte	0x28
 473 0213 08       		.uleb128 0x8
 474 0214 13020000 		.4byte	.LASF44
 475 0218 08       		.byte	0x8
 476 0219 3C01     		.2byte	0x13c
 477 021b 97020000 		.4byte	0x297
 478 021f 2C       		.byte	0x2c
 479 0220 08       		.uleb128 0x8
 480 0221 75060000 		.4byte	.LASF45
 481 0225 08       		.byte	0x8
 482 0226 4001     		.2byte	0x140
 483 0228 26010000 		.4byte	0x126
 484 022c 34       		.byte	0x34
 485 022d 08       		.uleb128 0x8
 486 022e 96040000 		.4byte	.LASF46
 487 0232 08       		.byte	0x8
 488 0233 4601     		.2byte	0x146
 489 0235 31010000 		.4byte	0x131
 490 0239 38       		.byte	0x38
 491 023a 08       		.uleb128 0x8
 492 023b E1030000 		.4byte	.LASF47
 493 023f 08       		.byte	0x8
 494 0240 4D01     		.2byte	0x14d
 495 0242 E5060000 		.4byte	0x6e5
 496 0246 3C       		.byte	0x3c
 497 0247 08       		.uleb128 0x8
 498 0248 2F060000 		.4byte	.LASF48
 499 024c 08       		.byte	0x8
 500 024d 5101     		.2byte	0x151
 501 024f 1B010000 		.4byte	0x11b
 502 0253 40       		.byte	0x40
 503 0254 08       		.uleb128 0x8
 504 0255 39010000 		.4byte	.LASF49
 505 0259 08       		.byte	0x8
 506 025a 5801     		.2byte	0x158
 507 025c 4A030000 		.4byte	0x34a
 508 0260 44       		.byte	0x44
 509 0261 00       		.byte	0
 510 0262 03       		.uleb128 0x3
 511 0263 B3060000 		.4byte	.LASF50
 512 0267 07       		.byte	0x7
 513 0268 44       		.byte	0x44
ARM GAS  /var/folders/m4/4md61f0s1_g0rzfghffqnxvr0000gn/T//ccHHwO7h.s 			page 10


 514 0269 6D020000 		.4byte	0x26d
 515 026d 09       		.uleb128 0x9
 516 026e 04       		.byte	0x4
 517 026f 52010000 		.4byte	0x152
 518 0273 03       		.uleb128 0x3
 519 0274 E2020000 		.4byte	.LASF51
 520 0278 07       		.byte	0x7
 521 0279 49       		.byte	0x49
 522 027a 7E020000 		.4byte	0x27e
 523 027e 05       		.uleb128 0x5
 524 027f BE040000 		.4byte	.LASF53
 525 0283 04       		.byte	0x4
 526 0284 08       		.byte	0x8
 527 0285 B0       		.byte	0xb0
 528 0286 97020000 		.4byte	0x297
 529 028a 06       		.uleb128 0x6
 530 028b 15040000 		.4byte	.LASF31
 531 028f 08       		.byte	0x8
 532 0290 B1       		.byte	0xb1
 533 0291 6D020000 		.4byte	0x26d
 534 0295 00       		.byte	0
 535 0296 00       		.byte	0
 536 0297 03       		.uleb128 0x3
 537 0298 5B040000 		.4byte	.LASF54
 538 029c 07       		.byte	0x7
 539 029d 50       		.byte	0x50
 540 029e A2020000 		.4byte	0x2a2
 541 02a2 05       		.uleb128 0x5
 542 02a3 B7000000 		.4byte	.LASF55
 543 02a7 08       		.byte	0x8
 544 02a8 08       		.byte	0x8
 545 02a9 B7       		.byte	0xb7
 546 02aa C7020000 		.4byte	0x2c7
 547 02ae 06       		.uleb128 0x6
 548 02af 15040000 		.4byte	.LASF31
 549 02b3 08       		.byte	0x8
 550 02b4 B8       		.byte	0xb8
 551 02b5 6D020000 		.4byte	0x26d
 552 02b9 00       		.byte	0
 553 02ba 06       		.uleb128 0x6
 554 02bb AC030000 		.4byte	.LASF32
 555 02bf 08       		.byte	0x8
 556 02c0 B9       		.byte	0xb9
 557 02c1 6D020000 		.4byte	0x26d
 558 02c5 04       		.byte	0x4
 559 02c6 00       		.byte	0
 560 02c7 03       		.uleb128 0x3
 561 02c8 0D000000 		.4byte	.LASF56
 562 02cc 07       		.byte	0x7
 563 02cd 57       		.byte	0x57
 564 02ce D2020000 		.4byte	0x2d2
 565 02d2 0A       		.uleb128 0xa
 566 02d3 9D020000 		.4byte	.LASF57
 567 02d7 1C       		.byte	0x1c
 568 02d8 08       		.byte	0x8
 569 02d9 9001     		.2byte	0x190
 570 02db 2E030000 		.4byte	0x32e
ARM GAS  /var/folders/m4/4md61f0s1_g0rzfghffqnxvr0000gn/T//ccHHwO7h.s 			page 11


 571 02df 08       		.uleb128 0x8
 572 02e0 B6040000 		.4byte	.LASF58
 573 02e4 08       		.byte	0x8
 574 02e5 9101     		.2byte	0x191
 575 02e7 97020000 		.4byte	0x297
 576 02eb 00       		.byte	0
 577 02ec 08       		.uleb128 0x8
 578 02ed 07040000 		.4byte	.LASF59
 579 02f1 08       		.byte	0x8
 580 02f2 9201     		.2byte	0x192
 581 02f4 1B010000 		.4byte	0x11b
 582 02f8 08       		.byte	0x8
 583 02f9 08       		.uleb128 0x8
 584 02fa 4F030000 		.4byte	.LASF60
 585 02fe 08       		.byte	0x8
 586 02ff 9401     		.2byte	0x194
 587 0301 9D040000 		.4byte	0x49d
 588 0305 0C       		.byte	0xc
 589 0306 08       		.uleb128 0x8
 590 0307 A2010000 		.4byte	.LASF61
 591 030b 08       		.byte	0x8
 592 030c 9701     		.2byte	0x197
 593 030e 6D020000 		.4byte	0x26d
 594 0312 10       		.byte	0x10
 595 0313 08       		.uleb128 0x8
 596 0314 76030000 		.4byte	.LASF62
 597 0318 08       		.byte	0x8
 598 0319 9801     		.2byte	0x198
 599 031b 6D020000 		.4byte	0x26d
 600 031f 14       		.byte	0x14
 601 0320 08       		.uleb128 0x8
 602 0321 6C030000 		.4byte	.LASF63
 603 0325 08       		.byte	0x8
 604 0326 9B01     		.2byte	0x19b
 605 0328 6D020000 		.4byte	0x26d
 606 032c 18       		.byte	0x18
 607 032d 00       		.byte	0
 608 032e 03       		.uleb128 0x3
 609 032f 3A060000 		.4byte	.LASF64
 610 0333 07       		.byte	0x7
 611 0334 5C       		.byte	0x5c
 612 0335 39030000 		.4byte	0x339
 613 0339 09       		.uleb128 0x9
 614 033a 04       		.byte	0x4
 615 033b 3F030000 		.4byte	0x33f
 616 033f 0B       		.uleb128 0xb
 617 0340 4A030000 		.4byte	0x34a
 618 0344 0C       		.uleb128 0xc
 619 0345 4A030000 		.4byte	0x34a
 620 0349 00       		.byte	0
 621 034a 0D       		.uleb128 0xd
 622 034b 04       		.byte	0x4
 623 034c 03       		.uleb128 0x3
 624 034d 9C030000 		.4byte	.LASF65
 625 0351 07       		.byte	0x7
 626 0352 61       		.byte	0x61
 627 0353 57030000 		.4byte	0x357
ARM GAS  /var/folders/m4/4md61f0s1_g0rzfghffqnxvr0000gn/T//ccHHwO7h.s 			page 12


 628 0357 0A       		.uleb128 0xa
 629 0358 6B040000 		.4byte	.LASF66
 630 035c 14       		.byte	0x14
 631 035d 08       		.byte	0x8
 632 035e 6B01     		.2byte	0x16b
 633 0360 A6030000 		.4byte	0x3a6
 634 0364 08       		.uleb128 0x8
 635 0365 EB010000 		.4byte	.LASF67
 636 0369 08       		.byte	0x8
 637 036a 6C01     		.2byte	0x16c
 638 036c 02070000 		.4byte	0x702
 639 0370 00       		.byte	0
 640 0371 08       		.uleb128 0x8
 641 0372 B3010000 		.4byte	.LASF68
 642 0376 08       		.byte	0x8
 643 0377 6D01     		.2byte	0x16d
 644 0379 02070000 		.4byte	0x702
 645 037d 04       		.byte	0x4
 646 037e 08       		.uleb128 0x8
 647 037f 0A020000 		.4byte	.LASF69
 648 0383 08       		.byte	0x8
 649 0384 6E01     		.2byte	0x16e
 650 0386 47010000 		.4byte	0x147
 651 038a 08       		.byte	0x8
 652 038b 08       		.uleb128 0x8
 653 038c 0C070000 		.4byte	.LASF70
 654 0390 08       		.byte	0x8
 655 0391 6F01     		.2byte	0x16f
 656 0393 2E030000 		.4byte	0x32e
 657 0397 0C       		.byte	0xc
 658 0398 08       		.uleb128 0x8
 659 0399 83060000 		.4byte	.LASF71
 660 039d 08       		.byte	0x8
 661 039e 7101     		.2byte	0x171
 662 03a0 4A030000 		.4byte	0x34a
 663 03a4 10       		.byte	0x10
 664 03a5 00       		.byte	0
 665 03a6 03       		.uleb128 0x3
 666 03a7 C1020000 		.4byte	.LASF72
 667 03ab 07       		.byte	0x7
 668 03ac 66       		.byte	0x66
 669 03ad B1030000 		.4byte	0x3b1
 670 03b1 0A       		.uleb128 0xa
 671 03b2 18030000 		.4byte	.LASF73
 672 03b6 10       		.byte	0x10
 673 03b7 08       		.byte	0x8
 674 03b8 7B01     		.2byte	0x17b
 675 03ba F3030000 		.4byte	0x3f3
 676 03be 08       		.uleb128 0x8
 677 03bf EB010000 		.4byte	.LASF67
 678 03c3 08       		.byte	0x8
 679 03c4 7C01     		.2byte	0x17c
 680 03c6 02070000 		.4byte	0x702
 681 03ca 00       		.byte	0
 682 03cb 08       		.uleb128 0x8
 683 03cc B3010000 		.4byte	.LASF68
 684 03d0 08       		.byte	0x8
ARM GAS  /var/folders/m4/4md61f0s1_g0rzfghffqnxvr0000gn/T//ccHHwO7h.s 			page 13


 685 03d1 7E01     		.2byte	0x17e
 686 03d3 02070000 		.4byte	0x702
 687 03d7 04       		.byte	0x4
 688 03d8 08       		.uleb128 0x8
 689 03d9 0A020000 		.4byte	.LASF69
 690 03dd 08       		.byte	0x8
 691 03de 8001     		.2byte	0x180
 692 03e0 47010000 		.4byte	0x147
 693 03e4 08       		.byte	0x8
 694 03e5 08       		.uleb128 0x8
 695 03e6 D4060000 		.4byte	.LASF74
 696 03ea 08       		.byte	0x8
 697 03eb 8201     		.2byte	0x182
 698 03ed FD060000 		.4byte	0x6fd
 699 03f1 0C       		.byte	0xc
 700 03f2 00       		.byte	0
 701 03f3 03       		.uleb128 0x3
 702 03f4 47000000 		.4byte	.LASF75
 703 03f8 07       		.byte	0x7
 704 03f9 6B       		.byte	0x6b
 705 03fa FE030000 		.4byte	0x3fe
 706 03fe 0A       		.uleb128 0xa
 707 03ff BB030000 		.4byte	.LASF76
 708 0403 04       		.byte	0x4
 709 0404 08       		.byte	0x8
 710 0405 A201     		.2byte	0x1a2
 711 0407 19040000 		.4byte	0x419
 712 040b 08       		.uleb128 0x8
 713 040c 5C060000 		.4byte	.LASF77
 714 0410 08       		.byte	0x8
 715 0411 AA01     		.2byte	0x1aa
 716 0413 08070000 		.4byte	0x708
 717 0417 00       		.byte	0
 718 0418 00       		.byte	0
 719 0419 03       		.uleb128 0x3
 720 041a 85020000 		.4byte	.LASF78
 721 041e 07       		.byte	0x7
 722 041f 70       		.byte	0x70
 723 0420 24040000 		.4byte	0x424
 724 0424 0E       		.uleb128 0xe
 725 0425 6C010000 		.4byte	.LASF79
 726 0429 5802     		.2byte	0x258
 727 042b 08       		.byte	0x8
 728 042c C201     		.2byte	0x1c2
 729 042e 80040000 		.4byte	0x480
 730 0432 08       		.uleb128 0x8
 731 0433 A5060000 		.4byte	.LASF80
 732 0437 08       		.byte	0x8
 733 0438 C601     		.2byte	0x1c6
 734 043a C7020000 		.4byte	0x2c7
 735 043e 00       		.byte	0
 736 043f 08       		.uleb128 0x8
 737 0440 49010000 		.4byte	.LASF81
 738 0444 08       		.byte	0x8
 739 0445 CA01     		.2byte	0x1ca
 740 0447 A6030000 		.4byte	0x3a6
 741 044b 1C       		.byte	0x1c
ARM GAS  /var/folders/m4/4md61f0s1_g0rzfghffqnxvr0000gn/T//ccHHwO7h.s 			page 14


 742 044c 07       		.uleb128 0x7
 743 044d 64626700 		.ascii	"dbg\000"
 744 0451 08       		.byte	0x8
 745 0452 CE01     		.2byte	0x1ce
 746 0454 F3030000 		.4byte	0x3f3
 747 0458 2C       		.byte	0x2c
 748 0459 08       		.uleb128 0x8
 749 045a 8E000000 		.4byte	.LASF82
 750 045e 08       		.byte	0x8
 751 045f D201     		.2byte	0x1d2
 752 0461 52010000 		.4byte	0x152
 753 0465 30       		.byte	0x30
 754 0466 07       		.uleb128 0x7
 755 0467 746D00   		.ascii	"tm\000"
 756 046a 08       		.byte	0x8
 757 046b D701     		.2byte	0x1d7
 758 046d 1B060000 		.4byte	0x61b
 759 0471 78       		.byte	0x78
 760 0472 08       		.uleb128 0x8
 761 0473 C9010000 		.4byte	.LASF83
 762 0477 08       		.byte	0x8
 763 0478 E301     		.2byte	0x1e3
 764 047a 0D070000 		.4byte	0x70d
 765 047e 80       		.byte	0x80
 766 047f 00       		.byte	0
 767 0480 04       		.uleb128 0x4
 768 0481 04       		.byte	0x4
 769 0482 07       		.byte	0x7
 770 0483 0F030000 		.4byte	.LASF84
 771 0487 03       		.uleb128 0x3
 772 0488 AA010000 		.4byte	.LASF85
 773 048c 09       		.byte	0x9
 774 048d 65       		.byte	0x65
 775 048e 4A030000 		.4byte	0x34a
 776 0492 03       		.uleb128 0x3
 777 0493 D7020000 		.4byte	.LASF86
 778 0497 09       		.byte	0x9
 779 0498 6D       		.byte	0x6d
 780 0499 D9000000 		.4byte	0xd9
 781 049d 05       		.uleb128 0x5
 782 049e 6D060000 		.4byte	.LASF87
 783 04a2 04       		.byte	0x4
 784 04a3 09       		.byte	0x9
 785 04a4 89       		.byte	0x89
 786 04a5 B6040000 		.4byte	0x4b6
 787 04a9 0F       		.uleb128 0xf
 788 04aa 72313300 		.ascii	"r13\000"
 789 04ae 09       		.byte	0x9
 790 04af 8A       		.byte	0x8a
 791 04b0 00060000 		.4byte	0x600
 792 04b4 00       		.byte	0
 793 04b5 00       		.byte	0
 794 04b6 05       		.uleb128 0x5
 795 04b7 3B000000 		.4byte	.LASF88
 796 04bb 64       		.byte	0x64
 797 04bc 0A       		.byte	0xa
 798 04bd FD       		.byte	0xfd
ARM GAS  /var/folders/m4/4md61f0s1_g0rzfghffqnxvr0000gn/T//ccHHwO7h.s 			page 15


 799 04be 00060000 		.4byte	0x600
 800 04c2 0F       		.uleb128 0xf
 801 04c3 73313600 		.ascii	"s16\000"
 802 04c7 0A       		.byte	0xa
 803 04c8 FF       		.byte	0xff
 804 04c9 87040000 		.4byte	0x487
 805 04cd 00       		.byte	0
 806 04ce 07       		.uleb128 0x7
 807 04cf 73313700 		.ascii	"s17\000"
 808 04d3 0A       		.byte	0xa
 809 04d4 0001     		.2byte	0x100
 810 04d6 87040000 		.4byte	0x487
 811 04da 04       		.byte	0x4
 812 04db 07       		.uleb128 0x7
 813 04dc 73313800 		.ascii	"s18\000"
 814 04e0 0A       		.byte	0xa
 815 04e1 0101     		.2byte	0x101
 816 04e3 87040000 		.4byte	0x487
 817 04e7 08       		.byte	0x8
 818 04e8 07       		.uleb128 0x7
 819 04e9 73313900 		.ascii	"s19\000"
 820 04ed 0A       		.byte	0xa
 821 04ee 0201     		.2byte	0x102
 822 04f0 87040000 		.4byte	0x487
 823 04f4 0C       		.byte	0xc
 824 04f5 07       		.uleb128 0x7
 825 04f6 73323000 		.ascii	"s20\000"
 826 04fa 0A       		.byte	0xa
 827 04fb 0301     		.2byte	0x103
 828 04fd 87040000 		.4byte	0x487
 829 0501 10       		.byte	0x10
 830 0502 07       		.uleb128 0x7
 831 0503 73323100 		.ascii	"s21\000"
 832 0507 0A       		.byte	0xa
 833 0508 0401     		.2byte	0x104
 834 050a 87040000 		.4byte	0x487
 835 050e 14       		.byte	0x14
 836 050f 07       		.uleb128 0x7
 837 0510 73323200 		.ascii	"s22\000"
 838 0514 0A       		.byte	0xa
 839 0515 0501     		.2byte	0x105
 840 0517 87040000 		.4byte	0x487
 841 051b 18       		.byte	0x18
 842 051c 07       		.uleb128 0x7
 843 051d 73323300 		.ascii	"s23\000"
 844 0521 0A       		.byte	0xa
 845 0522 0601     		.2byte	0x106
 846 0524 87040000 		.4byte	0x487
 847 0528 1C       		.byte	0x1c
 848 0529 07       		.uleb128 0x7
 849 052a 73323400 		.ascii	"s24\000"
 850 052e 0A       		.byte	0xa
 851 052f 0701     		.2byte	0x107
 852 0531 87040000 		.4byte	0x487
 853 0535 20       		.byte	0x20
 854 0536 07       		.uleb128 0x7
 855 0537 73323500 		.ascii	"s25\000"
ARM GAS  /var/folders/m4/4md61f0s1_g0rzfghffqnxvr0000gn/T//ccHHwO7h.s 			page 16


 856 053b 0A       		.byte	0xa
 857 053c 0801     		.2byte	0x108
 858 053e 87040000 		.4byte	0x487
 859 0542 24       		.byte	0x24
 860 0543 07       		.uleb128 0x7
 861 0544 73323600 		.ascii	"s26\000"
 862 0548 0A       		.byte	0xa
 863 0549 0901     		.2byte	0x109
 864 054b 87040000 		.4byte	0x487
 865 054f 28       		.byte	0x28
 866 0550 07       		.uleb128 0x7
 867 0551 73323700 		.ascii	"s27\000"
 868 0555 0A       		.byte	0xa
 869 0556 0A01     		.2byte	0x10a
 870 0558 87040000 		.4byte	0x487
 871 055c 2C       		.byte	0x2c
 872 055d 07       		.uleb128 0x7
 873 055e 73323800 		.ascii	"s28\000"
 874 0562 0A       		.byte	0xa
 875 0563 0B01     		.2byte	0x10b
 876 0565 87040000 		.4byte	0x487
 877 0569 30       		.byte	0x30
 878 056a 07       		.uleb128 0x7
 879 056b 73323900 		.ascii	"s29\000"
 880 056f 0A       		.byte	0xa
 881 0570 0C01     		.2byte	0x10c
 882 0572 87040000 		.4byte	0x487
 883 0576 34       		.byte	0x34
 884 0577 07       		.uleb128 0x7
 885 0578 73333000 		.ascii	"s30\000"
 886 057c 0A       		.byte	0xa
 887 057d 0D01     		.2byte	0x10d
 888 057f 87040000 		.4byte	0x487
 889 0583 38       		.byte	0x38
 890 0584 07       		.uleb128 0x7
 891 0585 73333100 		.ascii	"s31\000"
 892 0589 0A       		.byte	0xa
 893 058a 0E01     		.2byte	0x10e
 894 058c 87040000 		.4byte	0x487
 895 0590 3C       		.byte	0x3c
 896 0591 07       		.uleb128 0x7
 897 0592 723400   		.ascii	"r4\000"
 898 0595 0A       		.byte	0xa
 899 0596 1001     		.2byte	0x110
 900 0598 87040000 		.4byte	0x487
 901 059c 40       		.byte	0x40
 902 059d 07       		.uleb128 0x7
 903 059e 723500   		.ascii	"r5\000"
 904 05a1 0A       		.byte	0xa
 905 05a2 1101     		.2byte	0x111
 906 05a4 87040000 		.4byte	0x487
 907 05a8 44       		.byte	0x44
 908 05a9 07       		.uleb128 0x7
 909 05aa 723600   		.ascii	"r6\000"
 910 05ad 0A       		.byte	0xa
 911 05ae 1201     		.2byte	0x112
 912 05b0 87040000 		.4byte	0x487
ARM GAS  /var/folders/m4/4md61f0s1_g0rzfghffqnxvr0000gn/T//ccHHwO7h.s 			page 17


 913 05b4 48       		.byte	0x48
 914 05b5 07       		.uleb128 0x7
 915 05b6 723700   		.ascii	"r7\000"
 916 05b9 0A       		.byte	0xa
 917 05ba 1301     		.2byte	0x113
 918 05bc 87040000 		.4byte	0x487
 919 05c0 4C       		.byte	0x4c
 920 05c1 07       		.uleb128 0x7
 921 05c2 723800   		.ascii	"r8\000"
 922 05c5 0A       		.byte	0xa
 923 05c6 1401     		.2byte	0x114
 924 05c8 87040000 		.4byte	0x487
 925 05cc 50       		.byte	0x50
 926 05cd 07       		.uleb128 0x7
 927 05ce 723900   		.ascii	"r9\000"
 928 05d1 0A       		.byte	0xa
 929 05d2 1501     		.2byte	0x115
 930 05d4 87040000 		.4byte	0x487
 931 05d8 54       		.byte	0x54
 932 05d9 07       		.uleb128 0x7
 933 05da 72313000 		.ascii	"r10\000"
 934 05de 0A       		.byte	0xa
 935 05df 1601     		.2byte	0x116
 936 05e1 87040000 		.4byte	0x487
 937 05e5 58       		.byte	0x58
 938 05e6 07       		.uleb128 0x7
 939 05e7 72313100 		.ascii	"r11\000"
 940 05eb 0A       		.byte	0xa
 941 05ec 1701     		.2byte	0x117
 942 05ee 87040000 		.4byte	0x487
 943 05f2 5C       		.byte	0x5c
 944 05f3 07       		.uleb128 0x7
 945 05f4 6C7200   		.ascii	"lr\000"
 946 05f7 0A       		.byte	0xa
 947 05f8 1801     		.2byte	0x118
 948 05fa 87040000 		.4byte	0x487
 949 05fe 60       		.byte	0x60
 950 05ff 00       		.byte	0
 951 0600 09       		.uleb128 0x9
 952 0601 04       		.byte	0x4
 953 0602 B6040000 		.4byte	0x4b6
 954 0606 10       		.uleb128 0x10
 955 0607 04       		.byte	0x4
 956 0608 0B       		.byte	0xb
 957 0609 38       		.byte	0x38
 958 060a 1B060000 		.4byte	0x61b
 959 060e 06       		.uleb128 0x6
 960 060f 66060000 		.4byte	.LASF89
 961 0613 0B       		.byte	0xb
 962 0614 3C       		.byte	0x3c
 963 0615 E4000000 		.4byte	0xe4
 964 0619 00       		.byte	0
 965 061a 00       		.byte	0
 966 061b 03       		.uleb128 0x3
 967 061c 5B030000 		.4byte	.LASF90
 968 0620 0B       		.byte	0xb
 969 0621 3D       		.byte	0x3d
ARM GAS  /var/folders/m4/4md61f0s1_g0rzfghffqnxvr0000gn/T//ccHHwO7h.s 			page 18


 970 0622 06060000 		.4byte	0x606
 971 0626 11       		.uleb128 0x11
 972 0627 04       		.byte	0x4
 973 0628 08       		.byte	0x8
 974 0629 FA       		.byte	0xfa
 975 062a 83060000 		.4byte	0x683
 976 062e 12       		.uleb128 0x12
 977 062f 21000000 		.4byte	.LASF91
 978 0633 08       		.byte	0x8
 979 0634 0101     		.2byte	0x101
 980 0636 26010000 		.4byte	0x126
 981 063a 12       		.uleb128 0x12
 982 063b 85000000 		.4byte	.LASF92
 983 063f 08       		.byte	0x8
 984 0640 0801     		.2byte	0x108
 985 0642 26010000 		.4byte	0x126
 986 0646 12       		.uleb128 0x12
 987 0647 C6060000 		.4byte	.LASF93
 988 064b 08       		.byte	0x8
 989 064c 0F01     		.2byte	0x10f
 990 064e 4A030000 		.4byte	0x34a
 991 0652 12       		.uleb128 0x12
 992 0653 66010000 		.4byte	.LASF94
 993 0657 08       		.byte	0x8
 994 0658 1601     		.2byte	0x116
 995 065a 83060000 		.4byte	0x683
 996 065e 12       		.uleb128 0x12
 997 065f 03020000 		.4byte	.LASF95
 998 0663 08       		.byte	0x8
 999 0664 1E01     		.2byte	0x11e
 1000 0666 AE060000 		.4byte	0x6ae
 1001 066a 12       		.uleb128 0x12
 1002 066b 03060000 		.4byte	.LASF96
 1003 066f 08       		.byte	0x8
 1004 0670 2701     		.2byte	0x127
 1005 0672 E5060000 		.4byte	0x6e5
 1006 0676 12       		.uleb128 0x12
 1007 0677 0E040000 		.4byte	.LASF97
 1008 067b 08       		.byte	0x8
 1009 067c 2F01     		.2byte	0x12f
 1010 067e 31010000 		.4byte	0x131
 1011 0682 00       		.byte	0
 1012 0683 09       		.uleb128 0x9
 1013 0684 04       		.byte	0x4
 1014 0685 62020000 		.4byte	0x262
 1015 0689 05       		.uleb128 0x5
 1016 068a 89040000 		.4byte	.LASF98
 1017 068e 0C       		.byte	0xc
 1018 068f 0C       		.byte	0xc
 1019 0690 34       		.byte	0x34
 1020 0691 AE060000 		.4byte	0x6ae
 1021 0695 06       		.uleb128 0x6
 1022 0696 9A010000 		.4byte	.LASF99
 1023 069a 0C       		.byte	0xc
 1024 069b 35       		.byte	0x35
 1025 069c 97020000 		.4byte	0x297
 1026 06a0 00       		.byte	0
ARM GAS  /var/folders/m4/4md61f0s1_g0rzfghffqnxvr0000gn/T//ccHHwO7h.s 			page 19


 1027 06a1 06       		.uleb128 0x6
 1028 06a2 27020000 		.4byte	.LASF100
 1029 06a6 0C       		.byte	0xc
 1030 06a7 37       		.byte	0x37
 1031 06a8 3C010000 		.4byte	0x13c
 1032 06ac 08       		.byte	0x8
 1033 06ad 00       		.byte	0
 1034 06ae 09       		.uleb128 0x9
 1035 06af 04       		.byte	0x4
 1036 06b0 89060000 		.4byte	0x689
 1037 06b4 05       		.uleb128 0x5
 1038 06b5 95060000 		.4byte	.LASF101
 1039 06b9 10       		.byte	0x10
 1040 06ba 0D       		.byte	0xd
 1041 06bb 39       		.byte	0x39
 1042 06bc E5060000 		.4byte	0x6e5
 1043 06c0 06       		.uleb128 0x6
 1044 06c1 41010000 		.4byte	.LASF102
 1045 06c5 0D       		.byte	0xd
 1046 06c6 3A       		.byte	0x3a
 1047 06c7 97020000 		.4byte	0x297
 1048 06cb 00       		.byte	0
 1049 06cc 06       		.uleb128 0x6
 1050 06cd F6060000 		.4byte	.LASF103
 1051 06d1 0D       		.byte	0xd
 1052 06d2 3C       		.byte	0x3c
 1053 06d3 6D020000 		.4byte	0x26d
 1054 06d7 08       		.byte	0x8
 1055 06d8 06       		.uleb128 0x6
 1056 06d9 1E060000 		.4byte	.LASF104
 1057 06dd 0D       		.byte	0xd
 1058 06de 3E       		.byte	0x3e
 1059 06df 24080000 		.4byte	0x824
 1060 06e3 0C       		.byte	0xc
 1061 06e4 00       		.byte	0
 1062 06e5 09       		.uleb128 0x9
 1063 06e6 04       		.byte	0x4
 1064 06e7 B4060000 		.4byte	0x6b4
 1065 06eb 09       		.uleb128 0x9
 1066 06ec 04       		.byte	0x4
 1067 06ed F8060000 		.4byte	0x6f8
 1068 06f1 04       		.uleb128 0x4
 1069 06f2 01       		.byte	0x1
 1070 06f3 08       		.byte	0x8
 1071 06f4 E8040000 		.4byte	.LASF105
 1072 06f8 13       		.uleb128 0x13
 1073 06f9 F1060000 		.4byte	0x6f1
 1074 06fd 14       		.uleb128 0x14
 1075 06fe 47010000 		.4byte	0x147
 1076 0702 09       		.uleb128 0x9
 1077 0703 04       		.byte	0x4
 1078 0704 4C030000 		.4byte	0x34c
 1079 0708 14       		.uleb128 0x14
 1080 0709 EB060000 		.4byte	0x6eb
 1081 070d 15       		.uleb128 0x15
 1082 070e 92040000 		.4byte	0x492
 1083 0712 1D070000 		.4byte	0x71d
ARM GAS  /var/folders/m4/4md61f0s1_g0rzfghffqnxvr0000gn/T//ccHHwO7h.s 			page 20


 1084 0716 16       		.uleb128 0x16
 1085 0717 80040000 		.4byte	0x480
 1086 071b 3A       		.byte	0x3a
 1087 071c 00       		.byte	0
 1088 071d 10       		.uleb128 0x10
 1089 071e 16       		.byte	0x16
 1090 071f 0E       		.byte	0xe
 1091 0720 34       		.byte	0x34
 1092 0721 FE070000 		.4byte	0x7fe
 1093 0725 06       		.uleb128 0x6
 1094 0726 FE060000 		.4byte	.LASF106
 1095 072a 0E       		.byte	0xe
 1096 072b 35       		.byte	0x35
 1097 072c FE070000 		.4byte	0x7fe
 1098 0730 00       		.byte	0
 1099 0731 06       		.uleb128 0x6
 1100 0732 F1020000 		.4byte	.LASF107
 1101 0736 0E       		.byte	0xe
 1102 0737 36       		.byte	0x36
 1103 0738 AD000000 		.4byte	0xad
 1104 073c 04       		.byte	0x4
 1105 073d 06       		.uleb128 0x6
 1106 073e CE040000 		.4byte	.LASF108
 1107 0742 0E       		.byte	0xe
 1108 0743 37       		.byte	0x37
 1109 0744 AD000000 		.4byte	0xad
 1110 0748 05       		.byte	0x5
 1111 0749 06       		.uleb128 0x6
 1112 074a EB060000 		.4byte	.LASF109
 1113 074e 0E       		.byte	0xe
 1114 074f 38       		.byte	0x38
 1115 0750 B8000000 		.4byte	0xb8
 1116 0754 06       		.byte	0x6
 1117 0755 06       		.uleb128 0x6
 1118 0756 91030000 		.4byte	.LASF110
 1119 075a 0E       		.byte	0xe
 1120 075b 39       		.byte	0x39
 1121 075c AD000000 		.4byte	0xad
 1122 0760 08       		.byte	0x8
 1123 0761 06       		.uleb128 0x6
 1124 0762 2F030000 		.4byte	.LASF111
 1125 0766 0E       		.byte	0xe
 1126 0767 3A       		.byte	0x3a
 1127 0768 AD000000 		.4byte	0xad
 1128 076c 09       		.byte	0x9
 1129 076d 06       		.uleb128 0x6
 1130 076e 77000000 		.4byte	.LASF112
 1131 0772 0E       		.byte	0xe
 1132 0773 3B       		.byte	0x3b
 1133 0774 AD000000 		.4byte	0xad
 1134 0778 0A       		.byte	0xa
 1135 0779 06       		.uleb128 0x6
 1136 077a AA040000 		.4byte	.LASF113
 1137 077e 0E       		.byte	0xe
 1138 077f 3C       		.byte	0x3c
 1139 0780 AD000000 		.4byte	0xad
 1140 0784 0B       		.byte	0xb
ARM GAS  /var/folders/m4/4md61f0s1_g0rzfghffqnxvr0000gn/T//ccHHwO7h.s 			page 21


 1141 0785 06       		.uleb128 0x6
 1142 0786 8A060000 		.4byte	.LASF114
 1143 078a 0E       		.byte	0xe
 1144 078b 3D       		.byte	0x3d
 1145 078c AD000000 		.4byte	0xad
 1146 0790 0C       		.byte	0xc
 1147 0791 06       		.uleb128 0x6
 1148 0792 7C040000 		.4byte	.LASF115
 1149 0796 0E       		.byte	0xe
 1150 0797 3E       		.byte	0x3e
 1151 0798 AD000000 		.4byte	0xad
 1152 079c 0D       		.byte	0xd
 1153 079d 06       		.uleb128 0x6
 1154 079e 00000000 		.4byte	.LASF116
 1155 07a2 0E       		.byte	0xe
 1156 07a3 3F       		.byte	0x3f
 1157 07a4 AD000000 		.4byte	0xad
 1158 07a8 0E       		.byte	0xe
 1159 07a9 06       		.uleb128 0x6
 1160 07aa 3B030000 		.4byte	.LASF117
 1161 07ae 0E       		.byte	0xe
 1162 07af 40       		.byte	0x40
 1163 07b0 AD000000 		.4byte	0xad
 1164 07b4 0F       		.byte	0xf
 1165 07b5 06       		.uleb128 0x6
 1166 07b6 1C010000 		.4byte	.LASF118
 1167 07ba 0E       		.byte	0xe
 1168 07bb 41       		.byte	0x41
 1169 07bc AD000000 		.4byte	0xad
 1170 07c0 10       		.byte	0x10
 1171 07c1 06       		.uleb128 0x6
 1172 07c2 CF000000 		.4byte	.LASF119
 1173 07c6 0E       		.byte	0xe
 1174 07c7 43       		.byte	0x43
 1175 07c8 AD000000 		.4byte	0xad
 1176 07cc 11       		.byte	0x11
 1177 07cd 06       		.uleb128 0x6
 1178 07ce 2C010000 		.4byte	.LASF120
 1179 07d2 0E       		.byte	0xe
 1180 07d3 44       		.byte	0x44
 1181 07d4 AD000000 		.4byte	0xad
 1182 07d8 12       		.byte	0x12
 1183 07d9 06       		.uleb128 0x6
 1184 07da F9020000 		.4byte	.LASF121
 1185 07de 0E       		.byte	0xe
 1186 07df 45       		.byte	0x45
 1187 07e0 AD000000 		.4byte	0xad
 1188 07e4 13       		.byte	0x13
 1189 07e5 06       		.uleb128 0x6
 1190 07e6 24040000 		.4byte	.LASF122
 1191 07ea 0E       		.byte	0xe
 1192 07eb 46       		.byte	0x46
 1193 07ec AD000000 		.4byte	0xad
 1194 07f0 14       		.byte	0x14
 1195 07f1 06       		.uleb128 0x6
 1196 07f2 91020000 		.4byte	.LASF123
 1197 07f6 0E       		.byte	0xe
ARM GAS  /var/folders/m4/4md61f0s1_g0rzfghffqnxvr0000gn/T//ccHHwO7h.s 			page 22


 1198 07f7 48       		.byte	0x48
 1199 07f8 AD000000 		.4byte	0xad
 1200 07fc 15       		.byte	0x15
 1201 07fd 00       		.byte	0
 1202 07fe 15       		.uleb128 0x15
 1203 07ff F1060000 		.4byte	0x6f1
 1204 0803 0E080000 		.4byte	0x80e
 1205 0807 16       		.uleb128 0x16
 1206 0808 80040000 		.4byte	0x480
 1207 080c 03       		.byte	0x3
 1208 080d 00       		.byte	0
 1209 080e 03       		.uleb128 0x3
 1210 080f 88010000 		.4byte	.LASF124
 1211 0813 0E       		.byte	0xe
 1212 0814 49       		.byte	0x49
 1213 0815 1D070000 		.4byte	0x71d
 1214 0819 03       		.uleb128 0x3
 1215 081a BB010000 		.4byte	.LASF125
 1216 081e 0D       		.byte	0xd
 1217 081f 34       		.byte	0x34
 1218 0820 B4060000 		.4byte	0x6b4
 1219 0824 09       		.uleb128 0x9
 1220 0825 04       		.byte	0x4
 1221 0826 19080000 		.4byte	0x819
 1222 082a 17       		.uleb128 0x17
 1223 082b 4E060000 		.4byte	.LASF128
 1224 082f 02       		.byte	0x2
 1225 0830 2202     		.2byte	0x222
 1226 0832 03       		.byte	0x3
 1227 0833 44080000 		.4byte	0x844
 1228 0837 18       		.uleb128 0x18
 1229 0838 C3010000 		.4byte	.LASF138
 1230 083c 02       		.byte	0x2
 1231 083d 2202     		.2byte	0x222
 1232 083f CE000000 		.4byte	0xce
 1233 0843 00       		.byte	0
 1234 0844 19       		.uleb128 0x19
 1235 0845 56000000 		.4byte	.LASF126
 1236 0849 0A       		.byte	0xa
 1237 084a C801     		.2byte	0x1c8
 1238 084c 03       		.byte	0x3
 1239 084d 19       		.uleb128 0x19
 1240 084e 50010000 		.4byte	.LASF127
 1241 0852 0A       		.byte	0xa
 1242 0853 E001     		.2byte	0x1e0
 1243 0855 03       		.byte	0x3
 1244 0856 17       		.uleb128 0x17
 1245 0857 DF060000 		.4byte	.LASF129
 1246 085b 0F       		.byte	0xf
 1247 085c 6601     		.2byte	0x166
 1248 085e 03       		.byte	0x3
 1249 085f 71080000 		.4byte	0x871
 1250 0863 1A       		.uleb128 0x1a
 1251 0864 3B040000 		.4byte	.LASF139
 1252 0868 81080000 		.4byte	0x881
 1253 086c DF060000 		.4byte	.LASF129
 1254 0870 00       		.byte	0
ARM GAS  /var/folders/m4/4md61f0s1_g0rzfghffqnxvr0000gn/T//ccHHwO7h.s 			page 23


 1255 0871 15       		.uleb128 0x15
 1256 0872 F1060000 		.4byte	0x6f1
 1257 0876 81080000 		.4byte	0x881
 1258 087a 16       		.uleb128 0x16
 1259 087b 80040000 		.4byte	0x480
 1260 087f 0B       		.byte	0xb
 1261 0880 00       		.byte	0
 1262 0881 13       		.uleb128 0x13
 1263 0882 71080000 		.4byte	0x871
 1264 0886 19       		.uleb128 0x19
 1265 0887 44040000 		.4byte	.LASF130
 1266 088b 0F       		.byte	0xf
 1267 088c 5A01     		.2byte	0x15a
 1268 088e 03       		.byte	0x3
 1269 088f 1B       		.uleb128 0x1b
 1270 0890 99000000 		.4byte	.LASF131
 1271 0894 01       		.byte	0x1
 1272 0895 83       		.byte	0x83
 1273 0896 6D020000 		.4byte	0x26d
 1274 089a 00000000 		.4byte	.LFB231
 1275 089e 1C000000 		.4byte	.LFE231-.LFB231
 1276 08a2 01       		.uleb128 0x1
 1277 08a3 9C       		.byte	0x9c
 1278 08a4 3E090000 		.4byte	0x93e
 1279 08a8 1C       		.uleb128 0x1c
 1280 08a9 747000   		.ascii	"tp\000"
 1281 08ac 01       		.byte	0x1
 1282 08ad 84       		.byte	0x84
 1283 08ae 6D020000 		.4byte	0x26d
 1284 08b2 01       		.uleb128 0x1
 1285 08b3 50       		.byte	0x50
 1286 08b4 1D       		.uleb128 0x1d
 1287 08b5 86080000 		.4byte	0x886
 1288 08b9 00000000 		.4byte	.LBB34
 1289 08bd 06000000 		.4byte	.LBE34-.LBB34
 1290 08c1 01       		.byte	0x1
 1291 08c2 86       		.byte	0x86
 1292 08c3 F3080000 		.4byte	0x8f3
 1293 08c7 1E       		.uleb128 0x1e
 1294 08c8 44080000 		.4byte	0x844
 1295 08cc 00000000 		.4byte	.LBB35
 1296 08d0 06000000 		.4byte	.LBE35-.LBB35
 1297 08d4 0F       		.byte	0xf
 1298 08d5 5C01     		.2byte	0x15c
 1299 08d7 1E       		.uleb128 0x1e
 1300 08d8 2A080000 		.4byte	0x82a
 1301 08dc 00000000 		.4byte	.LBB36
 1302 08e0 06000000 		.4byte	.LBE36-.LBB36
 1303 08e4 0A       		.byte	0xa
 1304 08e5 D001     		.2byte	0x1d0
 1305 08e7 1F       		.uleb128 0x1f
 1306 08e8 37080000 		.4byte	0x837
 1307 08ec 00000000 		.4byte	.LLST0
 1308 08f0 00       		.byte	0
 1309 08f1 00       		.byte	0
 1310 08f2 00       		.byte	0
 1311 08f3 20       		.uleb128 0x20
ARM GAS  /var/folders/m4/4md61f0s1_g0rzfghffqnxvr0000gn/T//ccHHwO7h.s 			page 24


 1312 08f4 56080000 		.4byte	0x856
 1313 08f8 10000000 		.4byte	.LBB38
 1314 08fc 06000000 		.4byte	.LBE38-.LBB38
 1315 0900 01       		.byte	0x1
 1316 0901 8B       		.byte	0x8b
 1317 0902 21       		.uleb128 0x21
 1318 0903 10000000 		.4byte	.LBB39
 1319 0907 06000000 		.4byte	.LBE39-.LBB39
 1320 090b 22       		.uleb128 0x22
 1321 090c 63080000 		.4byte	0x863
 1322 0910 1E       		.uleb128 0x1e
 1323 0911 4D080000 		.4byte	0x84d
 1324 0915 10000000 		.4byte	.LBB40
 1325 0919 06000000 		.4byte	.LBE40-.LBB40
 1326 091d 0F       		.byte	0xf
 1327 091e 7301     		.2byte	0x173
 1328 0920 1E       		.uleb128 0x1e
 1329 0921 2A080000 		.4byte	0x82a
 1330 0925 10000000 		.4byte	.LBB41
 1331 0929 06000000 		.4byte	.LBE41-.LBB41
 1332 092d 0A       		.byte	0xa
 1333 092e E301     		.2byte	0x1e3
 1334 0930 1F       		.uleb128 0x1f
 1335 0931 37080000 		.4byte	0x837
 1336 0935 15000000 		.4byte	.LLST1
 1337 0939 00       		.byte	0
 1338 093a 00       		.byte	0
 1339 093b 00       		.byte	0
 1340 093c 00       		.byte	0
 1341 093d 00       		.byte	0
 1342 093e 1B       		.uleb128 0x1b
 1343 093f ED040000 		.4byte	.LASF132
 1344 0943 01       		.byte	0x1
 1345 0944 9B       		.byte	0x9b
 1346 0945 6D020000 		.4byte	0x26d
 1347 0949 00000000 		.4byte	.LFB232
 1348 094d 2C000000 		.4byte	.LFE232-.LFB232
 1349 0951 01       		.uleb128 0x1
 1350 0952 9C       		.byte	0x9c
 1351 0953 1C0A0000 		.4byte	0xa1c
 1352 0957 23       		.uleb128 0x23
 1353 0958 747000   		.ascii	"tp\000"
 1354 095b 01       		.byte	0x1
 1355 095c 9B       		.byte	0x9b
 1356 095d 6D020000 		.4byte	0x26d
 1357 0961 29000000 		.4byte	.LLST2
 1358 0965 24       		.uleb128 0x24
 1359 0966 6E747000 		.ascii	"ntp\000"
 1360 096a 01       		.byte	0x1
 1361 096b 9C       		.byte	0x9c
 1362 096c 6D020000 		.4byte	0x26d
 1363 0970 4A000000 		.4byte	.LLST3
 1364 0974 25       		.uleb128 0x25
 1365 0975 3B040000 		.4byte	.LASF139
 1366 0979 2C0A0000 		.4byte	0xa2c
 1367 097d 1D       		.uleb128 0x1d
 1368 097e 86080000 		.4byte	0x886
ARM GAS  /var/folders/m4/4md61f0s1_g0rzfghffqnxvr0000gn/T//ccHHwO7h.s 			page 25


 1369 0982 02000000 		.4byte	.LBB43
 1370 0986 06000000 		.4byte	.LBE43-.LBB43
 1371 098a 01       		.byte	0x1
 1372 098b 9E       		.byte	0x9e
 1373 098c BC090000 		.4byte	0x9bc
 1374 0990 1E       		.uleb128 0x1e
 1375 0991 44080000 		.4byte	0x844
 1376 0995 02000000 		.4byte	.LBB44
 1377 0999 06000000 		.4byte	.LBE44-.LBB44
 1378 099d 0F       		.byte	0xf
 1379 099e 5C01     		.2byte	0x15c
 1380 09a0 1E       		.uleb128 0x1e
 1381 09a1 2A080000 		.4byte	0x82a
 1382 09a5 02000000 		.4byte	.LBB45
 1383 09a9 06000000 		.4byte	.LBE45-.LBB45
 1384 09ad 0A       		.byte	0xa
 1385 09ae D001     		.2byte	0x1d0
 1386 09b0 1F       		.uleb128 0x1f
 1387 09b1 37080000 		.4byte	0x837
 1388 09b5 68000000 		.4byte	.LLST4
 1389 09b9 00       		.byte	0
 1390 09ba 00       		.byte	0
 1391 09bb 00       		.byte	0
 1392 09bc 1D       		.uleb128 0x1d
 1393 09bd 56080000 		.4byte	0x856
 1394 09c1 18000000 		.4byte	.LBB47
 1395 09c5 06000000 		.4byte	.LBE47-.LBB47
 1396 09c9 01       		.byte	0x1
 1397 09ca AB       		.byte	0xab
 1398 09cb 0A0A0000 		.4byte	0xa0a
 1399 09cf 21       		.uleb128 0x21
 1400 09d0 18000000 		.4byte	.LBB48
 1401 09d4 06000000 		.4byte	.LBE48-.LBB48
 1402 09d8 22       		.uleb128 0x22
 1403 09d9 63080000 		.4byte	0x863
 1404 09dd 1E       		.uleb128 0x1e
 1405 09de 4D080000 		.4byte	0x84d
 1406 09e2 18000000 		.4byte	.LBB49
 1407 09e6 06000000 		.4byte	.LBE49-.LBB49
 1408 09ea 0F       		.byte	0xf
 1409 09eb 7301     		.2byte	0x173
 1410 09ed 1E       		.uleb128 0x1e
 1411 09ee 2A080000 		.4byte	0x82a
 1412 09f2 18000000 		.4byte	.LBB50
 1413 09f6 06000000 		.4byte	.LBE50-.LBB50
 1414 09fa 0A       		.byte	0xa
 1415 09fb E301     		.2byte	0x1e3
 1416 09fd 1F       		.uleb128 0x1f
 1417 09fe 37080000 		.4byte	0x837
 1418 0a02 7D000000 		.4byte	.LLST5
 1419 0a06 00       		.byte	0
 1420 0a07 00       		.byte	0
 1421 0a08 00       		.byte	0
 1422 0a09 00       		.byte	0
 1423 0a0a 26       		.uleb128 0x26
 1424 0a0b 22000000 		.4byte	.LVL10
 1425 0a0f 630A0000 		.4byte	0xa63
ARM GAS  /var/folders/m4/4md61f0s1_g0rzfghffqnxvr0000gn/T//ccHHwO7h.s 			page 26


 1426 0a13 27       		.uleb128 0x27
 1427 0a14 01       		.uleb128 0x1
 1428 0a15 50       		.byte	0x50
 1429 0a16 03       		.uleb128 0x3
 1430 0a17 F3       		.byte	0xf3
 1431 0a18 01       		.uleb128 0x1
 1432 0a19 50       		.byte	0x50
 1433 0a1a 00       		.byte	0
 1434 0a1b 00       		.byte	0
 1435 0a1c 15       		.uleb128 0x15
 1436 0a1d F1060000 		.4byte	0x6f1
 1437 0a21 2C0A0000 		.4byte	0xa2c
 1438 0a25 16       		.uleb128 0x16
 1439 0a26 80040000 		.4byte	0x480
 1440 0a2a 0F       		.byte	0xf
 1441 0a2b 00       		.byte	0
 1442 0a2c 13       		.uleb128 0x13
 1443 0a2d 1C0A0000 		.4byte	0xa1c
 1444 0a31 28       		.uleb128 0x28
 1445 0a32 AA000000 		.4byte	.LASF133
 1446 0a36 10       		.byte	0x10
 1447 0a37 FA06     		.2byte	0x6fa
 1448 0a39 3D0A0000 		.4byte	0xa3d
 1449 0a3d 14       		.uleb128 0x14
 1450 0a3e C3000000 		.4byte	0xc3
 1451 0a42 29       		.uleb128 0x29
 1452 0a43 636800   		.ascii	"ch\000"
 1453 0a46 08       		.byte	0x8
 1454 0a47 0902     		.2byte	0x209
 1455 0a49 19040000 		.4byte	0x419
 1456 0a4d 2A       		.uleb128 0x2a
 1457 0a4e 1E020000 		.4byte	.LASF134
 1458 0a52 01       		.byte	0x1
 1459 0a53 50       		.byte	0x50
 1460 0a54 5E0A0000 		.4byte	0xa5e
 1461 0a58 05       		.uleb128 0x5
 1462 0a59 03       		.byte	0x3
 1463 0a5a 00000000 		.4byte	ch_debug
 1464 0a5e 13       		.uleb128 0x13
 1465 0a5f 0E080000 		.4byte	0x80e
 1466 0a63 2B       		.uleb128 0x2b
 1467 0a64 4E040000 		.4byte	.LASF140
 1468 0a68 4E040000 		.4byte	.LASF140
 1469 0a6c 11       		.byte	0x11
 1470 0a6d 4B       		.byte	0x4b
 1471 0a6e 00       		.byte	0
 1472              		.section	.debug_abbrev,"",%progbits
 1473              	.Ldebug_abbrev0:
 1474 0000 01       		.uleb128 0x1
 1475 0001 11       		.uleb128 0x11
 1476 0002 01       		.byte	0x1
 1477 0003 25       		.uleb128 0x25
 1478 0004 0E       		.uleb128 0xe
 1479 0005 13       		.uleb128 0x13
 1480 0006 0B       		.uleb128 0xb
 1481 0007 03       		.uleb128 0x3
 1482 0008 0E       		.uleb128 0xe
ARM GAS  /var/folders/m4/4md61f0s1_g0rzfghffqnxvr0000gn/T//ccHHwO7h.s 			page 27


 1483 0009 1B       		.uleb128 0x1b
 1484 000a 0E       		.uleb128 0xe
 1485 000b 55       		.uleb128 0x55
 1486 000c 17       		.uleb128 0x17
 1487 000d 11       		.uleb128 0x11
 1488 000e 01       		.uleb128 0x1
 1489 000f 10       		.uleb128 0x10
 1490 0010 17       		.uleb128 0x17
 1491 0011 00       		.byte	0
 1492 0012 00       		.byte	0
 1493 0013 02       		.uleb128 0x2
 1494 0014 24       		.uleb128 0x24
 1495 0015 00       		.byte	0
 1496 0016 0B       		.uleb128 0xb
 1497 0017 0B       		.uleb128 0xb
 1498 0018 3E       		.uleb128 0x3e
 1499 0019 0B       		.uleb128 0xb
 1500 001a 03       		.uleb128 0x3
 1501 001b 08       		.uleb128 0x8
 1502 001c 00       		.byte	0
 1503 001d 00       		.byte	0
 1504 001e 03       		.uleb128 0x3
 1505 001f 16       		.uleb128 0x16
 1506 0020 00       		.byte	0
 1507 0021 03       		.uleb128 0x3
 1508 0022 0E       		.uleb128 0xe
 1509 0023 3A       		.uleb128 0x3a
 1510 0024 0B       		.uleb128 0xb
 1511 0025 3B       		.uleb128 0x3b
 1512 0026 0B       		.uleb128 0xb
 1513 0027 49       		.uleb128 0x49
 1514 0028 13       		.uleb128 0x13
 1515 0029 00       		.byte	0
 1516 002a 00       		.byte	0
 1517 002b 04       		.uleb128 0x4
 1518 002c 24       		.uleb128 0x24
 1519 002d 00       		.byte	0
 1520 002e 0B       		.uleb128 0xb
 1521 002f 0B       		.uleb128 0xb
 1522 0030 3E       		.uleb128 0x3e
 1523 0031 0B       		.uleb128 0xb
 1524 0032 03       		.uleb128 0x3
 1525 0033 0E       		.uleb128 0xe
 1526 0034 00       		.byte	0
 1527 0035 00       		.byte	0
 1528 0036 05       		.uleb128 0x5
 1529 0037 13       		.uleb128 0x13
 1530 0038 01       		.byte	0x1
 1531 0039 03       		.uleb128 0x3
 1532 003a 0E       		.uleb128 0xe
 1533 003b 0B       		.uleb128 0xb
 1534 003c 0B       		.uleb128 0xb
 1535 003d 3A       		.uleb128 0x3a
 1536 003e 0B       		.uleb128 0xb
 1537 003f 3B       		.uleb128 0x3b
 1538 0040 0B       		.uleb128 0xb
 1539 0041 01       		.uleb128 0x1
ARM GAS  /var/folders/m4/4md61f0s1_g0rzfghffqnxvr0000gn/T//ccHHwO7h.s 			page 28


 1540 0042 13       		.uleb128 0x13
 1541 0043 00       		.byte	0
 1542 0044 00       		.byte	0
 1543 0045 06       		.uleb128 0x6
 1544 0046 0D       		.uleb128 0xd
 1545 0047 00       		.byte	0
 1546 0048 03       		.uleb128 0x3
 1547 0049 0E       		.uleb128 0xe
 1548 004a 3A       		.uleb128 0x3a
 1549 004b 0B       		.uleb128 0xb
 1550 004c 3B       		.uleb128 0x3b
 1551 004d 0B       		.uleb128 0xb
 1552 004e 49       		.uleb128 0x49
 1553 004f 13       		.uleb128 0x13
 1554 0050 38       		.uleb128 0x38
 1555 0051 0B       		.uleb128 0xb
 1556 0052 00       		.byte	0
 1557 0053 00       		.byte	0
 1558 0054 07       		.uleb128 0x7
 1559 0055 0D       		.uleb128 0xd
 1560 0056 00       		.byte	0
 1561 0057 03       		.uleb128 0x3
 1562 0058 08       		.uleb128 0x8
 1563 0059 3A       		.uleb128 0x3a
 1564 005a 0B       		.uleb128 0xb
 1565 005b 3B       		.uleb128 0x3b
 1566 005c 05       		.uleb128 0x5
 1567 005d 49       		.uleb128 0x49
 1568 005e 13       		.uleb128 0x13
 1569 005f 38       		.uleb128 0x38
 1570 0060 0B       		.uleb128 0xb
 1571 0061 00       		.byte	0
 1572 0062 00       		.byte	0
 1573 0063 08       		.uleb128 0x8
 1574 0064 0D       		.uleb128 0xd
 1575 0065 00       		.byte	0
 1576 0066 03       		.uleb128 0x3
 1577 0067 0E       		.uleb128 0xe
 1578 0068 3A       		.uleb128 0x3a
 1579 0069 0B       		.uleb128 0xb
 1580 006a 3B       		.uleb128 0x3b
 1581 006b 05       		.uleb128 0x5
 1582 006c 49       		.uleb128 0x49
 1583 006d 13       		.uleb128 0x13
 1584 006e 38       		.uleb128 0x38
 1585 006f 0B       		.uleb128 0xb
 1586 0070 00       		.byte	0
 1587 0071 00       		.byte	0
 1588 0072 09       		.uleb128 0x9
 1589 0073 0F       		.uleb128 0xf
 1590 0074 00       		.byte	0
 1591 0075 0B       		.uleb128 0xb
 1592 0076 0B       		.uleb128 0xb
 1593 0077 49       		.uleb128 0x49
 1594 0078 13       		.uleb128 0x13
 1595 0079 00       		.byte	0
 1596 007a 00       		.byte	0
ARM GAS  /var/folders/m4/4md61f0s1_g0rzfghffqnxvr0000gn/T//ccHHwO7h.s 			page 29


 1597 007b 0A       		.uleb128 0xa
 1598 007c 13       		.uleb128 0x13
 1599 007d 01       		.byte	0x1
 1600 007e 03       		.uleb128 0x3
 1601 007f 0E       		.uleb128 0xe
 1602 0080 0B       		.uleb128 0xb
 1603 0081 0B       		.uleb128 0xb
 1604 0082 3A       		.uleb128 0x3a
 1605 0083 0B       		.uleb128 0xb
 1606 0084 3B       		.uleb128 0x3b
 1607 0085 05       		.uleb128 0x5
 1608 0086 01       		.uleb128 0x1
 1609 0087 13       		.uleb128 0x13
 1610 0088 00       		.byte	0
 1611 0089 00       		.byte	0
 1612 008a 0B       		.uleb128 0xb
 1613 008b 15       		.uleb128 0x15
 1614 008c 01       		.byte	0x1
 1615 008d 27       		.uleb128 0x27
 1616 008e 19       		.uleb128 0x19
 1617 008f 01       		.uleb128 0x1
 1618 0090 13       		.uleb128 0x13
 1619 0091 00       		.byte	0
 1620 0092 00       		.byte	0
 1621 0093 0C       		.uleb128 0xc
 1622 0094 05       		.uleb128 0x5
 1623 0095 00       		.byte	0
 1624 0096 49       		.uleb128 0x49
 1625 0097 13       		.uleb128 0x13
 1626 0098 00       		.byte	0
 1627 0099 00       		.byte	0
 1628 009a 0D       		.uleb128 0xd
 1629 009b 0F       		.uleb128 0xf
 1630 009c 00       		.byte	0
 1631 009d 0B       		.uleb128 0xb
 1632 009e 0B       		.uleb128 0xb
 1633 009f 00       		.byte	0
 1634 00a0 00       		.byte	0
 1635 00a1 0E       		.uleb128 0xe
 1636 00a2 13       		.uleb128 0x13
 1637 00a3 01       		.byte	0x1
 1638 00a4 03       		.uleb128 0x3
 1639 00a5 0E       		.uleb128 0xe
 1640 00a6 0B       		.uleb128 0xb
 1641 00a7 05       		.uleb128 0x5
 1642 00a8 3A       		.uleb128 0x3a
 1643 00a9 0B       		.uleb128 0xb
 1644 00aa 3B       		.uleb128 0x3b
 1645 00ab 05       		.uleb128 0x5
 1646 00ac 01       		.uleb128 0x1
 1647 00ad 13       		.uleb128 0x13
 1648 00ae 00       		.byte	0
 1649 00af 00       		.byte	0
 1650 00b0 0F       		.uleb128 0xf
 1651 00b1 0D       		.uleb128 0xd
 1652 00b2 00       		.byte	0
 1653 00b3 03       		.uleb128 0x3
ARM GAS  /var/folders/m4/4md61f0s1_g0rzfghffqnxvr0000gn/T//ccHHwO7h.s 			page 30


 1654 00b4 08       		.uleb128 0x8
 1655 00b5 3A       		.uleb128 0x3a
 1656 00b6 0B       		.uleb128 0xb
 1657 00b7 3B       		.uleb128 0x3b
 1658 00b8 0B       		.uleb128 0xb
 1659 00b9 49       		.uleb128 0x49
 1660 00ba 13       		.uleb128 0x13
 1661 00bb 38       		.uleb128 0x38
 1662 00bc 0B       		.uleb128 0xb
 1663 00bd 00       		.byte	0
 1664 00be 00       		.byte	0
 1665 00bf 10       		.uleb128 0x10
 1666 00c0 13       		.uleb128 0x13
 1667 00c1 01       		.byte	0x1
 1668 00c2 0B       		.uleb128 0xb
 1669 00c3 0B       		.uleb128 0xb
 1670 00c4 3A       		.uleb128 0x3a
 1671 00c5 0B       		.uleb128 0xb
 1672 00c6 3B       		.uleb128 0x3b
 1673 00c7 0B       		.uleb128 0xb
 1674 00c8 01       		.uleb128 0x1
 1675 00c9 13       		.uleb128 0x13
 1676 00ca 00       		.byte	0
 1677 00cb 00       		.byte	0
 1678 00cc 11       		.uleb128 0x11
 1679 00cd 17       		.uleb128 0x17
 1680 00ce 01       		.byte	0x1
 1681 00cf 0B       		.uleb128 0xb
 1682 00d0 0B       		.uleb128 0xb
 1683 00d1 3A       		.uleb128 0x3a
 1684 00d2 0B       		.uleb128 0xb
 1685 00d3 3B       		.uleb128 0x3b
 1686 00d4 0B       		.uleb128 0xb
 1687 00d5 01       		.uleb128 0x1
 1688 00d6 13       		.uleb128 0x13
 1689 00d7 00       		.byte	0
 1690 00d8 00       		.byte	0
 1691 00d9 12       		.uleb128 0x12
 1692 00da 0D       		.uleb128 0xd
 1693 00db 00       		.byte	0
 1694 00dc 03       		.uleb128 0x3
 1695 00dd 0E       		.uleb128 0xe
 1696 00de 3A       		.uleb128 0x3a
 1697 00df 0B       		.uleb128 0xb
 1698 00e0 3B       		.uleb128 0x3b
 1699 00e1 05       		.uleb128 0x5
 1700 00e2 49       		.uleb128 0x49
 1701 00e3 13       		.uleb128 0x13
 1702 00e4 00       		.byte	0
 1703 00e5 00       		.byte	0
 1704 00e6 13       		.uleb128 0x13
 1705 00e7 26       		.uleb128 0x26
 1706 00e8 00       		.byte	0
 1707 00e9 49       		.uleb128 0x49
 1708 00ea 13       		.uleb128 0x13
 1709 00eb 00       		.byte	0
 1710 00ec 00       		.byte	0
ARM GAS  /var/folders/m4/4md61f0s1_g0rzfghffqnxvr0000gn/T//ccHHwO7h.s 			page 31


 1711 00ed 14       		.uleb128 0x14
 1712 00ee 35       		.uleb128 0x35
 1713 00ef 00       		.byte	0
 1714 00f0 49       		.uleb128 0x49
 1715 00f1 13       		.uleb128 0x13
 1716 00f2 00       		.byte	0
 1717 00f3 00       		.byte	0
 1718 00f4 15       		.uleb128 0x15
 1719 00f5 01       		.uleb128 0x1
 1720 00f6 01       		.byte	0x1
 1721 00f7 49       		.uleb128 0x49
 1722 00f8 13       		.uleb128 0x13
 1723 00f9 01       		.uleb128 0x1
 1724 00fa 13       		.uleb128 0x13
 1725 00fb 00       		.byte	0
 1726 00fc 00       		.byte	0
 1727 00fd 16       		.uleb128 0x16
 1728 00fe 21       		.uleb128 0x21
 1729 00ff 00       		.byte	0
 1730 0100 49       		.uleb128 0x49
 1731 0101 13       		.uleb128 0x13
 1732 0102 2F       		.uleb128 0x2f
 1733 0103 0B       		.uleb128 0xb
 1734 0104 00       		.byte	0
 1735 0105 00       		.byte	0
 1736 0106 17       		.uleb128 0x17
 1737 0107 2E       		.uleb128 0x2e
 1738 0108 01       		.byte	0x1
 1739 0109 03       		.uleb128 0x3
 1740 010a 0E       		.uleb128 0xe
 1741 010b 3A       		.uleb128 0x3a
 1742 010c 0B       		.uleb128 0xb
 1743 010d 3B       		.uleb128 0x3b
 1744 010e 05       		.uleb128 0x5
 1745 010f 27       		.uleb128 0x27
 1746 0110 19       		.uleb128 0x19
 1747 0111 20       		.uleb128 0x20
 1748 0112 0B       		.uleb128 0xb
 1749 0113 01       		.uleb128 0x1
 1750 0114 13       		.uleb128 0x13
 1751 0115 00       		.byte	0
 1752 0116 00       		.byte	0
 1753 0117 18       		.uleb128 0x18
 1754 0118 05       		.uleb128 0x5
 1755 0119 00       		.byte	0
 1756 011a 03       		.uleb128 0x3
 1757 011b 0E       		.uleb128 0xe
 1758 011c 3A       		.uleb128 0x3a
 1759 011d 0B       		.uleb128 0xb
 1760 011e 3B       		.uleb128 0x3b
 1761 011f 05       		.uleb128 0x5
 1762 0120 49       		.uleb128 0x49
 1763 0121 13       		.uleb128 0x13
 1764 0122 00       		.byte	0
 1765 0123 00       		.byte	0
 1766 0124 19       		.uleb128 0x19
 1767 0125 2E       		.uleb128 0x2e
ARM GAS  /var/folders/m4/4md61f0s1_g0rzfghffqnxvr0000gn/T//ccHHwO7h.s 			page 32


 1768 0126 00       		.byte	0
 1769 0127 03       		.uleb128 0x3
 1770 0128 0E       		.uleb128 0xe
 1771 0129 3A       		.uleb128 0x3a
 1772 012a 0B       		.uleb128 0xb
 1773 012b 3B       		.uleb128 0x3b
 1774 012c 05       		.uleb128 0x5
 1775 012d 27       		.uleb128 0x27
 1776 012e 19       		.uleb128 0x19
 1777 012f 20       		.uleb128 0x20
 1778 0130 0B       		.uleb128 0xb
 1779 0131 00       		.byte	0
 1780 0132 00       		.byte	0
 1781 0133 1A       		.uleb128 0x1a
 1782 0134 34       		.uleb128 0x34
 1783 0135 00       		.byte	0
 1784 0136 03       		.uleb128 0x3
 1785 0137 0E       		.uleb128 0xe
 1786 0138 49       		.uleb128 0x49
 1787 0139 13       		.uleb128 0x13
 1788 013a 34       		.uleb128 0x34
 1789 013b 19       		.uleb128 0x19
 1790 013c 1C       		.uleb128 0x1c
 1791 013d 0E       		.uleb128 0xe
 1792 013e 00       		.byte	0
 1793 013f 00       		.byte	0
 1794 0140 1B       		.uleb128 0x1b
 1795 0141 2E       		.uleb128 0x2e
 1796 0142 01       		.byte	0x1
 1797 0143 3F       		.uleb128 0x3f
 1798 0144 19       		.uleb128 0x19
 1799 0145 03       		.uleb128 0x3
 1800 0146 0E       		.uleb128 0xe
 1801 0147 3A       		.uleb128 0x3a
 1802 0148 0B       		.uleb128 0xb
 1803 0149 3B       		.uleb128 0x3b
 1804 014a 0B       		.uleb128 0xb
 1805 014b 27       		.uleb128 0x27
 1806 014c 19       		.uleb128 0x19
 1807 014d 49       		.uleb128 0x49
 1808 014e 13       		.uleb128 0x13
 1809 014f 11       		.uleb128 0x11
 1810 0150 01       		.uleb128 0x1
 1811 0151 12       		.uleb128 0x12
 1812 0152 06       		.uleb128 0x6
 1813 0153 40       		.uleb128 0x40
 1814 0154 18       		.uleb128 0x18
 1815 0155 9742     		.uleb128 0x2117
 1816 0157 19       		.uleb128 0x19
 1817 0158 01       		.uleb128 0x1
 1818 0159 13       		.uleb128 0x13
 1819 015a 00       		.byte	0
 1820 015b 00       		.byte	0
 1821 015c 1C       		.uleb128 0x1c
 1822 015d 34       		.uleb128 0x34
 1823 015e 00       		.byte	0
 1824 015f 03       		.uleb128 0x3
ARM GAS  /var/folders/m4/4md61f0s1_g0rzfghffqnxvr0000gn/T//ccHHwO7h.s 			page 33


 1825 0160 08       		.uleb128 0x8
 1826 0161 3A       		.uleb128 0x3a
 1827 0162 0B       		.uleb128 0xb
 1828 0163 3B       		.uleb128 0x3b
 1829 0164 0B       		.uleb128 0xb
 1830 0165 49       		.uleb128 0x49
 1831 0166 13       		.uleb128 0x13
 1832 0167 02       		.uleb128 0x2
 1833 0168 18       		.uleb128 0x18
 1834 0169 00       		.byte	0
 1835 016a 00       		.byte	0
 1836 016b 1D       		.uleb128 0x1d
 1837 016c 1D       		.uleb128 0x1d
 1838 016d 01       		.byte	0x1
 1839 016e 31       		.uleb128 0x31
 1840 016f 13       		.uleb128 0x13
 1841 0170 11       		.uleb128 0x11
 1842 0171 01       		.uleb128 0x1
 1843 0172 12       		.uleb128 0x12
 1844 0173 06       		.uleb128 0x6
 1845 0174 58       		.uleb128 0x58
 1846 0175 0B       		.uleb128 0xb
 1847 0176 59       		.uleb128 0x59
 1848 0177 0B       		.uleb128 0xb
 1849 0178 01       		.uleb128 0x1
 1850 0179 13       		.uleb128 0x13
 1851 017a 00       		.byte	0
 1852 017b 00       		.byte	0
 1853 017c 1E       		.uleb128 0x1e
 1854 017d 1D       		.uleb128 0x1d
 1855 017e 01       		.byte	0x1
 1856 017f 31       		.uleb128 0x31
 1857 0180 13       		.uleb128 0x13
 1858 0181 11       		.uleb128 0x11
 1859 0182 01       		.uleb128 0x1
 1860 0183 12       		.uleb128 0x12
 1861 0184 06       		.uleb128 0x6
 1862 0185 58       		.uleb128 0x58
 1863 0186 0B       		.uleb128 0xb
 1864 0187 59       		.uleb128 0x59
 1865 0188 05       		.uleb128 0x5
 1866 0189 00       		.byte	0
 1867 018a 00       		.byte	0
 1868 018b 1F       		.uleb128 0x1f
 1869 018c 05       		.uleb128 0x5
 1870 018d 00       		.byte	0
 1871 018e 31       		.uleb128 0x31
 1872 018f 13       		.uleb128 0x13
 1873 0190 02       		.uleb128 0x2
 1874 0191 17       		.uleb128 0x17
 1875 0192 00       		.byte	0
 1876 0193 00       		.byte	0
 1877 0194 20       		.uleb128 0x20
 1878 0195 1D       		.uleb128 0x1d
 1879 0196 01       		.byte	0x1
 1880 0197 31       		.uleb128 0x31
 1881 0198 13       		.uleb128 0x13
ARM GAS  /var/folders/m4/4md61f0s1_g0rzfghffqnxvr0000gn/T//ccHHwO7h.s 			page 34


 1882 0199 11       		.uleb128 0x11
 1883 019a 01       		.uleb128 0x1
 1884 019b 12       		.uleb128 0x12
 1885 019c 06       		.uleb128 0x6
 1886 019d 58       		.uleb128 0x58
 1887 019e 0B       		.uleb128 0xb
 1888 019f 59       		.uleb128 0x59
 1889 01a0 0B       		.uleb128 0xb
 1890 01a1 00       		.byte	0
 1891 01a2 00       		.byte	0
 1892 01a3 21       		.uleb128 0x21
 1893 01a4 0B       		.uleb128 0xb
 1894 01a5 01       		.byte	0x1
 1895 01a6 11       		.uleb128 0x11
 1896 01a7 01       		.uleb128 0x1
 1897 01a8 12       		.uleb128 0x12
 1898 01a9 06       		.uleb128 0x6
 1899 01aa 00       		.byte	0
 1900 01ab 00       		.byte	0
 1901 01ac 22       		.uleb128 0x22
 1902 01ad 34       		.uleb128 0x34
 1903 01ae 00       		.byte	0
 1904 01af 31       		.uleb128 0x31
 1905 01b0 13       		.uleb128 0x13
 1906 01b1 00       		.byte	0
 1907 01b2 00       		.byte	0
 1908 01b3 23       		.uleb128 0x23
 1909 01b4 05       		.uleb128 0x5
 1910 01b5 00       		.byte	0
 1911 01b6 03       		.uleb128 0x3
 1912 01b7 08       		.uleb128 0x8
 1913 01b8 3A       		.uleb128 0x3a
 1914 01b9 0B       		.uleb128 0xb
 1915 01ba 3B       		.uleb128 0x3b
 1916 01bb 0B       		.uleb128 0xb
 1917 01bc 49       		.uleb128 0x49
 1918 01bd 13       		.uleb128 0x13
 1919 01be 02       		.uleb128 0x2
 1920 01bf 17       		.uleb128 0x17
 1921 01c0 00       		.byte	0
 1922 01c1 00       		.byte	0
 1923 01c2 24       		.uleb128 0x24
 1924 01c3 34       		.uleb128 0x34
 1925 01c4 00       		.byte	0
 1926 01c5 03       		.uleb128 0x3
 1927 01c6 08       		.uleb128 0x8
 1928 01c7 3A       		.uleb128 0x3a
 1929 01c8 0B       		.uleb128 0xb
 1930 01c9 3B       		.uleb128 0x3b
 1931 01ca 0B       		.uleb128 0xb
 1932 01cb 49       		.uleb128 0x49
 1933 01cc 13       		.uleb128 0x13
 1934 01cd 02       		.uleb128 0x2
 1935 01ce 17       		.uleb128 0x17
 1936 01cf 00       		.byte	0
 1937 01d0 00       		.byte	0
 1938 01d1 25       		.uleb128 0x25
ARM GAS  /var/folders/m4/4md61f0s1_g0rzfghffqnxvr0000gn/T//ccHHwO7h.s 			page 35


 1939 01d2 34       		.uleb128 0x34
 1940 01d3 00       		.byte	0
 1941 01d4 03       		.uleb128 0x3
 1942 01d5 0E       		.uleb128 0xe
 1943 01d6 49       		.uleb128 0x49
 1944 01d7 13       		.uleb128 0x13
 1945 01d8 34       		.uleb128 0x34
 1946 01d9 19       		.uleb128 0x19
 1947 01da 00       		.byte	0
 1948 01db 00       		.byte	0
 1949 01dc 26       		.uleb128 0x26
 1950 01dd 898201   		.uleb128 0x4109
 1951 01e0 01       		.byte	0x1
 1952 01e1 11       		.uleb128 0x11
 1953 01e2 01       		.uleb128 0x1
 1954 01e3 31       		.uleb128 0x31
 1955 01e4 13       		.uleb128 0x13
 1956 01e5 00       		.byte	0
 1957 01e6 00       		.byte	0
 1958 01e7 27       		.uleb128 0x27
 1959 01e8 8A8201   		.uleb128 0x410a
 1960 01eb 00       		.byte	0
 1961 01ec 02       		.uleb128 0x2
 1962 01ed 18       		.uleb128 0x18
 1963 01ee 9142     		.uleb128 0x2111
 1964 01f0 18       		.uleb128 0x18
 1965 01f1 00       		.byte	0
 1966 01f2 00       		.byte	0
 1967 01f3 28       		.uleb128 0x28
 1968 01f4 34       		.uleb128 0x34
 1969 01f5 00       		.byte	0
 1970 01f6 03       		.uleb128 0x3
 1971 01f7 0E       		.uleb128 0xe
 1972 01f8 3A       		.uleb128 0x3a
 1973 01f9 0B       		.uleb128 0xb
 1974 01fa 3B       		.uleb128 0x3b
 1975 01fb 05       		.uleb128 0x5
 1976 01fc 49       		.uleb128 0x49
 1977 01fd 13       		.uleb128 0x13
 1978 01fe 3F       		.uleb128 0x3f
 1979 01ff 19       		.uleb128 0x19
 1980 0200 3C       		.uleb128 0x3c
 1981 0201 19       		.uleb128 0x19
 1982 0202 00       		.byte	0
 1983 0203 00       		.byte	0
 1984 0204 29       		.uleb128 0x29
 1985 0205 34       		.uleb128 0x34
 1986 0206 00       		.byte	0
 1987 0207 03       		.uleb128 0x3
 1988 0208 08       		.uleb128 0x8
 1989 0209 3A       		.uleb128 0x3a
 1990 020a 0B       		.uleb128 0xb
 1991 020b 3B       		.uleb128 0x3b
 1992 020c 05       		.uleb128 0x5
 1993 020d 49       		.uleb128 0x49
 1994 020e 13       		.uleb128 0x13
 1995 020f 3F       		.uleb128 0x3f
ARM GAS  /var/folders/m4/4md61f0s1_g0rzfghffqnxvr0000gn/T//ccHHwO7h.s 			page 36


 1996 0210 19       		.uleb128 0x19
 1997 0211 3C       		.uleb128 0x3c
 1998 0212 19       		.uleb128 0x19
 1999 0213 00       		.byte	0
 2000 0214 00       		.byte	0
 2001 0215 2A       		.uleb128 0x2a
 2002 0216 34       		.uleb128 0x34
 2003 0217 00       		.byte	0
 2004 0218 03       		.uleb128 0x3
 2005 0219 0E       		.uleb128 0xe
 2006 021a 3A       		.uleb128 0x3a
 2007 021b 0B       		.uleb128 0xb
 2008 021c 3B       		.uleb128 0x3b
 2009 021d 0B       		.uleb128 0xb
 2010 021e 49       		.uleb128 0x49
 2011 021f 13       		.uleb128 0x13
 2012 0220 3F       		.uleb128 0x3f
 2013 0221 19       		.uleb128 0x19
 2014 0222 02       		.uleb128 0x2
 2015 0223 18       		.uleb128 0x18
 2016 0224 00       		.byte	0
 2017 0225 00       		.byte	0
 2018 0226 2B       		.uleb128 0x2b
 2019 0227 2E       		.uleb128 0x2e
 2020 0228 00       		.byte	0
 2021 0229 3F       		.uleb128 0x3f
 2022 022a 19       		.uleb128 0x19
 2023 022b 3C       		.uleb128 0x3c
 2024 022c 19       		.uleb128 0x19
 2025 022d 6E       		.uleb128 0x6e
 2026 022e 0E       		.uleb128 0xe
 2027 022f 03       		.uleb128 0x3
 2028 0230 0E       		.uleb128 0xe
 2029 0231 3A       		.uleb128 0x3a
 2030 0232 0B       		.uleb128 0xb
 2031 0233 3B       		.uleb128 0x3b
 2032 0234 0B       		.uleb128 0xb
 2033 0235 00       		.byte	0
 2034 0236 00       		.byte	0
 2035 0237 00       		.byte	0
 2036              		.section	.debug_loc,"",%progbits
 2037              	.Ldebug_loc0:
 2038              	.LLST0:
 2039 0000 00000000 		.4byte	.LVL0
 2040 0004 06000000 		.4byte	.LVL1
 2041 0008 0300     		.2byte	0x3
 2042 000a 08       		.byte	0x8
 2043 000b 20       		.byte	0x20
 2044 000c 9F       		.byte	0x9f
 2045 000d 00000000 		.4byte	0
 2046 0011 00000000 		.4byte	0
 2047              	.LLST1:
 2048 0015 10000000 		.4byte	.LVL3
 2049 0019 16000000 		.4byte	.LVL4
 2050 001d 0200     		.2byte	0x2
 2051 001f 30       		.byte	0x30
 2052 0020 9F       		.byte	0x9f
ARM GAS  /var/folders/m4/4md61f0s1_g0rzfghffqnxvr0000gn/T//ccHHwO7h.s 			page 37


 2053 0021 00000000 		.4byte	0
 2054 0025 00000000 		.4byte	0
 2055              	.LLST2:
 2056 0029 00000000 		.4byte	.LVL5
 2057 002d 21000000 		.4byte	.LVL10-1
 2058 0031 0100     		.2byte	0x1
 2059 0033 50       		.byte	0x50
 2060 0034 21000000 		.4byte	.LVL10-1
 2061 0038 2C000000 		.4byte	.LFE232
 2062 003c 0400     		.2byte	0x4
 2063 003e F3       		.byte	0xf3
 2064 003f 01       		.uleb128 0x1
 2065 0040 50       		.byte	0x50
 2066 0041 9F       		.byte	0x9f
 2067 0042 00000000 		.4byte	0
 2068 0046 00000000 		.4byte	0
 2069              	.LLST3:
 2070 004a 0C000000 		.4byte	.LVL7
 2071 004e 26000000 		.4byte	.LVL11
 2072 0052 0100     		.2byte	0x1
 2073 0054 54       		.byte	0x54
 2074 0055 26000000 		.4byte	.LVL11
 2075 0059 2C000000 		.4byte	.LFE232
 2076 005d 0100     		.2byte	0x1
 2077 005f 50       		.byte	0x50
 2078 0060 00000000 		.4byte	0
 2079 0064 00000000 		.4byte	0
 2080              	.LLST4:
 2081 0068 00000000 		.4byte	.LVL5
 2082 006c 08000000 		.4byte	.LVL6
 2083 0070 0300     		.2byte	0x3
 2084 0072 08       		.byte	0x8
 2085 0073 20       		.byte	0x20
 2086 0074 9F       		.byte	0x9f
 2087 0075 00000000 		.4byte	0
 2088 0079 00000000 		.4byte	0
 2089              	.LLST5:
 2090 007d 18000000 		.4byte	.LVL8
 2091 0081 1E000000 		.4byte	.LVL9
 2092 0085 0200     		.2byte	0x2
 2093 0087 30       		.byte	0x30
 2094 0088 9F       		.byte	0x9f
 2095 0089 00000000 		.4byte	0
 2096 008d 00000000 		.4byte	0
 2097              		.section	.debug_aranges,"",%progbits
 2098 0000 24000000 		.4byte	0x24
 2099 0004 0200     		.2byte	0x2
 2100 0006 00000000 		.4byte	.Ldebug_info0
 2101 000a 04       		.byte	0x4
 2102 000b 00       		.byte	0
 2103 000c 0000     		.2byte	0
 2104 000e 0000     		.2byte	0
 2105 0010 00000000 		.4byte	.LFB231
 2106 0014 1C000000 		.4byte	.LFE231-.LFB231
 2107 0018 00000000 		.4byte	.LFB232
 2108 001c 2C000000 		.4byte	.LFE232-.LFB232
 2109 0020 00000000 		.4byte	0
ARM GAS  /var/folders/m4/4md61f0s1_g0rzfghffqnxvr0000gn/T//ccHHwO7h.s 			page 38


 2110 0024 00000000 		.4byte	0
 2111              		.section	.debug_ranges,"",%progbits
 2112              	.Ldebug_ranges0:
 2113 0000 00000000 		.4byte	.LFB231
 2114 0004 1C000000 		.4byte	.LFE231
 2115 0008 00000000 		.4byte	.LFB232
 2116 000c 2C000000 		.4byte	.LFE232
 2117 0010 00000000 		.4byte	0
 2118 0014 00000000 		.4byte	0
 2119              		.section	.debug_line,"",%progbits
 2120              	.Ldebug_line0:
 2121 0000 7C030000 		.section	.debug_str,"MS",%progbits,1
 2121      02002003 
 2121      00000201 
 2121      FB0E0D00 
 2121      01010101 
 2122              	.LASF116:
 2123 0000 63665F6F 		.ascii	"cf_off_older\000"
 2123      66665F6F 
 2123      6C646572 
 2123      00
 2124              	.LASF56:
 2125 000d 72656164 		.ascii	"ready_list_t\000"
 2125      795F6C69 
 2125      73745F74 
 2125      00
 2126              	.LASF2:
 2127 001a 73697A65 		.ascii	"size_t\000"
 2127      5F7400
 2128              	.LASF91:
 2129 0021 7264796D 		.ascii	"rdymsg\000"
 2129      736700
 2130              	.LASF19:
 2131 0028 75696E74 		.ascii	"uint64_t\000"
 2131      36345F74 
 2131      00
 2132              	.LASF3:
 2133 0031 5F5F7569 		.ascii	"__uint8_t\000"
 2133      6E74385F 
 2133      7400
 2134              	.LASF88:
 2135 003b 706F7274 		.ascii	"port_intctx\000"
 2135      5F696E74 
 2135      63747800 
 2136              	.LASF75:
 2137 0047 73797374 		.ascii	"system_debug_t\000"
 2137      656D5F64 
 2137      65627567 
 2137      5F7400
 2138              	.LASF126:
 2139 0056 706F7274 		.ascii	"port_lock\000"
 2139      5F6C6F63 
 2139      6B00
 2140              	.LASF14:
 2141 0060 6C6F6E67 		.ascii	"long long unsigned int\000"
 2141      206C6F6E 
 2141      6720756E 
ARM GAS  /var/folders/m4/4md61f0s1_g0rzfghffqnxvr0000gn/T//ccHHwO7h.s 			page 39


 2141      7369676E 
 2141      65642069 
 2142              	.LASF112:
 2143 0077 63685F74 		.ascii	"ch_threadsize\000"
 2143      68726561 
 2143      6473697A 
 2143      6500
 2144              	.LASF92:
 2145 0085 65786974 		.ascii	"exitcode\000"
 2145      636F6465 
 2145      00
 2146              	.LASF82:
 2147 008e 6D61696E 		.ascii	"mainthread\000"
 2147      74687265 
 2147      616400
 2148              	.LASF131:
 2149 0099 63685265 		.ascii	"chRegFirstThread\000"
 2149      67466972 
 2149      73745468 
 2149      72656164 
 2149      00
 2150              	.LASF133:
 2151 00aa 49544D5F 		.ascii	"ITM_RxBuffer\000"
 2151      52784275 
 2151      66666572 
 2151      00
 2152              	.LASF55:
 2153 00b7 63685F74 		.ascii	"ch_threads_queue\000"
 2153      68726561 
 2153      64735F71 
 2153      75657565 
 2153      00
 2154              	.LASF33:
 2155 00c8 705F7072 		.ascii	"p_prio\000"
 2155      696F00
 2156              	.LASF119:
 2157 00cf 63665F6F 		.ascii	"cf_off_state\000"
 2157      66665F73 
 2157      74617465 
 2157      00
 2158              	.LASF12:
 2159 00dc 6C6F6E67 		.ascii	"long long int\000"
 2159      206C6F6E 
 2159      6720696E 
 2159      7400
 2160              	.LASF1:
 2161 00ea 7369676E 		.ascii	"signed char\000"
 2161      65642063 
 2161      68617200 
 2162              	.LASF136:
 2163 00f6 43686962 		.ascii	"ChibiOS_16.1.4/os/rt/src/chregistry.c\000"
 2163      694F535F 
 2163      31362E31 
 2163      2E342F6F 
 2163      732F7274 
 2164              	.LASF118:
 2165 011c 63665F6F 		.ascii	"cf_off_stklimit\000"
ARM GAS  /var/folders/m4/4md61f0s1_g0rzfghffqnxvr0000gn/T//ccHHwO7h.s 			page 40


 2165      66665F73 
 2165      746B6C69 
 2165      6D697400 
 2166              	.LASF120:
 2167 012c 63665F6F 		.ascii	"cf_off_flags\000"
 2167      66665F66 
 2167      6C616773 
 2167      00
 2168              	.LASF49:
 2169 0139 705F6D70 		.ascii	"p_mpool\000"
 2169      6F6F6C00 
 2170              	.LASF102:
 2171 0141 6D5F7175 		.ascii	"m_queue\000"
 2171      65756500 
 2172              	.LASF81:
 2173 0149 76746C69 		.ascii	"vtlist\000"
 2173      737400
 2174              	.LASF127:
 2175 0150 706F7274 		.ascii	"port_unlock\000"
 2175      5F756E6C 
 2175      6F636B00 
 2176              	.LASF24:
 2177 015c 74736C69 		.ascii	"tslices_t\000"
 2177      6365735F 
 2177      7400
 2178              	.LASF94:
 2179 0166 77747472 		.ascii	"wttrp\000"
 2179      7000
 2180              	.LASF79:
 2181 016c 63685F73 		.ascii	"ch_system\000"
 2181      79737465 
 2181      6D00
 2182              	.LASF9:
 2183 0176 6C6F6E67 		.ascii	"long int\000"
 2183      20696E74 
 2183      00
 2184              	.LASF22:
 2185 017f 74737461 		.ascii	"tstate_t\000"
 2185      74655F74 
 2185      00
 2186              	.LASF124:
 2187 0188 63686465 		.ascii	"chdebug_t\000"
 2187      6275675F 
 2187      7400
 2188              	.LASF35:
 2189 0192 705F6E65 		.ascii	"p_newer\000"
 2189      77657200 
 2190              	.LASF99:
 2191 019a 735F7175 		.ascii	"s_queue\000"
 2191      65756500 
 2192              	.LASF61:
 2193 01a2 725F6E65 		.ascii	"r_newer\000"
 2193      77657200 
 2194              	.LASF85:
 2195 01aa 72656761 		.ascii	"regarm_t\000"
 2195      726D5F74 
 2195      00
ARM GAS  /var/folders/m4/4md61f0s1_g0rzfghffqnxvr0000gn/T//ccHHwO7h.s 			page 41


 2196              	.LASF68:
 2197 01b3 76745F70 		.ascii	"vt_prev\000"
 2197      72657600 
 2198              	.LASF125:
 2199 01bb 6D757465 		.ascii	"mutex_t\000"
 2199      785F7400 
 2200              	.LASF138:
 2201 01c3 76616C75 		.ascii	"value\000"
 2201      6500
 2202              	.LASF83:
 2203 01c9 69646C65 		.ascii	"idle_thread_wa\000"
 2203      5F746872 
 2203      6561645F 
 2203      776100
 2204              	.LASF28:
 2205 01d8 636E745F 		.ascii	"cnt_t\000"
 2205      7400
 2206              	.LASF0:
 2207 01de 756E7369 		.ascii	"unsigned int\000"
 2207      676E6564 
 2207      20696E74 
 2207      00
 2208              	.LASF67:
 2209 01eb 76745F6E 		.ascii	"vt_next\000"
 2209      65787400 
 2210              	.LASF16:
 2211 01f3 75696E74 		.ascii	"uint16_t\000"
 2211      31365F74 
 2211      00
 2212              	.LASF42:
 2213 01fc 705F7469 		.ascii	"p_time\000"
 2213      6D6500
 2214              	.LASF95:
 2215 0203 77747365 		.ascii	"wtsemp\000"
 2215      6D7000
 2216              	.LASF69:
 2217 020a 76745F64 		.ascii	"vt_delta\000"
 2217      656C7461 
 2217      00
 2218              	.LASF44:
 2219 0213 705F6D73 		.ascii	"p_msgqueue\000"
 2219      67717565 
 2219      756500
 2220              	.LASF134:
 2221 021e 63685F64 		.ascii	"ch_debug\000"
 2221      65627567 
 2221      00
 2222              	.LASF100:
 2223 0227 735F636E 		.ascii	"s_cnt\000"
 2223      7400
 2224              	.LASF7:
 2225 022d 73686F72 		.ascii	"short unsigned int\000"
 2225      7420756E 
 2225      7369676E 
 2225      65642069 
 2225      6E7400
 2226              	.LASF52:
ARM GAS  /var/folders/m4/4md61f0s1_g0rzfghffqnxvr0000gn/T//ccHHwO7h.s 			page 42


 2227 0240 63685F74 		.ascii	"ch_thread\000"
 2227      68726561 
 2227      6400
 2228              	.LASF26:
 2229 024a 6D73675F 		.ascii	"msg_t\000"
 2229      7400
 2230              	.LASF137:
 2231 0250 2F557365 		.ascii	"/Users/raphael/Documents/Projects/rESC/resc-firmwar"
 2231      72732F72 
 2231      61706861 
 2231      656C2F44 
 2231      6F63756D 
 2232 0283 6500     		.ascii	"e\000"
 2233              	.LASF78:
 2234 0285 63685F73 		.ascii	"ch_system_t\000"
 2234      79737465 
 2234      6D5F7400 
 2235              	.LASF123:
 2236 0291 63665F6F 		.ascii	"cf_off_time\000"
 2236      66665F74 
 2236      696D6500 
 2237              	.LASF57:
 2238 029d 63685F72 		.ascii	"ch_ready_list\000"
 2238      65616479 
 2238      5F6C6973 
 2238      7400
 2239              	.LASF27:
 2240 02ab 6576656E 		.ascii	"eventmask_t\000"
 2240      746D6173 
 2240      6B5F7400 
 2241              	.LASF8:
 2242 02b7 5F5F696E 		.ascii	"__int32_t\000"
 2242      7433325F 
 2242      7400
 2243              	.LASF72:
 2244 02c1 76697274 		.ascii	"virtual_timers_list_t\000"
 2244      75616C5F 
 2244      74696D65 
 2244      72735F6C 
 2244      6973745F 
 2245              	.LASF86:
 2246 02d7 73746B61 		.ascii	"stkalign_t\000"
 2246      6C69676E 
 2246      5F7400
 2247              	.LASF51:
 2248 02e2 74687265 		.ascii	"threads_list_t\000"
 2248      6164735F 
 2248      6C697374 
 2248      5F7400
 2249              	.LASF107:
 2250 02f1 63685F7A 		.ascii	"ch_zero\000"
 2250      65726F00 
 2251              	.LASF121:
 2252 02f9 63665F6F 		.ascii	"cf_off_refs\000"
 2252      66665F72 
 2252      65667300 
 2253              	.LASF43:
ARM GAS  /var/folders/m4/4md61f0s1_g0rzfghffqnxvr0000gn/T//ccHHwO7h.s 			page 43


 2254 0305 705F7761 		.ascii	"p_waiting\000"
 2254      6974696E 
 2254      6700
 2255              	.LASF84:
 2256 030f 73697A65 		.ascii	"sizetype\000"
 2256      74797065 
 2256      00
 2257              	.LASF73:
 2258 0318 63685F76 		.ascii	"ch_virtual_timers_list\000"
 2258      69727475 
 2258      616C5F74 
 2258      696D6572 
 2258      735F6C69 
 2259              	.LASF111:
 2260 032f 63685F74 		.ascii	"ch_timesize\000"
 2260      696D6573 
 2260      697A6500 
 2261              	.LASF117:
 2262 033b 63665F6F 		.ascii	"cf_off_name\000"
 2262      66665F6E 
 2262      616D6500 
 2263              	.LASF36:
 2264 0347 705F6F6C 		.ascii	"p_older\000"
 2264      64657200 
 2265              	.LASF60:
 2266 034f 725F6374 		.ascii	"r_ctx\000"
 2266      7800
 2267              	.LASF34:
 2268 0355 705F6374 		.ascii	"p_ctx\000"
 2268      7800
 2269              	.LASF90:
 2270 035b 746D5F63 		.ascii	"tm_calibration_t\000"
 2270      616C6962 
 2270      72617469 
 2270      6F6E5F74 
 2270      00
 2271              	.LASF63:
 2272 036c 725F6375 		.ascii	"r_current\000"
 2272      7272656E 
 2272      7400
 2273              	.LASF62:
 2274 0376 725F6F6C 		.ascii	"r_older\000"
 2274      64657200 
 2275              	.LASF13:
 2276 037e 5F5F7569 		.ascii	"__uint64_t\000"
 2276      6E743634 
 2276      5F7400
 2277              	.LASF23:
 2278 0389 74726566 		.ascii	"trefs_t\000"
 2278      735F7400 
 2279              	.LASF110:
 2280 0391 63685F70 		.ascii	"ch_ptrsize\000"
 2280      74727369 
 2280      7A6500
 2281              	.LASF65:
 2282 039c 76697274 		.ascii	"virtual_timer_t\000"
 2282      75616C5F 
ARM GAS  /var/folders/m4/4md61f0s1_g0rzfghffqnxvr0000gn/T//ccHHwO7h.s 			page 44


 2282      74696D65 
 2282      725F7400 
 2283              	.LASF32:
 2284 03ac 705F7072 		.ascii	"p_prev\000"
 2284      657600
 2285              	.LASF25:
 2286 03b3 74707269 		.ascii	"tprio_t\000"
 2286      6F5F7400 
 2287              	.LASF76:
 2288 03bb 63685F73 		.ascii	"ch_system_debug\000"
 2288      79737465 
 2288      6D5F6465 
 2288      62756700 
 2289              	.LASF17:
 2290 03cb 696E7433 		.ascii	"int32_t\000"
 2290      325F7400 
 2291              	.LASF4:
 2292 03d3 756E7369 		.ascii	"unsigned char\000"
 2292      676E6564 
 2292      20636861 
 2292      7200
 2293              	.LASF47:
 2294 03e1 705F6D74 		.ascii	"p_mtxlist\000"
 2294      786C6973 
 2294      7400
 2295              	.LASF5:
 2296 03eb 73686F72 		.ascii	"short int\000"
 2296      7420696E 
 2296      7400
 2297              	.LASF38:
 2298 03f5 705F7374 		.ascii	"p_state\000"
 2298      61746500 
 2299              	.LASF41:
 2300 03fd 705F7072 		.ascii	"p_preempt\000"
 2300      65656D70 
 2300      7400
 2301              	.LASF59:
 2302 0407 725F7072 		.ascii	"r_prio\000"
 2302      696F00
 2303              	.LASF97:
 2304 040e 65776D61 		.ascii	"ewmask\000"
 2304      736B00
 2305              	.LASF31:
 2306 0415 705F6E65 		.ascii	"p_next\000"
 2306      787400
 2307              	.LASF21:
 2308 041c 746D6F64 		.ascii	"tmode_t\000"
 2308      655F7400 
 2309              	.LASF122:
 2310 0424 63665F6F 		.ascii	"cf_off_preempt\000"
 2310      66665F70 
 2310      7265656D 
 2310      707400
 2311              	.LASF39:
 2312 0433 705F666C 		.ascii	"p_flags\000"
 2312      61677300 
 2313              	.LASF139:
ARM GAS  /var/folders/m4/4md61f0s1_g0rzfghffqnxvr0000gn/T//ccHHwO7h.s 			page 45


 2314 043b 5F5F6675 		.ascii	"__func__\000"
 2314      6E635F5F 
 2314      00
 2315              	.LASF130:
 2316 0444 63685379 		.ascii	"chSysLock\000"
 2316      734C6F63 
 2316      6B00
 2317              	.LASF140:
 2318 044e 63685468 		.ascii	"chThdRelease\000"
 2318      6452656C 
 2318      65617365 
 2318      00
 2319              	.LASF54:
 2320 045b 74687265 		.ascii	"threads_queue_t\000"
 2320      6164735F 
 2320      71756575 
 2320      655F7400 
 2321              	.LASF66:
 2322 046b 63685F76 		.ascii	"ch_virtual_timer\000"
 2322      69727475 
 2322      616C5F74 
 2322      696D6572 
 2322      00
 2323              	.LASF115:
 2324 047c 63665F6F 		.ascii	"cf_off_newer\000"
 2324      66665F6E 
 2324      65776572 
 2324      00
 2325              	.LASF98:
 2326 0489 63685F73 		.ascii	"ch_semaphore\000"
 2326      656D6170 
 2326      686F7265 
 2326      00
 2327              	.LASF46:
 2328 0496 705F6570 		.ascii	"p_epending\000"
 2328      656E6469 
 2328      6E6700
 2329              	.LASF18:
 2330 04a1 75696E74 		.ascii	"uint32_t\000"
 2330      33325F74 
 2330      00
 2331              	.LASF113:
 2332 04aa 63665F6F 		.ascii	"cf_off_prio\000"
 2332      66665F70 
 2332      72696F00 
 2333              	.LASF58:
 2334 04b6 725F7175 		.ascii	"r_queue\000"
 2334      65756500 
 2335              	.LASF53:
 2336 04be 63685F74 		.ascii	"ch_threads_list\000"
 2336      68726561 
 2336      64735F6C 
 2336      69737400 
 2337              	.LASF108:
 2338 04ce 63685F73 		.ascii	"ch_size\000"
 2338      697A6500 
 2339              	.LASF11:
ARM GAS  /var/folders/m4/4md61f0s1_g0rzfghffqnxvr0000gn/T//ccHHwO7h.s 			page 46


 2340 04d6 6C6F6E67 		.ascii	"long unsigned int\000"
 2340      20756E73 
 2340      69676E65 
 2340      6420696E 
 2340      7400
 2341              	.LASF105:
 2342 04e8 63686172 		.ascii	"char\000"
 2342      00
 2343              	.LASF132:
 2344 04ed 63685265 		.ascii	"chRegNextThread\000"
 2344      674E6578 
 2344      74546872 
 2344      65616400 
 2345              	.LASF135:
 2346 04fd 474E5520 		.ascii	"GNU C99 5.2.1 20151202 (release) [ARM/embedded-5-br"
 2346      43393920 
 2346      352E322E 
 2346      31203230 
 2346      31353132 
 2347 0530 616E6368 		.ascii	"anch revision 231848] -mcpu=cortex-m4 -mfloat-abi=h"
 2347      20726576 
 2347      6973696F 
 2347      6E203233 
 2347      31383438 
 2348 0563 61726420 		.ascii	"ard -mfpu=fpv4-sp-d16 -mno-thumb-interwork -mthumb "
 2348      2D6D6670 
 2348      753D6670 
 2348      76342D73 
 2348      702D6431 
 2349 0596 2D676764 		.ascii	"-ggdb -O2 -std=c99 -fomit-frame-pointer -falign-fun"
 2349      62202D4F 
 2349      32202D73 
 2349      74643D63 
 2349      3939202D 
 2350 05c9 6374696F 		.ascii	"ctions=16 -ffunction-sections -fdata-sections -fno-"
 2350      6E733D31 
 2350      36202D66 
 2350      66756E63 
 2350      74696F6E 
 2351 05fc 636F6D6D 		.ascii	"common\000"
 2351      6F6E00
 2352              	.LASF96:
 2353 0603 77746D74 		.ascii	"wtmtxp\000"
 2353      787000
 2354              	.LASF6:
 2355 060a 5F5F7569 		.ascii	"__uint16_t\000"
 2355      6E743136 
 2355      5F7400
 2356              	.LASF30:
 2357 0615 74687265 		.ascii	"thread_t\000"
 2357      61645F74 
 2357      00
 2358              	.LASF104:
 2359 061e 6D5F6E65 		.ascii	"m_next\000"
 2359      787400
 2360              	.LASF29:
 2361 0625 73797374 		.ascii	"systime_t\000"
ARM GAS  /var/folders/m4/4md61f0s1_g0rzfghffqnxvr0000gn/T//ccHHwO7h.s 			page 47


 2361      696D655F 
 2361      7400
 2362              	.LASF48:
 2363 062f 705F7265 		.ascii	"p_realprio\000"
 2363      616C7072 
 2363      696F00
 2364              	.LASF64:
 2365 063a 76746675 		.ascii	"vtfunc_t\000"
 2365      6E635F74 
 2365      00
 2366              	.LASF10:
 2367 0643 5F5F7569 		.ascii	"__uint32_t\000"
 2367      6E743332 
 2367      5F7400
 2368              	.LASF128:
 2369 064e 5F5F7365 		.ascii	"__set_BASEPRI\000"
 2369      745F4241 
 2369      53455052 
 2369      4900
 2370              	.LASF77:
 2371 065c 70616E69 		.ascii	"panic_msg\000"
 2371      635F6D73 
 2371      6700
 2372              	.LASF89:
 2373 0666 6F666673 		.ascii	"offset\000"
 2373      657400
 2374              	.LASF87:
 2375 066d 636F6E74 		.ascii	"context\000"
 2375      65787400 
 2376              	.LASF45:
 2377 0675 705F6D73 		.ascii	"p_msg\000"
 2377      6700
 2378              	.LASF20:
 2379 067b 7274636E 		.ascii	"rtcnt_t\000"
 2379      745F7400 
 2380              	.LASF71:
 2381 0683 76745F70 		.ascii	"vt_par\000"
 2381      617200
 2382              	.LASF114:
 2383 068a 63665F6F 		.ascii	"cf_off_ctx\000"
 2383      66665F63 
 2383      747800
 2384              	.LASF101:
 2385 0695 63685F6D 		.ascii	"ch_mutex\000"
 2385      75746578 
 2385      00
 2386              	.LASF40:
 2387 069e 705F7265 		.ascii	"p_refs\000"
 2387      667300
 2388              	.LASF80:
 2389 06a5 726C6973 		.ascii	"rlist\000"
 2389      7400
 2390              	.LASF15:
 2391 06ab 75696E74 		.ascii	"uint8_t\000"
 2391      385F7400 
 2392              	.LASF50:
 2393 06b3 74687265 		.ascii	"thread_reference_t\000"
ARM GAS  /var/folders/m4/4md61f0s1_g0rzfghffqnxvr0000gn/T//ccHHwO7h.s 			page 48


 2393      61645F72 
 2393      65666572 
 2393      656E6365 
 2393      5F7400
 2394              	.LASF93:
 2395 06c6 77746F62 		.ascii	"wtobjp\000"
 2395      6A7000
 2396              	.LASF37:
 2397 06cd 705F6E61 		.ascii	"p_name\000"
 2397      6D6500
 2398              	.LASF74:
 2399 06d4 76745F73 		.ascii	"vt_systime\000"
 2399      79737469 
 2399      6D6500
 2400              	.LASF129:
 2401 06df 63685379 		.ascii	"chSysUnlock\000"
 2401      73556E6C 
 2401      6F636B00 
 2402              	.LASF109:
 2403 06eb 63685F76 		.ascii	"ch_version\000"
 2403      65727369 
 2403      6F6E00
 2404              	.LASF103:
 2405 06f6 6D5F6F77 		.ascii	"m_owner\000"
 2405      6E657200 
 2406              	.LASF106:
 2407 06fe 63685F69 		.ascii	"ch_identifier\000"
 2407      64656E74 
 2407      69666965 
 2407      7200
 2408              	.LASF70:
 2409 070c 76745F66 		.ascii	"vt_func\000"
 2409      756E6300 
 2410              		.ident	"GCC: (GNU Tools for ARM Embedded Processors) 5.2.1 20151202 (release) [ARM/embedded-5-bran
ARM GAS  /var/folders/m4/4md61f0s1_g0rzfghffqnxvr0000gn/T//ccHHwO7h.s 			page 49


DEFINED SYMBOLS
                            *ABS*:0000000000000000 chregistry.c
/var/folders/m4/4md61f0s1_g0rzfghffqnxvr0000gn/T//ccHHwO7h.s:22     .text.chRegFirstThread:0000000000000000 $t
/var/folders/m4/4md61f0s1_g0rzfghffqnxvr0000gn/T//ccHHwO7h.s:28     .text.chRegFirstThread:0000000000000000 chRegFirstThread
/var/folders/m4/4md61f0s1_g0rzfghffqnxvr0000gn/T//ccHHwO7h.s:88     .text.chRegFirstThread:0000000000000018 $d
/var/folders/m4/4md61f0s1_g0rzfghffqnxvr0000gn/T//ccHHwO7h.s:93     .text.chRegNextThread:0000000000000000 $t
/var/folders/m4/4md61f0s1_g0rzfghffqnxvr0000gn/T//ccHHwO7h.s:99     .text.chRegNextThread:0000000000000000 chRegNextThread
/var/folders/m4/4md61f0s1_g0rzfghffqnxvr0000gn/T//ccHHwO7h.s:171    .text.chRegNextThread:0000000000000028 $d
/var/folders/m4/4md61f0s1_g0rzfghffqnxvr0000gn/T//ccHHwO7h.s:180    .rodata.ch_debug:0000000000000000 ch_debug
/var/folders/m4/4md61f0s1_g0rzfghffqnxvr0000gn/T//ccHHwO7h.s:177    .rodata.ch_debug:0000000000000000 $d
                     .debug_frame:0000000000000010 $d

UNDEFINED SYMBOLS
ch
chThdRelease
