ARM GAS  /var/folders/m4/4md61f0s1_g0rzfghffqnxvr0000gn/T//ccGOGqOj.s 			page 1


   1              		.syntax unified
   2              		.cpu cortex-m4
   3              		.eabi_attribute 27, 1
   4              		.eabi_attribute 28, 1
   5              		.fpu fpv4-sp-d16
   6              		.eabi_attribute 20, 1
   7              		.eabi_attribute 21, 1
   8              		.eabi_attribute 23, 3
   9              		.eabi_attribute 24, 1
  10              		.eabi_attribute 25, 1
  11              		.eabi_attribute 26, 1
  12              		.eabi_attribute 30, 2
  13              		.eabi_attribute 34, 1
  14              		.eabi_attribute 18, 4
  15              		.thumb
  16              		.syntax unified
  17              		.file	"chvt.c"
  18              		.text
  19              	.Ltext0:
  20              		.cfi_sections	.debug_frame
  21              		.section	.text._vt_init,"ax",%progbits
  22              		.align	2
  23              		.p2align 4,,15
  24              		.global	_vt_init
  25              		.thumb
  26              		.thumb_func
  27              		.type	_vt_init, %function
  28              	_vt_init:
  29              	.LFB231:
  30              		.file 1 "ChibiOS_16.1.4/os/rt/src/chvt.c"
  31              		.loc 1 61 0
  32              		.cfi_startproc
  33              		@ args = 0, pretend = 0, frame = 0
  34              		@ frame_needed = 0, uses_anonymous_args = 0
  35              		@ link register save eliminated.
  36              		.loc 1 63 0
  37 0000 054B     		ldr	r3, .L2
  38              		.loc 1 65 0
  39 0002 4FF0FF30 		mov	r0, #-1
  40              		.loc 1 63 0
  41 0006 03F11C02 		add	r2, r3, #28
  42              		.loc 1 67 0
  43 000a 0021     		movs	r1, #0
  44              		.loc 1 65 0
  45 000c 5862     		str	r0, [r3, #36]
  46              		.loc 1 67 0
  47 000e 9962     		str	r1, [r3, #40]
  48              		.loc 1 63 0
  49 0010 DA61     		str	r2, [r3, #28]
  50              		.loc 1 64 0
  51 0012 1A62     		str	r2, [r3, #32]
  52 0014 7047     		bx	lr
  53              	.L3:
  54 0016 00BF     		.align	2
  55              	.L2:
  56 0018 00000000 		.word	ch
  57              		.cfi_endproc
ARM GAS  /var/folders/m4/4md61f0s1_g0rzfghffqnxvr0000gn/T//ccGOGqOj.s 			page 2


  58              	.LFE231:
  59              		.size	_vt_init, .-_vt_init
  60              		.section	.text.chVTDoSetI,"ax",%progbits
  61              		.align	2
  62              		.p2align 4,,15
  63              		.global	chVTDoSetI
  64              		.thumb
  65              		.thumb_func
  66              		.type	chVTDoSetI, %function
  67              	chVTDoSetI:
  68              	.LFB232:
  69              		.loc 1 96 0
  70              		.cfi_startproc
  71              		@ args = 0, pretend = 0, frame = 0
  72              		@ frame_needed = 0, uses_anonymous_args = 0
  73              		@ link register save eliminated.
  74              	.LVL0:
  75 0000 70B4     		push	{r4, r5, r6}
  76              		.cfi_def_cfa_offset 12
  77              		.cfi_offset 4, -12
  78              		.cfi_offset 5, -8
  79              		.cfi_offset 6, -4
  80              		.loc 1 150 0
  81 0002 0D4E     		ldr	r6, .L10
  82 0004 F469     		ldr	r4, [r6, #28]
  83              		.loc 1 151 0
  84 0006 A568     		ldr	r5, [r4, #8]
  85              		.loc 1 103 0
  86 0008 0361     		str	r3, [r0, #16]
  87              		.loc 1 151 0
  88 000a A942     		cmp	r1, r5
  89              		.loc 1 104 0
  90 000c C260     		str	r2, [r0, #12]
  91              	.LVL1:
  92              		.loc 1 151 0
  93 000e 04D9     		bls	.L5
  94              	.LVL2:
  95              	.L6:
  96              		.loc 1 153 0
  97 0010 2468     		ldr	r4, [r4]
  98              	.LVL3:
  99              		.loc 1 152 0
 100 0012 491B     		subs	r1, r1, r5
 101              	.LVL4:
 102              		.loc 1 151 0
 103 0014 A568     		ldr	r5, [r4, #8]
 104 0016 8D42     		cmp	r5, r1
 105 0018 FAD3     		bcc	.L6
 106              	.L5:
 107              		.loc 1 158 0
 108 001a 6368     		ldr	r3, [r4, #4]
 109              	.LVL5:
 110 001c 4360     		str	r3, [r0, #4]
 111              		.loc 1 157 0
 112 001e 0460     		str	r4, [r0]
 113              		.loc 1 159 0
 114 0020 1860     		str	r0, [r3]
ARM GAS  /var/folders/m4/4md61f0s1_g0rzfghffqnxvr0000gn/T//ccGOGqOj.s 			page 3


 115              		.loc 1 160 0
 116 0022 6060     		str	r0, [r4, #4]
 117              		.loc 1 161 0
 118 0024 8160     		str	r1, [r0, #8]
 119              		.loc 1 165 0
 120 0026 A368     		ldr	r3, [r4, #8]
 121              		.loc 1 166 0
 122 0028 4FF0FF32 		mov	r2, #-1
 123              	.LVL6:
 124              		.loc 1 165 0
 125 002c 591A     		subs	r1, r3, r1
 126              	.LVL7:
 127 002e A160     		str	r1, [r4, #8]
 128              	.LVL8:
 129              		.loc 1 166 0
 130 0030 7262     		str	r2, [r6, #36]
 131              		.loc 1 167 0
 132 0032 70BC     		pop	{r4, r5, r6}
 133              		.cfi_restore 6
 134              		.cfi_restore 5
 135              		.cfi_restore 4
 136              		.cfi_def_cfa_offset 0
 137              	.LVL9:
 138 0034 7047     		bx	lr
 139              	.L11:
 140 0036 00BF     		.align	2
 141              	.L10:
 142 0038 00000000 		.word	ch
 143              		.cfi_endproc
 144              	.LFE232:
 145              		.size	chVTDoSetI, .-chVTDoSetI
 146              		.section	.text.chVTDoResetI,"ax",%progbits
 147              		.align	2
 148              		.p2align 4,,15
 149              		.global	chVTDoResetI
 150              		.thumb
 151              		.thumb_func
 152              		.type	chVTDoResetI, %function
 153              	chVTDoResetI:
 154              	.LFB233:
 155              		.loc 1 177 0
 156              		.cfi_startproc
 157              		@ args = 0, pretend = 0, frame = 0
 158              		@ frame_needed = 0, uses_anonymous_args = 0
 159              		@ link register save eliminated.
 160              	.LVL10:
 161              		.loc 1 186 0
 162 0000 0368     		ldr	r3, [r0]
 163 0002 8268     		ldr	r2, [r0, #8]
 164              		.loc 1 189 0
 165 0004 4168     		ldr	r1, [r0, #4]
 166              		.loc 1 177 0
 167 0006 30B4     		push	{r4, r5}
 168              		.cfi_def_cfa_offset 8
 169              		.cfi_offset 4, -8
 170              		.cfi_offset 5, -4
 171              		.loc 1 186 0
ARM GAS  /var/folders/m4/4md61f0s1_g0rzfghffqnxvr0000gn/T//ccGOGqOj.s 			page 4


 172 0008 9D68     		ldr	r5, [r3, #8]
 173              		.loc 1 195 0
 174 000a 064C     		ldr	r4, .L14
 175              		.loc 1 186 0
 176 000c 2A44     		add	r2, r2, r5
 177 000e 9A60     		str	r2, [r3, #8]
 178              		.loc 1 189 0
 179 0010 0B60     		str	r3, [r1]
 180              		.loc 1 190 0
 181 0012 0568     		ldr	r5, [r0]
 182              		.loc 1 191 0
 183 0014 0022     		movs	r2, #0
 184              		.loc 1 195 0
 185 0016 4FF0FF33 		mov	r3, #-1
 186              		.loc 1 190 0
 187 001a 6960     		str	r1, [r5, #4]
 188              		.loc 1 191 0
 189 001c C260     		str	r2, [r0, #12]
 190              		.loc 1 195 0
 191 001e 6362     		str	r3, [r4, #36]
 192              		.loc 1 255 0
 193 0020 30BC     		pop	{r4, r5}
 194              		.cfi_restore 5
 195              		.cfi_restore 4
 196              		.cfi_def_cfa_offset 0
 197 0022 7047     		bx	lr
 198              	.L15:
 199              		.align	2
 200              	.L14:
 201 0024 00000000 		.word	ch
 202              		.cfi_endproc
 203              	.LFE233:
 204              		.size	chVTDoResetI, .-chVTDoResetI
 205              		.text
 206              	.Letext0:
 207              		.file 2 "/opt/homebrew-cask/Caskroom/gcc-arm-embedded/5_2-2015q4,20151219/gcc-arm-none-eabi-5_2-20
 208              		.file 3 "/opt/homebrew-cask/Caskroom/gcc-arm-embedded/5_2-2015q4,20151219/gcc-arm-none-eabi-5_2-20
 209              		.file 4 "ChibiOS_16.1.4/os/rt/ports/ARMCMx/compilers/GCC/chtypes.h"
 210              		.file 5 "ChibiOS_16.1.4/os/rt/include/chsystypes.h"
 211              		.file 6 "ChibiOS_16.1.4/os/rt/include/chschd.h"
 212              		.file 7 "ChibiOS_16.1.4/os/rt/ports/ARMCMx/chcore.h"
 213              		.file 8 "ChibiOS_16.1.4/os/rt/ports/ARMCMx/chcore_v7m.h"
 214              		.file 9 "ChibiOS_16.1.4/os/rt/include/chtm.h"
 215              		.file 10 "ChibiOS_16.1.4/os/rt/include/chsem.h"
 216              		.file 11 "ChibiOS_16.1.4/os/rt/include/chmtx.h"
 217              		.file 12 "ChibiOS_16.1.4/os/ext/CMSIS/include/core_cm4.h"
 218              		.section	.debug_info,"",%progbits
 219              	.Ldebug_info0:
 220 0000 02080000 		.4byte	0x802
 221 0004 0400     		.2byte	0x4
 222 0006 00000000 		.4byte	.Ldebug_abbrev0
 223 000a 04       		.byte	0x4
 224 000b 01       		.uleb128 0x1
 225 000c D9030000 		.4byte	.LASF111
 226 0010 0C       		.byte	0xc
 227 0011 22050000 		.4byte	.LASF112
 228 0015 D3010000 		.4byte	.LASF113
ARM GAS  /var/folders/m4/4md61f0s1_g0rzfghffqnxvr0000gn/T//ccGOGqOj.s 			page 5


 229 0019 00000000 		.4byte	.Ldebug_ranges0+0
 230 001d 00000000 		.4byte	0
 231 0021 00000000 		.4byte	.Ldebug_line0
 232 0025 02       		.uleb128 0x2
 233 0026 04       		.byte	0x4
 234 0027 05       		.byte	0x5
 235 0028 696E7400 		.ascii	"int\000"
 236 002c 03       		.uleb128 0x3
 237 002d 04       		.byte	0x4
 238 002e 07       		.byte	0x7
 239 002f 73010000 		.4byte	.LASF0
 240 0033 03       		.uleb128 0x3
 241 0034 01       		.byte	0x1
 242 0035 06       		.byte	0x6
 243 0036 E4000000 		.4byte	.LASF1
 244 003a 04       		.uleb128 0x4
 245 003b 35000000 		.4byte	.LASF5
 246 003f 02       		.byte	0x2
 247 0040 1D       		.byte	0x1d
 248 0041 45000000 		.4byte	0x45
 249 0045 03       		.uleb128 0x3
 250 0046 01       		.byte	0x1
 251 0047 08       		.byte	0x8
 252 0048 11030000 		.4byte	.LASF2
 253 004c 03       		.uleb128 0x3
 254 004d 02       		.byte	0x2
 255 004e 05       		.byte	0x5
 256 004f 2F030000 		.4byte	.LASF3
 257 0053 03       		.uleb128 0x3
 258 0054 02       		.byte	0x2
 259 0055 07       		.byte	0x7
 260 0056 B0010000 		.4byte	.LASF4
 261 005a 04       		.uleb128 0x4
 262 005b 35020000 		.4byte	.LASF6
 263 005f 02       		.byte	0x2
 264 0060 3F       		.byte	0x3f
 265 0061 65000000 		.4byte	0x65
 266 0065 03       		.uleb128 0x3
 267 0066 04       		.byte	0x4
 268 0067 05       		.byte	0x5
 269 0068 1B010000 		.4byte	.LASF7
 270 006c 04       		.uleb128 0x4
 271 006d 0D050000 		.4byte	.LASF8
 272 0071 02       		.byte	0x2
 273 0072 41       		.byte	0x41
 274 0073 77000000 		.4byte	0x77
 275 0077 03       		.uleb128 0x3
 276 0078 04       		.byte	0x4
 277 0079 07       		.byte	0x7
 278 007a C2030000 		.4byte	.LASF9
 279 007e 03       		.uleb128 0x3
 280 007f 08       		.byte	0x8
 281 0080 05       		.byte	0x5
 282 0081 D6000000 		.4byte	.LASF10
 283 0085 04       		.uleb128 0x4
 284 0086 C7020000 		.4byte	.LASF11
 285 008a 02       		.byte	0x2
ARM GAS  /var/folders/m4/4md61f0s1_g0rzfghffqnxvr0000gn/T//ccGOGqOj.s 			page 6


 286 008b 5B       		.byte	0x5b
 287 008c 90000000 		.4byte	0x90
 288 0090 03       		.uleb128 0x3
 289 0091 08       		.byte	0x8
 290 0092 07       		.byte	0x7
 291 0093 5A000000 		.4byte	.LASF12
 292 0097 04       		.uleb128 0x4
 293 0098 8D050000 		.4byte	.LASF13
 294 009c 03       		.byte	0x3
 295 009d 14       		.byte	0x14
 296 009e 3A000000 		.4byte	0x3a
 297 00a2 04       		.uleb128 0x4
 298 00a3 09030000 		.4byte	.LASF14
 299 00a7 03       		.byte	0x3
 300 00a8 1F       		.byte	0x1f
 301 00a9 5A000000 		.4byte	0x5a
 302 00ad 04       		.uleb128 0x4
 303 00ae 9A030000 		.4byte	.LASF15
 304 00b2 03       		.byte	0x3
 305 00b3 20       		.byte	0x20
 306 00b4 6C000000 		.4byte	0x6c
 307 00b8 04       		.uleb128 0x4
 308 00b9 20000000 		.4byte	.LASF16
 309 00bd 03       		.byte	0x3
 310 00be 26       		.byte	0x26
 311 00bf 85000000 		.4byte	0x85
 312 00c3 04       		.uleb128 0x4
 313 00c4 51050000 		.4byte	.LASF17
 314 00c8 04       		.byte	0x4
 315 00c9 39       		.byte	0x39
 316 00ca AD000000 		.4byte	0xad
 317 00ce 04       		.uleb128 0x4
 318 00cf 14020000 		.4byte	.LASF18
 319 00d3 04       		.byte	0x4
 320 00d4 3C       		.byte	0x3c
 321 00d5 97000000 		.4byte	0x97
 322 00d9 04       		.uleb128 0x4
 323 00da 24010000 		.4byte	.LASF19
 324 00de 04       		.byte	0x4
 325 00df 3D       		.byte	0x3d
 326 00e0 97000000 		.4byte	0x97
 327 00e4 04       		.uleb128 0x4
 328 00e5 D2020000 		.4byte	.LASF20
 329 00e9 04       		.byte	0x4
 330 00ea 3E       		.byte	0x3e
 331 00eb 97000000 		.4byte	0x97
 332 00ef 04       		.uleb128 0x4
 333 00f0 07010000 		.4byte	.LASF21
 334 00f4 04       		.byte	0x4
 335 00f5 3F       		.byte	0x3f
 336 00f6 97000000 		.4byte	0x97
 337 00fa 04       		.uleb128 0x4
 338 00fb F1020000 		.4byte	.LASF22
 339 00ff 04       		.byte	0x4
 340 0100 40       		.byte	0x40
 341 0101 AD000000 		.4byte	0xad
 342 0105 04       		.uleb128 0x4
ARM GAS  /var/folders/m4/4md61f0s1_g0rzfghffqnxvr0000gn/T//ccGOGqOj.s 			page 7


 343 0106 CD010000 		.4byte	.LASF23
 344 010a 04       		.byte	0x4
 345 010b 41       		.byte	0x41
 346 010c A2000000 		.4byte	0xa2
 347 0110 04       		.uleb128 0x4
 348 0111 29000000 		.4byte	.LASF24
 349 0115 04       		.byte	0x4
 350 0116 43       		.byte	0x43
 351 0117 AD000000 		.4byte	0xad
 352 011b 04       		.uleb128 0x4
 353 011c 6D010000 		.4byte	.LASF25
 354 0120 04       		.byte	0x4
 355 0121 45       		.byte	0x45
 356 0122 A2000000 		.4byte	0xa2
 357 0126 04       		.uleb128 0x4
 358 0127 EF040000 		.4byte	.LASF26
 359 012b 05       		.byte	0x5
 360 012c 33       		.byte	0x33
 361 012d AD000000 		.4byte	0xad
 362 0131 04       		.uleb128 0x4
 363 0132 DF040000 		.4byte	.LASF27
 364 0136 05       		.byte	0x5
 365 0137 3F       		.byte	0x3f
 366 0138 3C010000 		.4byte	0x13c
 367 013c 05       		.uleb128 0x5
 368 013d C3010000 		.4byte	.LASF49
 369 0141 48       		.byte	0x48
 370 0142 06       		.byte	0x6
 371 0143 C2       		.byte	0xc2
 372 0144 41020000 		.4byte	0x241
 373 0148 06       		.uleb128 0x6
 374 0149 59030000 		.4byte	.LASF28
 375 014d 06       		.byte	0x6
 376 014e C3       		.byte	0xc3
 377 014f 4C020000 		.4byte	0x24c
 378 0153 00       		.byte	0
 379 0154 06       		.uleb128 0x6
 380 0155 EA020000 		.4byte	.LASF29
 381 0159 06       		.byte	0x6
 382 015a C5       		.byte	0xc5
 383 015b 4C020000 		.4byte	0x24c
 384 015f 04       		.byte	0x4
 385 0160 06       		.uleb128 0x6
 386 0161 C6000000 		.4byte	.LASF30
 387 0165 06       		.byte	0x6
 388 0166 C7       		.byte	0xc7
 389 0167 FA000000 		.4byte	0xfa
 390 016b 08       		.byte	0x8
 391 016c 06       		.uleb128 0x6
 392 016d BC050000 		.4byte	.LASF31
 393 0171 06       		.byte	0x6
 394 0172 C8       		.byte	0xc8
 395 0173 7C040000 		.4byte	0x47c
 396 0177 0C       		.byte	0xc
 397 0178 06       		.uleb128 0x6
 398 0179 2D010000 		.4byte	.LASF32
 399 017d 06       		.byte	0x6
ARM GAS  /var/folders/m4/4md61f0s1_g0rzfghffqnxvr0000gn/T//ccGOGqOj.s 			page 8


 400 017e CA       		.byte	0xca
 401 017f 4C020000 		.4byte	0x24c
 402 0183 10       		.byte	0x10
 403 0184 06       		.uleb128 0x6
 404 0185 96020000 		.4byte	.LASF33
 405 0189 06       		.byte	0x6
 406 018a CB       		.byte	0xcb
 407 018b 4C020000 		.4byte	0x24c
 408 018f 14       		.byte	0x14
 409 0190 06       		.uleb128 0x6
 410 0191 9C050000 		.4byte	.LASF34
 411 0195 06       		.byte	0x6
 412 0196 D2       		.byte	0xd2
 413 0197 CA060000 		.4byte	0x6ca
 414 019b 18       		.byte	0x18
 415 019c 06       		.uleb128 0x6
 416 019d 39030000 		.4byte	.LASF35
 417 01a1 06       		.byte	0x6
 418 01a2 DD       		.byte	0xdd
 419 01a3 D9000000 		.4byte	0xd9
 420 01a7 1C       		.byte	0x1c
 421 01a8 06       		.uleb128 0x6
 422 01a9 60030000 		.4byte	.LASF36
 423 01ad 06       		.byte	0x6
 424 01ae E1       		.byte	0xe1
 425 01af CE000000 		.4byte	0xce
 426 01b3 1D       		.byte	0x1d
 427 01b4 06       		.uleb128 0x6
 428 01b5 80050000 		.4byte	.LASF37
 429 01b9 06       		.byte	0x6
 430 01ba E6       		.byte	0xe6
 431 01bb E4000000 		.4byte	0xe4
 432 01bf 1E       		.byte	0x1e
 433 01c0 06       		.uleb128 0x6
 434 01c1 41030000 		.4byte	.LASF38
 435 01c5 06       		.byte	0x6
 436 01c6 EC       		.byte	0xec
 437 01c7 EF000000 		.4byte	0xef
 438 01cb 1F       		.byte	0x1f
 439 01cc 06       		.uleb128 0x6
 440 01cd 88010000 		.4byte	.LASF39
 441 01d1 06       		.byte	0x6
 442 01d2 F3       		.byte	0xf3
 443 01d3 DC060000 		.4byte	0x6dc
 444 01d7 20       		.byte	0x20
 445 01d8 07       		.uleb128 0x7
 446 01d9 705F7500 		.ascii	"p_u\000"
 447 01dd 06       		.byte	0x6
 448 01de 3101     		.2byte	0x131
 449 01e0 05060000 		.4byte	0x605
 450 01e4 24       		.byte	0x24
 451 01e5 08       		.uleb128 0x8
 452 01e6 59020000 		.4byte	.LASF40
 453 01ea 06       		.byte	0x6
 454 01eb 3601     		.2byte	0x136
 455 01ed 52020000 		.4byte	0x252
 456 01f1 28       		.byte	0x28
ARM GAS  /var/folders/m4/4md61f0s1_g0rzfghffqnxvr0000gn/T//ccGOGqOj.s 			page 9


 457 01f2 08       		.uleb128 0x8
 458 01f3 9F010000 		.4byte	.LASF41
 459 01f7 06       		.byte	0x6
 460 01f8 3C01     		.2byte	0x13c
 461 01fa 76020000 		.4byte	0x276
 462 01fe 2C       		.byte	0x2c
 463 01ff 08       		.uleb128 0x8
 464 0200 AE050000 		.4byte	.LASF42
 465 0204 06       		.byte	0x6
 466 0205 4001     		.2byte	0x140
 467 0207 05010000 		.4byte	0x105
 468 020b 34       		.byte	0x34
 469 020c 08       		.uleb128 0x8
 470 020d 8F030000 		.4byte	.LASF43
 471 0211 06       		.byte	0x6
 472 0212 4601     		.2byte	0x146
 473 0214 10010000 		.4byte	0x110
 474 0218 38       		.byte	0x38
 475 0219 08       		.uleb128 0x8
 476 021a 25030000 		.4byte	.LASF44
 477 021e 06       		.byte	0x6
 478 021f 4D01     		.2byte	0x14d
 479 0221 C4060000 		.4byte	0x6c4
 480 0225 3C       		.byte	0x3c
 481 0226 08       		.uleb128 0x8
 482 0227 F9040000 		.4byte	.LASF45
 483 022b 06       		.byte	0x6
 484 022c 5101     		.2byte	0x151
 485 022e FA000000 		.4byte	0xfa
 486 0232 40       		.byte	0x40
 487 0233 08       		.uleb128 0x8
 488 0234 F0000000 		.4byte	.LASF46
 489 0238 06       		.byte	0x6
 490 0239 5801     		.2byte	0x158
 491 023b 29030000 		.4byte	0x329
 492 023f 44       		.byte	0x44
 493 0240 00       		.byte	0
 494 0241 04       		.uleb128 0x4
 495 0242 6C020000 		.4byte	.LASF47
 496 0246 05       		.byte	0x5
 497 0247 44       		.byte	0x44
 498 0248 4C020000 		.4byte	0x24c
 499 024c 09       		.uleb128 0x9
 500 024d 04       		.byte	0x4
 501 024e 31010000 		.4byte	0x131
 502 0252 04       		.uleb128 0x4
 503 0253 4A020000 		.4byte	.LASF48
 504 0257 05       		.byte	0x5
 505 0258 49       		.byte	0x49
 506 0259 5D020000 		.4byte	0x25d
 507 025d 05       		.uleb128 0x5
 508 025e B2030000 		.4byte	.LASF50
 509 0262 04       		.byte	0x4
 510 0263 06       		.byte	0x6
 511 0264 B0       		.byte	0xb0
 512 0265 76020000 		.4byte	0x276
 513 0269 06       		.uleb128 0x6
ARM GAS  /var/folders/m4/4md61f0s1_g0rzfghffqnxvr0000gn/T//ccGOGqOj.s 			page 10


 514 026a 59030000 		.4byte	.LASF28
 515 026e 06       		.byte	0x6
 516 026f B1       		.byte	0xb1
 517 0270 4C020000 		.4byte	0x24c
 518 0274 00       		.byte	0
 519 0275 00       		.byte	0
 520 0276 04       		.uleb128 0x4
 521 0277 67050000 		.4byte	.LASF51
 522 027b 05       		.byte	0x5
 523 027c 50       		.byte	0x50
 524 027d 81020000 		.4byte	0x281
 525 0281 05       		.uleb128 0x5
 526 0282 B5000000 		.4byte	.LASF52
 527 0286 08       		.byte	0x8
 528 0287 06       		.byte	0x6
 529 0288 B7       		.byte	0xb7
 530 0289 A6020000 		.4byte	0x2a6
 531 028d 06       		.uleb128 0x6
 532 028e 59030000 		.4byte	.LASF28
 533 0292 06       		.byte	0x6
 534 0293 B8       		.byte	0xb8
 535 0294 4C020000 		.4byte	0x24c
 536 0298 00       		.byte	0
 537 0299 06       		.uleb128 0x6
 538 029a EA020000 		.4byte	.LASF29
 539 029e 06       		.byte	0x6
 540 029f B9       		.byte	0xb9
 541 02a0 4C020000 		.4byte	0x24c
 542 02a4 04       		.byte	0x4
 543 02a5 00       		.byte	0
 544 02a6 04       		.uleb128 0x4
 545 02a7 00000000 		.4byte	.LASF53
 546 02ab 05       		.byte	0x5
 547 02ac 57       		.byte	0x57
 548 02ad B1020000 		.4byte	0x2b1
 549 02b1 0A       		.uleb128 0xa
 550 02b2 1C020000 		.4byte	.LASF54
 551 02b6 1C       		.byte	0x1c
 552 02b7 06       		.byte	0x6
 553 02b8 9001     		.2byte	0x190
 554 02ba 0D030000 		.4byte	0x30d
 555 02be 08       		.uleb128 0x8
 556 02bf AA030000 		.4byte	.LASF55
 557 02c3 06       		.byte	0x6
 558 02c4 9101     		.2byte	0x191
 559 02c6 76020000 		.4byte	0x276
 560 02ca 00       		.byte	0
 561 02cb 08       		.uleb128 0x8
 562 02cc 4B030000 		.4byte	.LASF56
 563 02d0 06       		.byte	0x6
 564 02d1 9201     		.2byte	0x192
 565 02d3 FA000000 		.4byte	0xfa
 566 02d7 08       		.byte	0x8
 567 02d8 08       		.uleb128 0x8
 568 02d9 9E020000 		.4byte	.LASF57
 569 02dd 06       		.byte	0x6
 570 02de 9401     		.2byte	0x194
ARM GAS  /var/folders/m4/4md61f0s1_g0rzfghffqnxvr0000gn/T//ccGOGqOj.s 			page 11


 571 02e0 7C040000 		.4byte	0x47c
 572 02e4 0C       		.byte	0xc
 573 02e5 08       		.uleb128 0x8
 574 02e6 3D010000 		.4byte	.LASF58
 575 02ea 06       		.byte	0x6
 576 02eb 9701     		.2byte	0x197
 577 02ed 4C020000 		.4byte	0x24c
 578 02f1 10       		.byte	0x10
 579 02f2 08       		.uleb128 0x8
 580 02f3 BF020000 		.4byte	.LASF59
 581 02f7 06       		.byte	0x6
 582 02f8 9801     		.2byte	0x198
 583 02fa 4C020000 		.4byte	0x24c
 584 02fe 14       		.byte	0x14
 585 02ff 08       		.uleb128 0x8
 586 0300 B5020000 		.4byte	.LASF60
 587 0304 06       		.byte	0x6
 588 0305 9B01     		.2byte	0x19b
 589 0307 4C020000 		.4byte	0x24c
 590 030b 18       		.byte	0x18
 591 030c 00       		.byte	0
 592 030d 04       		.uleb128 0x4
 593 030e 04050000 		.4byte	.LASF61
 594 0312 05       		.byte	0x5
 595 0313 5C       		.byte	0x5c
 596 0314 18030000 		.4byte	0x318
 597 0318 09       		.uleb128 0x9
 598 0319 04       		.byte	0x4
 599 031a 1E030000 		.4byte	0x31e
 600 031e 0B       		.uleb128 0xb
 601 031f 29030000 		.4byte	0x329
 602 0323 0C       		.uleb128 0xc
 603 0324 29030000 		.4byte	0x329
 604 0328 00       		.byte	0
 605 0329 0D       		.uleb128 0xd
 606 032a 04       		.byte	0x4
 607 032b 04       		.uleb128 0x4
 608 032c DA020000 		.4byte	.LASF62
 609 0330 05       		.byte	0x5
 610 0331 61       		.byte	0x61
 611 0332 36030000 		.4byte	0x336
 612 0336 0A       		.uleb128 0xa
 613 0337 71030000 		.4byte	.LASF63
 614 033b 14       		.byte	0x14
 615 033c 06       		.byte	0x6
 616 033d 6B01     		.2byte	0x16b
 617 033f 85030000 		.4byte	0x385
 618 0343 08       		.uleb128 0x8
 619 0344 80010000 		.4byte	.LASF64
 620 0348 06       		.byte	0x6
 621 0349 6C01     		.2byte	0x16c
 622 034b E1060000 		.4byte	0x6e1
 623 034f 00       		.byte	0
 624 0350 08       		.uleb128 0x8
 625 0351 4E010000 		.4byte	.LASF65
 626 0355 06       		.byte	0x6
 627 0356 6D01     		.2byte	0x16d
ARM GAS  /var/folders/m4/4md61f0s1_g0rzfghffqnxvr0000gn/T//ccGOGqOj.s 			page 12


 628 0358 E1060000 		.4byte	0x6e1
 629 035c 04       		.byte	0x4
 630 035d 08       		.uleb128 0x8
 631 035e 96010000 		.4byte	.LASF66
 632 0362 06       		.byte	0x6
 633 0363 6E01     		.2byte	0x16e
 634 0365 26010000 		.4byte	0x126
 635 0369 08       		.byte	0x8
 636 036a 08       		.uleb128 0x8
 637 036b C2050000 		.4byte	.LASF67
 638 036f 06       		.byte	0x6
 639 0370 6F01     		.2byte	0x16f
 640 0372 0D030000 		.4byte	0x30d
 641 0376 0C       		.byte	0xc
 642 0377 08       		.uleb128 0x8
 643 0378 59050000 		.4byte	.LASF68
 644 037c 06       		.byte	0x6
 645 037d 7101     		.2byte	0x171
 646 037f 29030000 		.4byte	0x329
 647 0383 10       		.byte	0x10
 648 0384 00       		.byte	0
 649 0385 04       		.uleb128 0x4
 650 0386 92000000 		.4byte	.LASF69
 651 038a 05       		.byte	0x5
 652 038b 66       		.byte	0x66
 653 038c 90030000 		.4byte	0x390
 654 0390 0A       		.uleb128 0xa
 655 0391 7F020000 		.4byte	.LASF70
 656 0395 10       		.byte	0x10
 657 0396 06       		.byte	0x6
 658 0397 7B01     		.2byte	0x17b
 659 0399 D2030000 		.4byte	0x3d2
 660 039d 08       		.uleb128 0x8
 661 039e 80010000 		.4byte	.LASF64
 662 03a2 06       		.byte	0x6
 663 03a3 7C01     		.2byte	0x17c
 664 03a5 E1060000 		.4byte	0x6e1
 665 03a9 00       		.byte	0
 666 03aa 08       		.uleb128 0x8
 667 03ab 4E010000 		.4byte	.LASF65
 668 03af 06       		.byte	0x6
 669 03b0 7E01     		.2byte	0x17e
 670 03b2 E1060000 		.4byte	0x6e1
 671 03b6 04       		.byte	0x4
 672 03b7 08       		.uleb128 0x8
 673 03b8 96010000 		.4byte	.LASF66
 674 03bc 06       		.byte	0x6
 675 03bd 8001     		.2byte	0x180
 676 03bf 26010000 		.4byte	0x126
 677 03c3 08       		.byte	0x8
 678 03c4 08       		.uleb128 0x8
 679 03c5 A3050000 		.4byte	.LASF71
 680 03c9 06       		.byte	0x6
 681 03ca 8201     		.2byte	0x182
 682 03cc DC060000 		.4byte	0x6dc
 683 03d0 0C       		.byte	0xc
 684 03d1 00       		.byte	0
ARM GAS  /var/folders/m4/4md61f0s1_g0rzfghffqnxvr0000gn/T//ccGOGqOj.s 			page 13


 685 03d2 04       		.uleb128 0x4
 686 03d3 4B000000 		.4byte	.LASF72
 687 03d7 05       		.byte	0x5
 688 03d8 6B       		.byte	0x6b
 689 03d9 DD030000 		.4byte	0x3dd
 690 03dd 0A       		.uleb128 0xa
 691 03de F9020000 		.4byte	.LASF73
 692 03e2 04       		.byte	0x4
 693 03e3 06       		.byte	0x6
 694 03e4 A201     		.2byte	0x1a2
 695 03e6 F8030000 		.4byte	0x3f8
 696 03ea 08       		.uleb128 0x8
 697 03eb 18050000 		.4byte	.LASF74
 698 03ef 06       		.byte	0x6
 699 03f0 AA01     		.2byte	0x1aa
 700 03f2 E7060000 		.4byte	0x6e7
 701 03f6 00       		.byte	0
 702 03f7 00       		.byte	0
 703 03f8 04       		.uleb128 0x4
 704 03f9 08020000 		.4byte	.LASF75
 705 03fd 05       		.byte	0x5
 706 03fe 70       		.byte	0x70
 707 03ff 03040000 		.4byte	0x403
 708 0403 0E       		.uleb128 0xe
 709 0404 11010000 		.4byte	.LASF76
 710 0408 5802     		.2byte	0x258
 711 040a 06       		.byte	0x6
 712 040b C201     		.2byte	0x1c2
 713 040d 5F040000 		.4byte	0x45f
 714 0411 08       		.uleb128 0x8
 715 0412 87050000 		.4byte	.LASF77
 716 0416 06       		.byte	0x6
 717 0417 C601     		.2byte	0x1c6
 718 0419 A6020000 		.4byte	0x2a6
 719 041d 00       		.byte	0
 720 041e 08       		.uleb128 0x8
 721 041f 00010000 		.4byte	.LASF78
 722 0423 06       		.byte	0x6
 723 0424 CA01     		.2byte	0x1ca
 724 0426 85030000 		.4byte	0x385
 725 042a 1C       		.byte	0x1c
 726 042b 07       		.uleb128 0x7
 727 042c 64626700 		.ascii	"dbg\000"
 728 0430 06       		.byte	0x6
 729 0431 CE01     		.2byte	0x1ce
 730 0433 D2030000 		.4byte	0x3d2
 731 0437 2C       		.byte	0x2c
 732 0438 08       		.uleb128 0x8
 733 0439 87000000 		.4byte	.LASF79
 734 043d 06       		.byte	0x6
 735 043e D201     		.2byte	0x1d2
 736 0440 31010000 		.4byte	0x131
 737 0444 30       		.byte	0x30
 738 0445 07       		.uleb128 0x7
 739 0446 746D00   		.ascii	"tm\000"
 740 0449 06       		.byte	0x6
 741 044a D701     		.2byte	0x1d7
ARM GAS  /var/folders/m4/4md61f0s1_g0rzfghffqnxvr0000gn/T//ccGOGqOj.s 			page 14


 742 044c FA050000 		.4byte	0x5fa
 743 0450 78       		.byte	0x78
 744 0451 08       		.uleb128 0x8
 745 0452 5E010000 		.4byte	.LASF80
 746 0456 06       		.byte	0x6
 747 0457 E301     		.2byte	0x1e3
 748 0459 EC060000 		.4byte	0x6ec
 749 045d 80       		.byte	0x80
 750 045e 00       		.byte	0
 751 045f 03       		.uleb128 0x3
 752 0460 04       		.byte	0x4
 753 0461 07       		.byte	0x7
 754 0462 63020000 		.4byte	.LASF81
 755 0466 04       		.uleb128 0x4
 756 0467 45010000 		.4byte	.LASF82
 757 046b 07       		.byte	0x7
 758 046c 65       		.byte	0x65
 759 046d 29030000 		.4byte	0x329
 760 0471 04       		.uleb128 0x4
 761 0472 3F020000 		.4byte	.LASF83
 762 0476 07       		.byte	0x7
 763 0477 6D       		.byte	0x6d
 764 0478 B8000000 		.4byte	0xb8
 765 047c 05       		.uleb128 0x5
 766 047d 49050000 		.4byte	.LASF84
 767 0481 04       		.byte	0x4
 768 0482 07       		.byte	0x7
 769 0483 89       		.byte	0x89
 770 0484 95040000 		.4byte	0x495
 771 0488 0F       		.uleb128 0xf
 772 0489 72313300 		.ascii	"r13\000"
 773 048d 07       		.byte	0x7
 774 048e 8A       		.byte	0x8a
 775 048f DF050000 		.4byte	0x5df
 776 0493 00       		.byte	0
 777 0494 00       		.byte	0
 778 0495 05       		.uleb128 0x5
 779 0496 3F000000 		.4byte	.LASF85
 780 049a 64       		.byte	0x64
 781 049b 08       		.byte	0x8
 782 049c FD       		.byte	0xfd
 783 049d DF050000 		.4byte	0x5df
 784 04a1 0F       		.uleb128 0xf
 785 04a2 73313600 		.ascii	"s16\000"
 786 04a6 08       		.byte	0x8
 787 04a7 FF       		.byte	0xff
 788 04a8 66040000 		.4byte	0x466
 789 04ac 00       		.byte	0
 790 04ad 07       		.uleb128 0x7
 791 04ae 73313700 		.ascii	"s17\000"
 792 04b2 08       		.byte	0x8
 793 04b3 0001     		.2byte	0x100
 794 04b5 66040000 		.4byte	0x466
 795 04b9 04       		.byte	0x4
 796 04ba 07       		.uleb128 0x7
 797 04bb 73313800 		.ascii	"s18\000"
 798 04bf 08       		.byte	0x8
ARM GAS  /var/folders/m4/4md61f0s1_g0rzfghffqnxvr0000gn/T//ccGOGqOj.s 			page 15


 799 04c0 0101     		.2byte	0x101
 800 04c2 66040000 		.4byte	0x466
 801 04c6 08       		.byte	0x8
 802 04c7 07       		.uleb128 0x7
 803 04c8 73313900 		.ascii	"s19\000"
 804 04cc 08       		.byte	0x8
 805 04cd 0201     		.2byte	0x102
 806 04cf 66040000 		.4byte	0x466
 807 04d3 0C       		.byte	0xc
 808 04d4 07       		.uleb128 0x7
 809 04d5 73323000 		.ascii	"s20\000"
 810 04d9 08       		.byte	0x8
 811 04da 0301     		.2byte	0x103
 812 04dc 66040000 		.4byte	0x466
 813 04e0 10       		.byte	0x10
 814 04e1 07       		.uleb128 0x7
 815 04e2 73323100 		.ascii	"s21\000"
 816 04e6 08       		.byte	0x8
 817 04e7 0401     		.2byte	0x104
 818 04e9 66040000 		.4byte	0x466
 819 04ed 14       		.byte	0x14
 820 04ee 07       		.uleb128 0x7
 821 04ef 73323200 		.ascii	"s22\000"
 822 04f3 08       		.byte	0x8
 823 04f4 0501     		.2byte	0x105
 824 04f6 66040000 		.4byte	0x466
 825 04fa 18       		.byte	0x18
 826 04fb 07       		.uleb128 0x7
 827 04fc 73323300 		.ascii	"s23\000"
 828 0500 08       		.byte	0x8
 829 0501 0601     		.2byte	0x106
 830 0503 66040000 		.4byte	0x466
 831 0507 1C       		.byte	0x1c
 832 0508 07       		.uleb128 0x7
 833 0509 73323400 		.ascii	"s24\000"
 834 050d 08       		.byte	0x8
 835 050e 0701     		.2byte	0x107
 836 0510 66040000 		.4byte	0x466
 837 0514 20       		.byte	0x20
 838 0515 07       		.uleb128 0x7
 839 0516 73323500 		.ascii	"s25\000"
 840 051a 08       		.byte	0x8
 841 051b 0801     		.2byte	0x108
 842 051d 66040000 		.4byte	0x466
 843 0521 24       		.byte	0x24
 844 0522 07       		.uleb128 0x7
 845 0523 73323600 		.ascii	"s26\000"
 846 0527 08       		.byte	0x8
 847 0528 0901     		.2byte	0x109
 848 052a 66040000 		.4byte	0x466
 849 052e 28       		.byte	0x28
 850 052f 07       		.uleb128 0x7
 851 0530 73323700 		.ascii	"s27\000"
 852 0534 08       		.byte	0x8
 853 0535 0A01     		.2byte	0x10a
 854 0537 66040000 		.4byte	0x466
 855 053b 2C       		.byte	0x2c
ARM GAS  /var/folders/m4/4md61f0s1_g0rzfghffqnxvr0000gn/T//ccGOGqOj.s 			page 16


 856 053c 07       		.uleb128 0x7
 857 053d 73323800 		.ascii	"s28\000"
 858 0541 08       		.byte	0x8
 859 0542 0B01     		.2byte	0x10b
 860 0544 66040000 		.4byte	0x466
 861 0548 30       		.byte	0x30
 862 0549 07       		.uleb128 0x7
 863 054a 73323900 		.ascii	"s29\000"
 864 054e 08       		.byte	0x8
 865 054f 0C01     		.2byte	0x10c
 866 0551 66040000 		.4byte	0x466
 867 0555 34       		.byte	0x34
 868 0556 07       		.uleb128 0x7
 869 0557 73333000 		.ascii	"s30\000"
 870 055b 08       		.byte	0x8
 871 055c 0D01     		.2byte	0x10d
 872 055e 66040000 		.4byte	0x466
 873 0562 38       		.byte	0x38
 874 0563 07       		.uleb128 0x7
 875 0564 73333100 		.ascii	"s31\000"
 876 0568 08       		.byte	0x8
 877 0569 0E01     		.2byte	0x10e
 878 056b 66040000 		.4byte	0x466
 879 056f 3C       		.byte	0x3c
 880 0570 07       		.uleb128 0x7
 881 0571 723400   		.ascii	"r4\000"
 882 0574 08       		.byte	0x8
 883 0575 1001     		.2byte	0x110
 884 0577 66040000 		.4byte	0x466
 885 057b 40       		.byte	0x40
 886 057c 07       		.uleb128 0x7
 887 057d 723500   		.ascii	"r5\000"
 888 0580 08       		.byte	0x8
 889 0581 1101     		.2byte	0x111
 890 0583 66040000 		.4byte	0x466
 891 0587 44       		.byte	0x44
 892 0588 07       		.uleb128 0x7
 893 0589 723600   		.ascii	"r6\000"
 894 058c 08       		.byte	0x8
 895 058d 1201     		.2byte	0x112
 896 058f 66040000 		.4byte	0x466
 897 0593 48       		.byte	0x48
 898 0594 07       		.uleb128 0x7
 899 0595 723700   		.ascii	"r7\000"
 900 0598 08       		.byte	0x8
 901 0599 1301     		.2byte	0x113
 902 059b 66040000 		.4byte	0x466
 903 059f 4C       		.byte	0x4c
 904 05a0 07       		.uleb128 0x7
 905 05a1 723800   		.ascii	"r8\000"
 906 05a4 08       		.byte	0x8
 907 05a5 1401     		.2byte	0x114
 908 05a7 66040000 		.4byte	0x466
 909 05ab 50       		.byte	0x50
 910 05ac 07       		.uleb128 0x7
 911 05ad 723900   		.ascii	"r9\000"
 912 05b0 08       		.byte	0x8
ARM GAS  /var/folders/m4/4md61f0s1_g0rzfghffqnxvr0000gn/T//ccGOGqOj.s 			page 17


 913 05b1 1501     		.2byte	0x115
 914 05b3 66040000 		.4byte	0x466
 915 05b7 54       		.byte	0x54
 916 05b8 07       		.uleb128 0x7
 917 05b9 72313000 		.ascii	"r10\000"
 918 05bd 08       		.byte	0x8
 919 05be 1601     		.2byte	0x116
 920 05c0 66040000 		.4byte	0x466
 921 05c4 58       		.byte	0x58
 922 05c5 07       		.uleb128 0x7
 923 05c6 72313100 		.ascii	"r11\000"
 924 05ca 08       		.byte	0x8
 925 05cb 1701     		.2byte	0x117
 926 05cd 66040000 		.4byte	0x466
 927 05d1 5C       		.byte	0x5c
 928 05d2 07       		.uleb128 0x7
 929 05d3 6C7200   		.ascii	"lr\000"
 930 05d6 08       		.byte	0x8
 931 05d7 1801     		.2byte	0x118
 932 05d9 66040000 		.4byte	0x466
 933 05dd 60       		.byte	0x60
 934 05de 00       		.byte	0
 935 05df 09       		.uleb128 0x9
 936 05e0 04       		.byte	0x4
 937 05e1 95040000 		.4byte	0x495
 938 05e5 10       		.uleb128 0x10
 939 05e6 04       		.byte	0x4
 940 05e7 09       		.byte	0x9
 941 05e8 38       		.byte	0x38
 942 05e9 FA050000 		.4byte	0x5fa
 943 05ed 06       		.uleb128 0x6
 944 05ee 42050000 		.4byte	.LASF86
 945 05f2 09       		.byte	0x9
 946 05f3 3C       		.byte	0x3c
 947 05f4 C3000000 		.4byte	0xc3
 948 05f8 00       		.byte	0
 949 05f9 00       		.byte	0
 950 05fa 04       		.uleb128 0x4
 951 05fb A4020000 		.4byte	.LASF87
 952 05ff 09       		.byte	0x9
 953 0600 3D       		.byte	0x3d
 954 0601 E5050000 		.4byte	0x5e5
 955 0605 11       		.uleb128 0x11
 956 0606 04       		.byte	0x4
 957 0607 06       		.byte	0x6
 958 0608 FA       		.byte	0xfa
 959 0609 62060000 		.4byte	0x662
 960 060d 12       		.uleb128 0x12
 961 060e 19000000 		.4byte	.LASF88
 962 0612 06       		.byte	0x6
 963 0613 0101     		.2byte	0x101
 964 0615 05010000 		.4byte	0x105
 965 0619 12       		.uleb128 0x12
 966 061a 7E000000 		.4byte	.LASF89
 967 061e 06       		.byte	0x6
 968 061f 0801     		.2byte	0x108
 969 0621 05010000 		.4byte	0x105
ARM GAS  /var/folders/m4/4md61f0s1_g0rzfghffqnxvr0000gn/T//ccGOGqOj.s 			page 18


 970 0625 12       		.uleb128 0x12
 971 0626 95050000 		.4byte	.LASF90
 972 062a 06       		.byte	0x6
 973 062b 0F01     		.2byte	0x10f
 974 062d 29030000 		.4byte	0x329
 975 0631 12       		.uleb128 0x12
 976 0632 0D000000 		.4byte	.LASF91
 977 0636 06       		.byte	0x6
 978 0637 1601     		.2byte	0x116
 979 0639 62060000 		.4byte	0x662
 980 063d 12       		.uleb128 0x12
 981 063e 8F010000 		.4byte	.LASF92
 982 0642 06       		.byte	0x6
 983 0643 1E01     		.2byte	0x11e
 984 0645 8D060000 		.4byte	0x68d
 985 0649 12       		.uleb128 0x12
 986 064a A3030000 		.4byte	.LASF93
 987 064e 06       		.byte	0x6
 988 064f 2701     		.2byte	0x127
 989 0651 C4060000 		.4byte	0x6c4
 990 0655 12       		.uleb128 0x12
 991 0656 52030000 		.4byte	.LASF94
 992 065a 06       		.byte	0x6
 993 065b 2F01     		.2byte	0x12f
 994 065d 10010000 		.4byte	0x110
 995 0661 00       		.byte	0
 996 0662 09       		.uleb128 0x9
 997 0663 04       		.byte	0x4
 998 0664 41020000 		.4byte	0x241
 999 0668 05       		.uleb128 0x5
 1000 0669 82030000 		.4byte	.LASF95
 1001 066d 0C       		.byte	0xc
 1002 066e 0A       		.byte	0xa
 1003 066f 34       		.byte	0x34
 1004 0670 8D060000 		.4byte	0x68d
 1005 0674 06       		.uleb128 0x6
 1006 0675 35010000 		.4byte	.LASF96
 1007 0679 0A       		.byte	0xa
 1008 067a 35       		.byte	0x35
 1009 067b 76020000 		.4byte	0x276
 1010 067f 00       		.byte	0
 1011 0680 06       		.uleb128 0x6
 1012 0681 AA010000 		.4byte	.LASF97
 1013 0685 0A       		.byte	0xa
 1014 0686 37       		.byte	0x37
 1015 0687 1B010000 		.4byte	0x11b
 1016 068b 08       		.byte	0x8
 1017 068c 00       		.byte	0
 1018 068d 09       		.uleb128 0x9
 1019 068e 04       		.byte	0x4
 1020 068f 68060000 		.4byte	0x668
 1021 0693 05       		.uleb128 0x5
 1022 0694 77050000 		.4byte	.LASF98
 1023 0698 10       		.byte	0x10
 1024 0699 0B       		.byte	0xb
 1025 069a 39       		.byte	0x39
 1026 069b C4060000 		.4byte	0x6c4
ARM GAS  /var/folders/m4/4md61f0s1_g0rzfghffqnxvr0000gn/T//ccGOGqOj.s 			page 19


 1027 069f 06       		.uleb128 0x6
 1028 06a0 F8000000 		.4byte	.LASF99
 1029 06a4 0B       		.byte	0xb
 1030 06a5 3A       		.byte	0x3a
 1031 06a6 76020000 		.4byte	0x276
 1032 06aa 00       		.byte	0
 1033 06ab 06       		.uleb128 0x6
 1034 06ac B4050000 		.4byte	.LASF100
 1035 06b0 0B       		.byte	0xb
 1036 06b1 3C       		.byte	0x3c
 1037 06b2 4C020000 		.4byte	0x24c
 1038 06b6 08       		.byte	0x8
 1039 06b7 06       		.uleb128 0x6
 1040 06b8 E8040000 		.4byte	.LASF101
 1041 06bc 0B       		.byte	0xb
 1042 06bd 3E       		.byte	0x3e
 1043 06be 07070000 		.4byte	0x707
 1044 06c2 0C       		.byte	0xc
 1045 06c3 00       		.byte	0
 1046 06c4 09       		.uleb128 0x9
 1047 06c5 04       		.byte	0x4
 1048 06c6 93060000 		.4byte	0x693
 1049 06ca 09       		.uleb128 0x9
 1050 06cb 04       		.byte	0x4
 1051 06cc D7060000 		.4byte	0x6d7
 1052 06d0 03       		.uleb128 0x3
 1053 06d1 01       		.byte	0x1
 1054 06d2 08       		.byte	0x8
 1055 06d3 D4030000 		.4byte	.LASF102
 1056 06d7 13       		.uleb128 0x13
 1057 06d8 D0060000 		.4byte	0x6d0
 1058 06dc 14       		.uleb128 0x14
 1059 06dd 26010000 		.4byte	0x126
 1060 06e1 09       		.uleb128 0x9
 1061 06e2 04       		.byte	0x4
 1062 06e3 2B030000 		.4byte	0x32b
 1063 06e7 14       		.uleb128 0x14
 1064 06e8 CA060000 		.4byte	0x6ca
 1065 06ec 15       		.uleb128 0x15
 1066 06ed 71040000 		.4byte	0x471
 1067 06f1 FC060000 		.4byte	0x6fc
 1068 06f5 16       		.uleb128 0x16
 1069 06f6 5F040000 		.4byte	0x45f
 1070 06fa 3A       		.byte	0x3a
 1071 06fb 00       		.byte	0
 1072 06fc 04       		.uleb128 0x4
 1073 06fd 56010000 		.4byte	.LASF103
 1074 0701 0B       		.byte	0xb
 1075 0702 34       		.byte	0x34
 1076 0703 93060000 		.4byte	0x693
 1077 0707 09       		.uleb128 0x9
 1078 0708 04       		.byte	0x4
 1079 0709 FC060000 		.4byte	0x6fc
 1080 070d 17       		.uleb128 0x17
 1081 070e CD000000 		.4byte	.LASF114
 1082 0712 01       		.byte	0x1
 1083 0713 3D       		.byte	0x3d
ARM GAS  /var/folders/m4/4md61f0s1_g0rzfghffqnxvr0000gn/T//ccGOGqOj.s 			page 20


 1084 0714 00000000 		.4byte	.LFB231
 1085 0718 1C000000 		.4byte	.LFE231-.LFB231
 1086 071c 01       		.uleb128 0x1
 1087 071d 9C       		.byte	0x9c
 1088 071e 18       		.uleb128 0x18
 1089 071f 2A020000 		.4byte	.LASF107
 1090 0723 01       		.byte	0x1
 1091 0724 5F       		.byte	0x5f
 1092 0725 00000000 		.4byte	.LFB232
 1093 0729 3C000000 		.4byte	.LFE232-.LFB232
 1094 072d 01       		.uleb128 0x1
 1095 072e 9C       		.byte	0x9c
 1096 072f 93070000 		.4byte	0x793
 1097 0733 19       		.uleb128 0x19
 1098 0734 76747000 		.ascii	"vtp\000"
 1099 0738 01       		.byte	0x1
 1100 0739 5F       		.byte	0x5f
 1101 073a E1060000 		.4byte	0x6e1
 1102 073e 01       		.uleb128 0x1
 1103 073f 50       		.byte	0x50
 1104 0740 1A       		.uleb128 0x1a
 1105 0741 1F030000 		.4byte	.LASF104
 1106 0745 01       		.byte	0x1
 1107 0746 5F       		.byte	0x5f
 1108 0747 26010000 		.4byte	0x126
 1109 074b 00000000 		.4byte	.LLST0
 1110 074f 1A       		.uleb128 0x1a
 1111 0750 60050000 		.4byte	.LASF105
 1112 0754 01       		.byte	0x1
 1113 0755 60       		.byte	0x60
 1114 0756 0D030000 		.4byte	0x30d
 1115 075a 21000000 		.4byte	.LLST1
 1116 075e 1B       		.uleb128 0x1b
 1117 075f 70617200 		.ascii	"par\000"
 1118 0763 01       		.byte	0x1
 1119 0764 60       		.byte	0x60
 1120 0765 29030000 		.4byte	0x329
 1121 0769 40000000 		.4byte	.LLST2
 1122 076d 1C       		.uleb128 0x1c
 1123 076e 7000     		.ascii	"p\000"
 1124 0770 01       		.byte	0x1
 1125 0771 61       		.byte	0x61
 1126 0772 E1060000 		.4byte	0x6e1
 1127 0776 5F000000 		.4byte	.LLST3
 1128 077a 1D       		.uleb128 0x1d
 1129 077b 13000000 		.4byte	.LASF106
 1130 077f 01       		.byte	0x1
 1131 0780 62       		.byte	0x62
 1132 0781 26010000 		.4byte	0x126
 1133 0785 7D000000 		.4byte	.LLST4
 1134 0789 1E       		.uleb128 0x1e
 1135 078a 68030000 		.4byte	.LASF109
 1136 078e A3070000 		.4byte	0x7a3
 1137 0792 00       		.byte	0
 1138 0793 15       		.uleb128 0x15
 1139 0794 D0060000 		.4byte	0x6d0
 1140 0798 A3070000 		.4byte	0x7a3
ARM GAS  /var/folders/m4/4md61f0s1_g0rzfghffqnxvr0000gn/T//ccGOGqOj.s 			page 21


 1141 079c 16       		.uleb128 0x16
 1142 079d 5F040000 		.4byte	0x45f
 1143 07a1 0A       		.byte	0xa
 1144 07a2 00       		.byte	0
 1145 07a3 13       		.uleb128 0x13
 1146 07a4 93070000 		.4byte	0x793
 1147 07a8 18       		.uleb128 0x18
 1148 07a9 71000000 		.4byte	.LASF108
 1149 07ad 01       		.byte	0x1
 1150 07ae B1       		.byte	0xb1
 1151 07af 00000000 		.4byte	.LFB233
 1152 07b3 28000000 		.4byte	.LFE233-.LFB233
 1153 07b7 01       		.uleb128 0x1
 1154 07b8 9C       		.byte	0x9c
 1155 07b9 D4070000 		.4byte	0x7d4
 1156 07bd 19       		.uleb128 0x19
 1157 07be 76747000 		.ascii	"vtp\000"
 1158 07c2 01       		.byte	0x1
 1159 07c3 B1       		.byte	0xb1
 1160 07c4 E1060000 		.4byte	0x6e1
 1161 07c8 01       		.uleb128 0x1
 1162 07c9 50       		.byte	0x50
 1163 07ca 1E       		.uleb128 0x1e
 1164 07cb 68030000 		.4byte	.LASF109
 1165 07cf E4070000 		.4byte	0x7e4
 1166 07d3 00       		.byte	0
 1167 07d4 15       		.uleb128 0x15
 1168 07d5 D0060000 		.4byte	0x6d0
 1169 07d9 E4070000 		.4byte	0x7e4
 1170 07dd 16       		.uleb128 0x16
 1171 07de 5F040000 		.4byte	0x45f
 1172 07e2 0C       		.byte	0xc
 1173 07e3 00       		.byte	0
 1174 07e4 13       		.uleb128 0x13
 1175 07e5 D4070000 		.4byte	0x7d4
 1176 07e9 1F       		.uleb128 0x1f
 1177 07ea A8000000 		.4byte	.LASF110
 1178 07ee 0C       		.byte	0xc
 1179 07ef FA06     		.2byte	0x6fa
 1180 07f1 F5070000 		.4byte	0x7f5
 1181 07f5 14       		.uleb128 0x14
 1182 07f6 A2000000 		.4byte	0xa2
 1183 07fa 20       		.uleb128 0x20
 1184 07fb 636800   		.ascii	"ch\000"
 1185 07fe 06       		.byte	0x6
 1186 07ff 0902     		.2byte	0x209
 1187 0801 F8030000 		.4byte	0x3f8
 1188 0805 00       		.byte	0
 1189              		.section	.debug_abbrev,"",%progbits
 1190              	.Ldebug_abbrev0:
 1191 0000 01       		.uleb128 0x1
 1192 0001 11       		.uleb128 0x11
 1193 0002 01       		.byte	0x1
 1194 0003 25       		.uleb128 0x25
 1195 0004 0E       		.uleb128 0xe
 1196 0005 13       		.uleb128 0x13
 1197 0006 0B       		.uleb128 0xb
ARM GAS  /var/folders/m4/4md61f0s1_g0rzfghffqnxvr0000gn/T//ccGOGqOj.s 			page 22


 1198 0007 03       		.uleb128 0x3
 1199 0008 0E       		.uleb128 0xe
 1200 0009 1B       		.uleb128 0x1b
 1201 000a 0E       		.uleb128 0xe
 1202 000b 55       		.uleb128 0x55
 1203 000c 17       		.uleb128 0x17
 1204 000d 11       		.uleb128 0x11
 1205 000e 01       		.uleb128 0x1
 1206 000f 10       		.uleb128 0x10
 1207 0010 17       		.uleb128 0x17
 1208 0011 00       		.byte	0
 1209 0012 00       		.byte	0
 1210 0013 02       		.uleb128 0x2
 1211 0014 24       		.uleb128 0x24
 1212 0015 00       		.byte	0
 1213 0016 0B       		.uleb128 0xb
 1214 0017 0B       		.uleb128 0xb
 1215 0018 3E       		.uleb128 0x3e
 1216 0019 0B       		.uleb128 0xb
 1217 001a 03       		.uleb128 0x3
 1218 001b 08       		.uleb128 0x8
 1219 001c 00       		.byte	0
 1220 001d 00       		.byte	0
 1221 001e 03       		.uleb128 0x3
 1222 001f 24       		.uleb128 0x24
 1223 0020 00       		.byte	0
 1224 0021 0B       		.uleb128 0xb
 1225 0022 0B       		.uleb128 0xb
 1226 0023 3E       		.uleb128 0x3e
 1227 0024 0B       		.uleb128 0xb
 1228 0025 03       		.uleb128 0x3
 1229 0026 0E       		.uleb128 0xe
 1230 0027 00       		.byte	0
 1231 0028 00       		.byte	0
 1232 0029 04       		.uleb128 0x4
 1233 002a 16       		.uleb128 0x16
 1234 002b 00       		.byte	0
 1235 002c 03       		.uleb128 0x3
 1236 002d 0E       		.uleb128 0xe
 1237 002e 3A       		.uleb128 0x3a
 1238 002f 0B       		.uleb128 0xb
 1239 0030 3B       		.uleb128 0x3b
 1240 0031 0B       		.uleb128 0xb
 1241 0032 49       		.uleb128 0x49
 1242 0033 13       		.uleb128 0x13
 1243 0034 00       		.byte	0
 1244 0035 00       		.byte	0
 1245 0036 05       		.uleb128 0x5
 1246 0037 13       		.uleb128 0x13
 1247 0038 01       		.byte	0x1
 1248 0039 03       		.uleb128 0x3
 1249 003a 0E       		.uleb128 0xe
 1250 003b 0B       		.uleb128 0xb
 1251 003c 0B       		.uleb128 0xb
 1252 003d 3A       		.uleb128 0x3a
 1253 003e 0B       		.uleb128 0xb
 1254 003f 3B       		.uleb128 0x3b
ARM GAS  /var/folders/m4/4md61f0s1_g0rzfghffqnxvr0000gn/T//ccGOGqOj.s 			page 23


 1255 0040 0B       		.uleb128 0xb
 1256 0041 01       		.uleb128 0x1
 1257 0042 13       		.uleb128 0x13
 1258 0043 00       		.byte	0
 1259 0044 00       		.byte	0
 1260 0045 06       		.uleb128 0x6
 1261 0046 0D       		.uleb128 0xd
 1262 0047 00       		.byte	0
 1263 0048 03       		.uleb128 0x3
 1264 0049 0E       		.uleb128 0xe
 1265 004a 3A       		.uleb128 0x3a
 1266 004b 0B       		.uleb128 0xb
 1267 004c 3B       		.uleb128 0x3b
 1268 004d 0B       		.uleb128 0xb
 1269 004e 49       		.uleb128 0x49
 1270 004f 13       		.uleb128 0x13
 1271 0050 38       		.uleb128 0x38
 1272 0051 0B       		.uleb128 0xb
 1273 0052 00       		.byte	0
 1274 0053 00       		.byte	0
 1275 0054 07       		.uleb128 0x7
 1276 0055 0D       		.uleb128 0xd
 1277 0056 00       		.byte	0
 1278 0057 03       		.uleb128 0x3
 1279 0058 08       		.uleb128 0x8
 1280 0059 3A       		.uleb128 0x3a
 1281 005a 0B       		.uleb128 0xb
 1282 005b 3B       		.uleb128 0x3b
 1283 005c 05       		.uleb128 0x5
 1284 005d 49       		.uleb128 0x49
 1285 005e 13       		.uleb128 0x13
 1286 005f 38       		.uleb128 0x38
 1287 0060 0B       		.uleb128 0xb
 1288 0061 00       		.byte	0
 1289 0062 00       		.byte	0
 1290 0063 08       		.uleb128 0x8
 1291 0064 0D       		.uleb128 0xd
 1292 0065 00       		.byte	0
 1293 0066 03       		.uleb128 0x3
 1294 0067 0E       		.uleb128 0xe
 1295 0068 3A       		.uleb128 0x3a
 1296 0069 0B       		.uleb128 0xb
 1297 006a 3B       		.uleb128 0x3b
 1298 006b 05       		.uleb128 0x5
 1299 006c 49       		.uleb128 0x49
 1300 006d 13       		.uleb128 0x13
 1301 006e 38       		.uleb128 0x38
 1302 006f 0B       		.uleb128 0xb
 1303 0070 00       		.byte	0
 1304 0071 00       		.byte	0
 1305 0072 09       		.uleb128 0x9
 1306 0073 0F       		.uleb128 0xf
 1307 0074 00       		.byte	0
 1308 0075 0B       		.uleb128 0xb
 1309 0076 0B       		.uleb128 0xb
 1310 0077 49       		.uleb128 0x49
 1311 0078 13       		.uleb128 0x13
ARM GAS  /var/folders/m4/4md61f0s1_g0rzfghffqnxvr0000gn/T//ccGOGqOj.s 			page 24


 1312 0079 00       		.byte	0
 1313 007a 00       		.byte	0
 1314 007b 0A       		.uleb128 0xa
 1315 007c 13       		.uleb128 0x13
 1316 007d 01       		.byte	0x1
 1317 007e 03       		.uleb128 0x3
 1318 007f 0E       		.uleb128 0xe
 1319 0080 0B       		.uleb128 0xb
 1320 0081 0B       		.uleb128 0xb
 1321 0082 3A       		.uleb128 0x3a
 1322 0083 0B       		.uleb128 0xb
 1323 0084 3B       		.uleb128 0x3b
 1324 0085 05       		.uleb128 0x5
 1325 0086 01       		.uleb128 0x1
 1326 0087 13       		.uleb128 0x13
 1327 0088 00       		.byte	0
 1328 0089 00       		.byte	0
 1329 008a 0B       		.uleb128 0xb
 1330 008b 15       		.uleb128 0x15
 1331 008c 01       		.byte	0x1
 1332 008d 27       		.uleb128 0x27
 1333 008e 19       		.uleb128 0x19
 1334 008f 01       		.uleb128 0x1
 1335 0090 13       		.uleb128 0x13
 1336 0091 00       		.byte	0
 1337 0092 00       		.byte	0
 1338 0093 0C       		.uleb128 0xc
 1339 0094 05       		.uleb128 0x5
 1340 0095 00       		.byte	0
 1341 0096 49       		.uleb128 0x49
 1342 0097 13       		.uleb128 0x13
 1343 0098 00       		.byte	0
 1344 0099 00       		.byte	0
 1345 009a 0D       		.uleb128 0xd
 1346 009b 0F       		.uleb128 0xf
 1347 009c 00       		.byte	0
 1348 009d 0B       		.uleb128 0xb
 1349 009e 0B       		.uleb128 0xb
 1350 009f 00       		.byte	0
 1351 00a0 00       		.byte	0
 1352 00a1 0E       		.uleb128 0xe
 1353 00a2 13       		.uleb128 0x13
 1354 00a3 01       		.byte	0x1
 1355 00a4 03       		.uleb128 0x3
 1356 00a5 0E       		.uleb128 0xe
 1357 00a6 0B       		.uleb128 0xb
 1358 00a7 05       		.uleb128 0x5
 1359 00a8 3A       		.uleb128 0x3a
 1360 00a9 0B       		.uleb128 0xb
 1361 00aa 3B       		.uleb128 0x3b
 1362 00ab 05       		.uleb128 0x5
 1363 00ac 01       		.uleb128 0x1
 1364 00ad 13       		.uleb128 0x13
 1365 00ae 00       		.byte	0
 1366 00af 00       		.byte	0
 1367 00b0 0F       		.uleb128 0xf
 1368 00b1 0D       		.uleb128 0xd
ARM GAS  /var/folders/m4/4md61f0s1_g0rzfghffqnxvr0000gn/T//ccGOGqOj.s 			page 25


 1369 00b2 00       		.byte	0
 1370 00b3 03       		.uleb128 0x3
 1371 00b4 08       		.uleb128 0x8
 1372 00b5 3A       		.uleb128 0x3a
 1373 00b6 0B       		.uleb128 0xb
 1374 00b7 3B       		.uleb128 0x3b
 1375 00b8 0B       		.uleb128 0xb
 1376 00b9 49       		.uleb128 0x49
 1377 00ba 13       		.uleb128 0x13
 1378 00bb 38       		.uleb128 0x38
 1379 00bc 0B       		.uleb128 0xb
 1380 00bd 00       		.byte	0
 1381 00be 00       		.byte	0
 1382 00bf 10       		.uleb128 0x10
 1383 00c0 13       		.uleb128 0x13
 1384 00c1 01       		.byte	0x1
 1385 00c2 0B       		.uleb128 0xb
 1386 00c3 0B       		.uleb128 0xb
 1387 00c4 3A       		.uleb128 0x3a
 1388 00c5 0B       		.uleb128 0xb
 1389 00c6 3B       		.uleb128 0x3b
 1390 00c7 0B       		.uleb128 0xb
 1391 00c8 01       		.uleb128 0x1
 1392 00c9 13       		.uleb128 0x13
 1393 00ca 00       		.byte	0
 1394 00cb 00       		.byte	0
 1395 00cc 11       		.uleb128 0x11
 1396 00cd 17       		.uleb128 0x17
 1397 00ce 01       		.byte	0x1
 1398 00cf 0B       		.uleb128 0xb
 1399 00d0 0B       		.uleb128 0xb
 1400 00d1 3A       		.uleb128 0x3a
 1401 00d2 0B       		.uleb128 0xb
 1402 00d3 3B       		.uleb128 0x3b
 1403 00d4 0B       		.uleb128 0xb
 1404 00d5 01       		.uleb128 0x1
 1405 00d6 13       		.uleb128 0x13
 1406 00d7 00       		.byte	0
 1407 00d8 00       		.byte	0
 1408 00d9 12       		.uleb128 0x12
 1409 00da 0D       		.uleb128 0xd
 1410 00db 00       		.byte	0
 1411 00dc 03       		.uleb128 0x3
 1412 00dd 0E       		.uleb128 0xe
 1413 00de 3A       		.uleb128 0x3a
 1414 00df 0B       		.uleb128 0xb
 1415 00e0 3B       		.uleb128 0x3b
 1416 00e1 05       		.uleb128 0x5
 1417 00e2 49       		.uleb128 0x49
 1418 00e3 13       		.uleb128 0x13
 1419 00e4 00       		.byte	0
 1420 00e5 00       		.byte	0
 1421 00e6 13       		.uleb128 0x13
 1422 00e7 26       		.uleb128 0x26
 1423 00e8 00       		.byte	0
 1424 00e9 49       		.uleb128 0x49
 1425 00ea 13       		.uleb128 0x13
ARM GAS  /var/folders/m4/4md61f0s1_g0rzfghffqnxvr0000gn/T//ccGOGqOj.s 			page 26


 1426 00eb 00       		.byte	0
 1427 00ec 00       		.byte	0
 1428 00ed 14       		.uleb128 0x14
 1429 00ee 35       		.uleb128 0x35
 1430 00ef 00       		.byte	0
 1431 00f0 49       		.uleb128 0x49
 1432 00f1 13       		.uleb128 0x13
 1433 00f2 00       		.byte	0
 1434 00f3 00       		.byte	0
 1435 00f4 15       		.uleb128 0x15
 1436 00f5 01       		.uleb128 0x1
 1437 00f6 01       		.byte	0x1
 1438 00f7 49       		.uleb128 0x49
 1439 00f8 13       		.uleb128 0x13
 1440 00f9 01       		.uleb128 0x1
 1441 00fa 13       		.uleb128 0x13
 1442 00fb 00       		.byte	0
 1443 00fc 00       		.byte	0
 1444 00fd 16       		.uleb128 0x16
 1445 00fe 21       		.uleb128 0x21
 1446 00ff 00       		.byte	0
 1447 0100 49       		.uleb128 0x49
 1448 0101 13       		.uleb128 0x13
 1449 0102 2F       		.uleb128 0x2f
 1450 0103 0B       		.uleb128 0xb
 1451 0104 00       		.byte	0
 1452 0105 00       		.byte	0
 1453 0106 17       		.uleb128 0x17
 1454 0107 2E       		.uleb128 0x2e
 1455 0108 00       		.byte	0
 1456 0109 3F       		.uleb128 0x3f
 1457 010a 19       		.uleb128 0x19
 1458 010b 03       		.uleb128 0x3
 1459 010c 0E       		.uleb128 0xe
 1460 010d 3A       		.uleb128 0x3a
 1461 010e 0B       		.uleb128 0xb
 1462 010f 3B       		.uleb128 0x3b
 1463 0110 0B       		.uleb128 0xb
 1464 0111 27       		.uleb128 0x27
 1465 0112 19       		.uleb128 0x19
 1466 0113 11       		.uleb128 0x11
 1467 0114 01       		.uleb128 0x1
 1468 0115 12       		.uleb128 0x12
 1469 0116 06       		.uleb128 0x6
 1470 0117 40       		.uleb128 0x40
 1471 0118 18       		.uleb128 0x18
 1472 0119 9742     		.uleb128 0x2117
 1473 011b 19       		.uleb128 0x19
 1474 011c 00       		.byte	0
 1475 011d 00       		.byte	0
 1476 011e 18       		.uleb128 0x18
 1477 011f 2E       		.uleb128 0x2e
 1478 0120 01       		.byte	0x1
 1479 0121 3F       		.uleb128 0x3f
 1480 0122 19       		.uleb128 0x19
 1481 0123 03       		.uleb128 0x3
 1482 0124 0E       		.uleb128 0xe
ARM GAS  /var/folders/m4/4md61f0s1_g0rzfghffqnxvr0000gn/T//ccGOGqOj.s 			page 27


 1483 0125 3A       		.uleb128 0x3a
 1484 0126 0B       		.uleb128 0xb
 1485 0127 3B       		.uleb128 0x3b
 1486 0128 0B       		.uleb128 0xb
 1487 0129 27       		.uleb128 0x27
 1488 012a 19       		.uleb128 0x19
 1489 012b 11       		.uleb128 0x11
 1490 012c 01       		.uleb128 0x1
 1491 012d 12       		.uleb128 0x12
 1492 012e 06       		.uleb128 0x6
 1493 012f 40       		.uleb128 0x40
 1494 0130 18       		.uleb128 0x18
 1495 0131 9742     		.uleb128 0x2117
 1496 0133 19       		.uleb128 0x19
 1497 0134 01       		.uleb128 0x1
 1498 0135 13       		.uleb128 0x13
 1499 0136 00       		.byte	0
 1500 0137 00       		.byte	0
 1501 0138 19       		.uleb128 0x19
 1502 0139 05       		.uleb128 0x5
 1503 013a 00       		.byte	0
 1504 013b 03       		.uleb128 0x3
 1505 013c 08       		.uleb128 0x8
 1506 013d 3A       		.uleb128 0x3a
 1507 013e 0B       		.uleb128 0xb
 1508 013f 3B       		.uleb128 0x3b
 1509 0140 0B       		.uleb128 0xb
 1510 0141 49       		.uleb128 0x49
 1511 0142 13       		.uleb128 0x13
 1512 0143 02       		.uleb128 0x2
 1513 0144 18       		.uleb128 0x18
 1514 0145 00       		.byte	0
 1515 0146 00       		.byte	0
 1516 0147 1A       		.uleb128 0x1a
 1517 0148 05       		.uleb128 0x5
 1518 0149 00       		.byte	0
 1519 014a 03       		.uleb128 0x3
 1520 014b 0E       		.uleb128 0xe
 1521 014c 3A       		.uleb128 0x3a
 1522 014d 0B       		.uleb128 0xb
 1523 014e 3B       		.uleb128 0x3b
 1524 014f 0B       		.uleb128 0xb
 1525 0150 49       		.uleb128 0x49
 1526 0151 13       		.uleb128 0x13
 1527 0152 02       		.uleb128 0x2
 1528 0153 17       		.uleb128 0x17
 1529 0154 00       		.byte	0
 1530 0155 00       		.byte	0
 1531 0156 1B       		.uleb128 0x1b
 1532 0157 05       		.uleb128 0x5
 1533 0158 00       		.byte	0
 1534 0159 03       		.uleb128 0x3
 1535 015a 08       		.uleb128 0x8
 1536 015b 3A       		.uleb128 0x3a
 1537 015c 0B       		.uleb128 0xb
 1538 015d 3B       		.uleb128 0x3b
 1539 015e 0B       		.uleb128 0xb
ARM GAS  /var/folders/m4/4md61f0s1_g0rzfghffqnxvr0000gn/T//ccGOGqOj.s 			page 28


 1540 015f 49       		.uleb128 0x49
 1541 0160 13       		.uleb128 0x13
 1542 0161 02       		.uleb128 0x2
 1543 0162 17       		.uleb128 0x17
 1544 0163 00       		.byte	0
 1545 0164 00       		.byte	0
 1546 0165 1C       		.uleb128 0x1c
 1547 0166 34       		.uleb128 0x34
 1548 0167 00       		.byte	0
 1549 0168 03       		.uleb128 0x3
 1550 0169 08       		.uleb128 0x8
 1551 016a 3A       		.uleb128 0x3a
 1552 016b 0B       		.uleb128 0xb
 1553 016c 3B       		.uleb128 0x3b
 1554 016d 0B       		.uleb128 0xb
 1555 016e 49       		.uleb128 0x49
 1556 016f 13       		.uleb128 0x13
 1557 0170 02       		.uleb128 0x2
 1558 0171 17       		.uleb128 0x17
 1559 0172 00       		.byte	0
 1560 0173 00       		.byte	0
 1561 0174 1D       		.uleb128 0x1d
 1562 0175 34       		.uleb128 0x34
 1563 0176 00       		.byte	0
 1564 0177 03       		.uleb128 0x3
 1565 0178 0E       		.uleb128 0xe
 1566 0179 3A       		.uleb128 0x3a
 1567 017a 0B       		.uleb128 0xb
 1568 017b 3B       		.uleb128 0x3b
 1569 017c 0B       		.uleb128 0xb
 1570 017d 49       		.uleb128 0x49
 1571 017e 13       		.uleb128 0x13
 1572 017f 02       		.uleb128 0x2
 1573 0180 17       		.uleb128 0x17
 1574 0181 00       		.byte	0
 1575 0182 00       		.byte	0
 1576 0183 1E       		.uleb128 0x1e
 1577 0184 34       		.uleb128 0x34
 1578 0185 00       		.byte	0
 1579 0186 03       		.uleb128 0x3
 1580 0187 0E       		.uleb128 0xe
 1581 0188 49       		.uleb128 0x49
 1582 0189 13       		.uleb128 0x13
 1583 018a 34       		.uleb128 0x34
 1584 018b 19       		.uleb128 0x19
 1585 018c 00       		.byte	0
 1586 018d 00       		.byte	0
 1587 018e 1F       		.uleb128 0x1f
 1588 018f 34       		.uleb128 0x34
 1589 0190 00       		.byte	0
 1590 0191 03       		.uleb128 0x3
 1591 0192 0E       		.uleb128 0xe
 1592 0193 3A       		.uleb128 0x3a
 1593 0194 0B       		.uleb128 0xb
 1594 0195 3B       		.uleb128 0x3b
 1595 0196 05       		.uleb128 0x5
 1596 0197 49       		.uleb128 0x49
ARM GAS  /var/folders/m4/4md61f0s1_g0rzfghffqnxvr0000gn/T//ccGOGqOj.s 			page 29


 1597 0198 13       		.uleb128 0x13
 1598 0199 3F       		.uleb128 0x3f
 1599 019a 19       		.uleb128 0x19
 1600 019b 3C       		.uleb128 0x3c
 1601 019c 19       		.uleb128 0x19
 1602 019d 00       		.byte	0
 1603 019e 00       		.byte	0
 1604 019f 20       		.uleb128 0x20
 1605 01a0 34       		.uleb128 0x34
 1606 01a1 00       		.byte	0
 1607 01a2 03       		.uleb128 0x3
 1608 01a3 08       		.uleb128 0x8
 1609 01a4 3A       		.uleb128 0x3a
 1610 01a5 0B       		.uleb128 0xb
 1611 01a6 3B       		.uleb128 0x3b
 1612 01a7 05       		.uleb128 0x5
 1613 01a8 49       		.uleb128 0x49
 1614 01a9 13       		.uleb128 0x13
 1615 01aa 3F       		.uleb128 0x3f
 1616 01ab 19       		.uleb128 0x19
 1617 01ac 3C       		.uleb128 0x3c
 1618 01ad 19       		.uleb128 0x19
 1619 01ae 00       		.byte	0
 1620 01af 00       		.byte	0
 1621 01b0 00       		.byte	0
 1622              		.section	.debug_loc,"",%progbits
 1623              	.Ldebug_loc0:
 1624              	.LLST0:
 1625 0000 00000000 		.4byte	.LVL0
 1626 0004 10000000 		.4byte	.LVL2
 1627 0008 0100     		.2byte	0x1
 1628 000a 51       		.byte	0x51
 1629 000b 10000000 		.4byte	.LVL2
 1630 000f 3C000000 		.4byte	.LFE232
 1631 0013 0400     		.2byte	0x4
 1632 0015 F3       		.byte	0xf3
 1633 0016 01       		.uleb128 0x1
 1634 0017 51       		.byte	0x51
 1635 0018 9F       		.byte	0x9f
 1636 0019 00000000 		.4byte	0
 1637 001d 00000000 		.4byte	0
 1638              	.LLST1:
 1639 0021 00000000 		.4byte	.LVL0
 1640 0025 2C000000 		.4byte	.LVL6
 1641 0029 0100     		.2byte	0x1
 1642 002b 52       		.byte	0x52
 1643 002c 2C000000 		.4byte	.LVL6
 1644 0030 3C000000 		.4byte	.LFE232
 1645 0034 0200     		.2byte	0x2
 1646 0036 70       		.byte	0x70
 1647 0037 0C       		.sleb128 12
 1648 0038 00000000 		.4byte	0
 1649 003c 00000000 		.4byte	0
 1650              	.LLST2:
 1651 0040 00000000 		.4byte	.LVL0
 1652 0044 1C000000 		.4byte	.LVL5
 1653 0048 0100     		.2byte	0x1
ARM GAS  /var/folders/m4/4md61f0s1_g0rzfghffqnxvr0000gn/T//ccGOGqOj.s 			page 30


 1654 004a 53       		.byte	0x53
 1655 004b 1C000000 		.4byte	.LVL5
 1656 004f 3C000000 		.4byte	.LFE232
 1657 0053 0200     		.2byte	0x2
 1658 0055 70       		.byte	0x70
 1659 0056 10       		.sleb128 16
 1660 0057 00000000 		.4byte	0
 1661 005b 00000000 		.4byte	0
 1662              	.LLST3:
 1663 005f 0E000000 		.4byte	.LVL1
 1664 0063 12000000 		.4byte	.LVL3
 1665 0067 0100     		.2byte	0x1
 1666 0069 54       		.byte	0x54
 1667 006a 14000000 		.4byte	.LVL4
 1668 006e 34000000 		.4byte	.LVL9
 1669 0072 0100     		.2byte	0x1
 1670 0074 54       		.byte	0x54
 1671 0075 00000000 		.4byte	0
 1672 0079 00000000 		.4byte	0
 1673              	.LLST4:
 1674 007d 0E000000 		.4byte	.LVL1
 1675 0081 2E000000 		.4byte	.LVL7
 1676 0085 0100     		.2byte	0x1
 1677 0087 51       		.byte	0x51
 1678 0088 2E000000 		.4byte	.LVL7
 1679 008c 30000000 		.4byte	.LVL8
 1680 0090 0500     		.2byte	0x5
 1681 0092 74       		.byte	0x74
 1682 0093 04       		.sleb128 4
 1683 0094 06       		.byte	0x6
 1684 0095 23       		.byte	0x23
 1685 0096 08       		.uleb128 0x8
 1686 0097 00000000 		.4byte	0
 1687 009b 00000000 		.4byte	0
 1688              		.section	.debug_aranges,"",%progbits
 1689 0000 2C000000 		.4byte	0x2c
 1690 0004 0200     		.2byte	0x2
 1691 0006 00000000 		.4byte	.Ldebug_info0
 1692 000a 04       		.byte	0x4
 1693 000b 00       		.byte	0
 1694 000c 0000     		.2byte	0
 1695 000e 0000     		.2byte	0
 1696 0010 00000000 		.4byte	.LFB231
 1697 0014 1C000000 		.4byte	.LFE231-.LFB231
 1698 0018 00000000 		.4byte	.LFB232
 1699 001c 3C000000 		.4byte	.LFE232-.LFB232
 1700 0020 00000000 		.4byte	.LFB233
 1701 0024 28000000 		.4byte	.LFE233-.LFB233
 1702 0028 00000000 		.4byte	0
 1703 002c 00000000 		.4byte	0
 1704              		.section	.debug_ranges,"",%progbits
 1705              	.Ldebug_ranges0:
 1706 0000 00000000 		.4byte	.LFB231
 1707 0004 1C000000 		.4byte	.LFE231
 1708 0008 00000000 		.4byte	.LFB232
 1709 000c 3C000000 		.4byte	.LFE232
 1710 0010 00000000 		.4byte	.LFB233
ARM GAS  /var/folders/m4/4md61f0s1_g0rzfghffqnxvr0000gn/T//ccGOGqOj.s 			page 31


 1711 0014 28000000 		.4byte	.LFE233
 1712 0018 00000000 		.4byte	0
 1713 001c 00000000 		.4byte	0
 1714              		.section	.debug_line,"",%progbits
 1715              	.Ldebug_line0:
 1716 0000 C5020000 		.section	.debug_str,"MS",%progbits,1
 1716      02005102 
 1716      00000201 
 1716      FB0E0D00 
 1716      01010101 
 1717              	.LASF53:
 1718 0000 72656164 		.ascii	"ready_list_t\000"
 1718      795F6C69 
 1718      73745F74 
 1718      00
 1719              	.LASF91:
 1720 000d 77747472 		.ascii	"wttrp\000"
 1720      7000
 1721              	.LASF106:
 1722 0013 64656C74 		.ascii	"delta\000"
 1722      6100
 1723              	.LASF88:
 1724 0019 7264796D 		.ascii	"rdymsg\000"
 1724      736700
 1725              	.LASF16:
 1726 0020 75696E74 		.ascii	"uint64_t\000"
 1726      36345F74 
 1726      00
 1727              	.LASF24:
 1728 0029 6576656E 		.ascii	"eventmask_t\000"
 1728      746D6173 
 1728      6B5F7400 
 1729              	.LASF5:
 1730 0035 5F5F7569 		.ascii	"__uint8_t\000"
 1730      6E74385F 
 1730      7400
 1731              	.LASF85:
 1732 003f 706F7274 		.ascii	"port_intctx\000"
 1732      5F696E74 
 1732      63747800 
 1733              	.LASF72:
 1734 004b 73797374 		.ascii	"system_debug_t\000"
 1734      656D5F64 
 1734      65627567 
 1734      5F7400
 1735              	.LASF12:
 1736 005a 6C6F6E67 		.ascii	"long long unsigned int\000"
 1736      206C6F6E 
 1736      6720756E 
 1736      7369676E 
 1736      65642069 
 1737              	.LASF108:
 1738 0071 63685654 		.ascii	"chVTDoResetI\000"
 1738      446F5265 
 1738      73657449 
 1738      00
 1739              	.LASF89:
ARM GAS  /var/folders/m4/4md61f0s1_g0rzfghffqnxvr0000gn/T//ccGOGqOj.s 			page 32


 1740 007e 65786974 		.ascii	"exitcode\000"
 1740      636F6465 
 1740      00
 1741              	.LASF79:
 1742 0087 6D61696E 		.ascii	"mainthread\000"
 1742      74687265 
 1742      616400
 1743              	.LASF69:
 1744 0092 76697274 		.ascii	"virtual_timers_list_t\000"
 1744      75616C5F 
 1744      74696D65 
 1744      72735F6C 
 1744      6973745F 
 1745              	.LASF110:
 1746 00a8 49544D5F 		.ascii	"ITM_RxBuffer\000"
 1746      52784275 
 1746      66666572 
 1746      00
 1747              	.LASF52:
 1748 00b5 63685F74 		.ascii	"ch_threads_queue\000"
 1748      68726561 
 1748      64735F71 
 1748      75657565 
 1748      00
 1749              	.LASF30:
 1750 00c6 705F7072 		.ascii	"p_prio\000"
 1750      696F00
 1751              	.LASF114:
 1752 00cd 5F76745F 		.ascii	"_vt_init\000"
 1752      696E6974 
 1752      00
 1753              	.LASF10:
 1754 00d6 6C6F6E67 		.ascii	"long long int\000"
 1754      206C6F6E 
 1754      6720696E 
 1754      7400
 1755              	.LASF1:
 1756 00e4 7369676E 		.ascii	"signed char\000"
 1756      65642063 
 1756      68617200 
 1757              	.LASF46:
 1758 00f0 705F6D70 		.ascii	"p_mpool\000"
 1758      6F6F6C00 
 1759              	.LASF99:
 1760 00f8 6D5F7175 		.ascii	"m_queue\000"
 1760      65756500 
 1761              	.LASF78:
 1762 0100 76746C69 		.ascii	"vtlist\000"
 1762      737400
 1763              	.LASF21:
 1764 0107 74736C69 		.ascii	"tslices_t\000"
 1764      6365735F 
 1764      7400
 1765              	.LASF76:
 1766 0111 63685F73 		.ascii	"ch_system\000"
 1766      79737465 
 1766      6D00
ARM GAS  /var/folders/m4/4md61f0s1_g0rzfghffqnxvr0000gn/T//ccGOGqOj.s 			page 33


 1767              	.LASF7:
 1768 011b 6C6F6E67 		.ascii	"long int\000"
 1768      20696E74 
 1768      00
 1769              	.LASF19:
 1770 0124 74737461 		.ascii	"tstate_t\000"
 1770      74655F74 
 1770      00
 1771              	.LASF32:
 1772 012d 705F6E65 		.ascii	"p_newer\000"
 1772      77657200 
 1773              	.LASF96:
 1774 0135 735F7175 		.ascii	"s_queue\000"
 1774      65756500 
 1775              	.LASF58:
 1776 013d 725F6E65 		.ascii	"r_newer\000"
 1776      77657200 
 1777              	.LASF82:
 1778 0145 72656761 		.ascii	"regarm_t\000"
 1778      726D5F74 
 1778      00
 1779              	.LASF65:
 1780 014e 76745F70 		.ascii	"vt_prev\000"
 1780      72657600 
 1781              	.LASF103:
 1782 0156 6D757465 		.ascii	"mutex_t\000"
 1782      785F7400 
 1783              	.LASF80:
 1784 015e 69646C65 		.ascii	"idle_thread_wa\000"
 1784      5F746872 
 1784      6561645F 
 1784      776100
 1785              	.LASF25:
 1786 016d 636E745F 		.ascii	"cnt_t\000"
 1786      7400
 1787              	.LASF0:
 1788 0173 756E7369 		.ascii	"unsigned int\000"
 1788      676E6564 
 1788      20696E74 
 1788      00
 1789              	.LASF64:
 1790 0180 76745F6E 		.ascii	"vt_next\000"
 1790      65787400 
 1791              	.LASF39:
 1792 0188 705F7469 		.ascii	"p_time\000"
 1792      6D6500
 1793              	.LASF92:
 1794 018f 77747365 		.ascii	"wtsemp\000"
 1794      6D7000
 1795              	.LASF66:
 1796 0196 76745F64 		.ascii	"vt_delta\000"
 1796      656C7461 
 1796      00
 1797              	.LASF41:
 1798 019f 705F6D73 		.ascii	"p_msgqueue\000"
 1798      67717565 
 1798      756500
ARM GAS  /var/folders/m4/4md61f0s1_g0rzfghffqnxvr0000gn/T//ccGOGqOj.s 			page 34


 1799              	.LASF97:
 1800 01aa 735F636E 		.ascii	"s_cnt\000"
 1800      7400
 1801              	.LASF4:
 1802 01b0 73686F72 		.ascii	"short unsigned int\000"
 1802      7420756E 
 1802      7369676E 
 1802      65642069 
 1802      6E7400
 1803              	.LASF49:
 1804 01c3 63685F74 		.ascii	"ch_thread\000"
 1804      68726561 
 1804      6400
 1805              	.LASF23:
 1806 01cd 6D73675F 		.ascii	"msg_t\000"
 1806      7400
 1807              	.LASF113:
 1808 01d3 2F557365 		.ascii	"/Users/raphael/Documents/Projects/rESC/resc-firmwar"
 1808      72732F72 
 1808      61706861 
 1808      656C2F44 
 1808      6F63756D 
 1809 0206 6500     		.ascii	"e\000"
 1810              	.LASF75:
 1811 0208 63685F73 		.ascii	"ch_system_t\000"
 1811      79737465 
 1811      6D5F7400 
 1812              	.LASF18:
 1813 0214 746D6F64 		.ascii	"tmode_t\000"
 1813      655F7400 
 1814              	.LASF54:
 1815 021c 63685F72 		.ascii	"ch_ready_list\000"
 1815      65616479 
 1815      5F6C6973 
 1815      7400
 1816              	.LASF107:
 1817 022a 63685654 		.ascii	"chVTDoSetI\000"
 1817      446F5365 
 1817      744900
 1818              	.LASF6:
 1819 0235 5F5F696E 		.ascii	"__int32_t\000"
 1819      7433325F 
 1819      7400
 1820              	.LASF83:
 1821 023f 73746B61 		.ascii	"stkalign_t\000"
 1821      6C69676E 
 1821      5F7400
 1822              	.LASF48:
 1823 024a 74687265 		.ascii	"threads_list_t\000"
 1823      6164735F 
 1823      6C697374 
 1823      5F7400
 1824              	.LASF40:
 1825 0259 705F7761 		.ascii	"p_waiting\000"
 1825      6974696E 
 1825      6700
 1826              	.LASF81:
ARM GAS  /var/folders/m4/4md61f0s1_g0rzfghffqnxvr0000gn/T//ccGOGqOj.s 			page 35


 1827 0263 73697A65 		.ascii	"sizetype\000"
 1827      74797065 
 1827      00
 1828              	.LASF47:
 1829 026c 74687265 		.ascii	"thread_reference_t\000"
 1829      61645F72 
 1829      65666572 
 1829      656E6365 
 1829      5F7400
 1830              	.LASF70:
 1831 027f 63685F76 		.ascii	"ch_virtual_timers_list\000"
 1831      69727475 
 1831      616C5F74 
 1831      696D6572 
 1831      735F6C69 
 1832              	.LASF33:
 1833 0296 705F6F6C 		.ascii	"p_older\000"
 1833      64657200 
 1834              	.LASF57:
 1835 029e 725F6374 		.ascii	"r_ctx\000"
 1835      7800
 1836              	.LASF87:
 1837 02a4 746D5F63 		.ascii	"tm_calibration_t\000"
 1837      616C6962 
 1837      72617469 
 1837      6F6E5F74 
 1837      00
 1838              	.LASF60:
 1839 02b5 725F6375 		.ascii	"r_current\000"
 1839      7272656E 
 1839      7400
 1840              	.LASF59:
 1841 02bf 725F6F6C 		.ascii	"r_older\000"
 1841      64657200 
 1842              	.LASF11:
 1843 02c7 5F5F7569 		.ascii	"__uint64_t\000"
 1843      6E743634 
 1843      5F7400
 1844              	.LASF20:
 1845 02d2 74726566 		.ascii	"trefs_t\000"
 1845      735F7400 
 1846              	.LASF62:
 1847 02da 76697274 		.ascii	"virtual_timer_t\000"
 1847      75616C5F 
 1847      74696D65 
 1847      725F7400 
 1848              	.LASF29:
 1849 02ea 705F7072 		.ascii	"p_prev\000"
 1849      657600
 1850              	.LASF22:
 1851 02f1 74707269 		.ascii	"tprio_t\000"
 1851      6F5F7400 
 1852              	.LASF73:
 1853 02f9 63685F73 		.ascii	"ch_system_debug\000"
 1853      79737465 
 1853      6D5F6465 
 1853      62756700 
ARM GAS  /var/folders/m4/4md61f0s1_g0rzfghffqnxvr0000gn/T//ccGOGqOj.s 			page 36


 1854              	.LASF14:
 1855 0309 696E7433 		.ascii	"int32_t\000"
 1855      325F7400 
 1856              	.LASF2:
 1857 0311 756E7369 		.ascii	"unsigned char\000"
 1857      676E6564 
 1857      20636861 
 1857      7200
 1858              	.LASF104:
 1859 031f 64656C61 		.ascii	"delay\000"
 1859      7900
 1860              	.LASF44:
 1861 0325 705F6D74 		.ascii	"p_mtxlist\000"
 1861      786C6973 
 1861      7400
 1862              	.LASF3:
 1863 032f 73686F72 		.ascii	"short int\000"
 1863      7420696E 
 1863      7400
 1864              	.LASF35:
 1865 0339 705F7374 		.ascii	"p_state\000"
 1865      61746500 
 1866              	.LASF38:
 1867 0341 705F7072 		.ascii	"p_preempt\000"
 1867      65656D70 
 1867      7400
 1868              	.LASF56:
 1869 034b 725F7072 		.ascii	"r_prio\000"
 1869      696F00
 1870              	.LASF94:
 1871 0352 65776D61 		.ascii	"ewmask\000"
 1871      736B00
 1872              	.LASF28:
 1873 0359 705F6E65 		.ascii	"p_next\000"
 1873      787400
 1874              	.LASF36:
 1875 0360 705F666C 		.ascii	"p_flags\000"
 1875      61677300 
 1876              	.LASF109:
 1877 0368 5F5F6675 		.ascii	"__func__\000"
 1877      6E635F5F 
 1877      00
 1878              	.LASF63:
 1879 0371 63685F76 		.ascii	"ch_virtual_timer\000"
 1879      69727475 
 1879      616C5F74 
 1879      696D6572 
 1879      00
 1880              	.LASF95:
 1881 0382 63685F73 		.ascii	"ch_semaphore\000"
 1881      656D6170 
 1881      686F7265 
 1881      00
 1882              	.LASF43:
 1883 038f 705F6570 		.ascii	"p_epending\000"
 1883      656E6469 
 1883      6E6700
ARM GAS  /var/folders/m4/4md61f0s1_g0rzfghffqnxvr0000gn/T//ccGOGqOj.s 			page 37


 1884              	.LASF15:
 1885 039a 75696E74 		.ascii	"uint32_t\000"
 1885      33325F74 
 1885      00
 1886              	.LASF93:
 1887 03a3 77746D74 		.ascii	"wtmtxp\000"
 1887      787000
 1888              	.LASF55:
 1889 03aa 725F7175 		.ascii	"r_queue\000"
 1889      65756500 
 1890              	.LASF50:
 1891 03b2 63685F74 		.ascii	"ch_threads_list\000"
 1891      68726561 
 1891      64735F6C 
 1891      69737400 
 1892              	.LASF9:
 1893 03c2 6C6F6E67 		.ascii	"long unsigned int\000"
 1893      20756E73 
 1893      69676E65 
 1893      6420696E 
 1893      7400
 1894              	.LASF102:
 1895 03d4 63686172 		.ascii	"char\000"
 1895      00
 1896              	.LASF111:
 1897 03d9 474E5520 		.ascii	"GNU C99 5.2.1 20151202 (release) [ARM/embedded-5-br"
 1897      43393920 
 1897      352E322E 
 1897      31203230 
 1897      31353132 
 1898 040c 616E6368 		.ascii	"anch revision 231848] -mcpu=cortex-m4 -mfloat-abi=h"
 1898      20726576 
 1898      6973696F 
 1898      6E203233 
 1898      31383438 
 1899 043f 61726420 		.ascii	"ard -mfpu=fpv4-sp-d16 -mno-thumb-interwork -mthumb "
 1899      2D6D6670 
 1899      753D6670 
 1899      76342D73 
 1899      702D6431 
 1900 0472 2D676764 		.ascii	"-ggdb -O2 -std=c99 -fomit-frame-pointer -falign-fun"
 1900      62202D4F 
 1900      32202D73 
 1900      74643D63 
 1900      3939202D 
 1901 04a5 6374696F 		.ascii	"ctions=16 -ffunction-sections -fdata-sections -fno-"
 1901      6E733D31 
 1901      36202D66 
 1901      66756E63 
 1901      74696F6E 
 1902 04d8 636F6D6D 		.ascii	"common\000"
 1902      6F6E00
 1903              	.LASF27:
 1904 04df 74687265 		.ascii	"thread_t\000"
 1904      61645F74 
 1904      00
 1905              	.LASF101:
ARM GAS  /var/folders/m4/4md61f0s1_g0rzfghffqnxvr0000gn/T//ccGOGqOj.s 			page 38


 1906 04e8 6D5F6E65 		.ascii	"m_next\000"
 1906      787400
 1907              	.LASF26:
 1908 04ef 73797374 		.ascii	"systime_t\000"
 1908      696D655F 
 1908      7400
 1909              	.LASF45:
 1910 04f9 705F7265 		.ascii	"p_realprio\000"
 1910      616C7072 
 1910      696F00
 1911              	.LASF61:
 1912 0504 76746675 		.ascii	"vtfunc_t\000"
 1912      6E635F74 
 1912      00
 1913              	.LASF8:
 1914 050d 5F5F7569 		.ascii	"__uint32_t\000"
 1914      6E743332 
 1914      5F7400
 1915              	.LASF74:
 1916 0518 70616E69 		.ascii	"panic_msg\000"
 1916      635F6D73 
 1916      6700
 1917              	.LASF112:
 1918 0522 43686962 		.ascii	"ChibiOS_16.1.4/os/rt/src/chvt.c\000"
 1918      694F535F 
 1918      31362E31 
 1918      2E342F6F 
 1918      732F7274 
 1919              	.LASF86:
 1920 0542 6F666673 		.ascii	"offset\000"
 1920      657400
 1921              	.LASF84:
 1922 0549 636F6E74 		.ascii	"context\000"
 1922      65787400 
 1923              	.LASF17:
 1924 0551 7274636E 		.ascii	"rtcnt_t\000"
 1924      745F7400 
 1925              	.LASF68:
 1926 0559 76745F70 		.ascii	"vt_par\000"
 1926      617200
 1927              	.LASF105:
 1928 0560 76746675 		.ascii	"vtfunc\000"
 1928      6E6300
 1929              	.LASF51:
 1930 0567 74687265 		.ascii	"threads_queue_t\000"
 1930      6164735F 
 1930      71756575 
 1930      655F7400 
 1931              	.LASF98:
 1932 0577 63685F6D 		.ascii	"ch_mutex\000"
 1932      75746578 
 1932      00
 1933              	.LASF37:
 1934 0580 705F7265 		.ascii	"p_refs\000"
 1934      667300
 1935              	.LASF77:
 1936 0587 726C6973 		.ascii	"rlist\000"
ARM GAS  /var/folders/m4/4md61f0s1_g0rzfghffqnxvr0000gn/T//ccGOGqOj.s 			page 39


 1936      7400
 1937              	.LASF13:
 1938 058d 75696E74 		.ascii	"uint8_t\000"
 1938      385F7400 
 1939              	.LASF90:
 1940 0595 77746F62 		.ascii	"wtobjp\000"
 1940      6A7000
 1941              	.LASF34:
 1942 059c 705F6E61 		.ascii	"p_name\000"
 1942      6D6500
 1943              	.LASF71:
 1944 05a3 76745F73 		.ascii	"vt_systime\000"
 1944      79737469 
 1944      6D6500
 1945              	.LASF42:
 1946 05ae 705F6D73 		.ascii	"p_msg\000"
 1946      6700
 1947              	.LASF100:
 1948 05b4 6D5F6F77 		.ascii	"m_owner\000"
 1948      6E657200 
 1949              	.LASF31:
 1950 05bc 705F6374 		.ascii	"p_ctx\000"
 1950      7800
 1951              	.LASF67:
 1952 05c2 76745F66 		.ascii	"vt_func\000"
 1952      756E6300 
 1953              		.ident	"GCC: (GNU Tools for ARM Embedded Processors) 5.2.1 20151202 (release) [ARM/embedded-5-bran
ARM GAS  /var/folders/m4/4md61f0s1_g0rzfghffqnxvr0000gn/T//ccGOGqOj.s 			page 40


DEFINED SYMBOLS
                            *ABS*:0000000000000000 chvt.c
/var/folders/m4/4md61f0s1_g0rzfghffqnxvr0000gn/T//ccGOGqOj.s:22     .text._vt_init:0000000000000000 $t
/var/folders/m4/4md61f0s1_g0rzfghffqnxvr0000gn/T//ccGOGqOj.s:28     .text._vt_init:0000000000000000 _vt_init
/var/folders/m4/4md61f0s1_g0rzfghffqnxvr0000gn/T//ccGOGqOj.s:56     .text._vt_init:0000000000000018 $d
/var/folders/m4/4md61f0s1_g0rzfghffqnxvr0000gn/T//ccGOGqOj.s:61     .text.chVTDoSetI:0000000000000000 $t
/var/folders/m4/4md61f0s1_g0rzfghffqnxvr0000gn/T//ccGOGqOj.s:67     .text.chVTDoSetI:0000000000000000 chVTDoSetI
/var/folders/m4/4md61f0s1_g0rzfghffqnxvr0000gn/T//ccGOGqOj.s:142    .text.chVTDoSetI:0000000000000038 $d
/var/folders/m4/4md61f0s1_g0rzfghffqnxvr0000gn/T//ccGOGqOj.s:147    .text.chVTDoResetI:0000000000000000 $t
/var/folders/m4/4md61f0s1_g0rzfghffqnxvr0000gn/T//ccGOGqOj.s:153    .text.chVTDoResetI:0000000000000000 chVTDoResetI
/var/folders/m4/4md61f0s1_g0rzfghffqnxvr0000gn/T//ccGOGqOj.s:201    .text.chVTDoResetI:0000000000000024 $d
                     .debug_frame:0000000000000010 $d

UNDEFINED SYMBOLS
ch
