ARM GAS  /var/folders/m4/4md61f0s1_g0rzfghffqnxvr0000gn/T//ccWVNEOO.s 			page 1


   1              		.syntax unified
   2              		.cpu cortex-m4
   3              		.eabi_attribute 27, 1
   4              		.eabi_attribute 28, 1
   5              		.fpu fpv4-sp-d16
   6              		.eabi_attribute 20, 1
   7              		.eabi_attribute 21, 1
   8              		.eabi_attribute 23, 3
   9              		.eabi_attribute 24, 1
  10              		.eabi_attribute 25, 1
  11              		.eabi_attribute 26, 1
  12              		.eabi_attribute 30, 2
  13              		.eabi_attribute 34, 1
  14              		.eabi_attribute 18, 4
  15              		.thumb
  16              		.syntax unified
  17              		.file	"hal.c"
  18              		.text
  19              	.Ltext0:
  20              		.cfi_sections	.debug_frame
  21              		.section	.text.halInit,"ax",%progbits
  22              		.align	2
  23              		.p2align 4,,15
  24              		.global	halInit
  25              		.thumb
  26              		.thumb_func
  27              		.type	halInit, %function
  28              	halInit:
  29              	.LFB268:
  30              		.file 1 "ChibiOS_16.1.4/os/hal/src/hal.c"
  31              		.loc 1 56 0
  32              		.cfi_startproc
  33              		@ args = 0, pretend = 0, frame = 0
  34              		@ frame_needed = 0, uses_anonymous_args = 0
  35 0000 08B5     		push	{r3, lr}
  36              		.cfi_def_cfa_offset 8
  37              		.cfi_offset 3, -8
  38              		.cfi_offset 14, -4
  39              		.loc 1 62 0
  40 0002 FFF7FEFF 		bl	hal_lld_init
  41              	.LVL0:
  42              		.loc 1 65 0
  43 0006 0B48     		ldr	r0, .L3
  44 0008 FFF7FEFF 		bl	_pal_lld_init
  45              	.LVL1:
  46              		.loc 1 68 0
  47 000c FFF7FEFF 		bl	adcInit
  48              	.LVL2:
  49              		.loc 1 77 0
  50 0010 FFF7FEFF 		bl	extInit
  51              	.LVL3:
  52              		.loc 1 83 0
  53 0014 FFF7FEFF 		bl	i2cInit
  54              	.LVL4:
  55              		.loc 1 95 0
  56 0018 FFF7FEFF 		bl	pwmInit
  57              	.LVL5:
ARM GAS  /var/folders/m4/4md61f0s1_g0rzfghffqnxvr0000gn/T//ccWVNEOO.s 			page 2


  58              		.loc 1 104 0
  59 001c FFF7FEFF 		bl	spiInit
  60              	.LVL6:
  61              		.loc 1 110 0
  62 0020 FFF7FEFF 		bl	usbInit
  63              	.LVL7:
  64              		.loc 1 116 0
  65 0024 FFF7FEFF 		bl	sduInit
  66              	.LVL8:
  67              		.loc 1 133 0
  68 0028 FFF7FEFF 		bl	boardInit
  69              	.LVL9:
  70              		.loc 1 142 0
  71 002c BDE80840 		pop	{r3, lr}
  72              		.cfi_restore 14
  73              		.cfi_restore 3
  74              		.cfi_def_cfa_offset 0
  75              		.loc 1 140 0
  76 0030 FFF7FEBF 		b	stInit
  77              	.LVL10:
  78              	.L4:
  79              		.align	2
  80              	.L3:
  81 0034 00000000 		.word	pal_default_config
  82              		.cfi_endproc
  83              	.LFE268:
  84              		.size	halInit, .-halInit
  85              		.text
  86              	.Letext0:
  87              		.file 2 "/opt/homebrew-cask/Caskroom/gcc-arm-embedded/5_2-2015q4,20151219/gcc-arm-none-eabi-5_2-20
  88              		.file 3 "/opt/homebrew-cask/Caskroom/gcc-arm-embedded/5_2-2015q4,20151219/gcc-arm-none-eabi-5_2-20
  89              		.file 4 "ChibiOS_16.1.4/os/rt/ports/ARMCMx/compilers/GCC/chtypes.h"
  90              		.file 5 "ChibiOS_16.1.4/os/rt/include/chsystypes.h"
  91              		.file 6 "ChibiOS_16.1.4/os/rt/include/chschd.h"
  92              		.file 7 "ChibiOS_16.1.4/os/rt/ports/ARMCMx/chcore.h"
  93              		.file 8 "ChibiOS_16.1.4/os/rt/ports/ARMCMx/chcore_v7m.h"
  94              		.file 9 "ChibiOS_16.1.4/os/rt/include/chtm.h"
  95              		.file 10 "ChibiOS_16.1.4/os/rt/include/chsem.h"
  96              		.file 11 "ChibiOS_16.1.4/os/rt/include/chmtx.h"
  97              		.file 12 "ChibiOS_16.1.4/os/hal/ports/STM32/LLD/GPIOv2/pal_lld.h"
  98              		.file 13 "ChibiOS_16.1.4/os/ext/CMSIS/include/core_cm4.h"
  99              		.file 14 "ChibiOS_16.1.4/os/hal/ports/STM32/STM32F4xx/hal_lld.h"
 100              		.file 15 "ChibiOS_16.1.4/os/hal/include/adc.h"
 101              		.file 16 "ChibiOS_16.1.4/os/hal/include/ext.h"
 102              		.file 17 "ChibiOS_16.1.4/os/hal/include/i2c.h"
 103              		.file 18 "ChibiOS_16.1.4/os/hal/include/pwm.h"
 104              		.file 19 "ChibiOS_16.1.4/os/hal/include/spi.h"
 105              		.file 20 "ChibiOS_16.1.4/os/hal/include/usb.h"
 106              		.file 21 "ChibiOS_16.1.4/os/hal/include/serial_usb.h"
 107              		.file 22 "board/board.h"
 108              		.file 23 "ChibiOS_16.1.4/os/hal/include/st.h"
 109              		.file 24 "ChibiOS_16.1.4/os/hal/osal/rt/osal.h"
 110              		.section	.debug_info,"",%progbits
 111              	.Ldebug_info0:
 112 0000 35090000 		.4byte	0x935
 113 0004 0400     		.2byte	0x4
 114 0006 00000000 		.4byte	.Ldebug_abbrev0
ARM GAS  /var/folders/m4/4md61f0s1_g0rzfghffqnxvr0000gn/T//ccWVNEOO.s 			page 3


 115 000a 04       		.byte	0x4
 116 000b 01       		.uleb128 0x1
 117 000c 73040000 		.4byte	.LASF135
 118 0010 0C       		.byte	0xc
 119 0011 A4020000 		.4byte	.LASF136
 120 0015 06020000 		.4byte	.LASF137
 121 0019 00000000 		.4byte	.Ldebug_ranges0+0
 122 001d 00000000 		.4byte	0
 123 0021 00000000 		.4byte	.Ldebug_line0
 124 0025 02       		.uleb128 0x2
 125 0026 04       		.byte	0x4
 126 0027 05       		.byte	0x5
 127 0028 696E7400 		.ascii	"int\000"
 128 002c 03       		.uleb128 0x3
 129 002d 04       		.byte	0x4
 130 002e 07       		.byte	0x7
 131 002f 8E010000 		.4byte	.LASF0
 132 0033 03       		.uleb128 0x3
 133 0034 01       		.byte	0x1
 134 0035 06       		.byte	0x6
 135 0036 E3000000 		.4byte	.LASF1
 136 003a 04       		.uleb128 0x4
 137 003b 3D000000 		.4byte	.LASF5
 138 003f 02       		.byte	0x2
 139 0040 1D       		.byte	0x1d
 140 0041 45000000 		.4byte	0x45
 141 0045 03       		.uleb128 0x3
 142 0046 01       		.byte	0x1
 143 0047 08       		.byte	0x8
 144 0048 97030000 		.4byte	.LASF2
 145 004c 03       		.uleb128 0x3
 146 004d 02       		.byte	0x2
 147 004e 05       		.byte	0x5
 148 004f C4030000 		.4byte	.LASF3
 149 0053 03       		.uleb128 0x3
 150 0054 02       		.byte	0x2
 151 0055 07       		.byte	0x7
 152 0056 DC010000 		.4byte	.LASF4
 153 005a 04       		.uleb128 0x4
 154 005b 69020000 		.4byte	.LASF6
 155 005f 02       		.byte	0x2
 156 0060 3F       		.byte	0x3f
 157 0061 65000000 		.4byte	0x65
 158 0065 03       		.uleb128 0x3
 159 0066 04       		.byte	0x4
 160 0067 05       		.byte	0x5
 161 0068 19010000 		.4byte	.LASF7
 162 006c 04       		.uleb128 0x4
 163 006d AF050000 		.4byte	.LASF8
 164 0071 02       		.byte	0x2
 165 0072 41       		.byte	0x41
 166 0073 77000000 		.4byte	0x77
 167 0077 03       		.uleb128 0x3
 168 0078 04       		.byte	0x4
 169 0079 07       		.byte	0x7
 170 007a 5C040000 		.4byte	.LASF9
 171 007e 03       		.uleb128 0x3
ARM GAS  /var/folders/m4/4md61f0s1_g0rzfghffqnxvr0000gn/T//ccWVNEOO.s 			page 4


 172 007f 08       		.byte	0x8
 173 0080 05       		.byte	0x5
 174 0081 D5000000 		.4byte	.LASF10
 175 0085 04       		.uleb128 0x4
 176 0086 3E030000 		.4byte	.LASF11
 177 008a 02       		.byte	0x2
 178 008b 5B       		.byte	0x5b
 179 008c 90000000 		.4byte	0x90
 180 0090 03       		.uleb128 0x3
 181 0091 08       		.byte	0x8
 182 0092 07       		.byte	0x7
 183 0093 69000000 		.4byte	.LASF12
 184 0097 04       		.uleb128 0x4
 185 0098 2D060000 		.4byte	.LASF13
 186 009c 03       		.byte	0x3
 187 009d 14       		.byte	0x14
 188 009e 3A000000 		.4byte	0x3a
 189 00a2 04       		.uleb128 0x4
 190 00a3 8F030000 		.4byte	.LASF14
 191 00a7 03       		.byte	0x3
 192 00a8 1F       		.byte	0x1f
 193 00a9 5A000000 		.4byte	0x5a
 194 00ad 04       		.uleb128 0x4
 195 00ae 34040000 		.4byte	.LASF15
 196 00b2 03       		.byte	0x3
 197 00b3 20       		.byte	0x20
 198 00b4 6C000000 		.4byte	0x6c
 199 00b8 04       		.uleb128 0x4
 200 00b9 34000000 		.4byte	.LASF16
 201 00bd 03       		.byte	0x3
 202 00be 26       		.byte	0x26
 203 00bf 85000000 		.4byte	0x85
 204 00c3 04       		.uleb128 0x4
 205 00c4 E0050000 		.4byte	.LASF17
 206 00c8 04       		.byte	0x4
 207 00c9 39       		.byte	0x39
 208 00ca AD000000 		.4byte	0xad
 209 00ce 04       		.uleb128 0x4
 210 00cf 47020000 		.4byte	.LASF18
 211 00d3 04       		.byte	0x4
 212 00d4 3C       		.byte	0x3c
 213 00d5 97000000 		.4byte	0x97
 214 00d9 04       		.uleb128 0x4
 215 00da 29010000 		.4byte	.LASF19
 216 00de 04       		.byte	0x4
 217 00df 3D       		.byte	0x3d
 218 00e0 97000000 		.4byte	0x97
 219 00e4 04       		.uleb128 0x4
 220 00e5 49030000 		.4byte	.LASF20
 221 00e9 04       		.byte	0x4
 222 00ea 3E       		.byte	0x3e
 223 00eb 97000000 		.4byte	0x97
 224 00ef 04       		.uleb128 0x4
 225 00f0 05010000 		.4byte	.LASF21
 226 00f4 04       		.byte	0x4
 227 00f5 3F       		.byte	0x3f
 228 00f6 97000000 		.4byte	0x97
ARM GAS  /var/folders/m4/4md61f0s1_g0rzfghffqnxvr0000gn/T//ccWVNEOO.s 			page 5


 229 00fa 04       		.uleb128 0x4
 230 00fb 71030000 		.4byte	.LASF22
 231 00ff 04       		.byte	0x4
 232 0100 40       		.byte	0x40
 233 0101 AD000000 		.4byte	0xad
 234 0105 04       		.uleb128 0x4
 235 0106 00020000 		.4byte	.LASF23
 236 010a 04       		.byte	0x4
 237 010b 41       		.byte	0x41
 238 010c A2000000 		.4byte	0xa2
 239 0110 04       		.uleb128 0x4
 240 0111 5D020000 		.4byte	.LASF24
 241 0115 04       		.byte	0x4
 242 0116 43       		.byte	0x43
 243 0117 AD000000 		.4byte	0xad
 244 011b 04       		.uleb128 0x4
 245 011c 88010000 		.4byte	.LASF25
 246 0120 04       		.byte	0x4
 247 0121 45       		.byte	0x45
 248 0122 A2000000 		.4byte	0xa2
 249 0126 04       		.uleb128 0x4
 250 0127 91050000 		.4byte	.LASF26
 251 012b 05       		.byte	0x5
 252 012c 33       		.byte	0x33
 253 012d AD000000 		.4byte	0xad
 254 0131 04       		.uleb128 0x4
 255 0132 81050000 		.4byte	.LASF27
 256 0136 05       		.byte	0x5
 257 0137 3F       		.byte	0x3f
 258 0138 3C010000 		.4byte	0x13c
 259 013c 05       		.uleb128 0x5
 260 013d F6010000 		.4byte	.LASF49
 261 0141 48       		.byte	0x48
 262 0142 06       		.byte	0x6
 263 0143 C2       		.byte	0xc2
 264 0144 41020000 		.4byte	0x241
 265 0148 06       		.uleb128 0x6
 266 0149 F5030000 		.4byte	.LASF28
 267 014d 06       		.byte	0x6
 268 014e C3       		.byte	0xc3
 269 014f 4C020000 		.4byte	0x24c
 270 0153 00       		.byte	0
 271 0154 06       		.uleb128 0x6
 272 0155 61030000 		.4byte	.LASF29
 273 0159 06       		.byte	0x6
 274 015a C5       		.byte	0xc5
 275 015b 4C020000 		.4byte	0x24c
 276 015f 04       		.byte	0x4
 277 0160 06       		.uleb128 0x6
 278 0161 CE000000 		.4byte	.LASF30
 279 0165 06       		.byte	0x6
 280 0166 C7       		.byte	0xc7
 281 0167 FA000000 		.4byte	0xfa
 282 016b 08       		.byte	0x8
 283 016c 06       		.uleb128 0x6
 284 016d 8E060000 		.4byte	.LASF31
 285 0171 06       		.byte	0x6
ARM GAS  /var/folders/m4/4md61f0s1_g0rzfghffqnxvr0000gn/T//ccWVNEOO.s 			page 6


 286 0172 C8       		.byte	0xc8
 287 0173 7C040000 		.4byte	0x47c
 288 0177 0C       		.byte	0xc
 289 0178 06       		.uleb128 0x6
 290 0179 3A010000 		.4byte	.LASF32
 291 017d 06       		.byte	0x6
 292 017e CA       		.byte	0xca
 293 017f 4C020000 		.4byte	0x24c
 294 0183 10       		.byte	0x10
 295 0184 06       		.uleb128 0x6
 296 0185 01030000 		.4byte	.LASF33
 297 0189 06       		.byte	0x6
 298 018a CB       		.byte	0xcb
 299 018b 4C020000 		.4byte	0x24c
 300 018f 14       		.byte	0x14
 301 0190 06       		.uleb128 0x6
 302 0191 3C060000 		.4byte	.LASF34
 303 0195 06       		.byte	0x6
 304 0196 D2       		.byte	0xd2
 305 0197 CA060000 		.4byte	0x6ca
 306 019b 18       		.byte	0x18
 307 019c 06       		.uleb128 0x6
 308 019d CE030000 		.4byte	.LASF35
 309 01a1 06       		.byte	0x6
 310 01a2 DD       		.byte	0xdd
 311 01a3 D9000000 		.4byte	0xd9
 312 01a7 1C       		.byte	0x1c
 313 01a8 06       		.uleb128 0x6
 314 01a9 FC030000 		.4byte	.LASF36
 315 01ad 06       		.byte	0x6
 316 01ae E1       		.byte	0xe1
 317 01af CE000000 		.4byte	0xce
 318 01b3 1D       		.byte	0x1d
 319 01b4 06       		.uleb128 0x6
 320 01b5 08060000 		.4byte	.LASF37
 321 01b9 06       		.byte	0x6
 322 01ba E6       		.byte	0xe6
 323 01bb E4000000 		.4byte	0xe4
 324 01bf 1E       		.byte	0x1e
 325 01c0 06       		.uleb128 0x6
 326 01c1 D6030000 		.4byte	.LASF38
 327 01c5 06       		.byte	0x6
 328 01c6 EC       		.byte	0xec
 329 01c7 EF000000 		.4byte	0xef
 330 01cb 1F       		.byte	0x1f
 331 01cc 06       		.uleb128 0x6
 332 01cd A3010000 		.4byte	.LASF39
 333 01d1 06       		.byte	0x6
 334 01d2 F3       		.byte	0xf3
 335 01d3 DC060000 		.4byte	0x6dc
 336 01d7 20       		.byte	0x20
 337 01d8 07       		.uleb128 0x7
 338 01d9 705F7500 		.ascii	"p_u\000"
 339 01dd 06       		.byte	0x6
 340 01de 3101     		.2byte	0x131
 341 01e0 05060000 		.4byte	0x605
 342 01e4 24       		.byte	0x24
ARM GAS  /var/folders/m4/4md61f0s1_g0rzfghffqnxvr0000gn/T//ccWVNEOO.s 			page 7


 343 01e5 08       		.uleb128 0x8
 344 01e6 C4020000 		.4byte	.LASF40
 345 01ea 06       		.byte	0x6
 346 01eb 3601     		.2byte	0x136
 347 01ed 52020000 		.4byte	0x252
 348 01f1 28       		.byte	0x28
 349 01f2 08       		.uleb128 0x8
 350 01f3 BA010000 		.4byte	.LASF41
 351 01f7 06       		.byte	0x6
 352 01f8 3C01     		.2byte	0x13c
 353 01fa 76020000 		.4byte	0x276
 354 01fe 2C       		.byte	0x2c
 355 01ff 08       		.uleb128 0x8
 356 0200 63060000 		.4byte	.LASF42
 357 0204 06       		.byte	0x6
 358 0205 4001     		.2byte	0x140
 359 0207 05010000 		.4byte	0x105
 360 020b 34       		.byte	0x34
 361 020c 08       		.uleb128 0x8
 362 020d 29040000 		.4byte	.LASF43
 363 0211 06       		.byte	0x6
 364 0212 4601     		.2byte	0x146
 365 0214 10010000 		.4byte	0x110
 366 0218 38       		.byte	0x38
 367 0219 08       		.uleb128 0x8
 368 021a BA030000 		.4byte	.LASF44
 369 021e 06       		.byte	0x6
 370 021f 4D01     		.2byte	0x14d
 371 0221 C4060000 		.4byte	0x6c4
 372 0225 3C       		.byte	0x3c
 373 0226 08       		.uleb128 0x8
 374 0227 9B050000 		.4byte	.LASF45
 375 022b 06       		.byte	0x6
 376 022c 5101     		.2byte	0x151
 377 022e FA000000 		.4byte	0xfa
 378 0232 40       		.byte	0x40
 379 0233 08       		.uleb128 0x8
 380 0234 EF000000 		.4byte	.LASF46
 381 0238 06       		.byte	0x6
 382 0239 5801     		.2byte	0x158
 383 023b 29030000 		.4byte	0x329
 384 023f 44       		.byte	0x44
 385 0240 00       		.byte	0
 386 0241 04       		.uleb128 0x4
 387 0242 D7020000 		.4byte	.LASF47
 388 0246 05       		.byte	0x5
 389 0247 44       		.byte	0x44
 390 0248 4C020000 		.4byte	0x24c
 391 024c 09       		.uleb128 0x9
 392 024d 04       		.byte	0x4
 393 024e 31010000 		.4byte	0x131
 394 0252 04       		.uleb128 0x4
 395 0253 95020000 		.4byte	.LASF48
 396 0257 05       		.byte	0x5
 397 0258 49       		.byte	0x49
 398 0259 5D020000 		.4byte	0x25d
 399 025d 05       		.uleb128 0x5
ARM GAS  /var/folders/m4/4md61f0s1_g0rzfghffqnxvr0000gn/T//ccWVNEOO.s 			page 8


 400 025e 4C040000 		.4byte	.LASF50
 401 0262 04       		.byte	0x4
 402 0263 06       		.byte	0x6
 403 0264 B0       		.byte	0xb0
 404 0265 76020000 		.4byte	0x276
 405 0269 06       		.uleb128 0x6
 406 026a F5030000 		.4byte	.LASF28
 407 026e 06       		.byte	0x6
 408 026f B1       		.byte	0xb1
 409 0270 4C020000 		.4byte	0x24c
 410 0274 00       		.byte	0
 411 0275 00       		.byte	0
 412 0276 04       		.uleb128 0x4
 413 0277 EF050000 		.4byte	.LASF51
 414 027b 05       		.byte	0x5
 415 027c 50       		.byte	0x50
 416 027d 81020000 		.4byte	0x281
 417 0281 05       		.uleb128 0x5
 418 0282 BD000000 		.4byte	.LASF52
 419 0286 08       		.byte	0x8
 420 0287 06       		.byte	0x6
 421 0288 B7       		.byte	0xb7
 422 0289 A6020000 		.4byte	0x2a6
 423 028d 06       		.uleb128 0x6
 424 028e F5030000 		.4byte	.LASF28
 425 0292 06       		.byte	0x6
 426 0293 B8       		.byte	0xb8
 427 0294 4C020000 		.4byte	0x24c
 428 0298 00       		.byte	0
 429 0299 06       		.uleb128 0x6
 430 029a 61030000 		.4byte	.LASF29
 431 029e 06       		.byte	0x6
 432 029f B9       		.byte	0xb9
 433 02a0 4C020000 		.4byte	0x24c
 434 02a4 04       		.byte	0x4
 435 02a5 00       		.byte	0
 436 02a6 04       		.uleb128 0x4
 437 02a7 13000000 		.4byte	.LASF53
 438 02ab 05       		.byte	0x5
 439 02ac 57       		.byte	0x57
 440 02ad B1020000 		.4byte	0x2b1
 441 02b1 0A       		.uleb128 0xa
 442 02b2 4F020000 		.4byte	.LASF54
 443 02b6 1C       		.byte	0x1c
 444 02b7 06       		.byte	0x6
 445 02b8 9001     		.2byte	0x190
 446 02ba 0D030000 		.4byte	0x30d
 447 02be 08       		.uleb128 0x8
 448 02bf 44040000 		.4byte	.LASF55
 449 02c3 06       		.byte	0x6
 450 02c4 9101     		.2byte	0x191
 451 02c6 76020000 		.4byte	0x276
 452 02ca 00       		.byte	0
 453 02cb 08       		.uleb128 0x8
 454 02cc E0030000 		.4byte	.LASF56
 455 02d0 06       		.byte	0x6
 456 02d1 9201     		.2byte	0x192
ARM GAS  /var/folders/m4/4md61f0s1_g0rzfghffqnxvr0000gn/T//ccWVNEOO.s 			page 9


 457 02d3 FA000000 		.4byte	0xfa
 458 02d7 08       		.byte	0x8
 459 02d8 08       		.uleb128 0x8
 460 02d9 09030000 		.4byte	.LASF57
 461 02dd 06       		.byte	0x6
 462 02de 9401     		.2byte	0x194
 463 02e0 7C040000 		.4byte	0x47c
 464 02e4 0C       		.byte	0xc
 465 02e5 08       		.uleb128 0x8
 466 02e6 4A010000 		.4byte	.LASF58
 467 02ea 06       		.byte	0x6
 468 02eb 9701     		.2byte	0x197
 469 02ed 4C020000 		.4byte	0x24c
 470 02f1 10       		.byte	0x10
 471 02f2 08       		.uleb128 0x8
 472 02f3 36030000 		.4byte	.LASF59
 473 02f7 06       		.byte	0x6
 474 02f8 9801     		.2byte	0x198
 475 02fa 4C020000 		.4byte	0x24c
 476 02fe 14       		.byte	0x14
 477 02ff 08       		.uleb128 0x8
 478 0300 2C030000 		.4byte	.LASF60
 479 0304 06       		.byte	0x6
 480 0305 9B01     		.2byte	0x19b
 481 0307 4C020000 		.4byte	0x24c
 482 030b 18       		.byte	0x18
 483 030c 00       		.byte	0
 484 030d 04       		.uleb128 0x4
 485 030e A6050000 		.4byte	.LASF61
 486 0312 05       		.byte	0x5
 487 0313 5C       		.byte	0x5c
 488 0314 18030000 		.4byte	0x318
 489 0318 09       		.uleb128 0x9
 490 0319 04       		.byte	0x4
 491 031a 1E030000 		.4byte	0x31e
 492 031e 0B       		.uleb128 0xb
 493 031f 29030000 		.4byte	0x329
 494 0323 0C       		.uleb128 0xc
 495 0324 29030000 		.4byte	0x329
 496 0328 00       		.byte	0
 497 0329 0D       		.uleb128 0xd
 498 032a 04       		.byte	0x4
 499 032b 04       		.uleb128 0x4
 500 032c 51030000 		.4byte	.LASF62
 501 0330 05       		.byte	0x5
 502 0331 61       		.byte	0x61
 503 0332 36030000 		.4byte	0x336
 504 0336 0A       		.uleb128 0xa
 505 0337 0B040000 		.4byte	.LASF63
 506 033b 14       		.byte	0x14
 507 033c 06       		.byte	0x6
 508 033d 6B01     		.2byte	0x16b
 509 033f 85030000 		.4byte	0x385
 510 0343 08       		.uleb128 0x8
 511 0344 9B010000 		.4byte	.LASF64
 512 0348 06       		.byte	0x6
 513 0349 6C01     		.2byte	0x16c
ARM GAS  /var/folders/m4/4md61f0s1_g0rzfghffqnxvr0000gn/T//ccWVNEOO.s 			page 10


 514 034b E1060000 		.4byte	0x6e1
 515 034f 00       		.byte	0
 516 0350 08       		.uleb128 0x8
 517 0351 5B010000 		.4byte	.LASF65
 518 0355 06       		.byte	0x6
 519 0356 6D01     		.2byte	0x16d
 520 0358 E1060000 		.4byte	0x6e1
 521 035c 04       		.byte	0x4
 522 035d 08       		.uleb128 0x8
 523 035e B1010000 		.4byte	.LASF66
 524 0362 06       		.byte	0x6
 525 0363 6E01     		.2byte	0x16e
 526 0365 26010000 		.4byte	0x126
 527 0369 08       		.byte	0x8
 528 036a 08       		.uleb128 0x8
 529 036b 94060000 		.4byte	.LASF67
 530 036f 06       		.byte	0x6
 531 0370 6F01     		.2byte	0x16f
 532 0372 0D030000 		.4byte	0x30d
 533 0376 0C       		.byte	0xc
 534 0377 08       		.uleb128 0x8
 535 0378 E8050000 		.4byte	.LASF68
 536 037c 06       		.byte	0x6
 537 037d 7101     		.2byte	0x171
 538 037f 29030000 		.4byte	0x329
 539 0383 10       		.byte	0x10
 540 0384 00       		.byte	0
 541 0385 04       		.uleb128 0x4
 542 0386 9A000000 		.4byte	.LASF69
 543 038a 05       		.byte	0x5
 544 038b 66       		.byte	0x66
 545 038c 90030000 		.4byte	0x390
 546 0390 0A       		.uleb128 0xa
 547 0391 EA020000 		.4byte	.LASF70
 548 0395 10       		.byte	0x10
 549 0396 06       		.byte	0x6
 550 0397 7B01     		.2byte	0x17b
 551 0399 D2030000 		.4byte	0x3d2
 552 039d 08       		.uleb128 0x8
 553 039e 9B010000 		.4byte	.LASF64
 554 03a2 06       		.byte	0x6
 555 03a3 7C01     		.2byte	0x17c
 556 03a5 E1060000 		.4byte	0x6e1
 557 03a9 00       		.byte	0
 558 03aa 08       		.uleb128 0x8
 559 03ab 5B010000 		.4byte	.LASF65
 560 03af 06       		.byte	0x6
 561 03b0 7E01     		.2byte	0x17e
 562 03b2 E1060000 		.4byte	0x6e1
 563 03b6 04       		.byte	0x4
 564 03b7 08       		.uleb128 0x8
 565 03b8 B1010000 		.4byte	.LASF66
 566 03bc 06       		.byte	0x6
 567 03bd 8001     		.2byte	0x180
 568 03bf 26010000 		.4byte	0x126
 569 03c3 08       		.byte	0x8
 570 03c4 08       		.uleb128 0x8
ARM GAS  /var/folders/m4/4md61f0s1_g0rzfghffqnxvr0000gn/T//ccWVNEOO.s 			page 11


 571 03c5 50060000 		.4byte	.LASF71
 572 03c9 06       		.byte	0x6
 573 03ca 8201     		.2byte	0x182
 574 03cc DC060000 		.4byte	0x6dc
 575 03d0 0C       		.byte	0xc
 576 03d1 00       		.byte	0
 577 03d2 04       		.uleb128 0x4
 578 03d3 53000000 		.4byte	.LASF72
 579 03d7 05       		.byte	0x5
 580 03d8 6B       		.byte	0x6b
 581 03d9 DD030000 		.4byte	0x3dd
 582 03dd 0A       		.uleb128 0xa
 583 03de 79030000 		.4byte	.LASF73
 584 03e2 04       		.byte	0x4
 585 03e3 06       		.byte	0x6
 586 03e4 A201     		.2byte	0x1a2
 587 03e6 F8030000 		.4byte	0x3f8
 588 03ea 08       		.uleb128 0x8
 589 03eb BA050000 		.4byte	.LASF74
 590 03ef 06       		.byte	0x6
 591 03f0 AA01     		.2byte	0x1aa
 592 03f2 E7060000 		.4byte	0x6e7
 593 03f6 00       		.byte	0
 594 03f7 00       		.byte	0
 595 03f8 04       		.uleb128 0x4
 596 03f9 3B020000 		.4byte	.LASF75
 597 03fd 05       		.byte	0x5
 598 03fe 70       		.byte	0x70
 599 03ff 03040000 		.4byte	0x403
 600 0403 0E       		.uleb128 0xe
 601 0404 0F010000 		.4byte	.LASF76
 602 0408 5802     		.2byte	0x258
 603 040a 06       		.byte	0x6
 604 040b C201     		.2byte	0x1c2
 605 040d 5F040000 		.4byte	0x45f
 606 0411 08       		.uleb128 0x8
 607 0412 27060000 		.4byte	.LASF77
 608 0416 06       		.byte	0x6
 609 0417 C601     		.2byte	0x1c6
 610 0419 A6020000 		.4byte	0x2a6
 611 041d 00       		.byte	0
 612 041e 08       		.uleb128 0x8
 613 041f 63010000 		.4byte	.LASF78
 614 0423 06       		.byte	0x6
 615 0424 CA01     		.2byte	0x1ca
 616 0426 85030000 		.4byte	0x385
 617 042a 1C       		.byte	0x1c
 618 042b 07       		.uleb128 0x7
 619 042c 64626700 		.ascii	"dbg\000"
 620 0430 06       		.byte	0x6
 621 0431 CE01     		.2byte	0x1ce
 622 0433 D2030000 		.4byte	0x3d2
 623 0437 2C       		.byte	0x2c
 624 0438 08       		.uleb128 0x8
 625 0439 8F000000 		.4byte	.LASF79
 626 043d 06       		.byte	0x6
 627 043e D201     		.2byte	0x1d2
ARM GAS  /var/folders/m4/4md61f0s1_g0rzfghffqnxvr0000gn/T//ccWVNEOO.s 			page 12


 628 0440 31010000 		.4byte	0x131
 629 0444 30       		.byte	0x30
 630 0445 07       		.uleb128 0x7
 631 0446 746D00   		.ascii	"tm\000"
 632 0449 06       		.byte	0x6
 633 044a D701     		.2byte	0x1d7
 634 044c FA050000 		.4byte	0x5fa
 635 0450 78       		.byte	0x78
 636 0451 08       		.uleb128 0x8
 637 0452 79010000 		.4byte	.LASF80
 638 0456 06       		.byte	0x6
 639 0457 E301     		.2byte	0x1e3
 640 0459 EC060000 		.4byte	0x6ec
 641 045d 80       		.byte	0x80
 642 045e 00       		.byte	0
 643 045f 03       		.uleb128 0x3
 644 0460 04       		.byte	0x4
 645 0461 07       		.byte	0x7
 646 0462 CE020000 		.4byte	.LASF81
 647 0466 04       		.uleb128 0x4
 648 0467 52010000 		.4byte	.LASF82
 649 046b 07       		.byte	0x7
 650 046c 65       		.byte	0x65
 651 046d 29030000 		.4byte	0x329
 652 0471 04       		.uleb128 0x4
 653 0472 82020000 		.4byte	.LASF83
 654 0476 07       		.byte	0x7
 655 0477 6D       		.byte	0x6d
 656 0478 B8000000 		.4byte	0xb8
 657 047c 05       		.uleb128 0x5
 658 047d CB050000 		.4byte	.LASF84
 659 0481 04       		.byte	0x4
 660 0482 07       		.byte	0x7
 661 0483 89       		.byte	0x89
 662 0484 95040000 		.4byte	0x495
 663 0488 0F       		.uleb128 0xf
 664 0489 72313300 		.ascii	"r13\000"
 665 048d 07       		.byte	0x7
 666 048e 8A       		.byte	0x8a
 667 048f DF050000 		.4byte	0x5df
 668 0493 00       		.byte	0
 669 0494 00       		.byte	0
 670 0495 05       		.uleb128 0x5
 671 0496 47000000 		.4byte	.LASF85
 672 049a 64       		.byte	0x64
 673 049b 08       		.byte	0x8
 674 049c FD       		.byte	0xfd
 675 049d DF050000 		.4byte	0x5df
 676 04a1 0F       		.uleb128 0xf
 677 04a2 73313600 		.ascii	"s16\000"
 678 04a6 08       		.byte	0x8
 679 04a7 FF       		.byte	0xff
 680 04a8 66040000 		.4byte	0x466
 681 04ac 00       		.byte	0
 682 04ad 07       		.uleb128 0x7
 683 04ae 73313700 		.ascii	"s17\000"
 684 04b2 08       		.byte	0x8
ARM GAS  /var/folders/m4/4md61f0s1_g0rzfghffqnxvr0000gn/T//ccWVNEOO.s 			page 13


 685 04b3 0001     		.2byte	0x100
 686 04b5 66040000 		.4byte	0x466
 687 04b9 04       		.byte	0x4
 688 04ba 07       		.uleb128 0x7
 689 04bb 73313800 		.ascii	"s18\000"
 690 04bf 08       		.byte	0x8
 691 04c0 0101     		.2byte	0x101
 692 04c2 66040000 		.4byte	0x466
 693 04c6 08       		.byte	0x8
 694 04c7 07       		.uleb128 0x7
 695 04c8 73313900 		.ascii	"s19\000"
 696 04cc 08       		.byte	0x8
 697 04cd 0201     		.2byte	0x102
 698 04cf 66040000 		.4byte	0x466
 699 04d3 0C       		.byte	0xc
 700 04d4 07       		.uleb128 0x7
 701 04d5 73323000 		.ascii	"s20\000"
 702 04d9 08       		.byte	0x8
 703 04da 0301     		.2byte	0x103
 704 04dc 66040000 		.4byte	0x466
 705 04e0 10       		.byte	0x10
 706 04e1 07       		.uleb128 0x7
 707 04e2 73323100 		.ascii	"s21\000"
 708 04e6 08       		.byte	0x8
 709 04e7 0401     		.2byte	0x104
 710 04e9 66040000 		.4byte	0x466
 711 04ed 14       		.byte	0x14
 712 04ee 07       		.uleb128 0x7
 713 04ef 73323200 		.ascii	"s22\000"
 714 04f3 08       		.byte	0x8
 715 04f4 0501     		.2byte	0x105
 716 04f6 66040000 		.4byte	0x466
 717 04fa 18       		.byte	0x18
 718 04fb 07       		.uleb128 0x7
 719 04fc 73323300 		.ascii	"s23\000"
 720 0500 08       		.byte	0x8
 721 0501 0601     		.2byte	0x106
 722 0503 66040000 		.4byte	0x466
 723 0507 1C       		.byte	0x1c
 724 0508 07       		.uleb128 0x7
 725 0509 73323400 		.ascii	"s24\000"
 726 050d 08       		.byte	0x8
 727 050e 0701     		.2byte	0x107
 728 0510 66040000 		.4byte	0x466
 729 0514 20       		.byte	0x20
 730 0515 07       		.uleb128 0x7
 731 0516 73323500 		.ascii	"s25\000"
 732 051a 08       		.byte	0x8
 733 051b 0801     		.2byte	0x108
 734 051d 66040000 		.4byte	0x466
 735 0521 24       		.byte	0x24
 736 0522 07       		.uleb128 0x7
 737 0523 73323600 		.ascii	"s26\000"
 738 0527 08       		.byte	0x8
 739 0528 0901     		.2byte	0x109
 740 052a 66040000 		.4byte	0x466
 741 052e 28       		.byte	0x28
ARM GAS  /var/folders/m4/4md61f0s1_g0rzfghffqnxvr0000gn/T//ccWVNEOO.s 			page 14


 742 052f 07       		.uleb128 0x7
 743 0530 73323700 		.ascii	"s27\000"
 744 0534 08       		.byte	0x8
 745 0535 0A01     		.2byte	0x10a
 746 0537 66040000 		.4byte	0x466
 747 053b 2C       		.byte	0x2c
 748 053c 07       		.uleb128 0x7
 749 053d 73323800 		.ascii	"s28\000"
 750 0541 08       		.byte	0x8
 751 0542 0B01     		.2byte	0x10b
 752 0544 66040000 		.4byte	0x466
 753 0548 30       		.byte	0x30
 754 0549 07       		.uleb128 0x7
 755 054a 73323900 		.ascii	"s29\000"
 756 054e 08       		.byte	0x8
 757 054f 0C01     		.2byte	0x10c
 758 0551 66040000 		.4byte	0x466
 759 0555 34       		.byte	0x34
 760 0556 07       		.uleb128 0x7
 761 0557 73333000 		.ascii	"s30\000"
 762 055b 08       		.byte	0x8
 763 055c 0D01     		.2byte	0x10d
 764 055e 66040000 		.4byte	0x466
 765 0562 38       		.byte	0x38
 766 0563 07       		.uleb128 0x7
 767 0564 73333100 		.ascii	"s31\000"
 768 0568 08       		.byte	0x8
 769 0569 0E01     		.2byte	0x10e
 770 056b 66040000 		.4byte	0x466
 771 056f 3C       		.byte	0x3c
 772 0570 07       		.uleb128 0x7
 773 0571 723400   		.ascii	"r4\000"
 774 0574 08       		.byte	0x8
 775 0575 1001     		.2byte	0x110
 776 0577 66040000 		.4byte	0x466
 777 057b 40       		.byte	0x40
 778 057c 07       		.uleb128 0x7
 779 057d 723500   		.ascii	"r5\000"
 780 0580 08       		.byte	0x8
 781 0581 1101     		.2byte	0x111
 782 0583 66040000 		.4byte	0x466
 783 0587 44       		.byte	0x44
 784 0588 07       		.uleb128 0x7
 785 0589 723600   		.ascii	"r6\000"
 786 058c 08       		.byte	0x8
 787 058d 1201     		.2byte	0x112
 788 058f 66040000 		.4byte	0x466
 789 0593 48       		.byte	0x48
 790 0594 07       		.uleb128 0x7
 791 0595 723700   		.ascii	"r7\000"
 792 0598 08       		.byte	0x8
 793 0599 1301     		.2byte	0x113
 794 059b 66040000 		.4byte	0x466
 795 059f 4C       		.byte	0x4c
 796 05a0 07       		.uleb128 0x7
 797 05a1 723800   		.ascii	"r8\000"
 798 05a4 08       		.byte	0x8
ARM GAS  /var/folders/m4/4md61f0s1_g0rzfghffqnxvr0000gn/T//ccWVNEOO.s 			page 15


 799 05a5 1401     		.2byte	0x114
 800 05a7 66040000 		.4byte	0x466
 801 05ab 50       		.byte	0x50
 802 05ac 07       		.uleb128 0x7
 803 05ad 723900   		.ascii	"r9\000"
 804 05b0 08       		.byte	0x8
 805 05b1 1501     		.2byte	0x115
 806 05b3 66040000 		.4byte	0x466
 807 05b7 54       		.byte	0x54
 808 05b8 07       		.uleb128 0x7
 809 05b9 72313000 		.ascii	"r10\000"
 810 05bd 08       		.byte	0x8
 811 05be 1601     		.2byte	0x116
 812 05c0 66040000 		.4byte	0x466
 813 05c4 58       		.byte	0x58
 814 05c5 07       		.uleb128 0x7
 815 05c6 72313100 		.ascii	"r11\000"
 816 05ca 08       		.byte	0x8
 817 05cb 1701     		.2byte	0x117
 818 05cd 66040000 		.4byte	0x466
 819 05d1 5C       		.byte	0x5c
 820 05d2 07       		.uleb128 0x7
 821 05d3 6C7200   		.ascii	"lr\000"
 822 05d6 08       		.byte	0x8
 823 05d7 1801     		.2byte	0x118
 824 05d9 66040000 		.4byte	0x466
 825 05dd 60       		.byte	0x60
 826 05de 00       		.byte	0
 827 05df 09       		.uleb128 0x9
 828 05e0 04       		.byte	0x4
 829 05e1 95040000 		.4byte	0x495
 830 05e5 10       		.uleb128 0x10
 831 05e6 04       		.byte	0x4
 832 05e7 09       		.byte	0x9
 833 05e8 38       		.byte	0x38
 834 05e9 FA050000 		.4byte	0x5fa
 835 05ed 06       		.uleb128 0x6
 836 05ee C4050000 		.4byte	.LASF86
 837 05f2 09       		.byte	0x9
 838 05f3 3C       		.byte	0x3c
 839 05f4 C3000000 		.4byte	0xc3
 840 05f8 00       		.byte	0
 841 05f9 00       		.byte	0
 842 05fa 04       		.uleb128 0x4
 843 05fb 0F030000 		.4byte	.LASF87
 844 05ff 09       		.byte	0x9
 845 0600 3D       		.byte	0x3d
 846 0601 E5050000 		.4byte	0x5e5
 847 0605 11       		.uleb128 0x11
 848 0606 04       		.byte	0x4
 849 0607 06       		.byte	0x6
 850 0608 FA       		.byte	0xfa
 851 0609 62060000 		.4byte	0x662
 852 060d 12       		.uleb128 0x12
 853 060e 2D000000 		.4byte	.LASF88
 854 0612 06       		.byte	0x6
 855 0613 0101     		.2byte	0x101
ARM GAS  /var/folders/m4/4md61f0s1_g0rzfghffqnxvr0000gn/T//ccWVNEOO.s 			page 16


 856 0615 05010000 		.4byte	0x105
 857 0619 12       		.uleb128 0x12
 858 061a 86000000 		.4byte	.LASF89
 859 061e 06       		.byte	0x6
 860 061f 0801     		.2byte	0x108
 861 0621 05010000 		.4byte	0x105
 862 0625 12       		.uleb128 0x12
 863 0626 35060000 		.4byte	.LASF90
 864 062a 06       		.byte	0x6
 865 062b 0F01     		.2byte	0x10f
 866 062d 29030000 		.4byte	0x329
 867 0631 12       		.uleb128 0x12
 868 0632 27000000 		.4byte	.LASF91
 869 0636 06       		.byte	0x6
 870 0637 1601     		.2byte	0x116
 871 0639 62060000 		.4byte	0x662
 872 063d 12       		.uleb128 0x12
 873 063e AA010000 		.4byte	.LASF92
 874 0642 06       		.byte	0x6
 875 0643 1E01     		.2byte	0x11e
 876 0645 8D060000 		.4byte	0x68d
 877 0649 12       		.uleb128 0x12
 878 064a 3D040000 		.4byte	.LASF93
 879 064e 06       		.byte	0x6
 880 064f 2701     		.2byte	0x127
 881 0651 C4060000 		.4byte	0x6c4
 882 0655 12       		.uleb128 0x12
 883 0656 EE030000 		.4byte	.LASF94
 884 065a 06       		.byte	0x6
 885 065b 2F01     		.2byte	0x12f
 886 065d 10010000 		.4byte	0x110
 887 0661 00       		.byte	0
 888 0662 09       		.uleb128 0x9
 889 0663 04       		.byte	0x4
 890 0664 41020000 		.4byte	0x241
 891 0668 05       		.uleb128 0x5
 892 0669 1C040000 		.4byte	.LASF95
 893 066d 0C       		.byte	0xc
 894 066e 0A       		.byte	0xa
 895 066f 34       		.byte	0x34
 896 0670 8D060000 		.4byte	0x68d
 897 0674 06       		.uleb128 0x6
 898 0675 42010000 		.4byte	.LASF96
 899 0679 0A       		.byte	0xa
 900 067a 35       		.byte	0x35
 901 067b 76020000 		.4byte	0x276
 902 067f 00       		.byte	0
 903 0680 06       		.uleb128 0x6
 904 0681 43060000 		.4byte	.LASF97
 905 0685 0A       		.byte	0xa
 906 0686 37       		.byte	0x37
 907 0687 1B010000 		.4byte	0x11b
 908 068b 08       		.byte	0x8
 909 068c 00       		.byte	0
 910 068d 09       		.uleb128 0x9
 911 068e 04       		.byte	0x4
 912 068f 68060000 		.4byte	0x668
ARM GAS  /var/folders/m4/4md61f0s1_g0rzfghffqnxvr0000gn/T//ccWVNEOO.s 			page 17


 913 0693 05       		.uleb128 0x5
 914 0694 FF050000 		.4byte	.LASF98
 915 0698 10       		.byte	0x10
 916 0699 0B       		.byte	0xb
 917 069a 39       		.byte	0x39
 918 069b C4060000 		.4byte	0x6c4
 919 069f 06       		.uleb128 0x6
 920 06a0 F7000000 		.4byte	.LASF99
 921 06a4 0B       		.byte	0xb
 922 06a5 3A       		.byte	0x3a
 923 06a6 76020000 		.4byte	0x276
 924 06aa 00       		.byte	0
 925 06ab 06       		.uleb128 0x6
 926 06ac 73060000 		.4byte	.LASF100
 927 06b0 0B       		.byte	0xb
 928 06b1 3C       		.byte	0x3c
 929 06b2 4C020000 		.4byte	0x24c
 930 06b6 08       		.byte	0x8
 931 06b7 06       		.uleb128 0x6
 932 06b8 8A050000 		.4byte	.LASF101
 933 06bc 0B       		.byte	0xb
 934 06bd 3E       		.byte	0x3e
 935 06be 07070000 		.4byte	0x707
 936 06c2 0C       		.byte	0xc
 937 06c3 00       		.byte	0
 938 06c4 09       		.uleb128 0x9
 939 06c5 04       		.byte	0x4
 940 06c6 93060000 		.4byte	0x693
 941 06ca 09       		.uleb128 0x9
 942 06cb 04       		.byte	0x4
 943 06cc D7060000 		.4byte	0x6d7
 944 06d0 03       		.uleb128 0x3
 945 06d1 01       		.byte	0x1
 946 06d2 08       		.byte	0x8
 947 06d3 6E040000 		.4byte	.LASF102
 948 06d7 13       		.uleb128 0x13
 949 06d8 D0060000 		.4byte	0x6d0
 950 06dc 14       		.uleb128 0x14
 951 06dd 26010000 		.4byte	0x126
 952 06e1 09       		.uleb128 0x9
 953 06e2 04       		.byte	0x4
 954 06e3 2B030000 		.4byte	0x32b
 955 06e7 14       		.uleb128 0x14
 956 06e8 CA060000 		.4byte	0x6ca
 957 06ec 15       		.uleb128 0x15
 958 06ed 71040000 		.4byte	0x471
 959 06f1 FC060000 		.4byte	0x6fc
 960 06f5 16       		.uleb128 0x16
 961 06f6 5F040000 		.4byte	0x45f
 962 06fa 3A       		.byte	0x3a
 963 06fb 00       		.byte	0
 964 06fc 04       		.uleb128 0x4
 965 06fd 6A010000 		.4byte	.LASF103
 966 0701 0B       		.byte	0xb
 967 0702 34       		.byte	0x34
 968 0703 93060000 		.4byte	0x693
 969 0707 09       		.uleb128 0x9
ARM GAS  /var/folders/m4/4md61f0s1_g0rzfghffqnxvr0000gn/T//ccWVNEOO.s 			page 18


 970 0708 04       		.byte	0x4
 971 0709 FC060000 		.4byte	0x6fc
 972 070d 03       		.uleb128 0x3
 973 070e 01       		.byte	0x1
 974 070f 02       		.byte	0x2
 975 0710 89030000 		.4byte	.LASF104
 976 0714 10       		.uleb128 0x10
 977 0715 1C       		.byte	0x1c
 978 0716 0C       		.byte	0xc
 979 0717 F5       		.byte	0xf5
 980 0718 73070000 		.4byte	0x773
 981 071c 06       		.uleb128 0x6
 982 071d FF000000 		.4byte	.LASF105
 983 0721 0C       		.byte	0xc
 984 0722 F7       		.byte	0xf7
 985 0723 AD000000 		.4byte	0xad
 986 0727 00       		.byte	0
 987 0728 06       		.uleb128 0x6
 988 0729 D5010000 		.4byte	.LASF106
 989 072d 0C       		.byte	0xc
 990 072e F9       		.byte	0xf9
 991 072f AD000000 		.4byte	0xad
 992 0733 04       		.byte	0x4
 993 0734 06       		.uleb128 0x6
 994 0735 CD010000 		.4byte	.LASF107
 995 0739 0C       		.byte	0xc
 996 073a FB       		.byte	0xfb
 997 073b AD000000 		.4byte	0xad
 998 073f 08       		.byte	0x8
 999 0740 06       		.uleb128 0x6
 1000 0741 80000000 		.4byte	.LASF108
 1001 0745 0C       		.byte	0xc
 1002 0746 FD       		.byte	0xfd
 1003 0747 AD000000 		.4byte	0xad
 1004 074b 0C       		.byte	0xc
 1005 074c 0F       		.uleb128 0xf
 1006 074d 6F647200 		.ascii	"odr\000"
 1007 0751 0C       		.byte	0xc
 1008 0752 FF       		.byte	0xff
 1009 0753 AD000000 		.4byte	0xad
 1010 0757 10       		.byte	0x10
 1011 0758 08       		.uleb128 0x8
 1012 0759 AD030000 		.4byte	.LASF109
 1013 075d 0C       		.byte	0xc
 1014 075e 0101     		.2byte	0x101
 1015 0760 AD000000 		.4byte	0xad
 1016 0764 14       		.byte	0x14
 1017 0765 08       		.uleb128 0x8
 1018 0766 20030000 		.4byte	.LASF110
 1019 076a 0C       		.byte	0xc
 1020 076b 0301     		.2byte	0x103
 1021 076d AD000000 		.4byte	0xad
 1022 0771 18       		.byte	0x18
 1023 0772 00       		.byte	0
 1024 0773 17       		.uleb128 0x17
 1025 0774 00000000 		.4byte	.LASF111
 1026 0778 0C       		.byte	0xc
ARM GAS  /var/folders/m4/4md61f0s1_g0rzfghffqnxvr0000gn/T//ccWVNEOO.s 			page 19


 1027 0779 0401     		.2byte	0x104
 1028 077b 14070000 		.4byte	0x714
 1029 077f 18       		.uleb128 0x18
 1030 0780 FC       		.byte	0xfc
 1031 0781 0C       		.byte	0xc
 1032 0782 0D01     		.2byte	0x10d
 1033 0784 FE070000 		.4byte	0x7fe
 1034 0788 08       		.uleb128 0x8
 1035 0789 E7030000 		.4byte	.LASF112
 1036 078d 0C       		.byte	0xc
 1037 078e 1001     		.2byte	0x110
 1038 0790 73070000 		.4byte	0x773
 1039 0794 00       		.byte	0
 1040 0795 08       		.uleb128 0x8
 1041 0796 72010000 		.4byte	.LASF113
 1042 079a 0C       		.byte	0xc
 1043 079b 1401     		.2byte	0x114
 1044 079d 73070000 		.4byte	0x773
 1045 07a1 1C       		.byte	0x1c
 1046 07a2 08       		.uleb128 0x8
 1047 07a3 49060000 		.4byte	.LASF114
 1048 07a7 0C       		.byte	0xc
 1049 07a8 1801     		.2byte	0x118
 1050 07aa 73070000 		.4byte	0x773
 1051 07ae 38       		.byte	0x38
 1052 07af 08       		.uleb128 0x8
 1053 07b0 25030000 		.4byte	.LASF115
 1054 07b4 0C       		.byte	0xc
 1055 07b5 1C01     		.2byte	0x11c
 1056 07b7 73070000 		.4byte	0x773
 1057 07bb 54       		.byte	0x54
 1058 07bc 08       		.uleb128 0x8
 1059 07bd 22010000 		.4byte	.LASF116
 1060 07c1 0C       		.byte	0xc
 1061 07c2 2001     		.2byte	0x120
 1062 07c4 73070000 		.4byte	0x773
 1063 07c8 70       		.byte	0x70
 1064 07c9 08       		.uleb128 0x8
 1065 07ca EF010000 		.4byte	.LASF117
 1066 07ce 0C       		.byte	0xc
 1067 07cf 2401     		.2byte	0x124
 1068 07d1 73070000 		.4byte	0x773
 1069 07d5 8C       		.byte	0x8c
 1070 07d6 08       		.uleb128 0x8
 1071 07d7 73020000 		.4byte	.LASF118
 1072 07db 0C       		.byte	0xc
 1073 07dc 2801     		.2byte	0x128
 1074 07de 73070000 		.4byte	0x773
 1075 07e2 A8       		.byte	0xa8
 1076 07e3 08       		.uleb128 0x8
 1077 07e4 62000000 		.4byte	.LASF119
 1078 07e8 0C       		.byte	0xc
 1079 07e9 2C01     		.2byte	0x12c
 1080 07eb 73070000 		.4byte	0x773
 1081 07ef C4       		.byte	0xc4
 1082 07f0 08       		.uleb128 0x8
 1083 07f1 04040000 		.4byte	.LASF120
ARM GAS  /var/folders/m4/4md61f0s1_g0rzfghffqnxvr0000gn/T//ccWVNEOO.s 			page 20


 1084 07f5 0C       		.byte	0xc
 1085 07f6 3001     		.2byte	0x130
 1086 07f8 73070000 		.4byte	0x773
 1087 07fc E0       		.byte	0xe0
 1088 07fd 00       		.byte	0
 1089 07fe 17       		.uleb128 0x17
 1090 07ff 69060000 		.4byte	.LASF121
 1091 0803 0C       		.byte	0xc
 1092 0804 3A01     		.2byte	0x13a
 1093 0806 7F070000 		.4byte	0x77f
 1094 080a 19       		.uleb128 0x19
 1095 080b 68030000 		.4byte	.LASF138
 1096 080f 18       		.byte	0x18
 1097 0810 C101     		.2byte	0x1c1
 1098 0812 03       		.byte	0x3
 1099 0813 1A       		.uleb128 0x1a
 1100 0814 C5010000 		.4byte	.LASF139
 1101 0818 01       		.byte	0x1
 1102 0819 38       		.byte	0x38
 1103 081a 00000000 		.4byte	.LFB268
 1104 081e 38000000 		.4byte	.LFE268-.LFB268
 1105 0822 01       		.uleb128 0x1
 1106 0823 9C       		.byte	0x9c
 1107 0824 8C080000 		.4byte	0x88c
 1108 0828 1B       		.uleb128 0x1b
 1109 0829 06000000 		.4byte	.LVL0
 1110 082d B9080000 		.4byte	0x8b9
 1111 0831 1B       		.uleb128 0x1b
 1112 0832 0C000000 		.4byte	.LVL1
 1113 0836 C5080000 		.4byte	0x8c5
 1114 083a 1B       		.uleb128 0x1b
 1115 083b 10000000 		.4byte	.LVL2
 1116 083f D1080000 		.4byte	0x8d1
 1117 0843 1B       		.uleb128 0x1b
 1118 0844 14000000 		.4byte	.LVL3
 1119 0848 DC080000 		.4byte	0x8dc
 1120 084c 1B       		.uleb128 0x1b
 1121 084d 18000000 		.4byte	.LVL4
 1122 0851 E7080000 		.4byte	0x8e7
 1123 0855 1B       		.uleb128 0x1b
 1124 0856 1C000000 		.4byte	.LVL5
 1125 085a F2080000 		.4byte	0x8f2
 1126 085e 1B       		.uleb128 0x1b
 1127 085f 20000000 		.4byte	.LVL6
 1128 0863 FE080000 		.4byte	0x8fe
 1129 0867 1B       		.uleb128 0x1b
 1130 0868 24000000 		.4byte	.LVL7
 1131 086c 0A090000 		.4byte	0x90a
 1132 0870 1B       		.uleb128 0x1b
 1133 0871 28000000 		.4byte	.LVL8
 1134 0875 16090000 		.4byte	0x916
 1135 0879 1B       		.uleb128 0x1b
 1136 087a 2C000000 		.4byte	.LVL9
 1137 087e 21090000 		.4byte	0x921
 1138 0882 1C       		.uleb128 0x1c
 1139 0883 34000000 		.4byte	.LVL10
 1140 0887 2D090000 		.4byte	0x92d
ARM GAS  /var/folders/m4/4md61f0s1_g0rzfghffqnxvr0000gn/T//ccWVNEOO.s 			page 21


 1141 088b 00       		.byte	0
 1142 088c 1D       		.uleb128 0x1d
 1143 088d B0000000 		.4byte	.LASF122
 1144 0891 0D       		.byte	0xd
 1145 0892 FA06     		.2byte	0x6fa
 1146 0894 98080000 		.4byte	0x898
 1147 0898 14       		.uleb128 0x14
 1148 0899 A2000000 		.4byte	0xa2
 1149 089d 1E       		.uleb128 0x1e
 1150 089e 636800   		.ascii	"ch\000"
 1151 08a1 06       		.byte	0x6
 1152 08a2 0902     		.2byte	0x209
 1153 08a4 F8030000 		.4byte	0x3f8
 1154 08a8 1D       		.uleb128 0x1d
 1155 08a9 7B060000 		.4byte	.LASF123
 1156 08ad 0C       		.byte	0xc
 1157 08ae 1E02     		.2byte	0x21e
 1158 08b0 B4080000 		.4byte	0x8b4
 1159 08b4 13       		.uleb128 0x13
 1160 08b5 FE070000 		.4byte	0x7fe
 1161 08b9 1F       		.uleb128 0x1f
 1162 08ba D3050000 		.4byte	.LASF124
 1163 08be D3050000 		.4byte	.LASF124
 1164 08c2 0E       		.byte	0xe
 1165 08c3 2006     		.2byte	0x620
 1166 08c5 1F       		.uleb128 0x1f
 1167 08c6 0F060000 		.4byte	.LASF125
 1168 08ca 0F060000 		.4byte	.LASF125
 1169 08ce 0C       		.byte	0xc
 1170 08cf 2302     		.2byte	0x223
 1171 08d1 20       		.uleb128 0x20
 1172 08d2 7A020000 		.4byte	.LASF126
 1173 08d6 7A020000 		.4byte	.LASF126
 1174 08da 0F       		.byte	0xf
 1175 08db F6       		.byte	0xf6
 1176 08dc 20       		.uleb128 0x20
 1177 08dd B2030000 		.4byte	.LASF127
 1178 08e1 B2030000 		.4byte	.LASF127
 1179 08e5 10       		.byte	0x10
 1180 08e6 85       		.byte	0x85
 1181 08e7 20       		.uleb128 0x20
 1182 08e8 5B060000 		.4byte	.LASF128
 1183 08ec 5B060000 		.4byte	.LASF128
 1184 08f0 11       		.byte	0x11
 1185 08f1 8B       		.byte	0x8b
 1186 08f2 1F       		.uleb128 0x1f
 1187 08f3 32010000 		.4byte	.LASF129
 1188 08f7 32010000 		.4byte	.LASF129
 1189 08fb 12       		.byte	0x12
 1190 08fc 1F01     		.2byte	0x11f
 1191 08fe 1F       		.uleb128 0x1f
 1192 08ff 8D020000 		.4byte	.LASF130
 1193 0903 8D020000 		.4byte	.LASF130
 1194 0907 13       		.byte	0x13
 1195 0908 0601     		.2byte	0x106
 1196 090a 1F       		.uleb128 0x1f
 1197 090b 79050000 		.4byte	.LASF131
ARM GAS  /var/folders/m4/4md61f0s1_g0rzfghffqnxvr0000gn/T//ccWVNEOO.s 			page 22


 1198 090f 79050000 		.4byte	.LASF131
 1199 0913 14       		.byte	0x14
 1200 0914 5902     		.2byte	0x259
 1201 0916 20       		.uleb128 0x20
 1202 0917 A5030000 		.4byte	.LASF132
 1203 091b A5030000 		.4byte	.LASF132
 1204 091f 15       		.byte	0x15
 1205 0920 B0       		.byte	0xb0
 1206 0921 1F       		.uleb128 0x1f
 1207 0922 1D060000 		.4byte	.LASF133
 1208 0926 1D060000 		.4byte	.LASF133
 1209 092a 16       		.byte	0x16
 1210 092b 3405     		.2byte	0x534
 1211 092d 20       		.uleb128 0x20
 1212 092e 20000000 		.4byte	.LASF134
 1213 0932 20000000 		.4byte	.LASF134
 1214 0936 17       		.byte	0x17
 1215 0937 56       		.byte	0x56
 1216 0938 00       		.byte	0
 1217              		.section	.debug_abbrev,"",%progbits
 1218              	.Ldebug_abbrev0:
 1219 0000 01       		.uleb128 0x1
 1220 0001 11       		.uleb128 0x11
 1221 0002 01       		.byte	0x1
 1222 0003 25       		.uleb128 0x25
 1223 0004 0E       		.uleb128 0xe
 1224 0005 13       		.uleb128 0x13
 1225 0006 0B       		.uleb128 0xb
 1226 0007 03       		.uleb128 0x3
 1227 0008 0E       		.uleb128 0xe
 1228 0009 1B       		.uleb128 0x1b
 1229 000a 0E       		.uleb128 0xe
 1230 000b 55       		.uleb128 0x55
 1231 000c 17       		.uleb128 0x17
 1232 000d 11       		.uleb128 0x11
 1233 000e 01       		.uleb128 0x1
 1234 000f 10       		.uleb128 0x10
 1235 0010 17       		.uleb128 0x17
 1236 0011 00       		.byte	0
 1237 0012 00       		.byte	0
 1238 0013 02       		.uleb128 0x2
 1239 0014 24       		.uleb128 0x24
 1240 0015 00       		.byte	0
 1241 0016 0B       		.uleb128 0xb
 1242 0017 0B       		.uleb128 0xb
 1243 0018 3E       		.uleb128 0x3e
 1244 0019 0B       		.uleb128 0xb
 1245 001a 03       		.uleb128 0x3
 1246 001b 08       		.uleb128 0x8
 1247 001c 00       		.byte	0
 1248 001d 00       		.byte	0
 1249 001e 03       		.uleb128 0x3
 1250 001f 24       		.uleb128 0x24
 1251 0020 00       		.byte	0
 1252 0021 0B       		.uleb128 0xb
 1253 0022 0B       		.uleb128 0xb
 1254 0023 3E       		.uleb128 0x3e
ARM GAS  /var/folders/m4/4md61f0s1_g0rzfghffqnxvr0000gn/T//ccWVNEOO.s 			page 23


 1255 0024 0B       		.uleb128 0xb
 1256 0025 03       		.uleb128 0x3
 1257 0026 0E       		.uleb128 0xe
 1258 0027 00       		.byte	0
 1259 0028 00       		.byte	0
 1260 0029 04       		.uleb128 0x4
 1261 002a 16       		.uleb128 0x16
 1262 002b 00       		.byte	0
 1263 002c 03       		.uleb128 0x3
 1264 002d 0E       		.uleb128 0xe
 1265 002e 3A       		.uleb128 0x3a
 1266 002f 0B       		.uleb128 0xb
 1267 0030 3B       		.uleb128 0x3b
 1268 0031 0B       		.uleb128 0xb
 1269 0032 49       		.uleb128 0x49
 1270 0033 13       		.uleb128 0x13
 1271 0034 00       		.byte	0
 1272 0035 00       		.byte	0
 1273 0036 05       		.uleb128 0x5
 1274 0037 13       		.uleb128 0x13
 1275 0038 01       		.byte	0x1
 1276 0039 03       		.uleb128 0x3
 1277 003a 0E       		.uleb128 0xe
 1278 003b 0B       		.uleb128 0xb
 1279 003c 0B       		.uleb128 0xb
 1280 003d 3A       		.uleb128 0x3a
 1281 003e 0B       		.uleb128 0xb
 1282 003f 3B       		.uleb128 0x3b
 1283 0040 0B       		.uleb128 0xb
 1284 0041 01       		.uleb128 0x1
 1285 0042 13       		.uleb128 0x13
 1286 0043 00       		.byte	0
 1287 0044 00       		.byte	0
 1288 0045 06       		.uleb128 0x6
 1289 0046 0D       		.uleb128 0xd
 1290 0047 00       		.byte	0
 1291 0048 03       		.uleb128 0x3
 1292 0049 0E       		.uleb128 0xe
 1293 004a 3A       		.uleb128 0x3a
 1294 004b 0B       		.uleb128 0xb
 1295 004c 3B       		.uleb128 0x3b
 1296 004d 0B       		.uleb128 0xb
 1297 004e 49       		.uleb128 0x49
 1298 004f 13       		.uleb128 0x13
 1299 0050 38       		.uleb128 0x38
 1300 0051 0B       		.uleb128 0xb
 1301 0052 00       		.byte	0
 1302 0053 00       		.byte	0
 1303 0054 07       		.uleb128 0x7
 1304 0055 0D       		.uleb128 0xd
 1305 0056 00       		.byte	0
 1306 0057 03       		.uleb128 0x3
 1307 0058 08       		.uleb128 0x8
 1308 0059 3A       		.uleb128 0x3a
 1309 005a 0B       		.uleb128 0xb
 1310 005b 3B       		.uleb128 0x3b
 1311 005c 05       		.uleb128 0x5
ARM GAS  /var/folders/m4/4md61f0s1_g0rzfghffqnxvr0000gn/T//ccWVNEOO.s 			page 24


 1312 005d 49       		.uleb128 0x49
 1313 005e 13       		.uleb128 0x13
 1314 005f 38       		.uleb128 0x38
 1315 0060 0B       		.uleb128 0xb
 1316 0061 00       		.byte	0
 1317 0062 00       		.byte	0
 1318 0063 08       		.uleb128 0x8
 1319 0064 0D       		.uleb128 0xd
 1320 0065 00       		.byte	0
 1321 0066 03       		.uleb128 0x3
 1322 0067 0E       		.uleb128 0xe
 1323 0068 3A       		.uleb128 0x3a
 1324 0069 0B       		.uleb128 0xb
 1325 006a 3B       		.uleb128 0x3b
 1326 006b 05       		.uleb128 0x5
 1327 006c 49       		.uleb128 0x49
 1328 006d 13       		.uleb128 0x13
 1329 006e 38       		.uleb128 0x38
 1330 006f 0B       		.uleb128 0xb
 1331 0070 00       		.byte	0
 1332 0071 00       		.byte	0
 1333 0072 09       		.uleb128 0x9
 1334 0073 0F       		.uleb128 0xf
 1335 0074 00       		.byte	0
 1336 0075 0B       		.uleb128 0xb
 1337 0076 0B       		.uleb128 0xb
 1338 0077 49       		.uleb128 0x49
 1339 0078 13       		.uleb128 0x13
 1340 0079 00       		.byte	0
 1341 007a 00       		.byte	0
 1342 007b 0A       		.uleb128 0xa
 1343 007c 13       		.uleb128 0x13
 1344 007d 01       		.byte	0x1
 1345 007e 03       		.uleb128 0x3
 1346 007f 0E       		.uleb128 0xe
 1347 0080 0B       		.uleb128 0xb
 1348 0081 0B       		.uleb128 0xb
 1349 0082 3A       		.uleb128 0x3a
 1350 0083 0B       		.uleb128 0xb
 1351 0084 3B       		.uleb128 0x3b
 1352 0085 05       		.uleb128 0x5
 1353 0086 01       		.uleb128 0x1
 1354 0087 13       		.uleb128 0x13
 1355 0088 00       		.byte	0
 1356 0089 00       		.byte	0
 1357 008a 0B       		.uleb128 0xb
 1358 008b 15       		.uleb128 0x15
 1359 008c 01       		.byte	0x1
 1360 008d 27       		.uleb128 0x27
 1361 008e 19       		.uleb128 0x19
 1362 008f 01       		.uleb128 0x1
 1363 0090 13       		.uleb128 0x13
 1364 0091 00       		.byte	0
 1365 0092 00       		.byte	0
 1366 0093 0C       		.uleb128 0xc
 1367 0094 05       		.uleb128 0x5
 1368 0095 00       		.byte	0
ARM GAS  /var/folders/m4/4md61f0s1_g0rzfghffqnxvr0000gn/T//ccWVNEOO.s 			page 25


 1369 0096 49       		.uleb128 0x49
 1370 0097 13       		.uleb128 0x13
 1371 0098 00       		.byte	0
 1372 0099 00       		.byte	0
 1373 009a 0D       		.uleb128 0xd
 1374 009b 0F       		.uleb128 0xf
 1375 009c 00       		.byte	0
 1376 009d 0B       		.uleb128 0xb
 1377 009e 0B       		.uleb128 0xb
 1378 009f 00       		.byte	0
 1379 00a0 00       		.byte	0
 1380 00a1 0E       		.uleb128 0xe
 1381 00a2 13       		.uleb128 0x13
 1382 00a3 01       		.byte	0x1
 1383 00a4 03       		.uleb128 0x3
 1384 00a5 0E       		.uleb128 0xe
 1385 00a6 0B       		.uleb128 0xb
 1386 00a7 05       		.uleb128 0x5
 1387 00a8 3A       		.uleb128 0x3a
 1388 00a9 0B       		.uleb128 0xb
 1389 00aa 3B       		.uleb128 0x3b
 1390 00ab 05       		.uleb128 0x5
 1391 00ac 01       		.uleb128 0x1
 1392 00ad 13       		.uleb128 0x13
 1393 00ae 00       		.byte	0
 1394 00af 00       		.byte	0
 1395 00b0 0F       		.uleb128 0xf
 1396 00b1 0D       		.uleb128 0xd
 1397 00b2 00       		.byte	0
 1398 00b3 03       		.uleb128 0x3
 1399 00b4 08       		.uleb128 0x8
 1400 00b5 3A       		.uleb128 0x3a
 1401 00b6 0B       		.uleb128 0xb
 1402 00b7 3B       		.uleb128 0x3b
 1403 00b8 0B       		.uleb128 0xb
 1404 00b9 49       		.uleb128 0x49
 1405 00ba 13       		.uleb128 0x13
 1406 00bb 38       		.uleb128 0x38
 1407 00bc 0B       		.uleb128 0xb
 1408 00bd 00       		.byte	0
 1409 00be 00       		.byte	0
 1410 00bf 10       		.uleb128 0x10
 1411 00c0 13       		.uleb128 0x13
 1412 00c1 01       		.byte	0x1
 1413 00c2 0B       		.uleb128 0xb
 1414 00c3 0B       		.uleb128 0xb
 1415 00c4 3A       		.uleb128 0x3a
 1416 00c5 0B       		.uleb128 0xb
 1417 00c6 3B       		.uleb128 0x3b
 1418 00c7 0B       		.uleb128 0xb
 1419 00c8 01       		.uleb128 0x1
 1420 00c9 13       		.uleb128 0x13
 1421 00ca 00       		.byte	0
 1422 00cb 00       		.byte	0
 1423 00cc 11       		.uleb128 0x11
 1424 00cd 17       		.uleb128 0x17
 1425 00ce 01       		.byte	0x1
ARM GAS  /var/folders/m4/4md61f0s1_g0rzfghffqnxvr0000gn/T//ccWVNEOO.s 			page 26


 1426 00cf 0B       		.uleb128 0xb
 1427 00d0 0B       		.uleb128 0xb
 1428 00d1 3A       		.uleb128 0x3a
 1429 00d2 0B       		.uleb128 0xb
 1430 00d3 3B       		.uleb128 0x3b
 1431 00d4 0B       		.uleb128 0xb
 1432 00d5 01       		.uleb128 0x1
 1433 00d6 13       		.uleb128 0x13
 1434 00d7 00       		.byte	0
 1435 00d8 00       		.byte	0
 1436 00d9 12       		.uleb128 0x12
 1437 00da 0D       		.uleb128 0xd
 1438 00db 00       		.byte	0
 1439 00dc 03       		.uleb128 0x3
 1440 00dd 0E       		.uleb128 0xe
 1441 00de 3A       		.uleb128 0x3a
 1442 00df 0B       		.uleb128 0xb
 1443 00e0 3B       		.uleb128 0x3b
 1444 00e1 05       		.uleb128 0x5
 1445 00e2 49       		.uleb128 0x49
 1446 00e3 13       		.uleb128 0x13
 1447 00e4 00       		.byte	0
 1448 00e5 00       		.byte	0
 1449 00e6 13       		.uleb128 0x13
 1450 00e7 26       		.uleb128 0x26
 1451 00e8 00       		.byte	0
 1452 00e9 49       		.uleb128 0x49
 1453 00ea 13       		.uleb128 0x13
 1454 00eb 00       		.byte	0
 1455 00ec 00       		.byte	0
 1456 00ed 14       		.uleb128 0x14
 1457 00ee 35       		.uleb128 0x35
 1458 00ef 00       		.byte	0
 1459 00f0 49       		.uleb128 0x49
 1460 00f1 13       		.uleb128 0x13
 1461 00f2 00       		.byte	0
 1462 00f3 00       		.byte	0
 1463 00f4 15       		.uleb128 0x15
 1464 00f5 01       		.uleb128 0x1
 1465 00f6 01       		.byte	0x1
 1466 00f7 49       		.uleb128 0x49
 1467 00f8 13       		.uleb128 0x13
 1468 00f9 01       		.uleb128 0x1
 1469 00fa 13       		.uleb128 0x13
 1470 00fb 00       		.byte	0
 1471 00fc 00       		.byte	0
 1472 00fd 16       		.uleb128 0x16
 1473 00fe 21       		.uleb128 0x21
 1474 00ff 00       		.byte	0
 1475 0100 49       		.uleb128 0x49
 1476 0101 13       		.uleb128 0x13
 1477 0102 2F       		.uleb128 0x2f
 1478 0103 0B       		.uleb128 0xb
 1479 0104 00       		.byte	0
 1480 0105 00       		.byte	0
 1481 0106 17       		.uleb128 0x17
 1482 0107 16       		.uleb128 0x16
ARM GAS  /var/folders/m4/4md61f0s1_g0rzfghffqnxvr0000gn/T//ccWVNEOO.s 			page 27


 1483 0108 00       		.byte	0
 1484 0109 03       		.uleb128 0x3
 1485 010a 0E       		.uleb128 0xe
 1486 010b 3A       		.uleb128 0x3a
 1487 010c 0B       		.uleb128 0xb
 1488 010d 3B       		.uleb128 0x3b
 1489 010e 05       		.uleb128 0x5
 1490 010f 49       		.uleb128 0x49
 1491 0110 13       		.uleb128 0x13
 1492 0111 00       		.byte	0
 1493 0112 00       		.byte	0
 1494 0113 18       		.uleb128 0x18
 1495 0114 13       		.uleb128 0x13
 1496 0115 01       		.byte	0x1
 1497 0116 0B       		.uleb128 0xb
 1498 0117 0B       		.uleb128 0xb
 1499 0118 3A       		.uleb128 0x3a
 1500 0119 0B       		.uleb128 0xb
 1501 011a 3B       		.uleb128 0x3b
 1502 011b 05       		.uleb128 0x5
 1503 011c 01       		.uleb128 0x1
 1504 011d 13       		.uleb128 0x13
 1505 011e 00       		.byte	0
 1506 011f 00       		.byte	0
 1507 0120 19       		.uleb128 0x19
 1508 0121 2E       		.uleb128 0x2e
 1509 0122 00       		.byte	0
 1510 0123 03       		.uleb128 0x3
 1511 0124 0E       		.uleb128 0xe
 1512 0125 3A       		.uleb128 0x3a
 1513 0126 0B       		.uleb128 0xb
 1514 0127 3B       		.uleb128 0x3b
 1515 0128 05       		.uleb128 0x5
 1516 0129 27       		.uleb128 0x27
 1517 012a 19       		.uleb128 0x19
 1518 012b 20       		.uleb128 0x20
 1519 012c 0B       		.uleb128 0xb
 1520 012d 00       		.byte	0
 1521 012e 00       		.byte	0
 1522 012f 1A       		.uleb128 0x1a
 1523 0130 2E       		.uleb128 0x2e
 1524 0131 01       		.byte	0x1
 1525 0132 3F       		.uleb128 0x3f
 1526 0133 19       		.uleb128 0x19
 1527 0134 03       		.uleb128 0x3
 1528 0135 0E       		.uleb128 0xe
 1529 0136 3A       		.uleb128 0x3a
 1530 0137 0B       		.uleb128 0xb
 1531 0138 3B       		.uleb128 0x3b
 1532 0139 0B       		.uleb128 0xb
 1533 013a 27       		.uleb128 0x27
 1534 013b 19       		.uleb128 0x19
 1535 013c 11       		.uleb128 0x11
 1536 013d 01       		.uleb128 0x1
 1537 013e 12       		.uleb128 0x12
 1538 013f 06       		.uleb128 0x6
 1539 0140 40       		.uleb128 0x40
ARM GAS  /var/folders/m4/4md61f0s1_g0rzfghffqnxvr0000gn/T//ccWVNEOO.s 			page 28


 1540 0141 18       		.uleb128 0x18
 1541 0142 9742     		.uleb128 0x2117
 1542 0144 19       		.uleb128 0x19
 1543 0145 01       		.uleb128 0x1
 1544 0146 13       		.uleb128 0x13
 1545 0147 00       		.byte	0
 1546 0148 00       		.byte	0
 1547 0149 1B       		.uleb128 0x1b
 1548 014a 898201   		.uleb128 0x4109
 1549 014d 00       		.byte	0
 1550 014e 11       		.uleb128 0x11
 1551 014f 01       		.uleb128 0x1
 1552 0150 31       		.uleb128 0x31
 1553 0151 13       		.uleb128 0x13
 1554 0152 00       		.byte	0
 1555 0153 00       		.byte	0
 1556 0154 1C       		.uleb128 0x1c
 1557 0155 898201   		.uleb128 0x4109
 1558 0158 00       		.byte	0
 1559 0159 11       		.uleb128 0x11
 1560 015a 01       		.uleb128 0x1
 1561 015b 9542     		.uleb128 0x2115
 1562 015d 19       		.uleb128 0x19
 1563 015e 31       		.uleb128 0x31
 1564 015f 13       		.uleb128 0x13
 1565 0160 00       		.byte	0
 1566 0161 00       		.byte	0
 1567 0162 1D       		.uleb128 0x1d
 1568 0163 34       		.uleb128 0x34
 1569 0164 00       		.byte	0
 1570 0165 03       		.uleb128 0x3
 1571 0166 0E       		.uleb128 0xe
 1572 0167 3A       		.uleb128 0x3a
 1573 0168 0B       		.uleb128 0xb
 1574 0169 3B       		.uleb128 0x3b
 1575 016a 05       		.uleb128 0x5
 1576 016b 49       		.uleb128 0x49
 1577 016c 13       		.uleb128 0x13
 1578 016d 3F       		.uleb128 0x3f
 1579 016e 19       		.uleb128 0x19
 1580 016f 3C       		.uleb128 0x3c
 1581 0170 19       		.uleb128 0x19
 1582 0171 00       		.byte	0
 1583 0172 00       		.byte	0
 1584 0173 1E       		.uleb128 0x1e
 1585 0174 34       		.uleb128 0x34
 1586 0175 00       		.byte	0
 1587 0176 03       		.uleb128 0x3
 1588 0177 08       		.uleb128 0x8
 1589 0178 3A       		.uleb128 0x3a
 1590 0179 0B       		.uleb128 0xb
 1591 017a 3B       		.uleb128 0x3b
 1592 017b 05       		.uleb128 0x5
 1593 017c 49       		.uleb128 0x49
 1594 017d 13       		.uleb128 0x13
 1595 017e 3F       		.uleb128 0x3f
 1596 017f 19       		.uleb128 0x19
ARM GAS  /var/folders/m4/4md61f0s1_g0rzfghffqnxvr0000gn/T//ccWVNEOO.s 			page 29


 1597 0180 3C       		.uleb128 0x3c
 1598 0181 19       		.uleb128 0x19
 1599 0182 00       		.byte	0
 1600 0183 00       		.byte	0
 1601 0184 1F       		.uleb128 0x1f
 1602 0185 2E       		.uleb128 0x2e
 1603 0186 00       		.byte	0
 1604 0187 3F       		.uleb128 0x3f
 1605 0188 19       		.uleb128 0x19
 1606 0189 3C       		.uleb128 0x3c
 1607 018a 19       		.uleb128 0x19
 1608 018b 6E       		.uleb128 0x6e
 1609 018c 0E       		.uleb128 0xe
 1610 018d 03       		.uleb128 0x3
 1611 018e 0E       		.uleb128 0xe
 1612 018f 3A       		.uleb128 0x3a
 1613 0190 0B       		.uleb128 0xb
 1614 0191 3B       		.uleb128 0x3b
 1615 0192 05       		.uleb128 0x5
 1616 0193 00       		.byte	0
 1617 0194 00       		.byte	0
 1618 0195 20       		.uleb128 0x20
 1619 0196 2E       		.uleb128 0x2e
 1620 0197 00       		.byte	0
 1621 0198 3F       		.uleb128 0x3f
 1622 0199 19       		.uleb128 0x19
 1623 019a 3C       		.uleb128 0x3c
 1624 019b 19       		.uleb128 0x19
 1625 019c 6E       		.uleb128 0x6e
 1626 019d 0E       		.uleb128 0xe
 1627 019e 03       		.uleb128 0x3
 1628 019f 0E       		.uleb128 0xe
 1629 01a0 3A       		.uleb128 0x3a
 1630 01a1 0B       		.uleb128 0xb
 1631 01a2 3B       		.uleb128 0x3b
 1632 01a3 0B       		.uleb128 0xb
 1633 01a4 00       		.byte	0
 1634 01a5 00       		.byte	0
 1635 01a6 00       		.byte	0
 1636              		.section	.debug_aranges,"",%progbits
 1637 0000 1C000000 		.4byte	0x1c
 1638 0004 0200     		.2byte	0x2
 1639 0006 00000000 		.4byte	.Ldebug_info0
 1640 000a 04       		.byte	0x4
 1641 000b 00       		.byte	0
 1642 000c 0000     		.2byte	0
 1643 000e 0000     		.2byte	0
 1644 0010 00000000 		.4byte	.LFB268
 1645 0014 38000000 		.4byte	.LFE268-.LFB268
 1646 0018 00000000 		.4byte	0
 1647 001c 00000000 		.4byte	0
 1648              		.section	.debug_ranges,"",%progbits
 1649              	.Ldebug_ranges0:
 1650 0000 00000000 		.4byte	.LFB268
 1651 0004 38000000 		.4byte	.LFE268
 1652 0008 00000000 		.4byte	0
 1653 000c 00000000 		.4byte	0
ARM GAS  /var/folders/m4/4md61f0s1_g0rzfghffqnxvr0000gn/T//ccWVNEOO.s 			page 30


 1654              		.section	.debug_line,"",%progbits
 1655              	.Ldebug_line0:
 1656 0000 94030000 		.section	.debug_str,"MS",%progbits,1
 1656      02006903 
 1656      00000201 
 1656      FB0E0D00 
 1656      01010101 
 1657              	.LASF111:
 1658 0000 73746D33 		.ascii	"stm32_gpio_setup_t\000"
 1658      325F6770 
 1658      696F5F73 
 1658      65747570 
 1658      5F7400
 1659              	.LASF53:
 1660 0013 72656164 		.ascii	"ready_list_t\000"
 1660      795F6C69 
 1660      73745F74 
 1660      00
 1661              	.LASF134:
 1662 0020 7374496E 		.ascii	"stInit\000"
 1662      697400
 1663              	.LASF91:
 1664 0027 77747472 		.ascii	"wttrp\000"
 1664      7000
 1665              	.LASF88:
 1666 002d 7264796D 		.ascii	"rdymsg\000"
 1666      736700
 1667              	.LASF16:
 1668 0034 75696E74 		.ascii	"uint64_t\000"
 1668      36345F74 
 1668      00
 1669              	.LASF5:
 1670 003d 5F5F7569 		.ascii	"__uint8_t\000"
 1670      6E74385F 
 1670      7400
 1671              	.LASF85:
 1672 0047 706F7274 		.ascii	"port_intctx\000"
 1672      5F696E74 
 1672      63747800 
 1673              	.LASF72:
 1674 0053 73797374 		.ascii	"system_debug_t\000"
 1674      656D5F64 
 1674      65627567 
 1674      5F7400
 1675              	.LASF119:
 1676 0062 50484461 		.ascii	"PHData\000"
 1676      746100
 1677              	.LASF12:
 1678 0069 6C6F6E67 		.ascii	"long long unsigned int\000"
 1678      206C6F6E 
 1678      6720756E 
 1678      7369676E 
 1678      65642069 
 1679              	.LASF108:
 1680 0080 70757064 		.ascii	"pupdr\000"
 1680      7200
 1681              	.LASF89:
ARM GAS  /var/folders/m4/4md61f0s1_g0rzfghffqnxvr0000gn/T//ccWVNEOO.s 			page 31


 1682 0086 65786974 		.ascii	"exitcode\000"
 1682      636F6465 
 1682      00
 1683              	.LASF79:
 1684 008f 6D61696E 		.ascii	"mainthread\000"
 1684      74687265 
 1684      616400
 1685              	.LASF69:
 1686 009a 76697274 		.ascii	"virtual_timers_list_t\000"
 1686      75616C5F 
 1686      74696D65 
 1686      72735F6C 
 1686      6973745F 
 1687              	.LASF122:
 1688 00b0 49544D5F 		.ascii	"ITM_RxBuffer\000"
 1688      52784275 
 1688      66666572 
 1688      00
 1689              	.LASF52:
 1690 00bd 63685F74 		.ascii	"ch_threads_queue\000"
 1690      68726561 
 1690      64735F71 
 1690      75657565 
 1690      00
 1691              	.LASF30:
 1692 00ce 705F7072 		.ascii	"p_prio\000"
 1692      696F00
 1693              	.LASF10:
 1694 00d5 6C6F6E67 		.ascii	"long long int\000"
 1694      206C6F6E 
 1694      6720696E 
 1694      7400
 1695              	.LASF1:
 1696 00e3 7369676E 		.ascii	"signed char\000"
 1696      65642063 
 1696      68617200 
 1697              	.LASF46:
 1698 00ef 705F6D70 		.ascii	"p_mpool\000"
 1698      6F6F6C00 
 1699              	.LASF99:
 1700 00f7 6D5F7175 		.ascii	"m_queue\000"
 1700      65756500 
 1701              	.LASF105:
 1702 00ff 6D6F6465 		.ascii	"moder\000"
 1702      7200
 1703              	.LASF21:
 1704 0105 74736C69 		.ascii	"tslices_t\000"
 1704      6365735F 
 1704      7400
 1705              	.LASF76:
 1706 010f 63685F73 		.ascii	"ch_system\000"
 1706      79737465 
 1706      6D00
 1707              	.LASF7:
 1708 0119 6C6F6E67 		.ascii	"long int\000"
 1708      20696E74 
 1708      00
ARM GAS  /var/folders/m4/4md61f0s1_g0rzfghffqnxvr0000gn/T//ccWVNEOO.s 			page 32


 1709              	.LASF116:
 1710 0122 50454461 		.ascii	"PEData\000"
 1710      746100
 1711              	.LASF19:
 1712 0129 74737461 		.ascii	"tstate_t\000"
 1712      74655F74 
 1712      00
 1713              	.LASF129:
 1714 0132 70776D49 		.ascii	"pwmInit\000"
 1714      6E697400 
 1715              	.LASF32:
 1716 013a 705F6E65 		.ascii	"p_newer\000"
 1716      77657200 
 1717              	.LASF96:
 1718 0142 735F7175 		.ascii	"s_queue\000"
 1718      65756500 
 1719              	.LASF58:
 1720 014a 725F6E65 		.ascii	"r_newer\000"
 1720      77657200 
 1721              	.LASF82:
 1722 0152 72656761 		.ascii	"regarm_t\000"
 1722      726D5F74 
 1722      00
 1723              	.LASF65:
 1724 015b 76745F70 		.ascii	"vt_prev\000"
 1724      72657600 
 1725              	.LASF78:
 1726 0163 76746C69 		.ascii	"vtlist\000"
 1726      737400
 1727              	.LASF103:
 1728 016a 6D757465 		.ascii	"mutex_t\000"
 1728      785F7400 
 1729              	.LASF113:
 1730 0172 50424461 		.ascii	"PBData\000"
 1730      746100
 1731              	.LASF80:
 1732 0179 69646C65 		.ascii	"idle_thread_wa\000"
 1732      5F746872 
 1732      6561645F 
 1732      776100
 1733              	.LASF25:
 1734 0188 636E745F 		.ascii	"cnt_t\000"
 1734      7400
 1735              	.LASF0:
 1736 018e 756E7369 		.ascii	"unsigned int\000"
 1736      676E6564 
 1736      20696E74 
 1736      00
 1737              	.LASF64:
 1738 019b 76745F6E 		.ascii	"vt_next\000"
 1738      65787400 
 1739              	.LASF39:
 1740 01a3 705F7469 		.ascii	"p_time\000"
 1740      6D6500
 1741              	.LASF92:
 1742 01aa 77747365 		.ascii	"wtsemp\000"
 1742      6D7000
ARM GAS  /var/folders/m4/4md61f0s1_g0rzfghffqnxvr0000gn/T//ccWVNEOO.s 			page 33


 1743              	.LASF66:
 1744 01b1 76745F64 		.ascii	"vt_delta\000"
 1744      656C7461 
 1744      00
 1745              	.LASF41:
 1746 01ba 705F6D73 		.ascii	"p_msgqueue\000"
 1746      67717565 
 1746      756500
 1747              	.LASF139:
 1748 01c5 68616C49 		.ascii	"halInit\000"
 1748      6E697400 
 1749              	.LASF107:
 1750 01cd 6F737065 		.ascii	"ospeedr\000"
 1750      65647200 
 1751              	.LASF106:
 1752 01d5 6F747970 		.ascii	"otyper\000"
 1752      657200
 1753              	.LASF4:
 1754 01dc 73686F72 		.ascii	"short unsigned int\000"
 1754      7420756E 
 1754      7369676E 
 1754      65642069 
 1754      6E7400
 1755              	.LASF117:
 1756 01ef 50464461 		.ascii	"PFData\000"
 1756      746100
 1757              	.LASF49:
 1758 01f6 63685F74 		.ascii	"ch_thread\000"
 1758      68726561 
 1758      6400
 1759              	.LASF23:
 1760 0200 6D73675F 		.ascii	"msg_t\000"
 1760      7400
 1761              	.LASF137:
 1762 0206 2F557365 		.ascii	"/Users/raphael/Documents/Projects/rESC/resc-firmwar"
 1762      72732F72 
 1762      61706861 
 1762      656C2F44 
 1762      6F63756D 
 1763 0239 6500     		.ascii	"e\000"
 1764              	.LASF75:
 1765 023b 63685F73 		.ascii	"ch_system_t\000"
 1765      79737465 
 1765      6D5F7400 
 1766              	.LASF18:
 1767 0247 746D6F64 		.ascii	"tmode_t\000"
 1767      655F7400 
 1768              	.LASF54:
 1769 024f 63685F72 		.ascii	"ch_ready_list\000"
 1769      65616479 
 1769      5F6C6973 
 1769      7400
 1770              	.LASF24:
 1771 025d 6576656E 		.ascii	"eventmask_t\000"
 1771      746D6173 
 1771      6B5F7400 
 1772              	.LASF6:
ARM GAS  /var/folders/m4/4md61f0s1_g0rzfghffqnxvr0000gn/T//ccWVNEOO.s 			page 34


 1773 0269 5F5F696E 		.ascii	"__int32_t\000"
 1773      7433325F 
 1773      7400
 1774              	.LASF118:
 1775 0273 50474461 		.ascii	"PGData\000"
 1775      746100
 1776              	.LASF126:
 1777 027a 61646349 		.ascii	"adcInit\000"
 1777      6E697400 
 1778              	.LASF83:
 1779 0282 73746B61 		.ascii	"stkalign_t\000"
 1779      6C69676E 
 1779      5F7400
 1780              	.LASF130:
 1781 028d 73706949 		.ascii	"spiInit\000"
 1781      6E697400 
 1782              	.LASF48:
 1783 0295 74687265 		.ascii	"threads_list_t\000"
 1783      6164735F 
 1783      6C697374 
 1783      5F7400
 1784              	.LASF136:
 1785 02a4 43686962 		.ascii	"ChibiOS_16.1.4/os/hal/src/hal.c\000"
 1785      694F535F 
 1785      31362E31 
 1785      2E342F6F 
 1785      732F6861 
 1786              	.LASF40:
 1787 02c4 705F7761 		.ascii	"p_waiting\000"
 1787      6974696E 
 1787      6700
 1788              	.LASF81:
 1789 02ce 73697A65 		.ascii	"sizetype\000"
 1789      74797065 
 1789      00
 1790              	.LASF47:
 1791 02d7 74687265 		.ascii	"thread_reference_t\000"
 1791      61645F72 
 1791      65666572 
 1791      656E6365 
 1791      5F7400
 1792              	.LASF70:
 1793 02ea 63685F76 		.ascii	"ch_virtual_timers_list\000"
 1793      69727475 
 1793      616C5F74 
 1793      696D6572 
 1793      735F6C69 
 1794              	.LASF33:
 1795 0301 705F6F6C 		.ascii	"p_older\000"
 1795      64657200 
 1796              	.LASF57:
 1797 0309 725F6374 		.ascii	"r_ctx\000"
 1797      7800
 1798              	.LASF87:
 1799 030f 746D5F63 		.ascii	"tm_calibration_t\000"
 1799      616C6962 
 1799      72617469 
ARM GAS  /var/folders/m4/4md61f0s1_g0rzfghffqnxvr0000gn/T//ccWVNEOO.s 			page 35


 1799      6F6E5F74 
 1799      00
 1800              	.LASF110:
 1801 0320 61667268 		.ascii	"afrh\000"
 1801      00
 1802              	.LASF115:
 1803 0325 50444461 		.ascii	"PDData\000"
 1803      746100
 1804              	.LASF60:
 1805 032c 725F6375 		.ascii	"r_current\000"
 1805      7272656E 
 1805      7400
 1806              	.LASF59:
 1807 0336 725F6F6C 		.ascii	"r_older\000"
 1807      64657200 
 1808              	.LASF11:
 1809 033e 5F5F7569 		.ascii	"__uint64_t\000"
 1809      6E743634 
 1809      5F7400
 1810              	.LASF20:
 1811 0349 74726566 		.ascii	"trefs_t\000"
 1811      735F7400 
 1812              	.LASF62:
 1813 0351 76697274 		.ascii	"virtual_timer_t\000"
 1813      75616C5F 
 1813      74696D65 
 1813      725F7400 
 1814              	.LASF29:
 1815 0361 705F7072 		.ascii	"p_prev\000"
 1815      657600
 1816              	.LASF138:
 1817 0368 6F73616C 		.ascii	"osalInit\000"
 1817      496E6974 
 1817      00
 1818              	.LASF22:
 1819 0371 74707269 		.ascii	"tprio_t\000"
 1819      6F5F7400 
 1820              	.LASF73:
 1821 0379 63685F73 		.ascii	"ch_system_debug\000"
 1821      79737465 
 1821      6D5F6465 
 1821      62756700 
 1822              	.LASF104:
 1823 0389 5F426F6F 		.ascii	"_Bool\000"
 1823      6C00
 1824              	.LASF14:
 1825 038f 696E7433 		.ascii	"int32_t\000"
 1825      325F7400 
 1826              	.LASF2:
 1827 0397 756E7369 		.ascii	"unsigned char\000"
 1827      676E6564 
 1827      20636861 
 1827      7200
 1828              	.LASF132:
 1829 03a5 73647549 		.ascii	"sduInit\000"
 1829      6E697400 
 1830              	.LASF109:
ARM GAS  /var/folders/m4/4md61f0s1_g0rzfghffqnxvr0000gn/T//ccWVNEOO.s 			page 36


 1831 03ad 6166726C 		.ascii	"afrl\000"
 1831      00
 1832              	.LASF127:
 1833 03b2 65787449 		.ascii	"extInit\000"
 1833      6E697400 
 1834              	.LASF44:
 1835 03ba 705F6D74 		.ascii	"p_mtxlist\000"
 1835      786C6973 
 1835      7400
 1836              	.LASF3:
 1837 03c4 73686F72 		.ascii	"short int\000"
 1837      7420696E 
 1837      7400
 1838              	.LASF35:
 1839 03ce 705F7374 		.ascii	"p_state\000"
 1839      61746500 
 1840              	.LASF38:
 1841 03d6 705F7072 		.ascii	"p_preempt\000"
 1841      65656D70 
 1841      7400
 1842              	.LASF56:
 1843 03e0 725F7072 		.ascii	"r_prio\000"
 1843      696F00
 1844              	.LASF112:
 1845 03e7 50414461 		.ascii	"PAData\000"
 1845      746100
 1846              	.LASF94:
 1847 03ee 65776D61 		.ascii	"ewmask\000"
 1847      736B00
 1848              	.LASF28:
 1849 03f5 705F6E65 		.ascii	"p_next\000"
 1849      787400
 1850              	.LASF36:
 1851 03fc 705F666C 		.ascii	"p_flags\000"
 1851      61677300 
 1852              	.LASF120:
 1853 0404 50494461 		.ascii	"PIData\000"
 1853      746100
 1854              	.LASF63:
 1855 040b 63685F76 		.ascii	"ch_virtual_timer\000"
 1855      69727475 
 1855      616C5F74 
 1855      696D6572 
 1855      00
 1856              	.LASF95:
 1857 041c 63685F73 		.ascii	"ch_semaphore\000"
 1857      656D6170 
 1857      686F7265 
 1857      00
 1858              	.LASF43:
 1859 0429 705F6570 		.ascii	"p_epending\000"
 1859      656E6469 
 1859      6E6700
 1860              	.LASF15:
 1861 0434 75696E74 		.ascii	"uint32_t\000"
 1861      33325F74 
 1861      00
ARM GAS  /var/folders/m4/4md61f0s1_g0rzfghffqnxvr0000gn/T//ccWVNEOO.s 			page 37


 1862              	.LASF93:
 1863 043d 77746D74 		.ascii	"wtmtxp\000"
 1863      787000
 1864              	.LASF55:
 1865 0444 725F7175 		.ascii	"r_queue\000"
 1865      65756500 
 1866              	.LASF50:
 1867 044c 63685F74 		.ascii	"ch_threads_list\000"
 1867      68726561 
 1867      64735F6C 
 1867      69737400 
 1868              	.LASF9:
 1869 045c 6C6F6E67 		.ascii	"long unsigned int\000"
 1869      20756E73 
 1869      69676E65 
 1869      6420696E 
 1869      7400
 1870              	.LASF102:
 1871 046e 63686172 		.ascii	"char\000"
 1871      00
 1872              	.LASF135:
 1873 0473 474E5520 		.ascii	"GNU C99 5.2.1 20151202 (release) [ARM/embedded-5-br"
 1873      43393920 
 1873      352E322E 
 1873      31203230 
 1873      31353132 
 1874 04a6 616E6368 		.ascii	"anch revision 231848] -mcpu=cortex-m4 -mfloat-abi=h"
 1874      20726576 
 1874      6973696F 
 1874      6E203233 
 1874      31383438 
 1875 04d9 61726420 		.ascii	"ard -mfpu=fpv4-sp-d16 -mno-thumb-interwork -mthumb "
 1875      2D6D6670 
 1875      753D6670 
 1875      76342D73 
 1875      702D6431 
 1876 050c 2D676764 		.ascii	"-ggdb -O2 -std=c99 -fomit-frame-pointer -falign-fun"
 1876      62202D4F 
 1876      32202D73 
 1876      74643D63 
 1876      3939202D 
 1877 053f 6374696F 		.ascii	"ctions=16 -ffunction-sections -fdata-sections -fno-"
 1877      6E733D31 
 1877      36202D66 
 1877      66756E63 
 1877      74696F6E 
 1878 0572 636F6D6D 		.ascii	"common\000"
 1878      6F6E00
 1879              	.LASF131:
 1880 0579 75736249 		.ascii	"usbInit\000"
 1880      6E697400 
 1881              	.LASF27:
 1882 0581 74687265 		.ascii	"thread_t\000"
 1882      61645F74 
 1882      00
 1883              	.LASF101:
 1884 058a 6D5F6E65 		.ascii	"m_next\000"
ARM GAS  /var/folders/m4/4md61f0s1_g0rzfghffqnxvr0000gn/T//ccWVNEOO.s 			page 38


 1884      787400
 1885              	.LASF26:
 1886 0591 73797374 		.ascii	"systime_t\000"
 1886      696D655F 
 1886      7400
 1887              	.LASF45:
 1888 059b 705F7265 		.ascii	"p_realprio\000"
 1888      616C7072 
 1888      696F00
 1889              	.LASF61:
 1890 05a6 76746675 		.ascii	"vtfunc_t\000"
 1890      6E635F74 
 1890      00
 1891              	.LASF8:
 1892 05af 5F5F7569 		.ascii	"__uint32_t\000"
 1892      6E743332 
 1892      5F7400
 1893              	.LASF74:
 1894 05ba 70616E69 		.ascii	"panic_msg\000"
 1894      635F6D73 
 1894      6700
 1895              	.LASF86:
 1896 05c4 6F666673 		.ascii	"offset\000"
 1896      657400
 1897              	.LASF84:
 1898 05cb 636F6E74 		.ascii	"context\000"
 1898      65787400 
 1899              	.LASF124:
 1900 05d3 68616C5F 		.ascii	"hal_lld_init\000"
 1900      6C6C645F 
 1900      696E6974 
 1900      00
 1901              	.LASF17:
 1902 05e0 7274636E 		.ascii	"rtcnt_t\000"
 1902      745F7400 
 1903              	.LASF68:
 1904 05e8 76745F70 		.ascii	"vt_par\000"
 1904      617200
 1905              	.LASF51:
 1906 05ef 74687265 		.ascii	"threads_queue_t\000"
 1906      6164735F 
 1906      71756575 
 1906      655F7400 
 1907              	.LASF98:
 1908 05ff 63685F6D 		.ascii	"ch_mutex\000"
 1908      75746578 
 1908      00
 1909              	.LASF37:
 1910 0608 705F7265 		.ascii	"p_refs\000"
 1910      667300
 1911              	.LASF125:
 1912 060f 5F70616C 		.ascii	"_pal_lld_init\000"
 1912      5F6C6C64 
 1912      5F696E69 
 1912      7400
 1913              	.LASF133:
 1914 061d 626F6172 		.ascii	"boardInit\000"
ARM GAS  /var/folders/m4/4md61f0s1_g0rzfghffqnxvr0000gn/T//ccWVNEOO.s 			page 39


 1914      64496E69 
 1914      7400
 1915              	.LASF77:
 1916 0627 726C6973 		.ascii	"rlist\000"
 1916      7400
 1917              	.LASF13:
 1918 062d 75696E74 		.ascii	"uint8_t\000"
 1918      385F7400 
 1919              	.LASF90:
 1920 0635 77746F62 		.ascii	"wtobjp\000"
 1920      6A7000
 1921              	.LASF34:
 1922 063c 705F6E61 		.ascii	"p_name\000"
 1922      6D6500
 1923              	.LASF97:
 1924 0643 735F636E 		.ascii	"s_cnt\000"
 1924      7400
 1925              	.LASF114:
 1926 0649 50434461 		.ascii	"PCData\000"
 1926      746100
 1927              	.LASF71:
 1928 0650 76745F73 		.ascii	"vt_systime\000"
 1928      79737469 
 1928      6D6500
 1929              	.LASF128:
 1930 065b 69326349 		.ascii	"i2cInit\000"
 1930      6E697400 
 1931              	.LASF42:
 1932 0663 705F6D73 		.ascii	"p_msg\000"
 1932      6700
 1933              	.LASF121:
 1934 0669 50414C43 		.ascii	"PALConfig\000"
 1934      6F6E6669 
 1934      6700
 1935              	.LASF100:
 1936 0673 6D5F6F77 		.ascii	"m_owner\000"
 1936      6E657200 
 1937              	.LASF123:
 1938 067b 70616C5F 		.ascii	"pal_default_config\000"
 1938      64656661 
 1938      756C745F 
 1938      636F6E66 
 1938      696700
 1939              	.LASF31:
 1940 068e 705F6374 		.ascii	"p_ctx\000"
 1940      7800
 1941              	.LASF67:
 1942 0694 76745F66 		.ascii	"vt_func\000"
 1942      756E6300 
 1943              		.ident	"GCC: (GNU Tools for ARM Embedded Processors) 5.2.1 20151202 (release) [ARM/embedded-5-bran
ARM GAS  /var/folders/m4/4md61f0s1_g0rzfghffqnxvr0000gn/T//ccWVNEOO.s 			page 40


DEFINED SYMBOLS
                            *ABS*:0000000000000000 hal.c
/var/folders/m4/4md61f0s1_g0rzfghffqnxvr0000gn/T//ccWVNEOO.s:22     .text.halInit:0000000000000000 $t
/var/folders/m4/4md61f0s1_g0rzfghffqnxvr0000gn/T//ccWVNEOO.s:28     .text.halInit:0000000000000000 halInit
/var/folders/m4/4md61f0s1_g0rzfghffqnxvr0000gn/T//ccWVNEOO.s:81     .text.halInit:0000000000000034 $d
                     .debug_frame:0000000000000010 $d

UNDEFINED SYMBOLS
hal_lld_init
_pal_lld_init
adcInit
extInit
i2cInit
pwmInit
spiInit
usbInit
sduInit
boardInit
stInit
pal_default_config
