ARM GAS  /var/folders/m4/4md61f0s1_g0rzfghffqnxvr0000gn/T//cctQVE3k.s 			page 1


   1              		.syntax unified
   2              		.cpu cortex-m4
   3              		.eabi_attribute 27, 1
   4              		.eabi_attribute 28, 1
   5              		.fpu fpv4-sp-d16
   6              		.eabi_attribute 20, 1
   7              		.eabi_attribute 21, 1
   8              		.eabi_attribute 23, 3
   9              		.eabi_attribute 24, 1
  10              		.eabi_attribute 25, 1
  11              		.eabi_attribute 26, 1
  12              		.eabi_attribute 30, 2
  13              		.eabi_attribute 34, 1
  14              		.eabi_attribute 18, 4
  15              		.thumb
  16              		.syntax unified
  17              		.file	"hal_lld.c"
  18              		.text
  19              	.Ltext0:
  20              		.cfi_sections	.debug_frame
  21              		.section	.text.hal_lld_init,"ax",%progbits
  22              		.align	2
  23              		.p2align 4,,15
  24              		.global	hal_lld_init
  25              		.thumb
  26              		.thumb_func
  27              		.type	hal_lld_init, %function
  28              	hal_lld_init:
  29              	.LFB269:
  30              		.file 1 "ChibiOS_16.1.4/os/hal/ports/STM32/STM32F4xx/hal_lld.c"
  31              		.loc 1 114 0
  32              		.cfi_startproc
  33              		@ args = 0, pretend = 0, frame = 0
  34              		@ frame_needed = 0, uses_anonymous_args = 0
  35              		@ link register save eliminated.
  36              		.loc 1 118 0
  37 0000 174B     		ldr	r3, .L8
  38 0002 4FF0FF31 		mov	r1, #-1
  39 0006 1A69     		ldr	r2, [r3, #16]
  40 0008 0022     		movs	r2, #0
  41              		.loc 1 114 0
  42 000a 10B4     		push	{r4}
  43              		.cfi_def_cfa_offset 4
  44              		.cfi_offset 4, -4
  45              		.loc 1 118 0
  46 000c 1961     		str	r1, [r3, #16]
  47 000e 1A61     		str	r2, [r3, #16]
  48              		.loc 1 119 0
  49 0010 5869     		ldr	r0, [r3, #20]
  50 0012 5961     		str	r1, [r3, #20]
  51 0014 5A61     		str	r2, [r3, #20]
  52              		.loc 1 120 0
  53 0016 186A     		ldr	r0, [r3, #32]
  54              	.LBB4:
  55              	.LBB5:
  56              		.loc 1 57 0
  57 0018 124C     		ldr	r4, .L8+4
ARM GAS  /var/folders/m4/4md61f0s1_g0rzfghffqnxvr0000gn/T//cctQVE3k.s 			page 2


  58              	.LBE5:
  59              	.LBE4:
  60              		.loc 1 120 0
  61 001a 60F08050 		orn	r0, r0, #268435456
  62 001e 1862     		str	r0, [r3, #32]
  63 0020 1A62     		str	r2, [r3, #32]
  64              		.loc 1 121 0
  65 0022 586A     		ldr	r0, [r3, #36]
  66 0024 5962     		str	r1, [r3, #36]
  67 0026 5A62     		str	r2, [r3, #36]
  68              		.loc 1 124 0
  69 0028 196C     		ldr	r1, [r3, #64]
  70 002a 41F08051 		orr	r1, r1, #268435456
  71 002e 1964     		str	r1, [r3, #64]
  72              	.LBB8:
  73              	.LBB6:
  74              		.loc 1 57 0
  75 0030 2168     		ldr	r1, [r4]
  76 0032 41F48071 		orr	r1, r1, #256
  77 0036 2160     		str	r1, [r4]
  78              		.loc 1 60 0
  79 0038 196F     		ldr	r1, [r3, #112]
  80 003a 01F44071 		and	r1, r1, #768
  81 003e B1F5007F 		cmp	r1, #512
  82 0042 03D0     		beq	.L2
  83              		.loc 1 62 0
  84 0044 4FF48031 		mov	r1, #65536
  85 0048 1967     		str	r1, [r3, #112]
  86              		.loc 1 63 0
  87 004a 1A67     		str	r2, [r3, #112]
  88              	.L2:
  89              		.loc 1 97 0
  90 004c 054A     		ldr	r2, .L8+4
  91              	.LBE6:
  92              	.LBE8:
  93              		.loc 1 137 0
  94 004e 5DF8044B 		ldr	r4, [sp], #4
  95              		.cfi_restore 4
  96              		.cfi_def_cfa_offset 0
  97              	.LBB9:
  98              	.LBB7:
  99              		.loc 1 97 0
 100 0052 5368     		ldr	r3, [r2, #4]
 101 0054 23F40073 		bic	r3, r3, #512
 102 0058 5360     		str	r3, [r2, #4]
 103              	.LBE7:
 104              	.LBE9:
 105              		.loc 1 130 0
 106 005a FFF7FEBF 		b	dmaInit
 107              	.LVL0:
 108              	.L9:
 109 005e 00BF     		.align	2
 110              	.L8:
 111 0060 00380240 		.word	1073887232
 112 0064 00700040 		.word	1073770496
 113              		.cfi_endproc
 114              	.LFE269:
ARM GAS  /var/folders/m4/4md61f0s1_g0rzfghffqnxvr0000gn/T//cctQVE3k.s 			page 3


 115              		.size	hal_lld_init, .-hal_lld_init
 116              		.section	.text.stm32_clock_init,"ax",%progbits
 117              		.align	2
 118              		.p2align 4,,15
 119              		.global	stm32_clock_init
 120              		.thumb
 121              		.thumb_func
 122              		.type	stm32_clock_init, %function
 123              	stm32_clock_init:
 124              	.LFB270:
 125              		.loc 1 146 0
 126              		.cfi_startproc
 127              		@ args = 0, pretend = 0, frame = 0
 128              		@ frame_needed = 0, uses_anonymous_args = 0
 129              		@ link register save eliminated.
 130              		.loc 1 150 0
 131 0000 2C49     		ldr	r1, .L31
 132              		.loc 1 154 0
 133 0002 2D4B     		ldr	r3, .L31+4
 134              		.loc 1 150 0
 135 0004 4FF08050 		mov	r0, #268435456
 136              		.loc 1 154 0
 137 0008 4FF44042 		mov	r2, #49152
 138              		.loc 1 150 0
 139 000c 0864     		str	r0, [r1, #64]
 140              		.loc 1 154 0
 141 000e 1A60     		str	r2, [r3]
 142              		.loc 1 161 0
 143 0010 0B68     		ldr	r3, [r1]
 144 0012 43F00103 		orr	r3, r3, #1
 145 0016 0B60     		str	r3, [r1]
 146              	.L11:
 147              		.loc 1 162 0 discriminator 1
 148 0018 0A68     		ldr	r2, [r1]
 149 001a 264B     		ldr	r3, .L31
 150 001c 9007     		lsls	r0, r2, #30
 151 001e FBD5     		bpl	.L11
 152              		.loc 1 168 0
 153 0020 9A68     		ldr	r2, [r3, #8]
 154 0022 22F00302 		bic	r2, r2, #3
 155 0026 9A60     		str	r2, [r3, #8]
 156              		.loc 1 169 0
 157 0028 9A68     		ldr	r2, [r3, #8]
 158 002a 9A60     		str	r2, [r3, #8]
 159              		.loc 1 170 0
 160 002c 1946     		mov	r1, r3
 161              	.L12:
 162              		.loc 1 170 0 is_stmt 0 discriminator 1
 163 002e 8B68     		ldr	r3, [r1, #8]
 164 0030 204A     		ldr	r2, .L31
 165 0032 13F00C03 		ands	r3, r3, #12
 166 0036 FAD1     		bne	.L12
 167              		.loc 1 174 0 is_stmt 1
 168 0038 1168     		ldr	r1, [r2]
 169 003a 01F0F901 		and	r1, r1, #249
 170 003e 1160     		str	r1, [r2]
 171              		.loc 1 175 0
ARM GAS  /var/folders/m4/4md61f0s1_g0rzfghffqnxvr0000gn/T//cctQVE3k.s 			page 4


 172 0040 9360     		str	r3, [r2, #8]
 173              		.loc 1 184 0
 174 0042 1368     		ldr	r3, [r2]
 175 0044 43F48033 		orr	r3, r3, #65536
 176 0048 1360     		str	r3, [r2]
 177              	.L13:
 178              		.loc 1 186 0 discriminator 1
 179 004a 1168     		ldr	r1, [r2]
 180 004c 194B     		ldr	r3, .L31
 181 004e 8903     		lsls	r1, r1, #14
 182 0050 FBD5     		bpl	.L13
 183              		.loc 1 192 0
 184 0052 5A6F     		ldr	r2, [r3, #116]
 185 0054 42F00102 		orr	r2, r2, #1
 186 0058 5A67     		str	r2, [r3, #116]
 187              	.L14:
 188              		.loc 1 193 0 discriminator 1
 189 005a 5A6F     		ldr	r2, [r3, #116]
 190 005c 1549     		ldr	r1, .L31
 191 005e 9007     		lsls	r0, r2, #30
 192 0060 FBD5     		bpl	.L14
 193              		.loc 1 199 0
 194 0062 164B     		ldr	r3, .L31+8
 195 0064 4B60     		str	r3, [r1, #4]
 196              		.loc 1 201 0
 197 0066 0B68     		ldr	r3, [r1]
 198              		.loc 1 205 0
 199 0068 134A     		ldr	r2, .L31+4
 200              		.loc 1 201 0
 201 006a 43F08073 		orr	r3, r3, #16777216
 202 006e 0B60     		str	r3, [r1]
 203              	.L15:
 204              		.loc 1 205 0 discriminator 1
 205 0070 5368     		ldr	r3, [r2, #4]
 206 0072 5904     		lsls	r1, r3, #17
 207 0074 FCD5     		bpl	.L15
 208              		.loc 1 221 0 discriminator 1
 209 0076 0F49     		ldr	r1, .L31
 210              	.L25:
 211 0078 0A68     		ldr	r2, [r1]
 212 007a 0E4B     		ldr	r3, .L31
 213 007c 9201     		lsls	r2, r2, #6
 214 007e FBD5     		bpl	.L25
 215              		.loc 1 261 0
 216 0080 0F4A     		ldr	r2, .L31+12
 217              		.loc 1 247 0
 218 0082 1049     		ldr	r1, .L31+16
 219 0084 9960     		str	r1, [r3, #8]
 220              		.loc 1 261 0
 221 0086 40F20571 		movw	r1, #1797
 222 008a 1160     		str	r1, [r2]
 223              		.loc 1 267 0
 224 008c 9A68     		ldr	r2, [r3, #8]
 225 008e 42F00202 		orr	r2, r2, #2
 226 0092 9A60     		str	r2, [r3, #8]
 227              		.loc 1 268 0
 228 0094 1A46     		mov	r2, r3
ARM GAS  /var/folders/m4/4md61f0s1_g0rzfghffqnxvr0000gn/T//cctQVE3k.s 			page 5


 229              	.L17:
 230              		.loc 1 268 0 is_stmt 0 discriminator 1
 231 0096 9368     		ldr	r3, [r2, #8]
 232 0098 0649     		ldr	r1, .L31
 233 009a 03F00C03 		and	r3, r3, #12
 234 009e 082B     		cmp	r3, #8
 235 00a0 F9D1     		bne	.L17
 236              		.loc 1 275 0 is_stmt 1
 237 00a2 4B6C     		ldr	r3, [r1, #68]
 238 00a4 43F48043 		orr	r3, r3, #16384
 239 00a8 4B64     		str	r3, [r1, #68]
 240 00aa 4B6E     		ldr	r3, [r1, #100]
 241 00ac 43F48043 		orr	r3, r3, #16384
 242 00b0 4B66     		str	r3, [r1, #100]
 243 00b2 7047     		bx	lr
 244              	.L32:
 245              		.align	2
 246              	.L31:
 247 00b4 00380240 		.word	1073887232
 248 00b8 00700040 		.word	1073770496
 249 00bc 08544007 		.word	121656328
 250 00c0 003C0240 		.word	1073888256
 251 00c4 00948838 		.word	948474880
 252              		.cfi_endproc
 253              	.LFE270:
 254              		.size	stm32_clock_init, .-stm32_clock_init
 255              		.global	SystemCoreClock
 256              		.section	.data.SystemCoreClock,"aw",%progbits
 257              		.align	2
 258              		.type	SystemCoreClock, %object
 259              		.size	SystemCoreClock, 4
 260              	SystemCoreClock:
 261 0000 007A030A 		.word	168000000
 262              		.text
 263              	.Letext0:
 264              		.file 2 "/opt/homebrew-cask/Caskroom/gcc-arm-embedded/5_2-2015q4,20151219/gcc-arm-none-eabi-5_2-20
 265              		.file 3 "/opt/homebrew-cask/Caskroom/gcc-arm-embedded/5_2-2015q4,20151219/gcc-arm-none-eabi-5_2-20
 266              		.file 4 "/opt/homebrew-cask/Caskroom/gcc-arm-embedded/5_2-2015q4,20151219/gcc-arm-none-eabi-5_2-20
 267              		.file 5 "ChibiOS_16.1.4/os/rt/ports/ARMCMx/compilers/GCC/chtypes.h"
 268              		.file 6 "ChibiOS_16.1.4/os/rt/include/chsystypes.h"
 269              		.file 7 "ChibiOS_16.1.4/os/rt/include/chschd.h"
 270              		.file 8 "ChibiOS_16.1.4/os/ext/CMSIS/ST/STM32F4xx/stm32f405xx.h"
 271              		.file 9 "ChibiOS_16.1.4/os/rt/ports/ARMCMx/chcore.h"
 272              		.file 10 "ChibiOS_16.1.4/os/rt/ports/ARMCMx/chcore_v7m.h"
 273              		.file 11 "ChibiOS_16.1.4/os/rt/include/chtm.h"
 274              		.file 12 "ChibiOS_16.1.4/os/rt/include/chsem.h"
 275              		.file 13 "ChibiOS_16.1.4/os/rt/include/chmtx.h"
 276              		.file 14 "ChibiOS_16.1.4/os/ext/CMSIS/include/core_cm4.h"
 277              		.file 15 "ChibiOS_16.1.4/os/hal/ports/STM32/LLD/DMAv2/stm32_dma.h"
 278              		.section	.debug_info,"",%progbits
 279              	.Ldebug_info0:
 280 0000 EA090000 		.4byte	0x9ea
 281 0004 0400     		.2byte	0x4
 282 0006 00000000 		.4byte	.Ldebug_abbrev0
 283 000a 04       		.byte	0x4
 284 000b 01       		.uleb128 0x1
 285 000c 24050000 		.4byte	.LASF142
ARM GAS  /var/folders/m4/4md61f0s1_g0rzfghffqnxvr0000gn/T//cctQVE3k.s 			page 6


 286 0010 0C       		.byte	0xc
 287 0011 F1030000 		.4byte	.LASF143
 288 0015 4F020000 		.4byte	.LASF144
 289 0019 20000000 		.4byte	.Ldebug_ranges0+0x20
 290 001d 00000000 		.4byte	0
 291 0021 00000000 		.4byte	.Ldebug_line0
 292 0025 02       		.uleb128 0x2
 293 0026 04       		.byte	0x4
 294 0027 05       		.byte	0x5
 295 0028 696E7400 		.ascii	"int\000"
 296 002c 03       		.uleb128 0x3
 297 002d 0D000000 		.4byte	.LASF2
 298 0031 02       		.byte	0x2
 299 0032 D8       		.byte	0xd8
 300 0033 37000000 		.4byte	0x37
 301 0037 04       		.uleb128 0x4
 302 0038 04       		.byte	0x4
 303 0039 07       		.byte	0x7
 304 003a C0010000 		.4byte	.LASF0
 305 003e 04       		.uleb128 0x4
 306 003f 01       		.byte	0x1
 307 0040 06       		.byte	0x6
 308 0041 DF000000 		.4byte	.LASF1
 309 0045 03       		.uleb128 0x3
 310 0046 24000000 		.4byte	.LASF3
 311 004a 03       		.byte	0x3
 312 004b 1D       		.byte	0x1d
 313 004c 50000000 		.4byte	0x50
 314 0050 04       		.uleb128 0x4
 315 0051 01       		.byte	0x1
 316 0052 08       		.byte	0x8
 317 0053 45040000 		.4byte	.LASF4
 318 0057 04       		.uleb128 0x4
 319 0058 02       		.byte	0x2
 320 0059 05       		.byte	0x5
 321 005a 5D040000 		.4byte	.LASF5
 322 005e 04       		.uleb128 0x4
 323 005f 02       		.byte	0x2
 324 0060 07       		.byte	0x7
 325 0061 19020000 		.4byte	.LASF6
 326 0065 03       		.uleb128 0x3
 327 0066 D7020000 		.4byte	.LASF7
 328 006a 03       		.byte	0x3
 329 006b 3F       		.byte	0x3f
 330 006c 70000000 		.4byte	0x70
 331 0070 04       		.uleb128 0x4
 332 0071 04       		.byte	0x4
 333 0072 05       		.byte	0x5
 334 0073 3F010000 		.4byte	.LASF8
 335 0077 03       		.uleb128 0x3
 336 0078 61060000 		.4byte	.LASF9
 337 007c 03       		.byte	0x3
 338 007d 41       		.byte	0x41
 339 007e 82000000 		.4byte	0x82
 340 0082 04       		.uleb128 0x4
 341 0083 04       		.byte	0x4
 342 0084 07       		.byte	0x7
ARM GAS  /var/folders/m4/4md61f0s1_g0rzfghffqnxvr0000gn/T//cctQVE3k.s 			page 7


 343 0085 0D050000 		.4byte	.LASF10
 344 0089 04       		.uleb128 0x4
 345 008a 08       		.byte	0x8
 346 008b 05       		.byte	0x5
 347 008c D1000000 		.4byte	.LASF11
 348 0090 03       		.uleb128 0x3
 349 0091 93030000 		.4byte	.LASF12
 350 0095 03       		.byte	0x3
 351 0096 5B       		.byte	0x5b
 352 0097 9B000000 		.4byte	0x9b
 353 009b 04       		.uleb128 0x4
 354 009c 08       		.byte	0x8
 355 009d 07       		.byte	0x7
 356 009e 56000000 		.4byte	.LASF13
 357 00a2 03       		.uleb128 0x3
 358 00a3 EA060000 		.4byte	.LASF14
 359 00a7 04       		.byte	0x4
 360 00a8 14       		.byte	0x14
 361 00a9 45000000 		.4byte	0x45
 362 00ad 03       		.uleb128 0x3
 363 00ae 3D040000 		.4byte	.LASF15
 364 00b2 04       		.byte	0x4
 365 00b3 1F       		.byte	0x1f
 366 00b4 65000000 		.4byte	0x65
 367 00b8 03       		.uleb128 0x3
 368 00b9 DD040000 		.4byte	.LASF16
 369 00bd 04       		.byte	0x4
 370 00be 20       		.byte	0x20
 371 00bf 77000000 		.4byte	0x77
 372 00c3 03       		.uleb128 0x3
 373 00c4 1B000000 		.4byte	.LASF17
 374 00c8 04       		.byte	0x4
 375 00c9 26       		.byte	0x26
 376 00ca 90000000 		.4byte	0x90
 377 00ce 03       		.uleb128 0x3
 378 00cf AA060000 		.4byte	.LASF18
 379 00d3 05       		.byte	0x5
 380 00d4 39       		.byte	0x39
 381 00d5 B8000000 		.4byte	0xb8
 382 00d9 03       		.uleb128 0x3
 383 00da AB020000 		.4byte	.LASF19
 384 00de 05       		.byte	0x5
 385 00df 3C       		.byte	0x3c
 386 00e0 A2000000 		.4byte	0xa2
 387 00e4 03       		.uleb128 0x3
 388 00e5 5B010000 		.4byte	.LASF20
 389 00e9 05       		.byte	0x5
 390 00ea 3D       		.byte	0x3d
 391 00eb A2000000 		.4byte	0xa2
 392 00ef 03       		.uleb128 0x3
 393 00f0 9E030000 		.4byte	.LASF21
 394 00f4 05       		.byte	0x5
 395 00f5 3E       		.byte	0x3e
 396 00f6 A2000000 		.4byte	0xa2
 397 00fa 03       		.uleb128 0x3
 398 00fb 25010000 		.4byte	.LASF22
 399 00ff 05       		.byte	0x5
ARM GAS  /var/folders/m4/4md61f0s1_g0rzfghffqnxvr0000gn/T//cctQVE3k.s 			page 8


 400 0100 3F       		.byte	0x3f
 401 0101 A2000000 		.4byte	0xa2
 402 0105 03       		.uleb128 0x3
 403 0106 E9030000 		.4byte	.LASF23
 404 010a 05       		.byte	0x5
 405 010b 40       		.byte	0x40
 406 010c B8000000 		.4byte	0xb8
 407 0110 03       		.uleb128 0x3
 408 0111 41020000 		.4byte	.LASF24
 409 0115 05       		.byte	0x5
 410 0116 41       		.byte	0x41
 411 0117 AD000000 		.4byte	0xad
 412 011b 03       		.uleb128 0x3
 413 011c CB020000 		.4byte	.LASF25
 414 0120 05       		.byte	0x5
 415 0121 43       		.byte	0x43
 416 0122 B8000000 		.4byte	0xb8
 417 0126 03       		.uleb128 0x3
 418 0127 BA010000 		.4byte	.LASF26
 419 012b 05       		.byte	0x5
 420 012c 45       		.byte	0x45
 421 012d AD000000 		.4byte	0xad
 422 0131 03       		.uleb128 0x3
 423 0132 43060000 		.4byte	.LASF27
 424 0136 06       		.byte	0x6
 425 0137 33       		.byte	0x33
 426 0138 B8000000 		.4byte	0xb8
 427 013c 03       		.uleb128 0x3
 428 013d 33060000 		.4byte	.LASF28
 429 0141 06       		.byte	0x6
 430 0142 3F       		.byte	0x3f
 431 0143 47010000 		.4byte	0x147
 432 0147 05       		.uleb128 0x5
 433 0148 2C020000 		.4byte	.LASF50
 434 014c 48       		.byte	0x48
 435 014d 07       		.byte	0x7
 436 014e C2       		.byte	0xc2
 437 014f 4C020000 		.4byte	0x24c
 438 0153 06       		.uleb128 0x6
 439 0154 48030000 		.4byte	.LASF29
 440 0158 07       		.byte	0x7
 441 0159 C3       		.byte	0xc3
 442 015a 57020000 		.4byte	0x257
 443 015e 00       		.byte	0
 444 015f 06       		.uleb128 0x6
 445 0160 D8030000 		.4byte	.LASF30
 446 0164 07       		.byte	0x7
 447 0165 C5       		.byte	0xc5
 448 0166 57020000 		.4byte	0x257
 449 016a 04       		.byte	0x4
 450 016b 06       		.uleb128 0x6
 451 016c BF000000 		.4byte	.LASF31
 452 0170 07       		.byte	0x7
 453 0171 C7       		.byte	0xc7
 454 0172 05010000 		.4byte	0x105
 455 0176 08       		.byte	0x8
 456 0177 06       		.uleb128 0x6
ARM GAS  /var/folders/m4/4md61f0s1_g0rzfghffqnxvr0000gn/T//cctQVE3k.s 			page 9


 457 0178 23070000 		.4byte	.LASF32
 458 017c 07       		.byte	0x7
 459 017d C8       		.byte	0xc8
 460 017e D5060000 		.4byte	0x6d5
 461 0182 0C       		.byte	0xc
 462 0183 06       		.uleb128 0x6
 463 0184 64010000 		.4byte	.LASF33
 464 0188 07       		.byte	0x7
 465 0189 CA       		.byte	0xca
 466 018a 57020000 		.4byte	0x257
 467 018e 10       		.byte	0x10
 468 018f 06       		.uleb128 0x6
 469 0190 57030000 		.4byte	.LASF34
 470 0194 07       		.byte	0x7
 471 0195 CB       		.byte	0xcb
 472 0196 57020000 		.4byte	0x257
 473 019a 14       		.byte	0x14
 474 019b 06       		.uleb128 0x6
 475 019c F9060000 		.4byte	.LASF35
 476 01a0 07       		.byte	0x7
 477 01a1 D2       		.byte	0xd2
 478 01a2 23090000 		.4byte	0x923
 479 01a6 18       		.byte	0x18
 480 01a7 06       		.uleb128 0x6
 481 01a8 67040000 		.4byte	.LASF36
 482 01ac 07       		.byte	0x7
 483 01ad DD       		.byte	0xdd
 484 01ae E4000000 		.4byte	0xe4
 485 01b2 1C       		.byte	0x1c
 486 01b3 06       		.uleb128 0x6
 487 01b4 91040000 		.4byte	.LASF37
 488 01b8 07       		.byte	0x7
 489 01b9 E1       		.byte	0xe1
 490 01ba D9000000 		.4byte	0xd9
 491 01be 1D       		.byte	0x1d
 492 01bf 06       		.uleb128 0x6
 493 01c0 D8060000 		.4byte	.LASF38
 494 01c4 07       		.byte	0x7
 495 01c5 E6       		.byte	0xe6
 496 01c6 EF000000 		.4byte	0xef
 497 01ca 1E       		.byte	0x1e
 498 01cb 06       		.uleb128 0x6
 499 01cc 6F040000 		.4byte	.LASF39
 500 01d0 07       		.byte	0x7
 501 01d1 EC       		.byte	0xec
 502 01d2 FA000000 		.4byte	0xfa
 503 01d6 1F       		.byte	0x1f
 504 01d7 06       		.uleb128 0x6
 505 01d8 E5010000 		.4byte	.LASF40
 506 01dc 07       		.byte	0x7
 507 01dd F3       		.byte	0xf3
 508 01de 35090000 		.4byte	0x935
 509 01e2 20       		.byte	0x20
 510 01e3 07       		.uleb128 0x7
 511 01e4 705F7500 		.ascii	"p_u\000"
 512 01e8 07       		.byte	0x7
 513 01e9 3101     		.2byte	0x131
ARM GAS  /var/folders/m4/4md61f0s1_g0rzfghffqnxvr0000gn/T//cctQVE3k.s 			page 10


 514 01eb 5E080000 		.4byte	0x85e
 515 01ef 24       		.byte	0x24
 516 01f0 08       		.uleb128 0x8
 517 01f1 0B030000 		.4byte	.LASF41
 518 01f5 07       		.byte	0x7
 519 01f6 3601     		.2byte	0x136
 520 01f8 5D020000 		.4byte	0x25d
 521 01fc 28       		.byte	0x28
 522 01fd 08       		.uleb128 0x8
 523 01fe FC010000 		.4byte	.LASF42
 524 0202 07       		.byte	0x7
 525 0203 3C01     		.2byte	0x13c
 526 0205 81020000 		.4byte	0x281
 527 0209 2C       		.byte	0x2c
 528 020a 08       		.uleb128 0x8
 529 020b 15070000 		.4byte	.LASF43
 530 020f 07       		.byte	0x7
 531 0210 4001     		.2byte	0x140
 532 0212 10010000 		.4byte	0x110
 533 0216 34       		.byte	0x34
 534 0217 08       		.uleb128 0x8
 535 0218 C8040000 		.4byte	.LASF44
 536 021c 07       		.byte	0x7
 537 021d 4601     		.2byte	0x146
 538 021f 1B010000 		.4byte	0x11b
 539 0223 38       		.byte	0x38
 540 0224 08       		.uleb128 0x8
 541 0225 53040000 		.4byte	.LASF45
 542 0229 07       		.byte	0x7
 543 022a 4D01     		.2byte	0x14d
 544 022c 1D090000 		.4byte	0x91d
 545 0230 3C       		.byte	0x3c
 546 0231 08       		.uleb128 0x8
 547 0232 4D060000 		.4byte	.LASF46
 548 0236 07       		.byte	0x7
 549 0237 5101     		.2byte	0x151
 550 0239 05010000 		.4byte	0x105
 551 023d 40       		.byte	0x40
 552 023e 08       		.uleb128 0x8
 553 023f 02010000 		.4byte	.LASF47
 554 0243 07       		.byte	0x7
 555 0244 5801     		.2byte	0x158
 556 0246 34030000 		.4byte	0x334
 557 024a 44       		.byte	0x44
 558 024b 00       		.byte	0
 559 024c 03       		.uleb128 0x3
 560 024d 1E030000 		.4byte	.LASF48
 561 0251 06       		.byte	0x6
 562 0252 44       		.byte	0x44
 563 0253 57020000 		.4byte	0x257
 564 0257 09       		.uleb128 0x9
 565 0258 04       		.byte	0x4
 566 0259 3C010000 		.4byte	0x13c
 567 025d 03       		.uleb128 0x3
 568 025e EC020000 		.4byte	.LASF49
 569 0262 06       		.byte	0x6
 570 0263 49       		.byte	0x49
ARM GAS  /var/folders/m4/4md61f0s1_g0rzfghffqnxvr0000gn/T//cctQVE3k.s 			page 11


 571 0264 68020000 		.4byte	0x268
 572 0268 05       		.uleb128 0x5
 573 0269 F5040000 		.4byte	.LASF51
 574 026d 04       		.byte	0x4
 575 026e 07       		.byte	0x7
 576 026f B0       		.byte	0xb0
 577 0270 81020000 		.4byte	0x281
 578 0274 06       		.uleb128 0x6
 579 0275 48030000 		.4byte	.LASF29
 580 0279 07       		.byte	0x7
 581 027a B1       		.byte	0xb1
 582 027b 57020000 		.4byte	0x257
 583 027f 00       		.byte	0
 584 0280 00       		.byte	0
 585 0281 03       		.uleb128 0x3
 586 0282 BF060000 		.4byte	.LASF52
 587 0286 06       		.byte	0x6
 588 0287 50       		.byte	0x50
 589 0288 8C020000 		.4byte	0x28c
 590 028c 05       		.uleb128 0x5
 591 028d A4000000 		.4byte	.LASF53
 592 0291 08       		.byte	0x8
 593 0292 07       		.byte	0x7
 594 0293 B7       		.byte	0xb7
 595 0294 B1020000 		.4byte	0x2b1
 596 0298 06       		.uleb128 0x6
 597 0299 48030000 		.4byte	.LASF29
 598 029d 07       		.byte	0x7
 599 029e B8       		.byte	0xb8
 600 029f 57020000 		.4byte	0x257
 601 02a3 00       		.byte	0
 602 02a4 06       		.uleb128 0x6
 603 02a5 D8030000 		.4byte	.LASF30
 604 02a9 07       		.byte	0x7
 605 02aa B9       		.byte	0xb9
 606 02ab 57020000 		.4byte	0x257
 607 02af 04       		.byte	0x4
 608 02b0 00       		.byte	0
 609 02b1 03       		.uleb128 0x3
 610 02b2 00000000 		.4byte	.LASF54
 611 02b6 06       		.byte	0x6
 612 02b7 57       		.byte	0x57
 613 02b8 BC020000 		.4byte	0x2bc
 614 02bc 0A       		.uleb128 0xa
 615 02bd BD020000 		.4byte	.LASF55
 616 02c1 1C       		.byte	0x1c
 617 02c2 07       		.byte	0x7
 618 02c3 9001     		.2byte	0x190
 619 02c5 18030000 		.4byte	0x318
 620 02c9 08       		.uleb128 0x8
 621 02ca ED040000 		.4byte	.LASF56
 622 02ce 07       		.byte	0x7
 623 02cf 9101     		.2byte	0x191
 624 02d1 81020000 		.4byte	0x281
 625 02d5 00       		.byte	0
 626 02d6 08       		.uleb128 0x8
 627 02d7 83040000 		.4byte	.LASF57
ARM GAS  /var/folders/m4/4md61f0s1_g0rzfghffqnxvr0000gn/T//cctQVE3k.s 			page 12


 628 02db 07       		.byte	0x7
 629 02dc 9201     		.2byte	0x192
 630 02de 05010000 		.4byte	0x105
 631 02e2 08       		.byte	0x8
 632 02e3 08       		.uleb128 0x8
 633 02e4 5F030000 		.4byte	.LASF58
 634 02e8 07       		.byte	0x7
 635 02e9 9401     		.2byte	0x194
 636 02eb D5060000 		.4byte	0x6d5
 637 02ef 0C       		.byte	0xc
 638 02f0 08       		.uleb128 0x8
 639 02f1 74010000 		.4byte	.LASF59
 640 02f5 07       		.byte	0x7
 641 02f6 9701     		.2byte	0x197
 642 02f8 57020000 		.4byte	0x257
 643 02fc 10       		.byte	0x10
 644 02fd 08       		.uleb128 0x8
 645 02fe 95060000 		.4byte	.LASF60
 646 0302 07       		.byte	0x7
 647 0303 9801     		.2byte	0x198
 648 0305 57020000 		.4byte	0x257
 649 0309 14       		.byte	0x14
 650 030a 08       		.uleb128 0x8
 651 030b 80030000 		.4byte	.LASF61
 652 030f 07       		.byte	0x7
 653 0310 9B01     		.2byte	0x19b
 654 0312 57020000 		.4byte	0x257
 655 0316 18       		.byte	0x18
 656 0317 00       		.byte	0
 657 0318 03       		.uleb128 0x3
 658 0319 58060000 		.4byte	.LASF62
 659 031d 06       		.byte	0x6
 660 031e 5C       		.byte	0x5c
 661 031f 23030000 		.4byte	0x323
 662 0323 09       		.uleb128 0x9
 663 0324 04       		.byte	0x4
 664 0325 29030000 		.4byte	0x329
 665 0329 0B       		.uleb128 0xb
 666 032a 34030000 		.4byte	0x334
 667 032e 0C       		.uleb128 0xc
 668 032f 34030000 		.4byte	0x334
 669 0333 00       		.byte	0
 670 0334 0D       		.uleb128 0xd
 671 0335 04       		.byte	0x4
 672 0336 03       		.uleb128 0x3
 673 0337 FB020000 		.4byte	.LASF63
 674 033b 06       		.byte	0x6
 675 033c 61       		.byte	0x61
 676 033d 41030000 		.4byte	0x341
 677 0341 0A       		.uleb128 0xa
 678 0342 AA040000 		.4byte	.LASF64
 679 0346 14       		.byte	0x14
 680 0347 07       		.byte	0x7
 681 0348 6B01     		.2byte	0x16b
 682 034a 90030000 		.4byte	0x390
 683 034e 08       		.uleb128 0x8
 684 034f CD010000 		.4byte	.LASF65
ARM GAS  /var/folders/m4/4md61f0s1_g0rzfghffqnxvr0000gn/T//cctQVE3k.s 			page 13


 685 0353 07       		.byte	0x7
 686 0354 6C01     		.2byte	0x16c
 687 0356 3A090000 		.4byte	0x93a
 688 035a 00       		.byte	0
 689 035b 08       		.uleb128 0x8
 690 035c 85010000 		.4byte	.LASF66
 691 0360 07       		.byte	0x7
 692 0361 6D01     		.2byte	0x16d
 693 0363 3A090000 		.4byte	0x93a
 694 0367 04       		.byte	0x4
 695 0368 08       		.uleb128 0x8
 696 0369 F3010000 		.4byte	.LASF67
 697 036d 07       		.byte	0x7
 698 036e 6E01     		.2byte	0x16e
 699 0370 31010000 		.4byte	0x131
 700 0374 08       		.byte	0x8
 701 0375 08       		.uleb128 0x8
 702 0376 29070000 		.4byte	.LASF68
 703 037a 07       		.byte	0x7
 704 037b 6F01     		.2byte	0x16f
 705 037d 18030000 		.4byte	0x318
 706 0381 0C       		.byte	0xc
 707 0382 08       		.uleb128 0x8
 708 0383 B2060000 		.4byte	.LASF69
 709 0387 07       		.byte	0x7
 710 0388 7101     		.2byte	0x171
 711 038a 34030000 		.4byte	0x334
 712 038e 10       		.byte	0x10
 713 038f 00       		.byte	0
 714 0390 03       		.uleb128 0x3
 715 0391 81000000 		.4byte	.LASF70
 716 0395 06       		.byte	0x6
 717 0396 66       		.byte	0x66
 718 0397 9B030000 		.4byte	0x39b
 719 039b 0A       		.uleb128 0xa
 720 039c 31030000 		.4byte	.LASF71
 721 03a0 10       		.byte	0x10
 722 03a1 07       		.byte	0x7
 723 03a2 7B01     		.2byte	0x17b
 724 03a4 DD030000 		.4byte	0x3dd
 725 03a8 08       		.uleb128 0x8
 726 03a9 CD010000 		.4byte	.LASF65
 727 03ad 07       		.byte	0x7
 728 03ae 7C01     		.2byte	0x17c
 729 03b0 3A090000 		.4byte	0x93a
 730 03b4 00       		.byte	0
 731 03b5 08       		.uleb128 0x8
 732 03b6 85010000 		.4byte	.LASF66
 733 03ba 07       		.byte	0x7
 734 03bb 7E01     		.2byte	0x17e
 735 03bd 3A090000 		.4byte	0x93a
 736 03c1 04       		.byte	0x4
 737 03c2 08       		.uleb128 0x8
 738 03c3 F3010000 		.4byte	.LASF67
 739 03c7 07       		.byte	0x7
 740 03c8 8001     		.2byte	0x180
 741 03ca 31010000 		.4byte	0x131
ARM GAS  /var/folders/m4/4md61f0s1_g0rzfghffqnxvr0000gn/T//cctQVE3k.s 			page 14


 742 03ce 08       		.byte	0x8
 743 03cf 08       		.uleb128 0x8
 744 03d0 C6000000 		.4byte	.LASF72
 745 03d4 07       		.byte	0x7
 746 03d5 8201     		.2byte	0x182
 747 03d7 35090000 		.4byte	0x935
 748 03db 0C       		.byte	0xc
 749 03dc 00       		.byte	0
 750 03dd 03       		.uleb128 0x3
 751 03de 3A000000 		.4byte	.LASF73
 752 03e2 06       		.byte	0x6
 753 03e3 6B       		.byte	0x6b
 754 03e4 E8030000 		.4byte	0x3e8
 755 03e8 0A       		.uleb128 0xa
 756 03e9 27040000 		.4byte	.LASF74
 757 03ed 04       		.byte	0x4
 758 03ee 07       		.byte	0x7
 759 03ef A201     		.2byte	0x1a2
 760 03f1 03040000 		.4byte	0x403
 761 03f5 08       		.uleb128 0x8
 762 03f6 6C060000 		.4byte	.LASF75
 763 03fa 07       		.byte	0x7
 764 03fb AA01     		.2byte	0x1aa
 765 03fd 40090000 		.4byte	0x940
 766 0401 00       		.byte	0
 767 0402 00       		.byte	0
 768 0403 03       		.uleb128 0x3
 769 0404 9F020000 		.4byte	.LASF76
 770 0408 06       		.byte	0x6
 771 0409 70       		.byte	0x70
 772 040a 0E040000 		.4byte	0x40e
 773 040e 0E       		.uleb128 0xe
 774 040f 35010000 		.4byte	.LASF77
 775 0413 5802     		.2byte	0x258
 776 0415 07       		.byte	0x7
 777 0416 C201     		.2byte	0x1c2
 778 0418 6A040000 		.4byte	0x46a
 779 041c 08       		.uleb128 0x8
 780 041d E4060000 		.4byte	.LASF78
 781 0421 07       		.byte	0x7
 782 0422 C601     		.2byte	0x1c6
 783 0424 B1020000 		.4byte	0x2b1
 784 0428 00       		.byte	0
 785 0429 08       		.uleb128 0x8
 786 042a 12010000 		.4byte	.LASF79
 787 042e 07       		.byte	0x7
 788 042f CA01     		.2byte	0x1ca
 789 0431 90030000 		.4byte	0x390
 790 0435 1C       		.byte	0x1c
 791 0436 07       		.uleb128 0x7
 792 0437 64626700 		.ascii	"dbg\000"
 793 043b 07       		.byte	0x7
 794 043c CE01     		.2byte	0x1ce
 795 043e DD030000 		.4byte	0x3dd
 796 0442 2C       		.byte	0x2c
 797 0443 08       		.uleb128 0x8
 798 0444 76000000 		.4byte	.LASF80
ARM GAS  /var/folders/m4/4md61f0s1_g0rzfghffqnxvr0000gn/T//cctQVE3k.s 			page 15


 799 0448 07       		.byte	0x7
 800 0449 D201     		.2byte	0x1d2
 801 044b 3C010000 		.4byte	0x13c
 802 044f 30       		.byte	0x30
 803 0450 07       		.uleb128 0x7
 804 0451 746D00   		.ascii	"tm\000"
 805 0454 07       		.byte	0x7
 806 0455 D701     		.2byte	0x1d7
 807 0457 53080000 		.4byte	0x853
 808 045b 78       		.byte	0x78
 809 045c 08       		.uleb128 0x8
 810 045d AB010000 		.4byte	.LASF81
 811 0461 07       		.byte	0x7
 812 0462 E301     		.2byte	0x1e3
 813 0464 45090000 		.4byte	0x945
 814 0468 80       		.byte	0x80
 815 0469 00       		.byte	0
 816 046a 04       		.uleb128 0x4
 817 046b 04       		.byte	0x4
 818 046c 07       		.byte	0x7
 819 046d 15030000 		.4byte	.LASF82
 820 0471 0F       		.uleb128 0xf
 821 0472 B8000000 		.4byte	0xb8
 822 0476 10       		.uleb128 0x10
 823 0477 B8000000 		.4byte	0xb8
 824 047b 86040000 		.4byte	0x486
 825 047f 11       		.uleb128 0x11
 826 0480 6A040000 		.4byte	0x46a
 827 0484 01       		.byte	0x1
 828 0485 00       		.byte	0
 829 0486 12       		.uleb128 0x12
 830 0487 1C       		.byte	0x1c
 831 0488 08       		.byte	0x8
 832 0489 7B01     		.2byte	0x17b
 833 048b E9040000 		.4byte	0x4e9
 834 048f 07       		.uleb128 0x7
 835 0490 41435200 		.ascii	"ACR\000"
 836 0494 08       		.byte	0x8
 837 0495 7D01     		.2byte	0x17d
 838 0497 71040000 		.4byte	0x471
 839 049b 00       		.byte	0
 840 049c 08       		.uleb128 0x8
 841 049d 8D010000 		.4byte	.LASF83
 842 04a1 08       		.byte	0x8
 843 04a2 7E01     		.2byte	0x17e
 844 04a4 71040000 		.4byte	0x471
 845 04a8 04       		.byte	0x4
 846 04a9 08       		.uleb128 0x8
 847 04aa 6C010000 		.4byte	.LASF84
 848 04ae 08       		.byte	0x8
 849 04af 7F01     		.2byte	0x17f
 850 04b1 71040000 		.4byte	0x471
 851 04b5 08       		.byte	0x8
 852 04b6 07       		.uleb128 0x7
 853 04b7 535200   		.ascii	"SR\000"
 854 04ba 08       		.byte	0x8
 855 04bb 8001     		.2byte	0x180
ARM GAS  /var/folders/m4/4md61f0s1_g0rzfghffqnxvr0000gn/T//cctQVE3k.s 			page 16


 856 04bd 71040000 		.4byte	0x471
 857 04c1 0C       		.byte	0xc
 858 04c2 07       		.uleb128 0x7
 859 04c3 435200   		.ascii	"CR\000"
 860 04c6 08       		.byte	0x8
 861 04c7 8101     		.2byte	0x181
 862 04c9 71040000 		.4byte	0x471
 863 04cd 10       		.byte	0x10
 864 04ce 08       		.uleb128 0x8
 865 04cf 49000000 		.4byte	.LASF85
 866 04d3 08       		.byte	0x8
 867 04d4 8201     		.2byte	0x182
 868 04d6 71040000 		.4byte	0x471
 869 04da 14       		.byte	0x14
 870 04db 08       		.uleb128 0x8
 871 04dc 4F000000 		.4byte	.LASF86
 872 04e0 08       		.byte	0x8
 873 04e1 8301     		.2byte	0x183
 874 04e3 71040000 		.4byte	0x471
 875 04e7 18       		.byte	0x18
 876 04e8 00       		.byte	0
 877 04e9 13       		.uleb128 0x13
 878 04ea F4000000 		.4byte	.LASF87
 879 04ee 08       		.byte	0x8
 880 04ef 8401     		.2byte	0x184
 881 04f1 86040000 		.4byte	0x486
 882 04f5 12       		.uleb128 0x12
 883 04f6 08       		.byte	0x8
 884 04f7 08       		.byte	0x8
 885 04f8 FD01     		.2byte	0x1fd
 886 04fa 18050000 		.4byte	0x518
 887 04fe 07       		.uleb128 0x7
 888 04ff 435200   		.ascii	"CR\000"
 889 0502 08       		.byte	0x8
 890 0503 FF01     		.2byte	0x1ff
 891 0505 71040000 		.4byte	0x471
 892 0509 00       		.byte	0
 893 050a 07       		.uleb128 0x7
 894 050b 43535200 		.ascii	"CSR\000"
 895 050f 08       		.byte	0x8
 896 0510 0002     		.2byte	0x200
 897 0512 71040000 		.4byte	0x471
 898 0516 04       		.byte	0x4
 899 0517 00       		.byte	0
 900 0518 13       		.uleb128 0x13
 901 0519 19010000 		.4byte	.LASF88
 902 051d 08       		.byte	0x8
 903 051e 0102     		.2byte	0x201
 904 0520 F5040000 		.4byte	0x4f5
 905 0524 12       		.uleb128 0x12
 906 0525 88       		.byte	0x88
 907 0526 08       		.byte	0x8
 908 0527 0702     		.2byte	0x207
 909 0529 B3060000 		.4byte	0x6b3
 910 052d 07       		.uleb128 0x7
 911 052e 435200   		.ascii	"CR\000"
 912 0531 08       		.byte	0x8
ARM GAS  /var/folders/m4/4md61f0s1_g0rzfghffqnxvr0000gn/T//cctQVE3k.s 			page 17


 913 0532 0902     		.2byte	0x209
 914 0534 71040000 		.4byte	0x471
 915 0538 00       		.byte	0
 916 0539 08       		.uleb128 0x8
 917 053a 47020000 		.4byte	.LASF89
 918 053e 08       		.byte	0x8
 919 053f 0A02     		.2byte	0x20a
 920 0541 71040000 		.4byte	0x471
 921 0545 04       		.byte	0x4
 922 0546 08       		.uleb128 0x8
 923 0547 08070000 		.4byte	.LASF90
 924 054b 08       		.byte	0x8
 925 054c 0B02     		.2byte	0x20b
 926 054e 71040000 		.4byte	0x471
 927 0552 08       		.byte	0x8
 928 0553 07       		.uleb128 0x7
 929 0554 43495200 		.ascii	"CIR\000"
 930 0558 08       		.byte	0x8
 931 0559 0C02     		.2byte	0x20c
 932 055b 71040000 		.4byte	0x471
 933 055f 0C       		.byte	0xc
 934 0560 08       		.uleb128 0x8
 935 0561 EB000000 		.4byte	.LASF91
 936 0565 08       		.byte	0x8
 937 0566 0D02     		.2byte	0x20d
 938 0568 71040000 		.4byte	0x471
 939 056c 10       		.byte	0x10
 940 056d 08       		.uleb128 0x8
 941 056e 2A060000 		.4byte	.LASF92
 942 0572 08       		.byte	0x8
 943 0573 0E02     		.2byte	0x20e
 944 0575 71040000 		.4byte	0x471
 945 0579 14       		.byte	0x14
 946 057a 08       		.uleb128 0x8
 947 057b A1040000 		.4byte	.LASF93
 948 057f 08       		.byte	0x8
 949 0580 0F02     		.2byte	0x20f
 950 0582 71040000 		.4byte	0x471
 951 0586 18       		.byte	0x18
 952 0587 08       		.uleb128 0x8
 953 0588 A6030000 		.4byte	.LASF94
 954 058c 08       		.byte	0x8
 955 058d 1002     		.2byte	0x210
 956 058f B8000000 		.4byte	0xb8
 957 0593 1C       		.byte	0x1c
 958 0594 08       		.uleb128 0x8
 959 0595 8A030000 		.4byte	.LASF95
 960 0599 08       		.byte	0x8
 961 059a 1102     		.2byte	0x211
 962 059c 71040000 		.4byte	0x471
 963 05a0 20       		.byte	0x20
 964 05a1 08       		.uleb128 0x8
 965 05a2 48010000 		.4byte	.LASF96
 966 05a6 08       		.byte	0x8
 967 05a7 1202     		.2byte	0x212
 968 05a9 71040000 		.4byte	0x471
 969 05ad 24       		.byte	0x24
ARM GAS  /var/folders/m4/4md61f0s1_g0rzfghffqnxvr0000gn/T//cctQVE3k.s 			page 18


 970 05ae 08       		.uleb128 0x8
 971 05af B0030000 		.4byte	.LASF97
 972 05b3 08       		.byte	0x8
 973 05b4 1302     		.2byte	0x213
 974 05b6 76040000 		.4byte	0x476
 975 05ba 28       		.byte	0x28
 976 05bb 08       		.uleb128 0x8
 977 05bc 00070000 		.4byte	.LASF98
 978 05c0 08       		.byte	0x8
 979 05c1 1402     		.2byte	0x214
 980 05c3 71040000 		.4byte	0x471
 981 05c7 30       		.byte	0x30
 982 05c8 08       		.uleb128 0x8
 983 05c9 85060000 		.4byte	.LASF99
 984 05cd 08       		.byte	0x8
 985 05ce 1502     		.2byte	0x215
 986 05d0 71040000 		.4byte	0x471
 987 05d4 34       		.byte	0x34
 988 05d5 08       		.uleb128 0x8
 989 05d6 4F030000 		.4byte	.LASF100
 990 05da 08       		.byte	0x8
 991 05db 1602     		.2byte	0x216
 992 05dd 71040000 		.4byte	0x471
 993 05e1 38       		.byte	0x38
 994 05e2 08       		.uleb128 0x8
 995 05e3 BA030000 		.4byte	.LASF101
 996 05e7 08       		.byte	0x8
 997 05e8 1702     		.2byte	0x217
 998 05ea B8000000 		.4byte	0xb8
 999 05ee 3C       		.byte	0x3c
 1000 05ef 08       		.uleb128 0x8
 1001 05f0 7D060000 		.4byte	.LASF102
 1002 05f4 08       		.byte	0x8
 1003 05f5 1802     		.2byte	0x218
 1004 05f7 71040000 		.4byte	0x471
 1005 05fb 40       		.byte	0x40
 1006 05fc 08       		.uleb128 0x8
 1007 05fd 99040000 		.4byte	.LASF103
 1008 0601 08       		.byte	0x8
 1009 0602 1902     		.2byte	0x219
 1010 0604 71040000 		.4byte	0x471
 1011 0608 44       		.byte	0x44
 1012 0609 08       		.uleb128 0x8
 1013 060a C4030000 		.4byte	.LASF104
 1014 060e 08       		.byte	0x8
 1015 060f 1A02     		.2byte	0x21a
 1016 0611 76040000 		.4byte	0x476
 1017 0615 48       		.byte	0x48
 1018 0616 08       		.uleb128 0x8
 1019 0617 B5000000 		.4byte	.LASF105
 1020 061b 08       		.byte	0x8
 1021 061c 1B02     		.2byte	0x21b
 1022 061e 71040000 		.4byte	0x471
 1023 0622 50       		.byte	0x50
 1024 0623 08       		.uleb128 0x8
 1025 0624 65030000 		.4byte	.LASF106
 1026 0628 08       		.byte	0x8
ARM GAS  /var/folders/m4/4md61f0s1_g0rzfghffqnxvr0000gn/T//cctQVE3k.s 			page 19


 1027 0629 1C02     		.2byte	0x21c
 1028 062b 71040000 		.4byte	0x471
 1029 062f 54       		.byte	0x54
 1030 0630 08       		.uleb128 0x8
 1031 0631 79040000 		.4byte	.LASF107
 1032 0635 08       		.byte	0x8
 1033 0636 1D02     		.2byte	0x21d
 1034 0638 71040000 		.4byte	0x471
 1035 063c 58       		.byte	0x58
 1036 063d 08       		.uleb128 0x8
 1037 063e CE030000 		.4byte	.LASF108
 1038 0642 08       		.byte	0x8
 1039 0643 1E02     		.2byte	0x21e
 1040 0645 B8000000 		.4byte	0xb8
 1041 0649 5C       		.byte	0x5c
 1042 064a 08       		.uleb128 0x8
 1043 064b 51010000 		.4byte	.LASF109
 1044 064f 08       		.byte	0x8
 1045 0650 1F02     		.2byte	0x21f
 1046 0652 71040000 		.4byte	0x471
 1047 0656 60       		.byte	0x60
 1048 0657 08       		.uleb128 0x8
 1049 0658 B3020000 		.4byte	.LASF110
 1050 065c 08       		.byte	0x8
 1051 065d 2002     		.2byte	0x220
 1052 065f 71040000 		.4byte	0x471
 1053 0663 64       		.byte	0x64
 1054 0664 08       		.uleb128 0x8
 1055 0665 D3040000 		.4byte	.LASF111
 1056 0669 08       		.byte	0x8
 1057 066a 2102     		.2byte	0x221
 1058 066c 76040000 		.4byte	0x476
 1059 0670 68       		.byte	0x68
 1060 0671 08       		.uleb128 0x8
 1061 0672 DF060000 		.4byte	.LASF112
 1062 0676 08       		.byte	0x8
 1063 0677 2202     		.2byte	0x222
 1064 0679 71040000 		.4byte	0x471
 1065 067d 70       		.byte	0x70
 1066 067e 07       		.uleb128 0x7
 1067 067f 43535200 		.ascii	"CSR\000"
 1068 0683 08       		.byte	0x8
 1069 0684 2302     		.2byte	0x223
 1070 0686 71040000 		.4byte	0x471
 1071 068a 74       		.byte	0x74
 1072 068b 08       		.uleb128 0x8
 1073 068c DF030000 		.4byte	.LASF113
 1074 0690 08       		.byte	0x8
 1075 0691 2402     		.2byte	0x224
 1076 0693 76040000 		.4byte	0x476
 1077 0697 78       		.byte	0x78
 1078 0698 08       		.uleb128 0x8
 1079 0699 B9060000 		.4byte	.LASF114
 1080 069d 08       		.byte	0x8
 1081 069e 2502     		.2byte	0x225
 1082 06a0 71040000 		.4byte	0x471
 1083 06a4 80       		.byte	0x80
ARM GAS  /var/folders/m4/4md61f0s1_g0rzfghffqnxvr0000gn/T//cctQVE3k.s 			page 20


 1084 06a5 08       		.uleb128 0x8
 1085 06a6 36020000 		.4byte	.LASF115
 1086 06aa 08       		.byte	0x8
 1087 06ab 2602     		.2byte	0x226
 1088 06ad 71040000 		.4byte	0x471
 1089 06b1 84       		.byte	0x84
 1090 06b2 00       		.byte	0
 1091 06b3 13       		.uleb128 0x13
 1092 06b4 07020000 		.4byte	.LASF116
 1093 06b8 08       		.byte	0x8
 1094 06b9 2802     		.2byte	0x228
 1095 06bb 24050000 		.4byte	0x524
 1096 06bf 03       		.uleb128 0x3
 1097 06c0 7C010000 		.4byte	.LASF117
 1098 06c4 09       		.byte	0x9
 1099 06c5 65       		.byte	0x65
 1100 06c6 34030000 		.4byte	0x334
 1101 06ca 03       		.uleb128 0x3
 1102 06cb E1020000 		.4byte	.LASF118
 1103 06cf 09       		.byte	0x9
 1104 06d0 6D       		.byte	0x6d
 1105 06d1 C3000000 		.4byte	0xc3
 1106 06d5 05       		.uleb128 0x5
 1107 06d6 8D060000 		.4byte	.LASF119
 1108 06da 04       		.byte	0x4
 1109 06db 09       		.byte	0x9
 1110 06dc 89       		.byte	0x89
 1111 06dd EE060000 		.4byte	0x6ee
 1112 06e1 14       		.uleb128 0x14
 1113 06e2 72313300 		.ascii	"r13\000"
 1114 06e6 09       		.byte	0x9
 1115 06e7 8A       		.byte	0x8a
 1116 06e8 38080000 		.4byte	0x838
 1117 06ec 00       		.byte	0
 1118 06ed 00       		.byte	0
 1119 06ee 05       		.uleb128 0x5
 1120 06ef 2E000000 		.4byte	.LASF120
 1121 06f3 64       		.byte	0x64
 1122 06f4 0A       		.byte	0xa
 1123 06f5 FD       		.byte	0xfd
 1124 06f6 38080000 		.4byte	0x838
 1125 06fa 14       		.uleb128 0x14
 1126 06fb 73313600 		.ascii	"s16\000"
 1127 06ff 0A       		.byte	0xa
 1128 0700 FF       		.byte	0xff
 1129 0701 BF060000 		.4byte	0x6bf
 1130 0705 00       		.byte	0
 1131 0706 07       		.uleb128 0x7
 1132 0707 73313700 		.ascii	"s17\000"
 1133 070b 0A       		.byte	0xa
 1134 070c 0001     		.2byte	0x100
 1135 070e BF060000 		.4byte	0x6bf
 1136 0712 04       		.byte	0x4
 1137 0713 07       		.uleb128 0x7
 1138 0714 73313800 		.ascii	"s18\000"
 1139 0718 0A       		.byte	0xa
 1140 0719 0101     		.2byte	0x101
ARM GAS  /var/folders/m4/4md61f0s1_g0rzfghffqnxvr0000gn/T//cctQVE3k.s 			page 21


 1141 071b BF060000 		.4byte	0x6bf
 1142 071f 08       		.byte	0x8
 1143 0720 07       		.uleb128 0x7
 1144 0721 73313900 		.ascii	"s19\000"
 1145 0725 0A       		.byte	0xa
 1146 0726 0201     		.2byte	0x102
 1147 0728 BF060000 		.4byte	0x6bf
 1148 072c 0C       		.byte	0xc
 1149 072d 07       		.uleb128 0x7
 1150 072e 73323000 		.ascii	"s20\000"
 1151 0732 0A       		.byte	0xa
 1152 0733 0301     		.2byte	0x103
 1153 0735 BF060000 		.4byte	0x6bf
 1154 0739 10       		.byte	0x10
 1155 073a 07       		.uleb128 0x7
 1156 073b 73323100 		.ascii	"s21\000"
 1157 073f 0A       		.byte	0xa
 1158 0740 0401     		.2byte	0x104
 1159 0742 BF060000 		.4byte	0x6bf
 1160 0746 14       		.byte	0x14
 1161 0747 07       		.uleb128 0x7
 1162 0748 73323200 		.ascii	"s22\000"
 1163 074c 0A       		.byte	0xa
 1164 074d 0501     		.2byte	0x105
 1165 074f BF060000 		.4byte	0x6bf
 1166 0753 18       		.byte	0x18
 1167 0754 07       		.uleb128 0x7
 1168 0755 73323300 		.ascii	"s23\000"
 1169 0759 0A       		.byte	0xa
 1170 075a 0601     		.2byte	0x106
 1171 075c BF060000 		.4byte	0x6bf
 1172 0760 1C       		.byte	0x1c
 1173 0761 07       		.uleb128 0x7
 1174 0762 73323400 		.ascii	"s24\000"
 1175 0766 0A       		.byte	0xa
 1176 0767 0701     		.2byte	0x107
 1177 0769 BF060000 		.4byte	0x6bf
 1178 076d 20       		.byte	0x20
 1179 076e 07       		.uleb128 0x7
 1180 076f 73323500 		.ascii	"s25\000"
 1181 0773 0A       		.byte	0xa
 1182 0774 0801     		.2byte	0x108
 1183 0776 BF060000 		.4byte	0x6bf
 1184 077a 24       		.byte	0x24
 1185 077b 07       		.uleb128 0x7
 1186 077c 73323600 		.ascii	"s26\000"
 1187 0780 0A       		.byte	0xa
 1188 0781 0901     		.2byte	0x109
 1189 0783 BF060000 		.4byte	0x6bf
 1190 0787 28       		.byte	0x28
 1191 0788 07       		.uleb128 0x7
 1192 0789 73323700 		.ascii	"s27\000"
 1193 078d 0A       		.byte	0xa
 1194 078e 0A01     		.2byte	0x10a
 1195 0790 BF060000 		.4byte	0x6bf
 1196 0794 2C       		.byte	0x2c
 1197 0795 07       		.uleb128 0x7
ARM GAS  /var/folders/m4/4md61f0s1_g0rzfghffqnxvr0000gn/T//cctQVE3k.s 			page 22


 1198 0796 73323800 		.ascii	"s28\000"
 1199 079a 0A       		.byte	0xa
 1200 079b 0B01     		.2byte	0x10b
 1201 079d BF060000 		.4byte	0x6bf
 1202 07a1 30       		.byte	0x30
 1203 07a2 07       		.uleb128 0x7
 1204 07a3 73323900 		.ascii	"s29\000"
 1205 07a7 0A       		.byte	0xa
 1206 07a8 0C01     		.2byte	0x10c
 1207 07aa BF060000 		.4byte	0x6bf
 1208 07ae 34       		.byte	0x34
 1209 07af 07       		.uleb128 0x7
 1210 07b0 73333000 		.ascii	"s30\000"
 1211 07b4 0A       		.byte	0xa
 1212 07b5 0D01     		.2byte	0x10d
 1213 07b7 BF060000 		.4byte	0x6bf
 1214 07bb 38       		.byte	0x38
 1215 07bc 07       		.uleb128 0x7
 1216 07bd 73333100 		.ascii	"s31\000"
 1217 07c1 0A       		.byte	0xa
 1218 07c2 0E01     		.2byte	0x10e
 1219 07c4 BF060000 		.4byte	0x6bf
 1220 07c8 3C       		.byte	0x3c
 1221 07c9 07       		.uleb128 0x7
 1222 07ca 723400   		.ascii	"r4\000"
 1223 07cd 0A       		.byte	0xa
 1224 07ce 1001     		.2byte	0x110
 1225 07d0 BF060000 		.4byte	0x6bf
 1226 07d4 40       		.byte	0x40
 1227 07d5 07       		.uleb128 0x7
 1228 07d6 723500   		.ascii	"r5\000"
 1229 07d9 0A       		.byte	0xa
 1230 07da 1101     		.2byte	0x111
 1231 07dc BF060000 		.4byte	0x6bf
 1232 07e0 44       		.byte	0x44
 1233 07e1 07       		.uleb128 0x7
 1234 07e2 723600   		.ascii	"r6\000"
 1235 07e5 0A       		.byte	0xa
 1236 07e6 1201     		.2byte	0x112
 1237 07e8 BF060000 		.4byte	0x6bf
 1238 07ec 48       		.byte	0x48
 1239 07ed 07       		.uleb128 0x7
 1240 07ee 723700   		.ascii	"r7\000"
 1241 07f1 0A       		.byte	0xa
 1242 07f2 1301     		.2byte	0x113
 1243 07f4 BF060000 		.4byte	0x6bf
 1244 07f8 4C       		.byte	0x4c
 1245 07f9 07       		.uleb128 0x7
 1246 07fa 723800   		.ascii	"r8\000"
 1247 07fd 0A       		.byte	0xa
 1248 07fe 1401     		.2byte	0x114
 1249 0800 BF060000 		.4byte	0x6bf
 1250 0804 50       		.byte	0x50
 1251 0805 07       		.uleb128 0x7
 1252 0806 723900   		.ascii	"r9\000"
 1253 0809 0A       		.byte	0xa
 1254 080a 1501     		.2byte	0x115
ARM GAS  /var/folders/m4/4md61f0s1_g0rzfghffqnxvr0000gn/T//cctQVE3k.s 			page 23


 1255 080c BF060000 		.4byte	0x6bf
 1256 0810 54       		.byte	0x54
 1257 0811 07       		.uleb128 0x7
 1258 0812 72313000 		.ascii	"r10\000"
 1259 0816 0A       		.byte	0xa
 1260 0817 1601     		.2byte	0x116
 1261 0819 BF060000 		.4byte	0x6bf
 1262 081d 58       		.byte	0x58
 1263 081e 07       		.uleb128 0x7
 1264 081f 72313100 		.ascii	"r11\000"
 1265 0823 0A       		.byte	0xa
 1266 0824 1701     		.2byte	0x117
 1267 0826 BF060000 		.4byte	0x6bf
 1268 082a 5C       		.byte	0x5c
 1269 082b 07       		.uleb128 0x7
 1270 082c 6C7200   		.ascii	"lr\000"
 1271 082f 0A       		.byte	0xa
 1272 0830 1801     		.2byte	0x118
 1273 0832 BF060000 		.4byte	0x6bf
 1274 0836 60       		.byte	0x60
 1275 0837 00       		.byte	0
 1276 0838 09       		.uleb128 0x9
 1277 0839 04       		.byte	0x4
 1278 083a EE060000 		.4byte	0x6ee
 1279 083e 15       		.uleb128 0x15
 1280 083f 04       		.byte	0x4
 1281 0840 0B       		.byte	0xb
 1282 0841 38       		.byte	0x38
 1283 0842 53080000 		.4byte	0x853
 1284 0846 06       		.uleb128 0x6
 1285 0847 76060000 		.4byte	.LASF121
 1286 084b 0B       		.byte	0xb
 1287 084c 3C       		.byte	0x3c
 1288 084d CE000000 		.4byte	0xce
 1289 0851 00       		.byte	0
 1290 0852 00       		.byte	0
 1291 0853 03       		.uleb128 0x3
 1292 0854 6F030000 		.4byte	.LASF122
 1293 0858 0B       		.byte	0xb
 1294 0859 3D       		.byte	0x3d
 1295 085a 3E080000 		.4byte	0x83e
 1296 085e 16       		.uleb128 0x16
 1297 085f 04       		.byte	0x4
 1298 0860 07       		.byte	0x7
 1299 0861 FA       		.byte	0xfa
 1300 0862 BB080000 		.4byte	0x8bb
 1301 0866 17       		.uleb128 0x17
 1302 0867 14000000 		.4byte	.LASF123
 1303 086b 07       		.byte	0x7
 1304 086c 0101     		.2byte	0x101
 1305 086e 10010000 		.4byte	0x110
 1306 0872 17       		.uleb128 0x17
 1307 0873 6D000000 		.4byte	.LASF124
 1308 0877 07       		.byte	0x7
 1309 0878 0801     		.2byte	0x108
 1310 087a 10010000 		.4byte	0x110
 1311 087e 17       		.uleb128 0x17
ARM GAS  /var/folders/m4/4md61f0s1_g0rzfghffqnxvr0000gn/T//cctQVE3k.s 			page 24


 1312 087f F2060000 		.4byte	.LASF125
 1313 0883 07       		.byte	0x7
 1314 0884 0F01     		.2byte	0x10f
 1315 0886 34030000 		.4byte	0x334
 1316 088a 17       		.uleb128 0x17
 1317 088b 2F010000 		.4byte	.LASF126
 1318 088f 07       		.byte	0x7
 1319 0890 1601     		.2byte	0x116
 1320 0892 BB080000 		.4byte	0x8bb
 1321 0896 17       		.uleb128 0x17
 1322 0897 EC010000 		.4byte	.LASF127
 1323 089b 07       		.byte	0x7
 1324 089c 1E01     		.2byte	0x11e
 1325 089e E6080000 		.4byte	0x8e6
 1326 08a2 17       		.uleb128 0x17
 1327 08a3 E6040000 		.4byte	.LASF128
 1328 08a7 07       		.byte	0x7
 1329 08a8 2701     		.2byte	0x127
 1330 08aa 1D090000 		.4byte	0x91d
 1331 08ae 17       		.uleb128 0x17
 1332 08af 8A040000 		.4byte	.LASF129
 1333 08b3 07       		.byte	0x7
 1334 08b4 2F01     		.2byte	0x12f
 1335 08b6 1B010000 		.4byte	0x11b
 1336 08ba 00       		.byte	0
 1337 08bb 09       		.uleb128 0x9
 1338 08bc 04       		.byte	0x4
 1339 08bd 4C020000 		.4byte	0x24c
 1340 08c1 05       		.uleb128 0x5
 1341 08c2 BB040000 		.4byte	.LASF130
 1342 08c6 0C       		.byte	0xc
 1343 08c7 0C       		.byte	0xc
 1344 08c8 34       		.byte	0x34
 1345 08c9 E6080000 		.4byte	0x8e6
 1346 08cd 06       		.uleb128 0x6
 1347 08ce 0D070000 		.4byte	.LASF131
 1348 08d2 0C       		.byte	0xc
 1349 08d3 35       		.byte	0x35
 1350 08d4 81020000 		.4byte	0x281
 1351 08d8 00       		.byte	0
 1352 08d9 06       		.uleb128 0x6
 1353 08da 13020000 		.4byte	.LASF132
 1354 08de 0C       		.byte	0xc
 1355 08df 37       		.byte	0x37
 1356 08e0 26010000 		.4byte	0x126
 1357 08e4 08       		.byte	0x8
 1358 08e5 00       		.byte	0
 1359 08e6 09       		.uleb128 0x9
 1360 08e7 04       		.byte	0x4
 1361 08e8 C1080000 		.4byte	0x8c1
 1362 08ec 05       		.uleb128 0x5
 1363 08ed CF060000 		.4byte	.LASF133
 1364 08f1 10       		.byte	0x10
 1365 08f2 0D       		.byte	0xd
 1366 08f3 39       		.byte	0x39
 1367 08f4 1D090000 		.4byte	0x91d
 1368 08f8 06       		.uleb128 0x6
ARM GAS  /var/folders/m4/4md61f0s1_g0rzfghffqnxvr0000gn/T//cctQVE3k.s 			page 25


 1369 08f9 0A010000 		.4byte	.LASF134
 1370 08fd 0D       		.byte	0xd
 1371 08fe 3A       		.byte	0x3a
 1372 08ff 81020000 		.4byte	0x281
 1373 0903 00       		.byte	0
 1374 0904 06       		.uleb128 0x6
 1375 0905 1B070000 		.4byte	.LASF135
 1376 0909 0D       		.byte	0xd
 1377 090a 3C       		.byte	0x3c
 1378 090b 57020000 		.4byte	0x257
 1379 090f 08       		.byte	0x8
 1380 0910 06       		.uleb128 0x6
 1381 0911 3C060000 		.4byte	.LASF136
 1382 0915 0D       		.byte	0xd
 1383 0916 3E       		.byte	0x3e
 1384 0917 60090000 		.4byte	0x960
 1385 091b 0C       		.byte	0xc
 1386 091c 00       		.byte	0
 1387 091d 09       		.uleb128 0x9
 1388 091e 04       		.byte	0x4
 1389 091f EC080000 		.4byte	0x8ec
 1390 0923 09       		.uleb128 0x9
 1391 0924 04       		.byte	0x4
 1392 0925 30090000 		.4byte	0x930
 1393 0929 04       		.uleb128 0x4
 1394 092a 01       		.byte	0x1
 1395 092b 08       		.byte	0x8
 1396 092c 1F050000 		.4byte	.LASF137
 1397 0930 18       		.uleb128 0x18
 1398 0931 29090000 		.4byte	0x929
 1399 0935 0F       		.uleb128 0xf
 1400 0936 31010000 		.4byte	0x131
 1401 093a 09       		.uleb128 0x9
 1402 093b 04       		.byte	0x4
 1403 093c 36030000 		.4byte	0x336
 1404 0940 0F       		.uleb128 0xf
 1405 0941 23090000 		.4byte	0x923
 1406 0945 10       		.uleb128 0x10
 1407 0946 CA060000 		.4byte	0x6ca
 1408 094a 55090000 		.4byte	0x955
 1409 094e 11       		.uleb128 0x11
 1410 094f 6A040000 		.4byte	0x46a
 1411 0953 3A       		.byte	0x3a
 1412 0954 00       		.byte	0
 1413 0955 03       		.uleb128 0x3
 1414 0956 A3010000 		.4byte	.LASF138
 1415 095a 0D       		.byte	0xd
 1416 095b 34       		.byte	0x34
 1417 095c EC080000 		.4byte	0x8ec
 1418 0960 09       		.uleb128 0x9
 1419 0961 04       		.byte	0x4
 1420 0962 55090000 		.4byte	0x955
 1421 0966 04       		.uleb128 0x4
 1422 0967 01       		.byte	0x1
 1423 0968 02       		.byte	0x2
 1424 0969 37040000 		.4byte	.LASF139
 1425 096d 19       		.uleb128 0x19
ARM GAS  /var/folders/m4/4md61f0s1_g0rzfghffqnxvr0000gn/T//cctQVE3k.s 			page 26


 1426 096e 84020000 		.4byte	.LASF145
 1427 0972 01       		.byte	0x1
 1428 0973 36       		.byte	0x36
 1429 0974 01       		.byte	0x1
 1430 0975 1A       		.uleb128 0x1a
 1431 0976 9D060000 		.4byte	.LASF146
 1432 097a 01       		.byte	0x1
 1433 097b 72       		.byte	0x72
 1434 097c 00000000 		.4byte	.LFB269
 1435 0980 68000000 		.4byte	.LFE269-.LFB269
 1436 0984 01       		.uleb128 0x1
 1437 0985 9C       		.byte	0x9c
 1438 0986 A3090000 		.4byte	0x9a3
 1439 098a 1B       		.uleb128 0x1b
 1440 098b 6D090000 		.4byte	0x96d
 1441 098f 18000000 		.4byte	.LBB4
 1442 0993 00000000 		.4byte	.Ldebug_ranges0+0
 1443 0997 01       		.byte	0x1
 1444 0998 7F       		.byte	0x7f
 1445 0999 1C       		.uleb128 0x1c
 1446 099a 5E000000 		.4byte	.LVL0
 1447 099e E1090000 		.4byte	0x9e1
 1448 09a2 00       		.byte	0
 1449 09a3 1D       		.uleb128 0x1d
 1450 09a4 92010000 		.4byte	.LASF147
 1451 09a8 01       		.byte	0x1
 1452 09a9 92       		.byte	0x92
 1453 09aa 00000000 		.4byte	.LFB270
 1454 09ae C8000000 		.4byte	.LFE270-.LFB270
 1455 09b2 01       		.uleb128 0x1
 1456 09b3 9C       		.byte	0x9c
 1457 09b4 1E       		.uleb128 0x1e
 1458 09b5 97000000 		.4byte	.LASF140
 1459 09b9 0E       		.byte	0xe
 1460 09ba FA06     		.2byte	0x6fa
 1461 09bc C0090000 		.4byte	0x9c0
 1462 09c0 0F       		.uleb128 0xf
 1463 09c1 AD000000 		.4byte	0xad
 1464 09c5 1F       		.uleb128 0x1f
 1465 09c6 D5010000 		.4byte	.LASF141
 1466 09ca 01       		.byte	0x1
 1467 09cb 27       		.byte	0x27
 1468 09cc B8000000 		.4byte	0xb8
 1469 09d0 05       		.uleb128 0x5
 1470 09d1 03       		.byte	0x3
 1471 09d2 00000000 		.4byte	SystemCoreClock
 1472 09d6 20       		.uleb128 0x20
 1473 09d7 636800   		.ascii	"ch\000"
 1474 09da 07       		.byte	0x7
 1475 09db 0902     		.2byte	0x209
 1476 09dd 03040000 		.4byte	0x403
 1477 09e1 21       		.uleb128 0x21
 1478 09e2 05050000 		.4byte	.LASF148
 1479 09e6 05050000 		.4byte	.LASF148
 1480 09ea 0F       		.byte	0xf
 1481 09eb 9802     		.2byte	0x298
 1482 09ed 00       		.byte	0
ARM GAS  /var/folders/m4/4md61f0s1_g0rzfghffqnxvr0000gn/T//cctQVE3k.s 			page 27


 1483              		.section	.debug_abbrev,"",%progbits
 1484              	.Ldebug_abbrev0:
 1485 0000 01       		.uleb128 0x1
 1486 0001 11       		.uleb128 0x11
 1487 0002 01       		.byte	0x1
 1488 0003 25       		.uleb128 0x25
 1489 0004 0E       		.uleb128 0xe
 1490 0005 13       		.uleb128 0x13
 1491 0006 0B       		.uleb128 0xb
 1492 0007 03       		.uleb128 0x3
 1493 0008 0E       		.uleb128 0xe
 1494 0009 1B       		.uleb128 0x1b
 1495 000a 0E       		.uleb128 0xe
 1496 000b 55       		.uleb128 0x55
 1497 000c 17       		.uleb128 0x17
 1498 000d 11       		.uleb128 0x11
 1499 000e 01       		.uleb128 0x1
 1500 000f 10       		.uleb128 0x10
 1501 0010 17       		.uleb128 0x17
 1502 0011 00       		.byte	0
 1503 0012 00       		.byte	0
 1504 0013 02       		.uleb128 0x2
 1505 0014 24       		.uleb128 0x24
 1506 0015 00       		.byte	0
 1507 0016 0B       		.uleb128 0xb
 1508 0017 0B       		.uleb128 0xb
 1509 0018 3E       		.uleb128 0x3e
 1510 0019 0B       		.uleb128 0xb
 1511 001a 03       		.uleb128 0x3
 1512 001b 08       		.uleb128 0x8
 1513 001c 00       		.byte	0
 1514 001d 00       		.byte	0
 1515 001e 03       		.uleb128 0x3
 1516 001f 16       		.uleb128 0x16
 1517 0020 00       		.byte	0
 1518 0021 03       		.uleb128 0x3
 1519 0022 0E       		.uleb128 0xe
 1520 0023 3A       		.uleb128 0x3a
 1521 0024 0B       		.uleb128 0xb
 1522 0025 3B       		.uleb128 0x3b
 1523 0026 0B       		.uleb128 0xb
 1524 0027 49       		.uleb128 0x49
 1525 0028 13       		.uleb128 0x13
 1526 0029 00       		.byte	0
 1527 002a 00       		.byte	0
 1528 002b 04       		.uleb128 0x4
 1529 002c 24       		.uleb128 0x24
 1530 002d 00       		.byte	0
 1531 002e 0B       		.uleb128 0xb
 1532 002f 0B       		.uleb128 0xb
 1533 0030 3E       		.uleb128 0x3e
 1534 0031 0B       		.uleb128 0xb
 1535 0032 03       		.uleb128 0x3
 1536 0033 0E       		.uleb128 0xe
 1537 0034 00       		.byte	0
 1538 0035 00       		.byte	0
 1539 0036 05       		.uleb128 0x5
ARM GAS  /var/folders/m4/4md61f0s1_g0rzfghffqnxvr0000gn/T//cctQVE3k.s 			page 28


 1540 0037 13       		.uleb128 0x13
 1541 0038 01       		.byte	0x1
 1542 0039 03       		.uleb128 0x3
 1543 003a 0E       		.uleb128 0xe
 1544 003b 0B       		.uleb128 0xb
 1545 003c 0B       		.uleb128 0xb
 1546 003d 3A       		.uleb128 0x3a
 1547 003e 0B       		.uleb128 0xb
 1548 003f 3B       		.uleb128 0x3b
 1549 0040 0B       		.uleb128 0xb
 1550 0041 01       		.uleb128 0x1
 1551 0042 13       		.uleb128 0x13
 1552 0043 00       		.byte	0
 1553 0044 00       		.byte	0
 1554 0045 06       		.uleb128 0x6
 1555 0046 0D       		.uleb128 0xd
 1556 0047 00       		.byte	0
 1557 0048 03       		.uleb128 0x3
 1558 0049 0E       		.uleb128 0xe
 1559 004a 3A       		.uleb128 0x3a
 1560 004b 0B       		.uleb128 0xb
 1561 004c 3B       		.uleb128 0x3b
 1562 004d 0B       		.uleb128 0xb
 1563 004e 49       		.uleb128 0x49
 1564 004f 13       		.uleb128 0x13
 1565 0050 38       		.uleb128 0x38
 1566 0051 0B       		.uleb128 0xb
 1567 0052 00       		.byte	0
 1568 0053 00       		.byte	0
 1569 0054 07       		.uleb128 0x7
 1570 0055 0D       		.uleb128 0xd
 1571 0056 00       		.byte	0
 1572 0057 03       		.uleb128 0x3
 1573 0058 08       		.uleb128 0x8
 1574 0059 3A       		.uleb128 0x3a
 1575 005a 0B       		.uleb128 0xb
 1576 005b 3B       		.uleb128 0x3b
 1577 005c 05       		.uleb128 0x5
 1578 005d 49       		.uleb128 0x49
 1579 005e 13       		.uleb128 0x13
 1580 005f 38       		.uleb128 0x38
 1581 0060 0B       		.uleb128 0xb
 1582 0061 00       		.byte	0
 1583 0062 00       		.byte	0
 1584 0063 08       		.uleb128 0x8
 1585 0064 0D       		.uleb128 0xd
 1586 0065 00       		.byte	0
 1587 0066 03       		.uleb128 0x3
 1588 0067 0E       		.uleb128 0xe
 1589 0068 3A       		.uleb128 0x3a
 1590 0069 0B       		.uleb128 0xb
 1591 006a 3B       		.uleb128 0x3b
 1592 006b 05       		.uleb128 0x5
 1593 006c 49       		.uleb128 0x49
 1594 006d 13       		.uleb128 0x13
 1595 006e 38       		.uleb128 0x38
 1596 006f 0B       		.uleb128 0xb
ARM GAS  /var/folders/m4/4md61f0s1_g0rzfghffqnxvr0000gn/T//cctQVE3k.s 			page 29


 1597 0070 00       		.byte	0
 1598 0071 00       		.byte	0
 1599 0072 09       		.uleb128 0x9
 1600 0073 0F       		.uleb128 0xf
 1601 0074 00       		.byte	0
 1602 0075 0B       		.uleb128 0xb
 1603 0076 0B       		.uleb128 0xb
 1604 0077 49       		.uleb128 0x49
 1605 0078 13       		.uleb128 0x13
 1606 0079 00       		.byte	0
 1607 007a 00       		.byte	0
 1608 007b 0A       		.uleb128 0xa
 1609 007c 13       		.uleb128 0x13
 1610 007d 01       		.byte	0x1
 1611 007e 03       		.uleb128 0x3
 1612 007f 0E       		.uleb128 0xe
 1613 0080 0B       		.uleb128 0xb
 1614 0081 0B       		.uleb128 0xb
 1615 0082 3A       		.uleb128 0x3a
 1616 0083 0B       		.uleb128 0xb
 1617 0084 3B       		.uleb128 0x3b
 1618 0085 05       		.uleb128 0x5
 1619 0086 01       		.uleb128 0x1
 1620 0087 13       		.uleb128 0x13
 1621 0088 00       		.byte	0
 1622 0089 00       		.byte	0
 1623 008a 0B       		.uleb128 0xb
 1624 008b 15       		.uleb128 0x15
 1625 008c 01       		.byte	0x1
 1626 008d 27       		.uleb128 0x27
 1627 008e 19       		.uleb128 0x19
 1628 008f 01       		.uleb128 0x1
 1629 0090 13       		.uleb128 0x13
 1630 0091 00       		.byte	0
 1631 0092 00       		.byte	0
 1632 0093 0C       		.uleb128 0xc
 1633 0094 05       		.uleb128 0x5
 1634 0095 00       		.byte	0
 1635 0096 49       		.uleb128 0x49
 1636 0097 13       		.uleb128 0x13
 1637 0098 00       		.byte	0
 1638 0099 00       		.byte	0
 1639 009a 0D       		.uleb128 0xd
 1640 009b 0F       		.uleb128 0xf
 1641 009c 00       		.byte	0
 1642 009d 0B       		.uleb128 0xb
 1643 009e 0B       		.uleb128 0xb
 1644 009f 00       		.byte	0
 1645 00a0 00       		.byte	0
 1646 00a1 0E       		.uleb128 0xe
 1647 00a2 13       		.uleb128 0x13
 1648 00a3 01       		.byte	0x1
 1649 00a4 03       		.uleb128 0x3
 1650 00a5 0E       		.uleb128 0xe
 1651 00a6 0B       		.uleb128 0xb
 1652 00a7 05       		.uleb128 0x5
 1653 00a8 3A       		.uleb128 0x3a
ARM GAS  /var/folders/m4/4md61f0s1_g0rzfghffqnxvr0000gn/T//cctQVE3k.s 			page 30


 1654 00a9 0B       		.uleb128 0xb
 1655 00aa 3B       		.uleb128 0x3b
 1656 00ab 05       		.uleb128 0x5
 1657 00ac 01       		.uleb128 0x1
 1658 00ad 13       		.uleb128 0x13
 1659 00ae 00       		.byte	0
 1660 00af 00       		.byte	0
 1661 00b0 0F       		.uleb128 0xf
 1662 00b1 35       		.uleb128 0x35
 1663 00b2 00       		.byte	0
 1664 00b3 49       		.uleb128 0x49
 1665 00b4 13       		.uleb128 0x13
 1666 00b5 00       		.byte	0
 1667 00b6 00       		.byte	0
 1668 00b7 10       		.uleb128 0x10
 1669 00b8 01       		.uleb128 0x1
 1670 00b9 01       		.byte	0x1
 1671 00ba 49       		.uleb128 0x49
 1672 00bb 13       		.uleb128 0x13
 1673 00bc 01       		.uleb128 0x1
 1674 00bd 13       		.uleb128 0x13
 1675 00be 00       		.byte	0
 1676 00bf 00       		.byte	0
 1677 00c0 11       		.uleb128 0x11
 1678 00c1 21       		.uleb128 0x21
 1679 00c2 00       		.byte	0
 1680 00c3 49       		.uleb128 0x49
 1681 00c4 13       		.uleb128 0x13
 1682 00c5 2F       		.uleb128 0x2f
 1683 00c6 0B       		.uleb128 0xb
 1684 00c7 00       		.byte	0
 1685 00c8 00       		.byte	0
 1686 00c9 12       		.uleb128 0x12
 1687 00ca 13       		.uleb128 0x13
 1688 00cb 01       		.byte	0x1
 1689 00cc 0B       		.uleb128 0xb
 1690 00cd 0B       		.uleb128 0xb
 1691 00ce 3A       		.uleb128 0x3a
 1692 00cf 0B       		.uleb128 0xb
 1693 00d0 3B       		.uleb128 0x3b
 1694 00d1 05       		.uleb128 0x5
 1695 00d2 01       		.uleb128 0x1
 1696 00d3 13       		.uleb128 0x13
 1697 00d4 00       		.byte	0
 1698 00d5 00       		.byte	0
 1699 00d6 13       		.uleb128 0x13
 1700 00d7 16       		.uleb128 0x16
 1701 00d8 00       		.byte	0
 1702 00d9 03       		.uleb128 0x3
 1703 00da 0E       		.uleb128 0xe
 1704 00db 3A       		.uleb128 0x3a
 1705 00dc 0B       		.uleb128 0xb
 1706 00dd 3B       		.uleb128 0x3b
 1707 00de 05       		.uleb128 0x5
 1708 00df 49       		.uleb128 0x49
 1709 00e0 13       		.uleb128 0x13
 1710 00e1 00       		.byte	0
ARM GAS  /var/folders/m4/4md61f0s1_g0rzfghffqnxvr0000gn/T//cctQVE3k.s 			page 31


 1711 00e2 00       		.byte	0
 1712 00e3 14       		.uleb128 0x14
 1713 00e4 0D       		.uleb128 0xd
 1714 00e5 00       		.byte	0
 1715 00e6 03       		.uleb128 0x3
 1716 00e7 08       		.uleb128 0x8
 1717 00e8 3A       		.uleb128 0x3a
 1718 00e9 0B       		.uleb128 0xb
 1719 00ea 3B       		.uleb128 0x3b
 1720 00eb 0B       		.uleb128 0xb
 1721 00ec 49       		.uleb128 0x49
 1722 00ed 13       		.uleb128 0x13
 1723 00ee 38       		.uleb128 0x38
 1724 00ef 0B       		.uleb128 0xb
 1725 00f0 00       		.byte	0
 1726 00f1 00       		.byte	0
 1727 00f2 15       		.uleb128 0x15
 1728 00f3 13       		.uleb128 0x13
 1729 00f4 01       		.byte	0x1
 1730 00f5 0B       		.uleb128 0xb
 1731 00f6 0B       		.uleb128 0xb
 1732 00f7 3A       		.uleb128 0x3a
 1733 00f8 0B       		.uleb128 0xb
 1734 00f9 3B       		.uleb128 0x3b
 1735 00fa 0B       		.uleb128 0xb
 1736 00fb 01       		.uleb128 0x1
 1737 00fc 13       		.uleb128 0x13
 1738 00fd 00       		.byte	0
 1739 00fe 00       		.byte	0
 1740 00ff 16       		.uleb128 0x16
 1741 0100 17       		.uleb128 0x17
 1742 0101 01       		.byte	0x1
 1743 0102 0B       		.uleb128 0xb
 1744 0103 0B       		.uleb128 0xb
 1745 0104 3A       		.uleb128 0x3a
 1746 0105 0B       		.uleb128 0xb
 1747 0106 3B       		.uleb128 0x3b
 1748 0107 0B       		.uleb128 0xb
 1749 0108 01       		.uleb128 0x1
 1750 0109 13       		.uleb128 0x13
 1751 010a 00       		.byte	0
 1752 010b 00       		.byte	0
 1753 010c 17       		.uleb128 0x17
 1754 010d 0D       		.uleb128 0xd
 1755 010e 00       		.byte	0
 1756 010f 03       		.uleb128 0x3
 1757 0110 0E       		.uleb128 0xe
 1758 0111 3A       		.uleb128 0x3a
 1759 0112 0B       		.uleb128 0xb
 1760 0113 3B       		.uleb128 0x3b
 1761 0114 05       		.uleb128 0x5
 1762 0115 49       		.uleb128 0x49
 1763 0116 13       		.uleb128 0x13
 1764 0117 00       		.byte	0
 1765 0118 00       		.byte	0
 1766 0119 18       		.uleb128 0x18
 1767 011a 26       		.uleb128 0x26
ARM GAS  /var/folders/m4/4md61f0s1_g0rzfghffqnxvr0000gn/T//cctQVE3k.s 			page 32


 1768 011b 00       		.byte	0
 1769 011c 49       		.uleb128 0x49
 1770 011d 13       		.uleb128 0x13
 1771 011e 00       		.byte	0
 1772 011f 00       		.byte	0
 1773 0120 19       		.uleb128 0x19
 1774 0121 2E       		.uleb128 0x2e
 1775 0122 00       		.byte	0
 1776 0123 03       		.uleb128 0x3
 1777 0124 0E       		.uleb128 0xe
 1778 0125 3A       		.uleb128 0x3a
 1779 0126 0B       		.uleb128 0xb
 1780 0127 3B       		.uleb128 0x3b
 1781 0128 0B       		.uleb128 0xb
 1782 0129 27       		.uleb128 0x27
 1783 012a 19       		.uleb128 0x19
 1784 012b 20       		.uleb128 0x20
 1785 012c 0B       		.uleb128 0xb
 1786 012d 00       		.byte	0
 1787 012e 00       		.byte	0
 1788 012f 1A       		.uleb128 0x1a
 1789 0130 2E       		.uleb128 0x2e
 1790 0131 01       		.byte	0x1
 1791 0132 3F       		.uleb128 0x3f
 1792 0133 19       		.uleb128 0x19
 1793 0134 03       		.uleb128 0x3
 1794 0135 0E       		.uleb128 0xe
 1795 0136 3A       		.uleb128 0x3a
 1796 0137 0B       		.uleb128 0xb
 1797 0138 3B       		.uleb128 0x3b
 1798 0139 0B       		.uleb128 0xb
 1799 013a 27       		.uleb128 0x27
 1800 013b 19       		.uleb128 0x19
 1801 013c 11       		.uleb128 0x11
 1802 013d 01       		.uleb128 0x1
 1803 013e 12       		.uleb128 0x12
 1804 013f 06       		.uleb128 0x6
 1805 0140 40       		.uleb128 0x40
 1806 0141 18       		.uleb128 0x18
 1807 0142 9742     		.uleb128 0x2117
 1808 0144 19       		.uleb128 0x19
 1809 0145 01       		.uleb128 0x1
 1810 0146 13       		.uleb128 0x13
 1811 0147 00       		.byte	0
 1812 0148 00       		.byte	0
 1813 0149 1B       		.uleb128 0x1b
 1814 014a 1D       		.uleb128 0x1d
 1815 014b 00       		.byte	0
 1816 014c 31       		.uleb128 0x31
 1817 014d 13       		.uleb128 0x13
 1818 014e 52       		.uleb128 0x52
 1819 014f 01       		.uleb128 0x1
 1820 0150 55       		.uleb128 0x55
 1821 0151 17       		.uleb128 0x17
 1822 0152 58       		.uleb128 0x58
 1823 0153 0B       		.uleb128 0xb
 1824 0154 59       		.uleb128 0x59
ARM GAS  /var/folders/m4/4md61f0s1_g0rzfghffqnxvr0000gn/T//cctQVE3k.s 			page 33


 1825 0155 0B       		.uleb128 0xb
 1826 0156 00       		.byte	0
 1827 0157 00       		.byte	0
 1828 0158 1C       		.uleb128 0x1c
 1829 0159 898201   		.uleb128 0x4109
 1830 015c 00       		.byte	0
 1831 015d 11       		.uleb128 0x11
 1832 015e 01       		.uleb128 0x1
 1833 015f 9542     		.uleb128 0x2115
 1834 0161 19       		.uleb128 0x19
 1835 0162 31       		.uleb128 0x31
 1836 0163 13       		.uleb128 0x13
 1837 0164 00       		.byte	0
 1838 0165 00       		.byte	0
 1839 0166 1D       		.uleb128 0x1d
 1840 0167 2E       		.uleb128 0x2e
 1841 0168 00       		.byte	0
 1842 0169 3F       		.uleb128 0x3f
 1843 016a 19       		.uleb128 0x19
 1844 016b 03       		.uleb128 0x3
 1845 016c 0E       		.uleb128 0xe
 1846 016d 3A       		.uleb128 0x3a
 1847 016e 0B       		.uleb128 0xb
 1848 016f 3B       		.uleb128 0x3b
 1849 0170 0B       		.uleb128 0xb
 1850 0171 27       		.uleb128 0x27
 1851 0172 19       		.uleb128 0x19
 1852 0173 11       		.uleb128 0x11
 1853 0174 01       		.uleb128 0x1
 1854 0175 12       		.uleb128 0x12
 1855 0176 06       		.uleb128 0x6
 1856 0177 40       		.uleb128 0x40
 1857 0178 18       		.uleb128 0x18
 1858 0179 9742     		.uleb128 0x2117
 1859 017b 19       		.uleb128 0x19
 1860 017c 00       		.byte	0
 1861 017d 00       		.byte	0
 1862 017e 1E       		.uleb128 0x1e
 1863 017f 34       		.uleb128 0x34
 1864 0180 00       		.byte	0
 1865 0181 03       		.uleb128 0x3
 1866 0182 0E       		.uleb128 0xe
 1867 0183 3A       		.uleb128 0x3a
 1868 0184 0B       		.uleb128 0xb
 1869 0185 3B       		.uleb128 0x3b
 1870 0186 05       		.uleb128 0x5
 1871 0187 49       		.uleb128 0x49
 1872 0188 13       		.uleb128 0x13
 1873 0189 3F       		.uleb128 0x3f
 1874 018a 19       		.uleb128 0x19
 1875 018b 3C       		.uleb128 0x3c
 1876 018c 19       		.uleb128 0x19
 1877 018d 00       		.byte	0
 1878 018e 00       		.byte	0
 1879 018f 1F       		.uleb128 0x1f
 1880 0190 34       		.uleb128 0x34
 1881 0191 00       		.byte	0
ARM GAS  /var/folders/m4/4md61f0s1_g0rzfghffqnxvr0000gn/T//cctQVE3k.s 			page 34


 1882 0192 03       		.uleb128 0x3
 1883 0193 0E       		.uleb128 0xe
 1884 0194 3A       		.uleb128 0x3a
 1885 0195 0B       		.uleb128 0xb
 1886 0196 3B       		.uleb128 0x3b
 1887 0197 0B       		.uleb128 0xb
 1888 0198 49       		.uleb128 0x49
 1889 0199 13       		.uleb128 0x13
 1890 019a 3F       		.uleb128 0x3f
 1891 019b 19       		.uleb128 0x19
 1892 019c 02       		.uleb128 0x2
 1893 019d 18       		.uleb128 0x18
 1894 019e 00       		.byte	0
 1895 019f 00       		.byte	0
 1896 01a0 20       		.uleb128 0x20
 1897 01a1 34       		.uleb128 0x34
 1898 01a2 00       		.byte	0
 1899 01a3 03       		.uleb128 0x3
 1900 01a4 08       		.uleb128 0x8
 1901 01a5 3A       		.uleb128 0x3a
 1902 01a6 0B       		.uleb128 0xb
 1903 01a7 3B       		.uleb128 0x3b
 1904 01a8 05       		.uleb128 0x5
 1905 01a9 49       		.uleb128 0x49
 1906 01aa 13       		.uleb128 0x13
 1907 01ab 3F       		.uleb128 0x3f
 1908 01ac 19       		.uleb128 0x19
 1909 01ad 3C       		.uleb128 0x3c
 1910 01ae 19       		.uleb128 0x19
 1911 01af 00       		.byte	0
 1912 01b0 00       		.byte	0
 1913 01b1 21       		.uleb128 0x21
 1914 01b2 2E       		.uleb128 0x2e
 1915 01b3 00       		.byte	0
 1916 01b4 3F       		.uleb128 0x3f
 1917 01b5 19       		.uleb128 0x19
 1918 01b6 3C       		.uleb128 0x3c
 1919 01b7 19       		.uleb128 0x19
 1920 01b8 6E       		.uleb128 0x6e
 1921 01b9 0E       		.uleb128 0xe
 1922 01ba 03       		.uleb128 0x3
 1923 01bb 0E       		.uleb128 0xe
 1924 01bc 3A       		.uleb128 0x3a
 1925 01bd 0B       		.uleb128 0xb
 1926 01be 3B       		.uleb128 0x3b
 1927 01bf 05       		.uleb128 0x5
 1928 01c0 00       		.byte	0
 1929 01c1 00       		.byte	0
 1930 01c2 00       		.byte	0
 1931              		.section	.debug_aranges,"",%progbits
 1932 0000 24000000 		.4byte	0x24
 1933 0004 0200     		.2byte	0x2
 1934 0006 00000000 		.4byte	.Ldebug_info0
 1935 000a 04       		.byte	0x4
 1936 000b 00       		.byte	0
 1937 000c 0000     		.2byte	0
 1938 000e 0000     		.2byte	0
ARM GAS  /var/folders/m4/4md61f0s1_g0rzfghffqnxvr0000gn/T//cctQVE3k.s 			page 35


 1939 0010 00000000 		.4byte	.LFB269
 1940 0014 68000000 		.4byte	.LFE269-.LFB269
 1941 0018 00000000 		.4byte	.LFB270
 1942 001c C8000000 		.4byte	.LFE270-.LFB270
 1943 0020 00000000 		.4byte	0
 1944 0024 00000000 		.4byte	0
 1945              		.section	.debug_ranges,"",%progbits
 1946              	.Ldebug_ranges0:
 1947 0000 18000000 		.4byte	.LBB4
 1948 0004 1A000000 		.4byte	.LBE4
 1949 0008 30000000 		.4byte	.LBB8
 1950 000c 4E000000 		.4byte	.LBE8
 1951 0010 52000000 		.4byte	.LBB9
 1952 0014 5A000000 		.4byte	.LBE9
 1953 0018 00000000 		.4byte	0
 1954 001c 00000000 		.4byte	0
 1955 0020 00000000 		.4byte	.LFB269
 1956 0024 68000000 		.4byte	.LFE269
 1957 0028 00000000 		.4byte	.LFB270
 1958 002c C8000000 		.4byte	.LFE270
 1959 0030 00000000 		.4byte	0
 1960 0034 00000000 		.4byte	0
 1961              		.section	.debug_line,"",%progbits
 1962              	.Ldebug_line0:
 1963 0000 F9030000 		.section	.debug_str,"MS",%progbits,1
 1963      02006A03 
 1963      00000201 
 1963      FB0E0D00 
 1963      01010101 
 1964              	.LASF54:
 1965 0000 72656164 		.ascii	"ready_list_t\000"
 1965      795F6C69 
 1965      73745F74 
 1965      00
 1966              	.LASF2:
 1967 000d 73697A65 		.ascii	"size_t\000"
 1967      5F7400
 1968              	.LASF123:
 1969 0014 7264796D 		.ascii	"rdymsg\000"
 1969      736700
 1970              	.LASF17:
 1971 001b 75696E74 		.ascii	"uint64_t\000"
 1971      36345F74 
 1971      00
 1972              	.LASF3:
 1973 0024 5F5F7569 		.ascii	"__uint8_t\000"
 1973      6E74385F 
 1973      7400
 1974              	.LASF120:
 1975 002e 706F7274 		.ascii	"port_intctx\000"
 1975      5F696E74 
 1975      63747800 
 1976              	.LASF73:
 1977 003a 73797374 		.ascii	"system_debug_t\000"
 1977      656D5F64 
 1977      65627567 
 1977      5F7400
ARM GAS  /var/folders/m4/4md61f0s1_g0rzfghffqnxvr0000gn/T//cctQVE3k.s 			page 36


 1978              	.LASF85:
 1979 0049 4F505443 		.ascii	"OPTCR\000"
 1979      5200
 1980              	.LASF86:
 1981 004f 4F505443 		.ascii	"OPTCR1\000"
 1981      523100
 1982              	.LASF13:
 1983 0056 6C6F6E67 		.ascii	"long long unsigned int\000"
 1983      206C6F6E 
 1983      6720756E 
 1983      7369676E 
 1983      65642069 
 1984              	.LASF124:
 1985 006d 65786974 		.ascii	"exitcode\000"
 1985      636F6465 
 1985      00
 1986              	.LASF80:
 1987 0076 6D61696E 		.ascii	"mainthread\000"
 1987      74687265 
 1987      616400
 1988              	.LASF70:
 1989 0081 76697274 		.ascii	"virtual_timers_list_t\000"
 1989      75616C5F 
 1989      74696D65 
 1989      72735F6C 
 1989      6973745F 
 1990              	.LASF140:
 1991 0097 49544D5F 		.ascii	"ITM_RxBuffer\000"
 1991      52784275 
 1991      66666572 
 1991      00
 1992              	.LASF53:
 1993 00a4 63685F74 		.ascii	"ch_threads_queue\000"
 1993      68726561 
 1993      64735F71 
 1993      75657565 
 1993      00
 1994              	.LASF105:
 1995 00b5 41484231 		.ascii	"AHB1LPENR\000"
 1995      4C50454E 
 1995      5200
 1996              	.LASF31:
 1997 00bf 705F7072 		.ascii	"p_prio\000"
 1997      696F00
 1998              	.LASF72:
 1999 00c6 76745F73 		.ascii	"vt_systime\000"
 1999      79737469 
 1999      6D6500
 2000              	.LASF11:
 2001 00d1 6C6F6E67 		.ascii	"long long int\000"
 2001      206C6F6E 
 2001      6720696E 
 2001      7400
 2002              	.LASF1:
 2003 00df 7369676E 		.ascii	"signed char\000"
 2003      65642063 
 2003      68617200 
ARM GAS  /var/folders/m4/4md61f0s1_g0rzfghffqnxvr0000gn/T//cctQVE3k.s 			page 37


 2004              	.LASF91:
 2005 00eb 41484231 		.ascii	"AHB1RSTR\000"
 2005      52535452 
 2005      00
 2006              	.LASF87:
 2007 00f4 464C4153 		.ascii	"FLASH_TypeDef\000"
 2007      485F5479 
 2007      70654465 
 2007      6600
 2008              	.LASF47:
 2009 0102 705F6D70 		.ascii	"p_mpool\000"
 2009      6F6F6C00 
 2010              	.LASF134:
 2011 010a 6D5F7175 		.ascii	"m_queue\000"
 2011      65756500 
 2012              	.LASF79:
 2013 0112 76746C69 		.ascii	"vtlist\000"
 2013      737400
 2014              	.LASF88:
 2015 0119 5057525F 		.ascii	"PWR_TypeDef\000"
 2015      54797065 
 2015      44656600 
 2016              	.LASF22:
 2017 0125 74736C69 		.ascii	"tslices_t\000"
 2017      6365735F 
 2017      7400
 2018              	.LASF126:
 2019 012f 77747472 		.ascii	"wttrp\000"
 2019      7000
 2020              	.LASF77:
 2021 0135 63685F73 		.ascii	"ch_system\000"
 2021      79737465 
 2021      6D00
 2022              	.LASF8:
 2023 013f 6C6F6E67 		.ascii	"long int\000"
 2023      20696E74 
 2023      00
 2024              	.LASF96:
 2025 0148 41504232 		.ascii	"APB2RSTR\000"
 2025      52535452 
 2025      00
 2026              	.LASF109:
 2027 0151 41504231 		.ascii	"APB1LPENR\000"
 2027      4C50454E 
 2027      5200
 2028              	.LASF20:
 2029 015b 74737461 		.ascii	"tstate_t\000"
 2029      74655F74 
 2029      00
 2030              	.LASF33:
 2031 0164 705F6E65 		.ascii	"p_newer\000"
 2031      77657200 
 2032              	.LASF84:
 2033 016c 4F50544B 		.ascii	"OPTKEYR\000"
 2033      45595200 
 2034              	.LASF59:
 2035 0174 725F6E65 		.ascii	"r_newer\000"
ARM GAS  /var/folders/m4/4md61f0s1_g0rzfghffqnxvr0000gn/T//cctQVE3k.s 			page 38


 2035      77657200 
 2036              	.LASF117:
 2037 017c 72656761 		.ascii	"regarm_t\000"
 2037      726D5F74 
 2037      00
 2038              	.LASF66:
 2039 0185 76745F70 		.ascii	"vt_prev\000"
 2039      72657600 
 2040              	.LASF83:
 2041 018d 4B455952 		.ascii	"KEYR\000"
 2041      00
 2042              	.LASF147:
 2043 0192 73746D33 		.ascii	"stm32_clock_init\000"
 2043      325F636C 
 2043      6F636B5F 
 2043      696E6974 
 2043      00
 2044              	.LASF138:
 2045 01a3 6D757465 		.ascii	"mutex_t\000"
 2045      785F7400 
 2046              	.LASF81:
 2047 01ab 69646C65 		.ascii	"idle_thread_wa\000"
 2047      5F746872 
 2047      6561645F 
 2047      776100
 2048              	.LASF26:
 2049 01ba 636E745F 		.ascii	"cnt_t\000"
 2049      7400
 2050              	.LASF0:
 2051 01c0 756E7369 		.ascii	"unsigned int\000"
 2051      676E6564 
 2051      20696E74 
 2051      00
 2052              	.LASF65:
 2053 01cd 76745F6E 		.ascii	"vt_next\000"
 2053      65787400 
 2054              	.LASF141:
 2055 01d5 53797374 		.ascii	"SystemCoreClock\000"
 2055      656D436F 
 2055      7265436C 
 2055      6F636B00 
 2056              	.LASF40:
 2057 01e5 705F7469 		.ascii	"p_time\000"
 2057      6D6500
 2058              	.LASF127:
 2059 01ec 77747365 		.ascii	"wtsemp\000"
 2059      6D7000
 2060              	.LASF67:
 2061 01f3 76745F64 		.ascii	"vt_delta\000"
 2061      656C7461 
 2061      00
 2062              	.LASF42:
 2063 01fc 705F6D73 		.ascii	"p_msgqueue\000"
 2063      67717565 
 2063      756500
 2064              	.LASF116:
 2065 0207 5243435F 		.ascii	"RCC_TypeDef\000"
ARM GAS  /var/folders/m4/4md61f0s1_g0rzfghffqnxvr0000gn/T//cctQVE3k.s 			page 39


 2065      54797065 
 2065      44656600 
 2066              	.LASF132:
 2067 0213 735F636E 		.ascii	"s_cnt\000"
 2067      7400
 2068              	.LASF6:
 2069 0219 73686F72 		.ascii	"short unsigned int\000"
 2069      7420756E 
 2069      7369676E 
 2069      65642069 
 2069      6E7400
 2070              	.LASF50:
 2071 022c 63685F74 		.ascii	"ch_thread\000"
 2071      68726561 
 2071      6400
 2072              	.LASF115:
 2073 0236 504C4C49 		.ascii	"PLLI2SCFGR\000"
 2073      32534346 
 2073      475200
 2074              	.LASF24:
 2075 0241 6D73675F 		.ascii	"msg_t\000"
 2075      7400
 2076              	.LASF89:
 2077 0247 504C4C43 		.ascii	"PLLCFGR\000"
 2077      46475200 
 2078              	.LASF144:
 2079 024f 2F557365 		.ascii	"/Users/raphael/Documents/Projects/rESC/resc-firmwar"
 2079      72732F72 
 2079      61706861 
 2079      656C2F44 
 2079      6F63756D 
 2080 0282 6500     		.ascii	"e\000"
 2081              	.LASF145:
 2082 0284 68616C5F 		.ascii	"hal_lld_backup_domain_init\000"
 2082      6C6C645F 
 2082      6261636B 
 2082      75705F64 
 2082      6F6D6169 
 2083              	.LASF76:
 2084 029f 63685F73 		.ascii	"ch_system_t\000"
 2084      79737465 
 2084      6D5F7400 
 2085              	.LASF19:
 2086 02ab 746D6F64 		.ascii	"tmode_t\000"
 2086      655F7400 
 2087              	.LASF110:
 2088 02b3 41504232 		.ascii	"APB2LPENR\000"
 2088      4C50454E 
 2088      5200
 2089              	.LASF55:
 2090 02bd 63685F72 		.ascii	"ch_ready_list\000"
 2090      65616479 
 2090      5F6C6973 
 2090      7400
 2091              	.LASF25:
 2092 02cb 6576656E 		.ascii	"eventmask_t\000"
 2092      746D6173 
ARM GAS  /var/folders/m4/4md61f0s1_g0rzfghffqnxvr0000gn/T//cctQVE3k.s 			page 40


 2092      6B5F7400 
 2093              	.LASF7:
 2094 02d7 5F5F696E 		.ascii	"__int32_t\000"
 2094      7433325F 
 2094      7400
 2095              	.LASF118:
 2096 02e1 73746B61 		.ascii	"stkalign_t\000"
 2096      6C69676E 
 2096      5F7400
 2097              	.LASF49:
 2098 02ec 74687265 		.ascii	"threads_list_t\000"
 2098      6164735F 
 2098      6C697374 
 2098      5F7400
 2099              	.LASF63:
 2100 02fb 76697274 		.ascii	"virtual_timer_t\000"
 2100      75616C5F 
 2100      74696D65 
 2100      725F7400 
 2101              	.LASF41:
 2102 030b 705F7761 		.ascii	"p_waiting\000"
 2102      6974696E 
 2102      6700
 2103              	.LASF82:
 2104 0315 73697A65 		.ascii	"sizetype\000"
 2104      74797065 
 2104      00
 2105              	.LASF48:
 2106 031e 74687265 		.ascii	"thread_reference_t\000"
 2106      61645F72 
 2106      65666572 
 2106      656E6365 
 2106      5F7400
 2107              	.LASF71:
 2108 0331 63685F76 		.ascii	"ch_virtual_timers_list\000"
 2108      69727475 
 2108      616C5F74 
 2108      696D6572 
 2108      735F6C69 
 2109              	.LASF29:
 2110 0348 705F6E65 		.ascii	"p_next\000"
 2110      787400
 2111              	.LASF100:
 2112 034f 41484233 		.ascii	"AHB3ENR\000"
 2112      454E5200 
 2113              	.LASF34:
 2114 0357 705F6F6C 		.ascii	"p_older\000"
 2114      64657200 
 2115              	.LASF58:
 2116 035f 725F6374 		.ascii	"r_ctx\000"
 2116      7800
 2117              	.LASF106:
 2118 0365 41484232 		.ascii	"AHB2LPENR\000"
 2118      4C50454E 
 2118      5200
 2119              	.LASF122:
 2120 036f 746D5F63 		.ascii	"tm_calibration_t\000"
ARM GAS  /var/folders/m4/4md61f0s1_g0rzfghffqnxvr0000gn/T//cctQVE3k.s 			page 41


 2120      616C6962 
 2120      72617469 
 2120      6F6E5F74 
 2120      00
 2121              	.LASF61:
 2122 0380 725F6375 		.ascii	"r_current\000"
 2122      7272656E 
 2122      7400
 2123              	.LASF95:
 2124 038a 41504231 		.ascii	"APB1RSTR\000"
 2124      52535452 
 2124      00
 2125              	.LASF12:
 2126 0393 5F5F7569 		.ascii	"__uint64_t\000"
 2126      6E743634 
 2126      5F7400
 2127              	.LASF21:
 2128 039e 74726566 		.ascii	"trefs_t\000"
 2128      735F7400 
 2129              	.LASF94:
 2130 03a6 52455345 		.ascii	"RESERVED0\000"
 2130      52564544 
 2130      3000
 2131              	.LASF97:
 2132 03b0 52455345 		.ascii	"RESERVED1\000"
 2132      52564544 
 2132      3100
 2133              	.LASF101:
 2134 03ba 52455345 		.ascii	"RESERVED2\000"
 2134      52564544 
 2134      3200
 2135              	.LASF104:
 2136 03c4 52455345 		.ascii	"RESERVED3\000"
 2136      52564544 
 2136      3300
 2137              	.LASF108:
 2138 03ce 52455345 		.ascii	"RESERVED4\000"
 2138      52564544 
 2138      3400
 2139              	.LASF30:
 2140 03d8 705F7072 		.ascii	"p_prev\000"
 2140      657600
 2141              	.LASF113:
 2142 03df 52455345 		.ascii	"RESERVED6\000"
 2142      52564544 
 2142      3600
 2143              	.LASF23:
 2144 03e9 74707269 		.ascii	"tprio_t\000"
 2144      6F5F7400 
 2145              	.LASF143:
 2146 03f1 43686962 		.ascii	"ChibiOS_16.1.4/os/hal/ports/STM32/STM32F4xx/hal_lld"
 2146      694F535F 
 2146      31362E31 
 2146      2E342F6F 
 2146      732F6861 
 2147 0424 2E6300   		.ascii	".c\000"
 2148              	.LASF74:
ARM GAS  /var/folders/m4/4md61f0s1_g0rzfghffqnxvr0000gn/T//cctQVE3k.s 			page 42


 2149 0427 63685F73 		.ascii	"ch_system_debug\000"
 2149      79737465 
 2149      6D5F6465 
 2149      62756700 
 2150              	.LASF139:
 2151 0437 5F426F6F 		.ascii	"_Bool\000"
 2151      6C00
 2152              	.LASF15:
 2153 043d 696E7433 		.ascii	"int32_t\000"
 2153      325F7400 
 2154              	.LASF4:
 2155 0445 756E7369 		.ascii	"unsigned char\000"
 2155      676E6564 
 2155      20636861 
 2155      7200
 2156              	.LASF45:
 2157 0453 705F6D74 		.ascii	"p_mtxlist\000"
 2157      786C6973 
 2157      7400
 2158              	.LASF5:
 2159 045d 73686F72 		.ascii	"short int\000"
 2159      7420696E 
 2159      7400
 2160              	.LASF36:
 2161 0467 705F7374 		.ascii	"p_state\000"
 2161      61746500 
 2162              	.LASF39:
 2163 046f 705F7072 		.ascii	"p_preempt\000"
 2163      65656D70 
 2163      7400
 2164              	.LASF107:
 2165 0479 41484233 		.ascii	"AHB3LPENR\000"
 2165      4C50454E 
 2165      5200
 2166              	.LASF57:
 2167 0483 725F7072 		.ascii	"r_prio\000"
 2167      696F00
 2168              	.LASF129:
 2169 048a 65776D61 		.ascii	"ewmask\000"
 2169      736B00
 2170              	.LASF37:
 2171 0491 705F666C 		.ascii	"p_flags\000"
 2171      61677300 
 2172              	.LASF103:
 2173 0499 41504232 		.ascii	"APB2ENR\000"
 2173      454E5200 
 2174              	.LASF93:
 2175 04a1 41484233 		.ascii	"AHB3RSTR\000"
 2175      52535452 
 2175      00
 2176              	.LASF64:
 2177 04aa 63685F76 		.ascii	"ch_virtual_timer\000"
 2177      69727475 
 2177      616C5F74 
 2177      696D6572 
 2177      00
 2178              	.LASF130:
ARM GAS  /var/folders/m4/4md61f0s1_g0rzfghffqnxvr0000gn/T//cctQVE3k.s 			page 43


 2179 04bb 63685F73 		.ascii	"ch_semaphore\000"
 2179      656D6170 
 2179      686F7265 
 2179      00
 2180              	.LASF44:
 2181 04c8 705F6570 		.ascii	"p_epending\000"
 2181      656E6469 
 2181      6E6700
 2182              	.LASF111:
 2183 04d3 52455345 		.ascii	"RESERVED5\000"
 2183      52564544 
 2183      3500
 2184              	.LASF16:
 2185 04dd 75696E74 		.ascii	"uint32_t\000"
 2185      33325F74 
 2185      00
 2186              	.LASF128:
 2187 04e6 77746D74 		.ascii	"wtmtxp\000"
 2187      787000
 2188              	.LASF56:
 2189 04ed 725F7175 		.ascii	"r_queue\000"
 2189      65756500 
 2190              	.LASF51:
 2191 04f5 63685F74 		.ascii	"ch_threads_list\000"
 2191      68726561 
 2191      64735F6C 
 2191      69737400 
 2192              	.LASF148:
 2193 0505 646D6149 		.ascii	"dmaInit\000"
 2193      6E697400 
 2194              	.LASF10:
 2195 050d 6C6F6E67 		.ascii	"long unsigned int\000"
 2195      20756E73 
 2195      69676E65 
 2195      6420696E 
 2195      7400
 2196              	.LASF137:
 2197 051f 63686172 		.ascii	"char\000"
 2197      00
 2198              	.LASF142:
 2199 0524 474E5520 		.ascii	"GNU C99 5.2.1 20151202 (release) [ARM/embedded-5-br"
 2199      43393920 
 2199      352E322E 
 2199      31203230 
 2199      31353132 
 2200 0557 616E6368 		.ascii	"anch revision 231848] -mcpu=cortex-m4 -mfloat-abi=h"
 2200      20726576 
 2200      6973696F 
 2200      6E203233 
 2200      31383438 
 2201 058a 61726420 		.ascii	"ard -mfpu=fpv4-sp-d16 -mno-thumb-interwork -mthumb "
 2201      2D6D6670 
 2201      753D6670 
 2201      76342D73 
 2201      702D6431 
 2202 05bd 2D676764 		.ascii	"-ggdb -O2 -std=c99 -fomit-frame-pointer -falign-fun"
 2202      62202D4F 
ARM GAS  /var/folders/m4/4md61f0s1_g0rzfghffqnxvr0000gn/T//cctQVE3k.s 			page 44


 2202      32202D73 
 2202      74643D63 
 2202      3939202D 
 2203 05f0 6374696F 		.ascii	"ctions=16 -ffunction-sections -fdata-sections -fno-"
 2203      6E733D31 
 2203      36202D66 
 2203      66756E63 
 2203      74696F6E 
 2204 0623 636F6D6D 		.ascii	"common\000"
 2204      6F6E00
 2205              	.LASF92:
 2206 062a 41484232 		.ascii	"AHB2RSTR\000"
 2206      52535452 
 2206      00
 2207              	.LASF28:
 2208 0633 74687265 		.ascii	"thread_t\000"
 2208      61645F74 
 2208      00
 2209              	.LASF136:
 2210 063c 6D5F6E65 		.ascii	"m_next\000"
 2210      787400
 2211              	.LASF27:
 2212 0643 73797374 		.ascii	"systime_t\000"
 2212      696D655F 
 2212      7400
 2213              	.LASF46:
 2214 064d 705F7265 		.ascii	"p_realprio\000"
 2214      616C7072 
 2214      696F00
 2215              	.LASF62:
 2216 0658 76746675 		.ascii	"vtfunc_t\000"
 2216      6E635F74 
 2216      00
 2217              	.LASF9:
 2218 0661 5F5F7569 		.ascii	"__uint32_t\000"
 2218      6E743332 
 2218      5F7400
 2219              	.LASF75:
 2220 066c 70616E69 		.ascii	"panic_msg\000"
 2220      635F6D73 
 2220      6700
 2221              	.LASF121:
 2222 0676 6F666673 		.ascii	"offset\000"
 2222      657400
 2223              	.LASF102:
 2224 067d 41504231 		.ascii	"APB1ENR\000"
 2224      454E5200 
 2225              	.LASF99:
 2226 0685 41484232 		.ascii	"AHB2ENR\000"
 2226      454E5200 
 2227              	.LASF119:
 2228 068d 636F6E74 		.ascii	"context\000"
 2228      65787400 
 2229              	.LASF60:
 2230 0695 725F6F6C 		.ascii	"r_older\000"
 2230      64657200 
 2231              	.LASF146:
ARM GAS  /var/folders/m4/4md61f0s1_g0rzfghffqnxvr0000gn/T//cctQVE3k.s 			page 45


 2232 069d 68616C5F 		.ascii	"hal_lld_init\000"
 2232      6C6C645F 
 2232      696E6974 
 2232      00
 2233              	.LASF18:
 2234 06aa 7274636E 		.ascii	"rtcnt_t\000"
 2234      745F7400 
 2235              	.LASF69:
 2236 06b2 76745F70 		.ascii	"vt_par\000"
 2236      617200
 2237              	.LASF114:
 2238 06b9 53534347 		.ascii	"SSCGR\000"
 2238      5200
 2239              	.LASF52:
 2240 06bf 74687265 		.ascii	"threads_queue_t\000"
 2240      6164735F 
 2240      71756575 
 2240      655F7400 
 2241              	.LASF133:
 2242 06cf 63685F6D 		.ascii	"ch_mutex\000"
 2242      75746578 
 2242      00
 2243              	.LASF38:
 2244 06d8 705F7265 		.ascii	"p_refs\000"
 2244      667300
 2245              	.LASF112:
 2246 06df 42444352 		.ascii	"BDCR\000"
 2246      00
 2247              	.LASF78:
 2248 06e4 726C6973 		.ascii	"rlist\000"
 2248      7400
 2249              	.LASF14:
 2250 06ea 75696E74 		.ascii	"uint8_t\000"
 2250      385F7400 
 2251              	.LASF125:
 2252 06f2 77746F62 		.ascii	"wtobjp\000"
 2252      6A7000
 2253              	.LASF35:
 2254 06f9 705F6E61 		.ascii	"p_name\000"
 2254      6D6500
 2255              	.LASF98:
 2256 0700 41484231 		.ascii	"AHB1ENR\000"
 2256      454E5200 
 2257              	.LASF90:
 2258 0708 43464752 		.ascii	"CFGR\000"
 2258      00
 2259              	.LASF131:
 2260 070d 735F7175 		.ascii	"s_queue\000"
 2260      65756500 
 2261              	.LASF43:
 2262 0715 705F6D73 		.ascii	"p_msg\000"
 2262      6700
 2263              	.LASF135:
 2264 071b 6D5F6F77 		.ascii	"m_owner\000"
 2264      6E657200 
 2265              	.LASF32:
 2266 0723 705F6374 		.ascii	"p_ctx\000"
ARM GAS  /var/folders/m4/4md61f0s1_g0rzfghffqnxvr0000gn/T//cctQVE3k.s 			page 46


 2266      7800
 2267              	.LASF68:
 2268 0729 76745F66 		.ascii	"vt_func\000"
 2268      756E6300 
 2269              		.ident	"GCC: (GNU Tools for ARM Embedded Processors) 5.2.1 20151202 (release) [ARM/embedded-5-bran
ARM GAS  /var/folders/m4/4md61f0s1_g0rzfghffqnxvr0000gn/T//cctQVE3k.s 			page 47


DEFINED SYMBOLS
                            *ABS*:0000000000000000 hal_lld.c
/var/folders/m4/4md61f0s1_g0rzfghffqnxvr0000gn/T//cctQVE3k.s:22     .text.hal_lld_init:0000000000000000 $t
/var/folders/m4/4md61f0s1_g0rzfghffqnxvr0000gn/T//cctQVE3k.s:28     .text.hal_lld_init:0000000000000000 hal_lld_init
/var/folders/m4/4md61f0s1_g0rzfghffqnxvr0000gn/T//cctQVE3k.s:111    .text.hal_lld_init:0000000000000060 $d
/var/folders/m4/4md61f0s1_g0rzfghffqnxvr0000gn/T//cctQVE3k.s:117    .text.stm32_clock_init:0000000000000000 $t
/var/folders/m4/4md61f0s1_g0rzfghffqnxvr0000gn/T//cctQVE3k.s:123    .text.stm32_clock_init:0000000000000000 stm32_clock_init
/var/folders/m4/4md61f0s1_g0rzfghffqnxvr0000gn/T//cctQVE3k.s:247    .text.stm32_clock_init:00000000000000b4 $d
/var/folders/m4/4md61f0s1_g0rzfghffqnxvr0000gn/T//cctQVE3k.s:260    .data.SystemCoreClock:0000000000000000 SystemCoreClock
/var/folders/m4/4md61f0s1_g0rzfghffqnxvr0000gn/T//cctQVE3k.s:257    .data.SystemCoreClock:0000000000000000 $d
                     .debug_frame:0000000000000010 $d

UNDEFINED SYMBOLS
dmaInit
