ARM GAS  /var/folders/m4/4md61f0s1_g0rzfghffqnxvr0000gn/T//ccmZ9tMA.s 			page 1


   1              		.syntax unified
   2              		.cpu cortex-m4
   3              		.eabi_attribute 27, 1
   4              		.eabi_attribute 28, 1
   5              		.fpu fpv4-sp-d16
   6              		.eabi_attribute 20, 1
   7              		.eabi_attribute 21, 1
   8              		.eabi_attribute 23, 3
   9              		.eabi_attribute 24, 1
  10              		.eabi_attribute 25, 1
  11              		.eabi_attribute 26, 1
  12              		.eabi_attribute 30, 2
  13              		.eabi_attribute 34, 1
  14              		.eabi_attribute 18, 4
  15              		.thumb
  16              		.syntax unified
  17              		.file	"hal_queues.c"
  18              		.text
  19              	.Ltext0:
  20              		.cfi_sections	.debug_frame
  21              	.Letext0:
  22              		.file 1 "/opt/homebrew-cask/Caskroom/gcc-arm-embedded/5_2-2015q4,20151219/gcc-arm-none-eabi-5_2-20
  23              		.file 2 "/opt/homebrew-cask/Caskroom/gcc-arm-embedded/5_2-2015q4,20151219/gcc-arm-none-eabi-5_2-20
  24              		.file 3 "ChibiOS_16.1.4/os/rt/ports/ARMCMx/compilers/GCC/chtypes.h"
  25              		.file 4 "ChibiOS_16.1.4/os/rt/include/chsystypes.h"
  26              		.file 5 "ChibiOS_16.1.4/os/rt/include/chschd.h"
  27              		.file 6 "ChibiOS_16.1.4/os/rt/ports/ARMCMx/chcore.h"
  28              		.file 7 "ChibiOS_16.1.4/os/rt/ports/ARMCMx/chcore_v7m.h"
  29              		.file 8 "ChibiOS_16.1.4/os/rt/include/chtm.h"
  30              		.file 9 "ChibiOS_16.1.4/os/rt/include/chsem.h"
  31              		.file 10 "ChibiOS_16.1.4/os/rt/include/chmtx.h"
  32              		.file 11 "ChibiOS_16.1.4/os/ext/CMSIS/include/core_cm4.h"
  33              		.section	.debug_info,"",%progbits
  34              	.Ldebug_info0:
  35 0000 25070000 		.4byte	0x725
  36 0004 0400     		.2byte	0x4
  37 0006 00000000 		.4byte	.Ldebug_abbrev0
  38 000a 04       		.byte	0x4
  39 000b 01       		.uleb128 0x1
  40 000c 77020000 		.4byte	.LASF106
  41 0010 0C       		.byte	0xc
  42 0011 4C050000 		.4byte	.LASF107
  43 0015 AB010000 		.4byte	.LASF108
  44 0019 00000000 		.4byte	.Ldebug_line0
  45 001d 02       		.uleb128 0x2
  46 001e 04       		.byte	0x4
  47 001f 05       		.byte	0x5
  48 0020 696E7400 		.ascii	"int\000"
  49 0024 03       		.uleb128 0x3
  50 0025 04       		.byte	0x4
  51 0026 07       		.byte	0x7
  52 0027 4B010000 		.4byte	.LASF0
  53 002b 03       		.uleb128 0x3
  54 002c 01       		.byte	0x1
  55 002d 06       		.byte	0x6
  56 002e BC000000 		.4byte	.LASF1
  57 0032 04       		.uleb128 0x4
ARM GAS  /var/folders/m4/4md61f0s1_g0rzfghffqnxvr0000gn/T//ccmZ9tMA.s 			page 2


  58 0033 23000000 		.4byte	.LASF5
  59 0037 01       		.byte	0x1
  60 0038 1D       		.byte	0x1d
  61 0039 3D000000 		.4byte	0x3d
  62 003d 03       		.uleb128 0x3
  63 003e 01       		.byte	0x1
  64 003f 08       		.byte	0x8
  65 0040 12040000 		.4byte	.LASF2
  66 0044 03       		.uleb128 0x3
  67 0045 02       		.byte	0x2
  68 0046 05       		.byte	0x5
  69 0047 2A040000 		.4byte	.LASF3
  70 004b 03       		.uleb128 0x3
  71 004c 02       		.byte	0x2
  72 004d 07       		.byte	0x7
  73 004e 88010000 		.4byte	.LASF4
  74 0052 04       		.uleb128 0x4
  75 0053 0E020000 		.4byte	.LASF6
  76 0057 01       		.byte	0x1
  77 0058 3F       		.byte	0x3f
  78 0059 5D000000 		.4byte	0x5d
  79 005d 03       		.uleb128 0x3
  80 005e 04       		.byte	0x4
  81 005f 05       		.byte	0x5
  82 0060 F3000000 		.4byte	.LASF7
  83 0064 04       		.uleb128 0x4
  84 0065 F9040000 		.4byte	.LASF8
  85 0069 01       		.byte	0x1
  86 006a 41       		.byte	0x41
  87 006b 6F000000 		.4byte	0x6f
  88 006f 03       		.uleb128 0x3
  89 0070 04       		.byte	0x4
  90 0071 07       		.byte	0x7
  91 0072 B4040000 		.4byte	.LASF9
  92 0076 03       		.uleb128 0x3
  93 0077 08       		.byte	0x8
  94 0078 05       		.byte	0x5
  95 0079 AE000000 		.4byte	.LASF10
  96 007d 04       		.uleb128 0x4
  97 007e C2030000 		.4byte	.LASF11
  98 0082 01       		.byte	0x1
  99 0083 5B       		.byte	0x5b
 100 0084 88000000 		.4byte	0x88
 101 0088 03       		.uleb128 0x3
 102 0089 08       		.byte	0x8
 103 008a 07       		.byte	0x7
 104 008b 48000000 		.4byte	.LASF12
 105 008f 04       		.uleb128 0x4
 106 0090 79050000 		.4byte	.LASF13
 107 0094 02       		.byte	0x2
 108 0095 14       		.byte	0x14
 109 0096 32000000 		.4byte	0x32
 110 009a 04       		.uleb128 0x4
 111 009b 0A040000 		.4byte	.LASF14
 112 009f 02       		.byte	0x2
 113 00a0 1F       		.byte	0x1f
 114 00a1 52000000 		.4byte	0x52
ARM GAS  /var/folders/m4/4md61f0s1_g0rzfghffqnxvr0000gn/T//ccmZ9tMA.s 			page 3


 115 00a5 04       		.uleb128 0x4
 116 00a6 8C040000 		.4byte	.LASF15
 117 00aa 02       		.byte	0x2
 118 00ab 20       		.byte	0x20
 119 00ac 64000000 		.4byte	0x64
 120 00b0 04       		.uleb128 0x4
 121 00b1 1A000000 		.4byte	.LASF16
 122 00b5 02       		.byte	0x2
 123 00b6 26       		.byte	0x26
 124 00b7 7D000000 		.4byte	0x7d
 125 00bb 04       		.uleb128 0x4
 126 00bc 1D050000 		.4byte	.LASF17
 127 00c0 03       		.byte	0x3
 128 00c1 39       		.byte	0x39
 129 00c2 A5000000 		.4byte	0xa5
 130 00c6 04       		.uleb128 0x4
 131 00c7 EC010000 		.4byte	.LASF18
 132 00cb 03       		.byte	0x3
 133 00cc 3C       		.byte	0x3c
 134 00cd 8F000000 		.4byte	0x8f
 135 00d1 04       		.uleb128 0x4
 136 00d2 FC000000 		.4byte	.LASF19
 137 00d6 03       		.byte	0x3
 138 00d7 3D       		.byte	0x3d
 139 00d8 8F000000 		.4byte	0x8f
 140 00dc 04       		.uleb128 0x4
 141 00dd CD030000 		.4byte	.LASF20
 142 00e1 03       		.byte	0x3
 143 00e2 3E       		.byte	0x3e
 144 00e3 8F000000 		.4byte	0x8f
 145 00e7 04       		.uleb128 0x4
 146 00e8 DF000000 		.4byte	.LASF21
 147 00ec 03       		.byte	0x3
 148 00ed 3F       		.byte	0x3f
 149 00ee 8F000000 		.4byte	0x8f
 150 00f2 04       		.uleb128 0x4
 151 00f3 EC030000 		.4byte	.LASF22
 152 00f7 03       		.byte	0x3
 153 00f8 40       		.byte	0x40
 154 00f9 A5000000 		.4byte	0xa5
 155 00fd 04       		.uleb128 0x4
 156 00fe A5010000 		.4byte	.LASF23
 157 0102 03       		.byte	0x3
 158 0103 41       		.byte	0x41
 159 0104 9A000000 		.4byte	0x9a
 160 0108 04       		.uleb128 0x4
 161 0109 02020000 		.4byte	.LASF24
 162 010d 03       		.byte	0x3
 163 010e 43       		.byte	0x43
 164 010f A5000000 		.4byte	0xa5
 165 0113 04       		.uleb128 0x4
 166 0114 45010000 		.4byte	.LASF25
 167 0118 03       		.byte	0x3
 168 0119 45       		.byte	0x45
 169 011a 9A000000 		.4byte	0x9a
 170 011e 04       		.uleb128 0x4
 171 011f DB040000 		.4byte	.LASF26
ARM GAS  /var/folders/m4/4md61f0s1_g0rzfghffqnxvr0000gn/T//ccmZ9tMA.s 			page 4


 172 0123 04       		.byte	0x4
 173 0124 33       		.byte	0x33
 174 0125 A5000000 		.4byte	0xa5
 175 0129 04       		.uleb128 0x4
 176 012a CB040000 		.4byte	.LASF27
 177 012e 04       		.byte	0x4
 178 012f 3F       		.byte	0x3f
 179 0130 34010000 		.4byte	0x134
 180 0134 05       		.uleb128 0x5
 181 0135 9B010000 		.4byte	.LASF49
 182 0139 48       		.byte	0x48
 183 013a 05       		.byte	0x5
 184 013b C2       		.byte	0xc2
 185 013c 39020000 		.4byte	0x239
 186 0140 06       		.uleb128 0x6
 187 0141 54040000 		.4byte	.LASF28
 188 0145 05       		.byte	0x5
 189 0146 C3       		.byte	0xc3
 190 0147 44020000 		.4byte	0x244
 191 014b 00       		.byte	0
 192 014c 06       		.uleb128 0x6
 193 014d E5030000 		.4byte	.LASF29
 194 0151 05       		.byte	0x5
 195 0152 C5       		.byte	0xc5
 196 0153 44020000 		.4byte	0x244
 197 0157 04       		.byte	0x4
 198 0158 06       		.uleb128 0x6
 199 0159 A7000000 		.4byte	.LASF30
 200 015d 05       		.byte	0x5
 201 015e C7       		.byte	0xc7
 202 015f F2000000 		.4byte	0xf2
 203 0163 08       		.byte	0x8
 204 0164 06       		.uleb128 0x6
 205 0165 A8050000 		.4byte	.LASF31
 206 0169 05       		.byte	0x5
 207 016a C8       		.byte	0xc8
 208 016b 74040000 		.4byte	0x474
 209 016f 0C       		.byte	0xc
 210 0170 06       		.uleb128 0x6
 211 0171 05010000 		.4byte	.LASF32
 212 0175 05       		.byte	0x5
 213 0176 CA       		.byte	0xca
 214 0177 44020000 		.4byte	0x244
 215 017b 10       		.byte	0x10
 216 017c 06       		.uleb128 0x6
 217 017d 6F020000 		.4byte	.LASF33
 218 0181 05       		.byte	0x5
 219 0182 CB       		.byte	0xcb
 220 0183 44020000 		.4byte	0x244
 221 0187 14       		.byte	0x14
 222 0188 06       		.uleb128 0x6
 223 0189 88050000 		.4byte	.LASF34
 224 018d 05       		.byte	0x5
 225 018e D2       		.byte	0xd2
 226 018f C2060000 		.4byte	0x6c2
 227 0193 18       		.byte	0x18
 228 0194 06       		.uleb128 0x6
ARM GAS  /var/folders/m4/4md61f0s1_g0rzfghffqnxvr0000gn/T//ccmZ9tMA.s 			page 5


 229 0195 34040000 		.4byte	.LASF35
 230 0199 05       		.byte	0x5
 231 019a DD       		.byte	0xdd
 232 019b D1000000 		.4byte	0xd1
 233 019f 1C       		.byte	0x1c
 234 01a0 06       		.uleb128 0x6
 235 01a1 5B040000 		.4byte	.LASF36
 236 01a5 05       		.byte	0x5
 237 01a6 E1       		.byte	0xe1
 238 01a7 C6000000 		.4byte	0xc6
 239 01ab 1D       		.byte	0x1d
 240 01ac 06       		.uleb128 0x6
 241 01ad 45050000 		.4byte	.LASF37
 242 01b1 05       		.byte	0x5
 243 01b2 E6       		.byte	0xe6
 244 01b3 DC000000 		.4byte	0xdc
 245 01b7 1E       		.byte	0x1e
 246 01b8 06       		.uleb128 0x6
 247 01b9 3C040000 		.4byte	.LASF38
 248 01bd 05       		.byte	0x5
 249 01be EC       		.byte	0xec
 250 01bf E7000000 		.4byte	0xe7
 251 01c3 1F       		.byte	0x1f
 252 01c4 06       		.uleb128 0x6
 253 01c5 60010000 		.4byte	.LASF39
 254 01c9 05       		.byte	0x5
 255 01ca F3       		.byte	0xf3
 256 01cb D4060000 		.4byte	0x6d4
 257 01cf 20       		.byte	0x20
 258 01d0 07       		.uleb128 0x7
 259 01d1 705F7500 		.ascii	"p_u\000"
 260 01d5 05       		.byte	0x5
 261 01d6 3101     		.2byte	0x131
 262 01d8 FD050000 		.4byte	0x5fd
 263 01dc 24       		.byte	0x24
 264 01dd 08       		.uleb128 0x8
 265 01de 32020000 		.4byte	.LASF40
 266 01e2 05       		.byte	0x5
 267 01e3 3601     		.2byte	0x136
 268 01e5 4A020000 		.4byte	0x24a
 269 01e9 28       		.byte	0x28
 270 01ea 08       		.uleb128 0x8
 271 01eb 77010000 		.4byte	.LASF41
 272 01ef 05       		.byte	0x5
 273 01f0 3C01     		.2byte	0x13c
 274 01f2 6E020000 		.4byte	0x26e
 275 01f6 2C       		.byte	0x2c
 276 01f7 08       		.uleb128 0x8
 277 01f8 9A050000 		.4byte	.LASF42
 278 01fc 05       		.byte	0x5
 279 01fd 4001     		.2byte	0x140
 280 01ff FD000000 		.4byte	0xfd
 281 0203 34       		.byte	0x34
 282 0204 08       		.uleb128 0x8
 283 0205 81040000 		.4byte	.LASF43
 284 0209 05       		.byte	0x5
 285 020a 4601     		.2byte	0x146
ARM GAS  /var/folders/m4/4md61f0s1_g0rzfghffqnxvr0000gn/T//ccmZ9tMA.s 			page 6


 286 020c 08010000 		.4byte	0x108
 287 0210 38       		.byte	0x38
 288 0211 08       		.uleb128 0x8
 289 0212 20040000 		.4byte	.LASF44
 290 0216 05       		.byte	0x5
 291 0217 4D01     		.2byte	0x14d
 292 0219 BC060000 		.4byte	0x6bc
 293 021d 3C       		.byte	0x3c
 294 021e 08       		.uleb128 0x8
 295 021f E5040000 		.4byte	.LASF45
 296 0223 05       		.byte	0x5
 297 0224 5101     		.2byte	0x151
 298 0226 F2000000 		.4byte	0xf2
 299 022a 40       		.byte	0x40
 300 022b 08       		.uleb128 0x8
 301 022c C8000000 		.4byte	.LASF46
 302 0230 05       		.byte	0x5
 303 0231 5801     		.2byte	0x158
 304 0233 21030000 		.4byte	0x321
 305 0237 44       		.byte	0x44
 306 0238 00       		.byte	0
 307 0239 04       		.uleb128 0x4
 308 023a 45020000 		.4byte	.LASF47
 309 023e 04       		.byte	0x4
 310 023f 44       		.byte	0x44
 311 0240 44020000 		.4byte	0x244
 312 0244 09       		.uleb128 0x9
 313 0245 04       		.byte	0x4
 314 0246 29010000 		.4byte	0x129
 315 024a 04       		.uleb128 0x4
 316 024b 23020000 		.4byte	.LASF48
 317 024f 04       		.byte	0x4
 318 0250 49       		.byte	0x49
 319 0251 55020000 		.4byte	0x255
 320 0255 05       		.uleb128 0x5
 321 0256 A4040000 		.4byte	.LASF50
 322 025a 04       		.byte	0x4
 323 025b 05       		.byte	0x5
 324 025c B0       		.byte	0xb0
 325 025d 6E020000 		.4byte	0x26e
 326 0261 06       		.uleb128 0x6
 327 0262 54040000 		.4byte	.LASF28
 328 0266 05       		.byte	0x5
 329 0267 B1       		.byte	0xb1
 330 0268 44020000 		.4byte	0x244
 331 026c 00       		.byte	0
 332 026d 00       		.byte	0
 333 026e 04       		.uleb128 0x4
 334 026f 2C050000 		.4byte	.LASF51
 335 0273 04       		.byte	0x4
 336 0274 50       		.byte	0x50
 337 0275 79020000 		.4byte	0x279
 338 0279 05       		.uleb128 0x5
 339 027a 96000000 		.4byte	.LASF52
 340 027e 08       		.byte	0x8
 341 027f 05       		.byte	0x5
 342 0280 B7       		.byte	0xb7
ARM GAS  /var/folders/m4/4md61f0s1_g0rzfghffqnxvr0000gn/T//ccmZ9tMA.s 			page 7


 343 0281 9E020000 		.4byte	0x29e
 344 0285 06       		.uleb128 0x6
 345 0286 54040000 		.4byte	.LASF28
 346 028a 05       		.byte	0x5
 347 028b B8       		.byte	0xb8
 348 028c 44020000 		.4byte	0x244
 349 0290 00       		.byte	0
 350 0291 06       		.uleb128 0x6
 351 0292 E5030000 		.4byte	.LASF29
 352 0296 05       		.byte	0x5
 353 0297 B9       		.byte	0xb9
 354 0298 44020000 		.4byte	0x244
 355 029c 04       		.byte	0x4
 356 029d 00       		.byte	0
 357 029e 04       		.uleb128 0x4
 358 029f 00000000 		.4byte	.LASF53
 359 02a3 04       		.byte	0x4
 360 02a4 57       		.byte	0x57
 361 02a5 A9020000 		.4byte	0x2a9
 362 02a9 0A       		.uleb128 0xa
 363 02aa F4010000 		.4byte	.LASF54
 364 02ae 1C       		.byte	0x1c
 365 02af 05       		.byte	0x5
 366 02b0 9001     		.2byte	0x190
 367 02b2 05030000 		.4byte	0x305
 368 02b6 08       		.uleb128 0x8
 369 02b7 9C040000 		.4byte	.LASF55
 370 02bb 05       		.byte	0x5
 371 02bc 9101     		.2byte	0x191
 372 02be 6E020000 		.4byte	0x26e
 373 02c2 00       		.byte	0
 374 02c3 08       		.uleb128 0x8
 375 02c4 46040000 		.4byte	.LASF56
 376 02c8 05       		.byte	0x5
 377 02c9 9201     		.2byte	0x192
 378 02cb F2000000 		.4byte	0xf2
 379 02cf 08       		.byte	0x8
 380 02d0 08       		.uleb128 0x8
 381 02d1 99030000 		.4byte	.LASF57
 382 02d5 05       		.byte	0x5
 383 02d6 9401     		.2byte	0x194
 384 02d8 74040000 		.4byte	0x474
 385 02dc 0C       		.byte	0xc
 386 02dd 08       		.uleb128 0x8
 387 02de 15010000 		.4byte	.LASF58
 388 02e2 05       		.byte	0x5
 389 02e3 9701     		.2byte	0x197
 390 02e5 44020000 		.4byte	0x244
 391 02e9 10       		.byte	0x10
 392 02ea 08       		.uleb128 0x8
 393 02eb BA030000 		.4byte	.LASF59
 394 02ef 05       		.byte	0x5
 395 02f0 9801     		.2byte	0x198
 396 02f2 44020000 		.4byte	0x244
 397 02f6 14       		.byte	0x14
 398 02f7 08       		.uleb128 0x8
 399 02f8 B0030000 		.4byte	.LASF60
ARM GAS  /var/folders/m4/4md61f0s1_g0rzfghffqnxvr0000gn/T//ccmZ9tMA.s 			page 8


 400 02fc 05       		.byte	0x5
 401 02fd 9B01     		.2byte	0x19b
 402 02ff 44020000 		.4byte	0x244
 403 0303 18       		.byte	0x18
 404 0304 00       		.byte	0
 405 0305 04       		.uleb128 0x4
 406 0306 F0040000 		.4byte	.LASF61
 407 030a 04       		.byte	0x4
 408 030b 5C       		.byte	0x5c
 409 030c 10030000 		.4byte	0x310
 410 0310 09       		.uleb128 0x9
 411 0311 04       		.byte	0x4
 412 0312 16030000 		.4byte	0x316
 413 0316 0B       		.uleb128 0xb
 414 0317 21030000 		.4byte	0x321
 415 031b 0C       		.uleb128 0xc
 416 031c 21030000 		.4byte	0x321
 417 0320 00       		.byte	0
 418 0321 0D       		.uleb128 0xd
 419 0322 04       		.byte	0x4
 420 0323 04       		.uleb128 0x4
 421 0324 D5030000 		.4byte	.LASF62
 422 0328 04       		.byte	0x4
 423 0329 61       		.byte	0x61
 424 032a 2E030000 		.4byte	0x32e
 425 032e 0A       		.uleb128 0xa
 426 032f 63040000 		.4byte	.LASF63
 427 0333 14       		.byte	0x14
 428 0334 05       		.byte	0x5
 429 0335 6B01     		.2byte	0x16b
 430 0337 7D030000 		.4byte	0x37d
 431 033b 08       		.uleb128 0x8
 432 033c 58010000 		.4byte	.LASF64
 433 0340 05       		.byte	0x5
 434 0341 6C01     		.2byte	0x16c
 435 0343 D9060000 		.4byte	0x6d9
 436 0347 00       		.byte	0
 437 0348 08       		.uleb128 0x8
 438 0349 26010000 		.4byte	.LASF65
 439 034d 05       		.byte	0x5
 440 034e 6D01     		.2byte	0x16d
 441 0350 D9060000 		.4byte	0x6d9
 442 0354 04       		.byte	0x4
 443 0355 08       		.uleb128 0x8
 444 0356 6E010000 		.4byte	.LASF66
 445 035a 05       		.byte	0x5
 446 035b 6E01     		.2byte	0x16e
 447 035d 1E010000 		.4byte	0x11e
 448 0361 08       		.byte	0x8
 449 0362 08       		.uleb128 0x8
 450 0363 AE050000 		.4byte	.LASF67
 451 0367 05       		.byte	0x5
 452 0368 6F01     		.2byte	0x16f
 453 036a 05030000 		.4byte	0x305
 454 036e 0C       		.byte	0xc
 455 036f 08       		.uleb128 0x8
 456 0370 25050000 		.4byte	.LASF68
ARM GAS  /var/folders/m4/4md61f0s1_g0rzfghffqnxvr0000gn/T//ccmZ9tMA.s 			page 9


 457 0374 05       		.byte	0x5
 458 0375 7101     		.2byte	0x171
 459 0377 21030000 		.4byte	0x321
 460 037b 10       		.byte	0x10
 461 037c 00       		.byte	0
 462 037d 04       		.uleb128 0x4
 463 037e 73000000 		.4byte	.LASF69
 464 0382 04       		.byte	0x4
 465 0383 66       		.byte	0x66
 466 0384 88030000 		.4byte	0x388
 467 0388 0A       		.uleb128 0xa
 468 0389 58020000 		.4byte	.LASF70
 469 038d 10       		.byte	0x10
 470 038e 05       		.byte	0x5
 471 038f 7B01     		.2byte	0x17b
 472 0391 CA030000 		.4byte	0x3ca
 473 0395 08       		.uleb128 0x8
 474 0396 58010000 		.4byte	.LASF64
 475 039a 05       		.byte	0x5
 476 039b 7C01     		.2byte	0x17c
 477 039d D9060000 		.4byte	0x6d9
 478 03a1 00       		.byte	0
 479 03a2 08       		.uleb128 0x8
 480 03a3 26010000 		.4byte	.LASF65
 481 03a7 05       		.byte	0x5
 482 03a8 7E01     		.2byte	0x17e
 483 03aa D9060000 		.4byte	0x6d9
 484 03ae 04       		.byte	0x4
 485 03af 08       		.uleb128 0x8
 486 03b0 6E010000 		.4byte	.LASF66
 487 03b4 05       		.byte	0x5
 488 03b5 8001     		.2byte	0x180
 489 03b7 1E010000 		.4byte	0x11e
 490 03bb 08       		.byte	0x8
 491 03bc 08       		.uleb128 0x8
 492 03bd 8F050000 		.4byte	.LASF71
 493 03c1 05       		.byte	0x5
 494 03c2 8201     		.2byte	0x182
 495 03c4 D4060000 		.4byte	0x6d4
 496 03c8 0C       		.byte	0xc
 497 03c9 00       		.byte	0
 498 03ca 04       		.uleb128 0x4
 499 03cb 39000000 		.4byte	.LASF72
 500 03cf 04       		.byte	0x4
 501 03d0 6B       		.byte	0x6b
 502 03d1 D5030000 		.4byte	0x3d5
 503 03d5 0A       		.uleb128 0xa
 504 03d6 F4030000 		.4byte	.LASF73
 505 03da 04       		.byte	0x4
 506 03db 05       		.byte	0x5
 507 03dc A201     		.2byte	0x1a2
 508 03de F0030000 		.4byte	0x3f0
 509 03e2 08       		.uleb128 0x8
 510 03e3 04050000 		.4byte	.LASF74
 511 03e7 05       		.byte	0x5
 512 03e8 AA01     		.2byte	0x1aa
 513 03ea DF060000 		.4byte	0x6df
ARM GAS  /var/folders/m4/4md61f0s1_g0rzfghffqnxvr0000gn/T//ccmZ9tMA.s 			page 10


 514 03ee 00       		.byte	0
 515 03ef 00       		.byte	0
 516 03f0 04       		.uleb128 0x4
 517 03f1 E0010000 		.4byte	.LASF75
 518 03f5 04       		.byte	0x4
 519 03f6 70       		.byte	0x70
 520 03f7 FB030000 		.4byte	0x3fb
 521 03fb 0E       		.uleb128 0xe
 522 03fc E9000000 		.4byte	.LASF76
 523 0400 5802     		.2byte	0x258
 524 0402 05       		.byte	0x5
 525 0403 C201     		.2byte	0x1c2
 526 0405 57040000 		.4byte	0x457
 527 0409 08       		.uleb128 0x8
 528 040a 73050000 		.4byte	.LASF77
 529 040e 05       		.byte	0x5
 530 040f C601     		.2byte	0x1c6
 531 0411 9E020000 		.4byte	0x29e
 532 0415 00       		.byte	0
 533 0416 08       		.uleb128 0x8
 534 0417 D8000000 		.4byte	.LASF78
 535 041b 05       		.byte	0x5
 536 041c CA01     		.2byte	0x1ca
 537 041e 7D030000 		.4byte	0x37d
 538 0422 1C       		.byte	0x1c
 539 0423 07       		.uleb128 0x7
 540 0424 64626700 		.ascii	"dbg\000"
 541 0428 05       		.byte	0x5
 542 0429 CE01     		.2byte	0x1ce
 543 042b CA030000 		.4byte	0x3ca
 544 042f 2C       		.byte	0x2c
 545 0430 08       		.uleb128 0x8
 546 0431 68000000 		.4byte	.LASF79
 547 0435 05       		.byte	0x5
 548 0436 D201     		.2byte	0x1d2
 549 0438 29010000 		.4byte	0x129
 550 043c 30       		.byte	0x30
 551 043d 07       		.uleb128 0x7
 552 043e 746D00   		.ascii	"tm\000"
 553 0441 05       		.byte	0x5
 554 0442 D701     		.2byte	0x1d7
 555 0444 F2050000 		.4byte	0x5f2
 556 0448 78       		.byte	0x78
 557 0449 08       		.uleb128 0x8
 558 044a 36010000 		.4byte	.LASF80
 559 044e 05       		.byte	0x5
 560 044f E301     		.2byte	0x1e3
 561 0451 E4060000 		.4byte	0x6e4
 562 0455 80       		.byte	0x80
 563 0456 00       		.byte	0
 564 0457 03       		.uleb128 0x3
 565 0458 04       		.byte	0x4
 566 0459 07       		.byte	0x7
 567 045a 3C020000 		.4byte	.LASF81
 568 045e 04       		.uleb128 0x4
 569 045f 1D010000 		.4byte	.LASF82
 570 0463 06       		.byte	0x6
ARM GAS  /var/folders/m4/4md61f0s1_g0rzfghffqnxvr0000gn/T//ccmZ9tMA.s 			page 11


 571 0464 65       		.byte	0x65
 572 0465 21030000 		.4byte	0x321
 573 0469 04       		.uleb128 0x4
 574 046a 18020000 		.4byte	.LASF83
 575 046e 06       		.byte	0x6
 576 046f 6D       		.byte	0x6d
 577 0470 B0000000 		.4byte	0xb0
 578 0474 05       		.uleb128 0x5
 579 0475 15050000 		.4byte	.LASF84
 580 0479 04       		.byte	0x4
 581 047a 06       		.byte	0x6
 582 047b 89       		.byte	0x89
 583 047c 8D040000 		.4byte	0x48d
 584 0480 0F       		.uleb128 0xf
 585 0481 72313300 		.ascii	"r13\000"
 586 0485 06       		.byte	0x6
 587 0486 8A       		.byte	0x8a
 588 0487 D7050000 		.4byte	0x5d7
 589 048b 00       		.byte	0
 590 048c 00       		.byte	0
 591 048d 05       		.uleb128 0x5
 592 048e 2D000000 		.4byte	.LASF85
 593 0492 64       		.byte	0x64
 594 0493 07       		.byte	0x7
 595 0494 FD       		.byte	0xfd
 596 0495 D7050000 		.4byte	0x5d7
 597 0499 0F       		.uleb128 0xf
 598 049a 73313600 		.ascii	"s16\000"
 599 049e 07       		.byte	0x7
 600 049f FF       		.byte	0xff
 601 04a0 5E040000 		.4byte	0x45e
 602 04a4 00       		.byte	0
 603 04a5 07       		.uleb128 0x7
 604 04a6 73313700 		.ascii	"s17\000"
 605 04aa 07       		.byte	0x7
 606 04ab 0001     		.2byte	0x100
 607 04ad 5E040000 		.4byte	0x45e
 608 04b1 04       		.byte	0x4
 609 04b2 07       		.uleb128 0x7
 610 04b3 73313800 		.ascii	"s18\000"
 611 04b7 07       		.byte	0x7
 612 04b8 0101     		.2byte	0x101
 613 04ba 5E040000 		.4byte	0x45e
 614 04be 08       		.byte	0x8
 615 04bf 07       		.uleb128 0x7
 616 04c0 73313900 		.ascii	"s19\000"
 617 04c4 07       		.byte	0x7
 618 04c5 0201     		.2byte	0x102
 619 04c7 5E040000 		.4byte	0x45e
 620 04cb 0C       		.byte	0xc
 621 04cc 07       		.uleb128 0x7
 622 04cd 73323000 		.ascii	"s20\000"
 623 04d1 07       		.byte	0x7
 624 04d2 0301     		.2byte	0x103
 625 04d4 5E040000 		.4byte	0x45e
 626 04d8 10       		.byte	0x10
 627 04d9 07       		.uleb128 0x7
ARM GAS  /var/folders/m4/4md61f0s1_g0rzfghffqnxvr0000gn/T//ccmZ9tMA.s 			page 12


 628 04da 73323100 		.ascii	"s21\000"
 629 04de 07       		.byte	0x7
 630 04df 0401     		.2byte	0x104
 631 04e1 5E040000 		.4byte	0x45e
 632 04e5 14       		.byte	0x14
 633 04e6 07       		.uleb128 0x7
 634 04e7 73323200 		.ascii	"s22\000"
 635 04eb 07       		.byte	0x7
 636 04ec 0501     		.2byte	0x105
 637 04ee 5E040000 		.4byte	0x45e
 638 04f2 18       		.byte	0x18
 639 04f3 07       		.uleb128 0x7
 640 04f4 73323300 		.ascii	"s23\000"
 641 04f8 07       		.byte	0x7
 642 04f9 0601     		.2byte	0x106
 643 04fb 5E040000 		.4byte	0x45e
 644 04ff 1C       		.byte	0x1c
 645 0500 07       		.uleb128 0x7
 646 0501 73323400 		.ascii	"s24\000"
 647 0505 07       		.byte	0x7
 648 0506 0701     		.2byte	0x107
 649 0508 5E040000 		.4byte	0x45e
 650 050c 20       		.byte	0x20
 651 050d 07       		.uleb128 0x7
 652 050e 73323500 		.ascii	"s25\000"
 653 0512 07       		.byte	0x7
 654 0513 0801     		.2byte	0x108
 655 0515 5E040000 		.4byte	0x45e
 656 0519 24       		.byte	0x24
 657 051a 07       		.uleb128 0x7
 658 051b 73323600 		.ascii	"s26\000"
 659 051f 07       		.byte	0x7
 660 0520 0901     		.2byte	0x109
 661 0522 5E040000 		.4byte	0x45e
 662 0526 28       		.byte	0x28
 663 0527 07       		.uleb128 0x7
 664 0528 73323700 		.ascii	"s27\000"
 665 052c 07       		.byte	0x7
 666 052d 0A01     		.2byte	0x10a
 667 052f 5E040000 		.4byte	0x45e
 668 0533 2C       		.byte	0x2c
 669 0534 07       		.uleb128 0x7
 670 0535 73323800 		.ascii	"s28\000"
 671 0539 07       		.byte	0x7
 672 053a 0B01     		.2byte	0x10b
 673 053c 5E040000 		.4byte	0x45e
 674 0540 30       		.byte	0x30
 675 0541 07       		.uleb128 0x7
 676 0542 73323900 		.ascii	"s29\000"
 677 0546 07       		.byte	0x7
 678 0547 0C01     		.2byte	0x10c
 679 0549 5E040000 		.4byte	0x45e
 680 054d 34       		.byte	0x34
 681 054e 07       		.uleb128 0x7
 682 054f 73333000 		.ascii	"s30\000"
 683 0553 07       		.byte	0x7
 684 0554 0D01     		.2byte	0x10d
ARM GAS  /var/folders/m4/4md61f0s1_g0rzfghffqnxvr0000gn/T//ccmZ9tMA.s 			page 13


 685 0556 5E040000 		.4byte	0x45e
 686 055a 38       		.byte	0x38
 687 055b 07       		.uleb128 0x7
 688 055c 73333100 		.ascii	"s31\000"
 689 0560 07       		.byte	0x7
 690 0561 0E01     		.2byte	0x10e
 691 0563 5E040000 		.4byte	0x45e
 692 0567 3C       		.byte	0x3c
 693 0568 07       		.uleb128 0x7
 694 0569 723400   		.ascii	"r4\000"
 695 056c 07       		.byte	0x7
 696 056d 1001     		.2byte	0x110
 697 056f 5E040000 		.4byte	0x45e
 698 0573 40       		.byte	0x40
 699 0574 07       		.uleb128 0x7
 700 0575 723500   		.ascii	"r5\000"
 701 0578 07       		.byte	0x7
 702 0579 1101     		.2byte	0x111
 703 057b 5E040000 		.4byte	0x45e
 704 057f 44       		.byte	0x44
 705 0580 07       		.uleb128 0x7
 706 0581 723600   		.ascii	"r6\000"
 707 0584 07       		.byte	0x7
 708 0585 1201     		.2byte	0x112
 709 0587 5E040000 		.4byte	0x45e
 710 058b 48       		.byte	0x48
 711 058c 07       		.uleb128 0x7
 712 058d 723700   		.ascii	"r7\000"
 713 0590 07       		.byte	0x7
 714 0591 1301     		.2byte	0x113
 715 0593 5E040000 		.4byte	0x45e
 716 0597 4C       		.byte	0x4c
 717 0598 07       		.uleb128 0x7
 718 0599 723800   		.ascii	"r8\000"
 719 059c 07       		.byte	0x7
 720 059d 1401     		.2byte	0x114
 721 059f 5E040000 		.4byte	0x45e
 722 05a3 50       		.byte	0x50
 723 05a4 07       		.uleb128 0x7
 724 05a5 723900   		.ascii	"r9\000"
 725 05a8 07       		.byte	0x7
 726 05a9 1501     		.2byte	0x115
 727 05ab 5E040000 		.4byte	0x45e
 728 05af 54       		.byte	0x54
 729 05b0 07       		.uleb128 0x7
 730 05b1 72313000 		.ascii	"r10\000"
 731 05b5 07       		.byte	0x7
 732 05b6 1601     		.2byte	0x116
 733 05b8 5E040000 		.4byte	0x45e
 734 05bc 58       		.byte	0x58
 735 05bd 07       		.uleb128 0x7
 736 05be 72313100 		.ascii	"r11\000"
 737 05c2 07       		.byte	0x7
 738 05c3 1701     		.2byte	0x117
 739 05c5 5E040000 		.4byte	0x45e
 740 05c9 5C       		.byte	0x5c
 741 05ca 07       		.uleb128 0x7
ARM GAS  /var/folders/m4/4md61f0s1_g0rzfghffqnxvr0000gn/T//ccmZ9tMA.s 			page 14


 742 05cb 6C7200   		.ascii	"lr\000"
 743 05ce 07       		.byte	0x7
 744 05cf 1801     		.2byte	0x118
 745 05d1 5E040000 		.4byte	0x45e
 746 05d5 60       		.byte	0x60
 747 05d6 00       		.byte	0
 748 05d7 09       		.uleb128 0x9
 749 05d8 04       		.byte	0x4
 750 05d9 8D040000 		.4byte	0x48d
 751 05dd 10       		.uleb128 0x10
 752 05de 04       		.byte	0x4
 753 05df 08       		.byte	0x8
 754 05e0 38       		.byte	0x38
 755 05e1 F2050000 		.4byte	0x5f2
 756 05e5 06       		.uleb128 0x6
 757 05e6 0E050000 		.4byte	.LASF86
 758 05ea 08       		.byte	0x8
 759 05eb 3C       		.byte	0x3c
 760 05ec BB000000 		.4byte	0xbb
 761 05f0 00       		.byte	0
 762 05f1 00       		.byte	0
 763 05f2 04       		.uleb128 0x4
 764 05f3 9F030000 		.4byte	.LASF87
 765 05f7 08       		.byte	0x8
 766 05f8 3D       		.byte	0x3d
 767 05f9 DD050000 		.4byte	0x5dd
 768 05fd 11       		.uleb128 0x11
 769 05fe 04       		.byte	0x4
 770 05ff 05       		.byte	0x5
 771 0600 FA       		.byte	0xfa
 772 0601 5A060000 		.4byte	0x65a
 773 0605 12       		.uleb128 0x12
 774 0606 13000000 		.4byte	.LASF88
 775 060a 05       		.byte	0x5
 776 060b 0101     		.2byte	0x101
 777 060d FD000000 		.4byte	0xfd
 778 0611 12       		.uleb128 0x12
 779 0612 5F000000 		.4byte	.LASF89
 780 0616 05       		.byte	0x5
 781 0617 0801     		.2byte	0x108
 782 0619 FD000000 		.4byte	0xfd
 783 061d 12       		.uleb128 0x12
 784 061e 81050000 		.4byte	.LASF90
 785 0622 05       		.byte	0x5
 786 0623 0F01     		.2byte	0x10f
 787 0625 21030000 		.4byte	0x321
 788 0629 12       		.uleb128 0x12
 789 062a 0D000000 		.4byte	.LASF91
 790 062e 05       		.byte	0x5
 791 062f 1601     		.2byte	0x116
 792 0631 5A060000 		.4byte	0x65a
 793 0635 12       		.uleb128 0x12
 794 0636 67010000 		.4byte	.LASF92
 795 063a 05       		.byte	0x5
 796 063b 1E01     		.2byte	0x11e
 797 063d 85060000 		.4byte	0x685
 798 0641 12       		.uleb128 0x12
ARM GAS  /var/folders/m4/4md61f0s1_g0rzfghffqnxvr0000gn/T//ccmZ9tMA.s 			page 15


 799 0642 95040000 		.4byte	.LASF93
 800 0646 05       		.byte	0x5
 801 0647 2701     		.2byte	0x127
 802 0649 BC060000 		.4byte	0x6bc
 803 064d 12       		.uleb128 0x12
 804 064e 4D040000 		.4byte	.LASF94
 805 0652 05       		.byte	0x5
 806 0653 2F01     		.2byte	0x12f
 807 0655 08010000 		.4byte	0x108
 808 0659 00       		.byte	0
 809 065a 09       		.uleb128 0x9
 810 065b 04       		.byte	0x4
 811 065c 39020000 		.4byte	0x239
 812 0660 05       		.uleb128 0x5
 813 0661 74040000 		.4byte	.LASF95
 814 0665 0C       		.byte	0xc
 815 0666 09       		.byte	0x9
 816 0667 34       		.byte	0x34
 817 0668 85060000 		.4byte	0x685
 818 066c 06       		.uleb128 0x6
 819 066d 0D010000 		.4byte	.LASF96
 820 0671 09       		.byte	0x9
 821 0672 35       		.byte	0x35
 822 0673 6E020000 		.4byte	0x26e
 823 0677 00       		.byte	0
 824 0678 06       		.uleb128 0x6
 825 0679 82010000 		.4byte	.LASF97
 826 067d 09       		.byte	0x9
 827 067e 37       		.byte	0x37
 828 067f 13010000 		.4byte	0x113
 829 0683 08       		.byte	0x8
 830 0684 00       		.byte	0
 831 0685 09       		.uleb128 0x9
 832 0686 04       		.byte	0x4
 833 0687 60060000 		.4byte	0x660
 834 068b 05       		.uleb128 0x5
 835 068c 3C050000 		.4byte	.LASF98
 836 0690 10       		.byte	0x10
 837 0691 0A       		.byte	0xa
 838 0692 39       		.byte	0x39
 839 0693 BC060000 		.4byte	0x6bc
 840 0697 06       		.uleb128 0x6
 841 0698 D0000000 		.4byte	.LASF99
 842 069c 0A       		.byte	0xa
 843 069d 3A       		.byte	0x3a
 844 069e 6E020000 		.4byte	0x26e
 845 06a2 00       		.byte	0
 846 06a3 06       		.uleb128 0x6
 847 06a4 A0050000 		.4byte	.LASF100
 848 06a8 0A       		.byte	0xa
 849 06a9 3C       		.byte	0x3c
 850 06aa 44020000 		.4byte	0x244
 851 06ae 08       		.byte	0x8
 852 06af 06       		.uleb128 0x6
 853 06b0 D4040000 		.4byte	.LASF101
 854 06b4 0A       		.byte	0xa
 855 06b5 3E       		.byte	0x3e
ARM GAS  /var/folders/m4/4md61f0s1_g0rzfghffqnxvr0000gn/T//ccmZ9tMA.s 			page 16


 856 06b6 FF060000 		.4byte	0x6ff
 857 06ba 0C       		.byte	0xc
 858 06bb 00       		.byte	0
 859 06bc 09       		.uleb128 0x9
 860 06bd 04       		.byte	0x4
 861 06be 8B060000 		.4byte	0x68b
 862 06c2 09       		.uleb128 0x9
 863 06c3 04       		.byte	0x4
 864 06c4 CF060000 		.4byte	0x6cf
 865 06c8 03       		.uleb128 0x3
 866 06c9 01       		.byte	0x1
 867 06ca 08       		.byte	0x8
 868 06cb C6040000 		.4byte	.LASF102
 869 06cf 13       		.uleb128 0x13
 870 06d0 C8060000 		.4byte	0x6c8
 871 06d4 14       		.uleb128 0x14
 872 06d5 1E010000 		.4byte	0x11e
 873 06d9 09       		.uleb128 0x9
 874 06da 04       		.byte	0x4
 875 06db 23030000 		.4byte	0x323
 876 06df 14       		.uleb128 0x14
 877 06e0 C2060000 		.4byte	0x6c2
 878 06e4 15       		.uleb128 0x15
 879 06e5 69040000 		.4byte	0x469
 880 06e9 F4060000 		.4byte	0x6f4
 881 06ed 16       		.uleb128 0x16
 882 06ee 57040000 		.4byte	0x457
 883 06f2 3A       		.byte	0x3a
 884 06f3 00       		.byte	0
 885 06f4 04       		.uleb128 0x4
 886 06f5 2E010000 		.4byte	.LASF103
 887 06f9 0A       		.byte	0xa
 888 06fa 34       		.byte	0x34
 889 06fb 8B060000 		.4byte	0x68b
 890 06ff 09       		.uleb128 0x9
 891 0700 04       		.byte	0x4
 892 0701 F4060000 		.4byte	0x6f4
 893 0705 03       		.uleb128 0x3
 894 0706 01       		.byte	0x1
 895 0707 02       		.byte	0x2
 896 0708 04040000 		.4byte	.LASF104
 897 070c 17       		.uleb128 0x17
 898 070d 89000000 		.4byte	.LASF105
 899 0711 0B       		.byte	0xb
 900 0712 FA06     		.2byte	0x6fa
 901 0714 18070000 		.4byte	0x718
 902 0718 14       		.uleb128 0x14
 903 0719 9A000000 		.4byte	0x9a
 904 071d 18       		.uleb128 0x18
 905 071e 636800   		.ascii	"ch\000"
 906 0721 05       		.byte	0x5
 907 0722 0902     		.2byte	0x209
 908 0724 F0030000 		.4byte	0x3f0
 909 0728 00       		.byte	0
 910              		.section	.debug_abbrev,"",%progbits
 911              	.Ldebug_abbrev0:
 912 0000 01       		.uleb128 0x1
ARM GAS  /var/folders/m4/4md61f0s1_g0rzfghffqnxvr0000gn/T//ccmZ9tMA.s 			page 17


 913 0001 11       		.uleb128 0x11
 914 0002 01       		.byte	0x1
 915 0003 25       		.uleb128 0x25
 916 0004 0E       		.uleb128 0xe
 917 0005 13       		.uleb128 0x13
 918 0006 0B       		.uleb128 0xb
 919 0007 03       		.uleb128 0x3
 920 0008 0E       		.uleb128 0xe
 921 0009 1B       		.uleb128 0x1b
 922 000a 0E       		.uleb128 0xe
 923 000b 10       		.uleb128 0x10
 924 000c 17       		.uleb128 0x17
 925 000d 00       		.byte	0
 926 000e 00       		.byte	0
 927 000f 02       		.uleb128 0x2
 928 0010 24       		.uleb128 0x24
 929 0011 00       		.byte	0
 930 0012 0B       		.uleb128 0xb
 931 0013 0B       		.uleb128 0xb
 932 0014 3E       		.uleb128 0x3e
 933 0015 0B       		.uleb128 0xb
 934 0016 03       		.uleb128 0x3
 935 0017 08       		.uleb128 0x8
 936 0018 00       		.byte	0
 937 0019 00       		.byte	0
 938 001a 03       		.uleb128 0x3
 939 001b 24       		.uleb128 0x24
 940 001c 00       		.byte	0
 941 001d 0B       		.uleb128 0xb
 942 001e 0B       		.uleb128 0xb
 943 001f 3E       		.uleb128 0x3e
 944 0020 0B       		.uleb128 0xb
 945 0021 03       		.uleb128 0x3
 946 0022 0E       		.uleb128 0xe
 947 0023 00       		.byte	0
 948 0024 00       		.byte	0
 949 0025 04       		.uleb128 0x4
 950 0026 16       		.uleb128 0x16
 951 0027 00       		.byte	0
 952 0028 03       		.uleb128 0x3
 953 0029 0E       		.uleb128 0xe
 954 002a 3A       		.uleb128 0x3a
 955 002b 0B       		.uleb128 0xb
 956 002c 3B       		.uleb128 0x3b
 957 002d 0B       		.uleb128 0xb
 958 002e 49       		.uleb128 0x49
 959 002f 13       		.uleb128 0x13
 960 0030 00       		.byte	0
 961 0031 00       		.byte	0
 962 0032 05       		.uleb128 0x5
 963 0033 13       		.uleb128 0x13
 964 0034 01       		.byte	0x1
 965 0035 03       		.uleb128 0x3
 966 0036 0E       		.uleb128 0xe
 967 0037 0B       		.uleb128 0xb
 968 0038 0B       		.uleb128 0xb
 969 0039 3A       		.uleb128 0x3a
ARM GAS  /var/folders/m4/4md61f0s1_g0rzfghffqnxvr0000gn/T//ccmZ9tMA.s 			page 18


 970 003a 0B       		.uleb128 0xb
 971 003b 3B       		.uleb128 0x3b
 972 003c 0B       		.uleb128 0xb
 973 003d 01       		.uleb128 0x1
 974 003e 13       		.uleb128 0x13
 975 003f 00       		.byte	0
 976 0040 00       		.byte	0
 977 0041 06       		.uleb128 0x6
 978 0042 0D       		.uleb128 0xd
 979 0043 00       		.byte	0
 980 0044 03       		.uleb128 0x3
 981 0045 0E       		.uleb128 0xe
 982 0046 3A       		.uleb128 0x3a
 983 0047 0B       		.uleb128 0xb
 984 0048 3B       		.uleb128 0x3b
 985 0049 0B       		.uleb128 0xb
 986 004a 49       		.uleb128 0x49
 987 004b 13       		.uleb128 0x13
 988 004c 38       		.uleb128 0x38
 989 004d 0B       		.uleb128 0xb
 990 004e 00       		.byte	0
 991 004f 00       		.byte	0
 992 0050 07       		.uleb128 0x7
 993 0051 0D       		.uleb128 0xd
 994 0052 00       		.byte	0
 995 0053 03       		.uleb128 0x3
 996 0054 08       		.uleb128 0x8
 997 0055 3A       		.uleb128 0x3a
 998 0056 0B       		.uleb128 0xb
 999 0057 3B       		.uleb128 0x3b
 1000 0058 05       		.uleb128 0x5
 1001 0059 49       		.uleb128 0x49
 1002 005a 13       		.uleb128 0x13
 1003 005b 38       		.uleb128 0x38
 1004 005c 0B       		.uleb128 0xb
 1005 005d 00       		.byte	0
 1006 005e 00       		.byte	0
 1007 005f 08       		.uleb128 0x8
 1008 0060 0D       		.uleb128 0xd
 1009 0061 00       		.byte	0
 1010 0062 03       		.uleb128 0x3
 1011 0063 0E       		.uleb128 0xe
 1012 0064 3A       		.uleb128 0x3a
 1013 0065 0B       		.uleb128 0xb
 1014 0066 3B       		.uleb128 0x3b
 1015 0067 05       		.uleb128 0x5
 1016 0068 49       		.uleb128 0x49
 1017 0069 13       		.uleb128 0x13
 1018 006a 38       		.uleb128 0x38
 1019 006b 0B       		.uleb128 0xb
 1020 006c 00       		.byte	0
 1021 006d 00       		.byte	0
 1022 006e 09       		.uleb128 0x9
 1023 006f 0F       		.uleb128 0xf
 1024 0070 00       		.byte	0
 1025 0071 0B       		.uleb128 0xb
 1026 0072 0B       		.uleb128 0xb
ARM GAS  /var/folders/m4/4md61f0s1_g0rzfghffqnxvr0000gn/T//ccmZ9tMA.s 			page 19


 1027 0073 49       		.uleb128 0x49
 1028 0074 13       		.uleb128 0x13
 1029 0075 00       		.byte	0
 1030 0076 00       		.byte	0
 1031 0077 0A       		.uleb128 0xa
 1032 0078 13       		.uleb128 0x13
 1033 0079 01       		.byte	0x1
 1034 007a 03       		.uleb128 0x3
 1035 007b 0E       		.uleb128 0xe
 1036 007c 0B       		.uleb128 0xb
 1037 007d 0B       		.uleb128 0xb
 1038 007e 3A       		.uleb128 0x3a
 1039 007f 0B       		.uleb128 0xb
 1040 0080 3B       		.uleb128 0x3b
 1041 0081 05       		.uleb128 0x5
 1042 0082 01       		.uleb128 0x1
 1043 0083 13       		.uleb128 0x13
 1044 0084 00       		.byte	0
 1045 0085 00       		.byte	0
 1046 0086 0B       		.uleb128 0xb
 1047 0087 15       		.uleb128 0x15
 1048 0088 01       		.byte	0x1
 1049 0089 27       		.uleb128 0x27
 1050 008a 19       		.uleb128 0x19
 1051 008b 01       		.uleb128 0x1
 1052 008c 13       		.uleb128 0x13
 1053 008d 00       		.byte	0
 1054 008e 00       		.byte	0
 1055 008f 0C       		.uleb128 0xc
 1056 0090 05       		.uleb128 0x5
 1057 0091 00       		.byte	0
 1058 0092 49       		.uleb128 0x49
 1059 0093 13       		.uleb128 0x13
 1060 0094 00       		.byte	0
 1061 0095 00       		.byte	0
 1062 0096 0D       		.uleb128 0xd
 1063 0097 0F       		.uleb128 0xf
 1064 0098 00       		.byte	0
 1065 0099 0B       		.uleb128 0xb
 1066 009a 0B       		.uleb128 0xb
 1067 009b 00       		.byte	0
 1068 009c 00       		.byte	0
 1069 009d 0E       		.uleb128 0xe
 1070 009e 13       		.uleb128 0x13
 1071 009f 01       		.byte	0x1
 1072 00a0 03       		.uleb128 0x3
 1073 00a1 0E       		.uleb128 0xe
 1074 00a2 0B       		.uleb128 0xb
 1075 00a3 05       		.uleb128 0x5
 1076 00a4 3A       		.uleb128 0x3a
 1077 00a5 0B       		.uleb128 0xb
 1078 00a6 3B       		.uleb128 0x3b
 1079 00a7 05       		.uleb128 0x5
 1080 00a8 01       		.uleb128 0x1
 1081 00a9 13       		.uleb128 0x13
 1082 00aa 00       		.byte	0
 1083 00ab 00       		.byte	0
ARM GAS  /var/folders/m4/4md61f0s1_g0rzfghffqnxvr0000gn/T//ccmZ9tMA.s 			page 20


 1084 00ac 0F       		.uleb128 0xf
 1085 00ad 0D       		.uleb128 0xd
 1086 00ae 00       		.byte	0
 1087 00af 03       		.uleb128 0x3
 1088 00b0 08       		.uleb128 0x8
 1089 00b1 3A       		.uleb128 0x3a
 1090 00b2 0B       		.uleb128 0xb
 1091 00b3 3B       		.uleb128 0x3b
 1092 00b4 0B       		.uleb128 0xb
 1093 00b5 49       		.uleb128 0x49
 1094 00b6 13       		.uleb128 0x13
 1095 00b7 38       		.uleb128 0x38
 1096 00b8 0B       		.uleb128 0xb
 1097 00b9 00       		.byte	0
 1098 00ba 00       		.byte	0
 1099 00bb 10       		.uleb128 0x10
 1100 00bc 13       		.uleb128 0x13
 1101 00bd 01       		.byte	0x1
 1102 00be 0B       		.uleb128 0xb
 1103 00bf 0B       		.uleb128 0xb
 1104 00c0 3A       		.uleb128 0x3a
 1105 00c1 0B       		.uleb128 0xb
 1106 00c2 3B       		.uleb128 0x3b
 1107 00c3 0B       		.uleb128 0xb
 1108 00c4 01       		.uleb128 0x1
 1109 00c5 13       		.uleb128 0x13
 1110 00c6 00       		.byte	0
 1111 00c7 00       		.byte	0
 1112 00c8 11       		.uleb128 0x11
 1113 00c9 17       		.uleb128 0x17
 1114 00ca 01       		.byte	0x1
 1115 00cb 0B       		.uleb128 0xb
 1116 00cc 0B       		.uleb128 0xb
 1117 00cd 3A       		.uleb128 0x3a
 1118 00ce 0B       		.uleb128 0xb
 1119 00cf 3B       		.uleb128 0x3b
 1120 00d0 0B       		.uleb128 0xb
 1121 00d1 01       		.uleb128 0x1
 1122 00d2 13       		.uleb128 0x13
 1123 00d3 00       		.byte	0
 1124 00d4 00       		.byte	0
 1125 00d5 12       		.uleb128 0x12
 1126 00d6 0D       		.uleb128 0xd
 1127 00d7 00       		.byte	0
 1128 00d8 03       		.uleb128 0x3
 1129 00d9 0E       		.uleb128 0xe
 1130 00da 3A       		.uleb128 0x3a
 1131 00db 0B       		.uleb128 0xb
 1132 00dc 3B       		.uleb128 0x3b
 1133 00dd 05       		.uleb128 0x5
 1134 00de 49       		.uleb128 0x49
 1135 00df 13       		.uleb128 0x13
 1136 00e0 00       		.byte	0
 1137 00e1 00       		.byte	0
 1138 00e2 13       		.uleb128 0x13
 1139 00e3 26       		.uleb128 0x26
 1140 00e4 00       		.byte	0
ARM GAS  /var/folders/m4/4md61f0s1_g0rzfghffqnxvr0000gn/T//ccmZ9tMA.s 			page 21


 1141 00e5 49       		.uleb128 0x49
 1142 00e6 13       		.uleb128 0x13
 1143 00e7 00       		.byte	0
 1144 00e8 00       		.byte	0
 1145 00e9 14       		.uleb128 0x14
 1146 00ea 35       		.uleb128 0x35
 1147 00eb 00       		.byte	0
 1148 00ec 49       		.uleb128 0x49
 1149 00ed 13       		.uleb128 0x13
 1150 00ee 00       		.byte	0
 1151 00ef 00       		.byte	0
 1152 00f0 15       		.uleb128 0x15
 1153 00f1 01       		.uleb128 0x1
 1154 00f2 01       		.byte	0x1
 1155 00f3 49       		.uleb128 0x49
 1156 00f4 13       		.uleb128 0x13
 1157 00f5 01       		.uleb128 0x1
 1158 00f6 13       		.uleb128 0x13
 1159 00f7 00       		.byte	0
 1160 00f8 00       		.byte	0
 1161 00f9 16       		.uleb128 0x16
 1162 00fa 21       		.uleb128 0x21
 1163 00fb 00       		.byte	0
 1164 00fc 49       		.uleb128 0x49
 1165 00fd 13       		.uleb128 0x13
 1166 00fe 2F       		.uleb128 0x2f
 1167 00ff 0B       		.uleb128 0xb
 1168 0100 00       		.byte	0
 1169 0101 00       		.byte	0
 1170 0102 17       		.uleb128 0x17
 1171 0103 34       		.uleb128 0x34
 1172 0104 00       		.byte	0
 1173 0105 03       		.uleb128 0x3
 1174 0106 0E       		.uleb128 0xe
 1175 0107 3A       		.uleb128 0x3a
 1176 0108 0B       		.uleb128 0xb
 1177 0109 3B       		.uleb128 0x3b
 1178 010a 05       		.uleb128 0x5
 1179 010b 49       		.uleb128 0x49
 1180 010c 13       		.uleb128 0x13
 1181 010d 3F       		.uleb128 0x3f
 1182 010e 19       		.uleb128 0x19
 1183 010f 3C       		.uleb128 0x3c
 1184 0110 19       		.uleb128 0x19
 1185 0111 00       		.byte	0
 1186 0112 00       		.byte	0
 1187 0113 18       		.uleb128 0x18
 1188 0114 34       		.uleb128 0x34
 1189 0115 00       		.byte	0
 1190 0116 03       		.uleb128 0x3
 1191 0117 08       		.uleb128 0x8
 1192 0118 3A       		.uleb128 0x3a
 1193 0119 0B       		.uleb128 0xb
 1194 011a 3B       		.uleb128 0x3b
 1195 011b 05       		.uleb128 0x5
 1196 011c 49       		.uleb128 0x49
 1197 011d 13       		.uleb128 0x13
ARM GAS  /var/folders/m4/4md61f0s1_g0rzfghffqnxvr0000gn/T//ccmZ9tMA.s 			page 22


 1198 011e 3F       		.uleb128 0x3f
 1199 011f 19       		.uleb128 0x19
 1200 0120 3C       		.uleb128 0x3c
 1201 0121 19       		.uleb128 0x19
 1202 0122 00       		.byte	0
 1203 0123 00       		.byte	0
 1204 0124 00       		.byte	0
 1205              		.section	.debug_aranges,"",%progbits
 1206 0000 14000000 		.4byte	0x14
 1207 0004 0200     		.2byte	0x2
 1208 0006 00000000 		.4byte	.Ldebug_info0
 1209 000a 04       		.byte	0x4
 1210 000b 00       		.byte	0
 1211 000c 0000     		.2byte	0
 1212 000e 0000     		.2byte	0
 1213 0010 00000000 		.4byte	0
 1214 0014 00000000 		.4byte	0
 1215              		.section	.debug_line,"",%progbits
 1216              	.Ldebug_line0:
 1217 0000 34020000 		.section	.debug_str,"MS",%progbits,1
 1217      02002E02 
 1217      00000201 
 1217      FB0E0D00 
 1217      01010101 
 1218              	.LASF53:
 1219 0000 72656164 		.ascii	"ready_list_t\000"
 1219      795F6C69 
 1219      73745F74 
 1219      00
 1220              	.LASF91:
 1221 000d 77747472 		.ascii	"wttrp\000"
 1221      7000
 1222              	.LASF88:
 1223 0013 7264796D 		.ascii	"rdymsg\000"
 1223      736700
 1224              	.LASF16:
 1225 001a 75696E74 		.ascii	"uint64_t\000"
 1225      36345F74 
 1225      00
 1226              	.LASF5:
 1227 0023 5F5F7569 		.ascii	"__uint8_t\000"
 1227      6E74385F 
 1227      7400
 1228              	.LASF85:
 1229 002d 706F7274 		.ascii	"port_intctx\000"
 1229      5F696E74 
 1229      63747800 
 1230              	.LASF72:
 1231 0039 73797374 		.ascii	"system_debug_t\000"
 1231      656D5F64 
 1231      65627567 
 1231      5F7400
 1232              	.LASF12:
 1233 0048 6C6F6E67 		.ascii	"long long unsigned int\000"
 1233      206C6F6E 
 1233      6720756E 
 1233      7369676E 
ARM GAS  /var/folders/m4/4md61f0s1_g0rzfghffqnxvr0000gn/T//ccmZ9tMA.s 			page 23


 1233      65642069 
 1234              	.LASF89:
 1235 005f 65786974 		.ascii	"exitcode\000"
 1235      636F6465 
 1235      00
 1236              	.LASF79:
 1237 0068 6D61696E 		.ascii	"mainthread\000"
 1237      74687265 
 1237      616400
 1238              	.LASF69:
 1239 0073 76697274 		.ascii	"virtual_timers_list_t\000"
 1239      75616C5F 
 1239      74696D65 
 1239      72735F6C 
 1239      6973745F 
 1240              	.LASF105:
 1241 0089 49544D5F 		.ascii	"ITM_RxBuffer\000"
 1241      52784275 
 1241      66666572 
 1241      00
 1242              	.LASF52:
 1243 0096 63685F74 		.ascii	"ch_threads_queue\000"
 1243      68726561 
 1243      64735F71 
 1243      75657565 
 1243      00
 1244              	.LASF30:
 1245 00a7 705F7072 		.ascii	"p_prio\000"
 1245      696F00
 1246              	.LASF10:
 1247 00ae 6C6F6E67 		.ascii	"long long int\000"
 1247      206C6F6E 
 1247      6720696E 
 1247      7400
 1248              	.LASF1:
 1249 00bc 7369676E 		.ascii	"signed char\000"
 1249      65642063 
 1249      68617200 
 1250              	.LASF46:
 1251 00c8 705F6D70 		.ascii	"p_mpool\000"
 1251      6F6F6C00 
 1252              	.LASF99:
 1253 00d0 6D5F7175 		.ascii	"m_queue\000"
 1253      65756500 
 1254              	.LASF78:
 1255 00d8 76746C69 		.ascii	"vtlist\000"
 1255      737400
 1256              	.LASF21:
 1257 00df 74736C69 		.ascii	"tslices_t\000"
 1257      6365735F 
 1257      7400
 1258              	.LASF76:
 1259 00e9 63685F73 		.ascii	"ch_system\000"
 1259      79737465 
 1259      6D00
 1260              	.LASF7:
 1261 00f3 6C6F6E67 		.ascii	"long int\000"
ARM GAS  /var/folders/m4/4md61f0s1_g0rzfghffqnxvr0000gn/T//ccmZ9tMA.s 			page 24


 1261      20696E74 
 1261      00
 1262              	.LASF19:
 1263 00fc 74737461 		.ascii	"tstate_t\000"
 1263      74655F74 
 1263      00
 1264              	.LASF32:
 1265 0105 705F6E65 		.ascii	"p_newer\000"
 1265      77657200 
 1266              	.LASF96:
 1267 010d 735F7175 		.ascii	"s_queue\000"
 1267      65756500 
 1268              	.LASF58:
 1269 0115 725F6E65 		.ascii	"r_newer\000"
 1269      77657200 
 1270              	.LASF82:
 1271 011d 72656761 		.ascii	"regarm_t\000"
 1271      726D5F74 
 1271      00
 1272              	.LASF65:
 1273 0126 76745F70 		.ascii	"vt_prev\000"
 1273      72657600 
 1274              	.LASF103:
 1275 012e 6D757465 		.ascii	"mutex_t\000"
 1275      785F7400 
 1276              	.LASF80:
 1277 0136 69646C65 		.ascii	"idle_thread_wa\000"
 1277      5F746872 
 1277      6561645F 
 1277      776100
 1278              	.LASF25:
 1279 0145 636E745F 		.ascii	"cnt_t\000"
 1279      7400
 1280              	.LASF0:
 1281 014b 756E7369 		.ascii	"unsigned int\000"
 1281      676E6564 
 1281      20696E74 
 1281      00
 1282              	.LASF64:
 1283 0158 76745F6E 		.ascii	"vt_next\000"
 1283      65787400 
 1284              	.LASF39:
 1285 0160 705F7469 		.ascii	"p_time\000"
 1285      6D6500
 1286              	.LASF92:
 1287 0167 77747365 		.ascii	"wtsemp\000"
 1287      6D7000
 1288              	.LASF66:
 1289 016e 76745F64 		.ascii	"vt_delta\000"
 1289      656C7461 
 1289      00
 1290              	.LASF41:
 1291 0177 705F6D73 		.ascii	"p_msgqueue\000"
 1291      67717565 
 1291      756500
 1292              	.LASF97:
 1293 0182 735F636E 		.ascii	"s_cnt\000"
ARM GAS  /var/folders/m4/4md61f0s1_g0rzfghffqnxvr0000gn/T//ccmZ9tMA.s 			page 25


 1293      7400
 1294              	.LASF4:
 1295 0188 73686F72 		.ascii	"short unsigned int\000"
 1295      7420756E 
 1295      7369676E 
 1295      65642069 
 1295      6E7400
 1296              	.LASF49:
 1297 019b 63685F74 		.ascii	"ch_thread\000"
 1297      68726561 
 1297      6400
 1298              	.LASF23:
 1299 01a5 6D73675F 		.ascii	"msg_t\000"
 1299      7400
 1300              	.LASF108:
 1301 01ab 2F557365 		.ascii	"/Users/raphael/Documents/Projects/rESC/resc-firmwar"
 1301      72732F72 
 1301      61706861 
 1301      656C2F44 
 1301      6F63756D 
 1302 01de 6500     		.ascii	"e\000"
 1303              	.LASF75:
 1304 01e0 63685F73 		.ascii	"ch_system_t\000"
 1304      79737465 
 1304      6D5F7400 
 1305              	.LASF18:
 1306 01ec 746D6F64 		.ascii	"tmode_t\000"
 1306      655F7400 
 1307              	.LASF54:
 1308 01f4 63685F72 		.ascii	"ch_ready_list\000"
 1308      65616479 
 1308      5F6C6973 
 1308      7400
 1309              	.LASF24:
 1310 0202 6576656E 		.ascii	"eventmask_t\000"
 1310      746D6173 
 1310      6B5F7400 
 1311              	.LASF6:
 1312 020e 5F5F696E 		.ascii	"__int32_t\000"
 1312      7433325F 
 1312      7400
 1313              	.LASF83:
 1314 0218 73746B61 		.ascii	"stkalign_t\000"
 1314      6C69676E 
 1314      5F7400
 1315              	.LASF48:
 1316 0223 74687265 		.ascii	"threads_list_t\000"
 1316      6164735F 
 1316      6C697374 
 1316      5F7400
 1317              	.LASF40:
 1318 0232 705F7761 		.ascii	"p_waiting\000"
 1318      6974696E 
 1318      6700
 1319              	.LASF81:
 1320 023c 73697A65 		.ascii	"sizetype\000"
 1320      74797065 
ARM GAS  /var/folders/m4/4md61f0s1_g0rzfghffqnxvr0000gn/T//ccmZ9tMA.s 			page 26


 1320      00
 1321              	.LASF47:
 1322 0245 74687265 		.ascii	"thread_reference_t\000"
 1322      61645F72 
 1322      65666572 
 1322      656E6365 
 1322      5F7400
 1323              	.LASF70:
 1324 0258 63685F76 		.ascii	"ch_virtual_timers_list\000"
 1324      69727475 
 1324      616C5F74 
 1324      696D6572 
 1324      735F6C69 
 1325              	.LASF33:
 1326 026f 705F6F6C 		.ascii	"p_older\000"
 1326      64657200 
 1327              	.LASF106:
 1328 0277 474E5520 		.ascii	"GNU C99 5.2.1 20151202 (release) [ARM/embedded-5-br"
 1328      43393920 
 1328      352E322E 
 1328      31203230 
 1328      31353132 
 1329 02aa 616E6368 		.ascii	"anch revision 231848] -mcpu=cortex-m4 -mfloat-abi=h"
 1329      20726576 
 1329      6973696F 
 1329      6E203233 
 1329      31383438 
 1330 02dd 61726420 		.ascii	"ard -mfpu=fpv4-sp-d16 -mno-thumb-interwork -mthumb "
 1330      2D6D6670 
 1330      753D6670 
 1330      76342D73 
 1330      702D6431 
 1331 0310 2D676764 		.ascii	"-ggdb -O2 -std=c99 -fomit-frame-pointer -falign-fun"
 1331      62202D4F 
 1331      32202D73 
 1331      74643D63 
 1331      3939202D 
 1332 0343 6374696F 		.ascii	"ctions=16 -fsingle-precision-constant -ffunction-se"
 1332      6E733D31 
 1332      36202D66 
 1332      73696E67 
 1332      6C652D70 
 1333 0376 6374696F 		.ascii	"ctions -fdata-sections -fno-common\000"
 1333      6E73202D 
 1333      66646174 
 1333      612D7365 
 1333      6374696F 
 1334              	.LASF57:
 1335 0399 725F6374 		.ascii	"r_ctx\000"
 1335      7800
 1336              	.LASF87:
 1337 039f 746D5F63 		.ascii	"tm_calibration_t\000"
 1337      616C6962 
 1337      72617469 
 1337      6F6E5F74 
 1337      00
 1338              	.LASF60:
ARM GAS  /var/folders/m4/4md61f0s1_g0rzfghffqnxvr0000gn/T//ccmZ9tMA.s 			page 27


 1339 03b0 725F6375 		.ascii	"r_current\000"
 1339      7272656E 
 1339      7400
 1340              	.LASF59:
 1341 03ba 725F6F6C 		.ascii	"r_older\000"
 1341      64657200 
 1342              	.LASF11:
 1343 03c2 5F5F7569 		.ascii	"__uint64_t\000"
 1343      6E743634 
 1343      5F7400
 1344              	.LASF20:
 1345 03cd 74726566 		.ascii	"trefs_t\000"
 1345      735F7400 
 1346              	.LASF62:
 1347 03d5 76697274 		.ascii	"virtual_timer_t\000"
 1347      75616C5F 
 1347      74696D65 
 1347      725F7400 
 1348              	.LASF29:
 1349 03e5 705F7072 		.ascii	"p_prev\000"
 1349      657600
 1350              	.LASF22:
 1351 03ec 74707269 		.ascii	"tprio_t\000"
 1351      6F5F7400 
 1352              	.LASF73:
 1353 03f4 63685F73 		.ascii	"ch_system_debug\000"
 1353      79737465 
 1353      6D5F6465 
 1353      62756700 
 1354              	.LASF104:
 1355 0404 5F426F6F 		.ascii	"_Bool\000"
 1355      6C00
 1356              	.LASF14:
 1357 040a 696E7433 		.ascii	"int32_t\000"
 1357      325F7400 
 1358              	.LASF2:
 1359 0412 756E7369 		.ascii	"unsigned char\000"
 1359      676E6564 
 1359      20636861 
 1359      7200
 1360              	.LASF44:
 1361 0420 705F6D74 		.ascii	"p_mtxlist\000"
 1361      786C6973 
 1361      7400
 1362              	.LASF3:
 1363 042a 73686F72 		.ascii	"short int\000"
 1363      7420696E 
 1363      7400
 1364              	.LASF35:
 1365 0434 705F7374 		.ascii	"p_state\000"
 1365      61746500 
 1366              	.LASF38:
 1367 043c 705F7072 		.ascii	"p_preempt\000"
 1367      65656D70 
 1367      7400
 1368              	.LASF56:
 1369 0446 725F7072 		.ascii	"r_prio\000"
ARM GAS  /var/folders/m4/4md61f0s1_g0rzfghffqnxvr0000gn/T//ccmZ9tMA.s 			page 28


 1369      696F00
 1370              	.LASF94:
 1371 044d 65776D61 		.ascii	"ewmask\000"
 1371      736B00
 1372              	.LASF28:
 1373 0454 705F6E65 		.ascii	"p_next\000"
 1373      787400
 1374              	.LASF36:
 1375 045b 705F666C 		.ascii	"p_flags\000"
 1375      61677300 
 1376              	.LASF63:
 1377 0463 63685F76 		.ascii	"ch_virtual_timer\000"
 1377      69727475 
 1377      616C5F74 
 1377      696D6572 
 1377      00
 1378              	.LASF95:
 1379 0474 63685F73 		.ascii	"ch_semaphore\000"
 1379      656D6170 
 1379      686F7265 
 1379      00
 1380              	.LASF43:
 1381 0481 705F6570 		.ascii	"p_epending\000"
 1381      656E6469 
 1381      6E6700
 1382              	.LASF15:
 1383 048c 75696E74 		.ascii	"uint32_t\000"
 1383      33325F74 
 1383      00
 1384              	.LASF93:
 1385 0495 77746D74 		.ascii	"wtmtxp\000"
 1385      787000
 1386              	.LASF55:
 1387 049c 725F7175 		.ascii	"r_queue\000"
 1387      65756500 
 1388              	.LASF50:
 1389 04a4 63685F74 		.ascii	"ch_threads_list\000"
 1389      68726561 
 1389      64735F6C 
 1389      69737400 
 1390              	.LASF9:
 1391 04b4 6C6F6E67 		.ascii	"long unsigned int\000"
 1391      20756E73 
 1391      69676E65 
 1391      6420696E 
 1391      7400
 1392              	.LASF102:
 1393 04c6 63686172 		.ascii	"char\000"
 1393      00
 1394              	.LASF27:
 1395 04cb 74687265 		.ascii	"thread_t\000"
 1395      61645F74 
 1395      00
 1396              	.LASF101:
 1397 04d4 6D5F6E65 		.ascii	"m_next\000"
 1397      787400
 1398              	.LASF26:
ARM GAS  /var/folders/m4/4md61f0s1_g0rzfghffqnxvr0000gn/T//ccmZ9tMA.s 			page 29


 1399 04db 73797374 		.ascii	"systime_t\000"
 1399      696D655F 
 1399      7400
 1400              	.LASF45:
 1401 04e5 705F7265 		.ascii	"p_realprio\000"
 1401      616C7072 
 1401      696F00
 1402              	.LASF61:
 1403 04f0 76746675 		.ascii	"vtfunc_t\000"
 1403      6E635F74 
 1403      00
 1404              	.LASF8:
 1405 04f9 5F5F7569 		.ascii	"__uint32_t\000"
 1405      6E743332 
 1405      5F7400
 1406              	.LASF74:
 1407 0504 70616E69 		.ascii	"panic_msg\000"
 1407      635F6D73 
 1407      6700
 1408              	.LASF86:
 1409 050e 6F666673 		.ascii	"offset\000"
 1409      657400
 1410              	.LASF84:
 1411 0515 636F6E74 		.ascii	"context\000"
 1411      65787400 
 1412              	.LASF17:
 1413 051d 7274636E 		.ascii	"rtcnt_t\000"
 1413      745F7400 
 1414              	.LASF68:
 1415 0525 76745F70 		.ascii	"vt_par\000"
 1415      617200
 1416              	.LASF51:
 1417 052c 74687265 		.ascii	"threads_queue_t\000"
 1417      6164735F 
 1417      71756575 
 1417      655F7400 
 1418              	.LASF98:
 1419 053c 63685F6D 		.ascii	"ch_mutex\000"
 1419      75746578 
 1419      00
 1420              	.LASF37:
 1421 0545 705F7265 		.ascii	"p_refs\000"
 1421      667300
 1422              	.LASF107:
 1423 054c 43686962 		.ascii	"ChibiOS_16.1.4/os/hal/src/hal_queues.c\000"
 1423      694F535F 
 1423      31362E31 
 1423      2E342F6F 
 1423      732F6861 
 1424              	.LASF77:
 1425 0573 726C6973 		.ascii	"rlist\000"
 1425      7400
 1426              	.LASF13:
 1427 0579 75696E74 		.ascii	"uint8_t\000"
 1427      385F7400 
 1428              	.LASF90:
 1429 0581 77746F62 		.ascii	"wtobjp\000"
ARM GAS  /var/folders/m4/4md61f0s1_g0rzfghffqnxvr0000gn/T//ccmZ9tMA.s 			page 30


 1429      6A7000
 1430              	.LASF34:
 1431 0588 705F6E61 		.ascii	"p_name\000"
 1431      6D6500
 1432              	.LASF71:
 1433 058f 76745F73 		.ascii	"vt_systime\000"
 1433      79737469 
 1433      6D6500
 1434              	.LASF42:
 1435 059a 705F6D73 		.ascii	"p_msg\000"
 1435      6700
 1436              	.LASF100:
 1437 05a0 6D5F6F77 		.ascii	"m_owner\000"
 1437      6E657200 
 1438              	.LASF31:
 1439 05a8 705F6374 		.ascii	"p_ctx\000"
 1439      7800
 1440              	.LASF67:
 1441 05ae 76745F66 		.ascii	"vt_func\000"
 1441      756E6300 
 1442              		.ident	"GCC: (GNU Tools for ARM Embedded Processors) 5.2.1 20151202 (release) [ARM/embedded-5-bran
ARM GAS  /var/folders/m4/4md61f0s1_g0rzfghffqnxvr0000gn/T//ccmZ9tMA.s 			page 31


DEFINED SYMBOLS
                            *ABS*:0000000000000000 hal_queues.c

NO UNDEFINED SYMBOLS
