ARM GAS  /var/folders/m4/4md61f0s1_g0rzfghffqnxvr0000gn/T//ccz2PPgk.s 			page 1


   1              		.syntax unified
   2              		.cpu cortex-m4
   3              		.eabi_attribute 27, 1
   4              		.eabi_attribute 28, 1
   5              		.fpu fpv4-sp-d16
   6              		.eabi_attribute 20, 1
   7              		.eabi_attribute 21, 1
   8              		.eabi_attribute 23, 3
   9              		.eabi_attribute 24, 1
  10              		.eabi_attribute 25, 1
  11              		.eabi_attribute 26, 1
  12              		.eabi_attribute 30, 2
  13              		.eabi_attribute 34, 1
  14              		.eabi_attribute 18, 4
  15              		.thumb
  16              		.syntax unified
  17              		.file	"main.c"
  18              		.text
  19              	.Ltext0:
  20              		.cfi_sections	.debug_frame
  21              		.section	.text.led_update,"ax",%progbits
  22              		.align	2
  23              		.p2align 4,,15
  24              		.thumb
  25              		.thumb_func
  26              		.type	led_update, %function
  27              	led_update:
  28              	.LFB268:
  29              		.file 1 "main.c"
  30              		.loc 1 15 0
  31              		.cfi_startproc
  32              		@ Volatile: function does not return.
  33              		@ args = 0, pretend = 0, frame = 0
  34              		@ frame_needed = 0, uses_anonymous_args = 0
  35              	.LVL0:
  36 0000 08B5     		push	{r3, lr}
  37              		.cfi_def_cfa_offset 8
  38              		.cfi_offset 3, -8
  39              		.cfi_offset 14, -4
  40              	.LBB4:
  41              	.LBB5:
  42              		.file 2 "ChibiOS_16.1.4/os/rt/include/chregistry.h"
  43              		.loc 2 135 0
  44 0002 094B     		ldr	r3, .L5
  45 0004 094A     		ldr	r2, .L5+4
  46 0006 9B69     		ldr	r3, [r3, #24]
  47 0008 9A61     		str	r2, [r3, #24]
  48              	.LVL1:
  49              	.L2:
  50              	.LBE5:
  51              	.LBE4:
  52              		.loc 1 21 0 discriminator 1
  53 000a FF20     		movs	r0, #255
  54 000c FFF7FEFF 		bl	ws2812b_set_all
  55              	.LVL2:
  56              		.loc 1 22 0 discriminator 1
  57 0010 41F28830 		movw	r0, #5000
ARM GAS  /var/folders/m4/4md61f0s1_g0rzfghffqnxvr0000gn/T//ccz2PPgk.s 			page 2


  58 0014 FFF7FEFF 		bl	chThdSleep
  59              	.LVL3:
  60              		.loc 1 23 0 discriminator 1
  61 0018 0020     		movs	r0, #0
  62 001a FFF7FEFF 		bl	ws2812b_set_all
  63              	.LVL4:
  64              		.loc 1 24 0 discriminator 1
  65 001e 41F28830 		movw	r0, #5000
  66 0022 FFF7FEFF 		bl	chThdSleep
  67              	.LVL5:
  68 0026 F0E7     		b	.L2
  69              	.L6:
  70              		.align	2
  71              	.L5:
  72 0028 00000000 		.word	ch
  73 002c 00000000 		.word	.LC0
  74              		.cfi_endproc
  75              	.LFE268:
  76              		.size	led_update, .-led_update
  77              		.section	.text.startup.main,"ax",%progbits
  78              		.align	2
  79              		.p2align 4,,15
  80              		.global	main
  81              		.thumb
  82              		.thumb_func
  83              		.type	main, %function
  84              	main:
  85              	.LFB269:
  86              		.loc 1 29 0
  87              		.cfi_startproc
  88              		@ Volatile: function does not return.
  89              		@ args = 0, pretend = 0, frame = 0
  90              		@ frame_needed = 0, uses_anonymous_args = 0
  91 0000 00B5     		push	{lr}
  92              		.cfi_def_cfa_offset 4
  93              		.cfi_offset 14, -4
  94 0002 83B0     		sub	sp, sp, #12
  95              		.cfi_def_cfa_offset 16
  96              		.loc 1 30 0
  97 0004 FFF7FEFF 		bl	halInit
  98              	.LVL6:
  99              		.loc 1 31 0
 100 0008 FFF7FEFF 		bl	chSysInit
 101              	.LVL7:
 102              		.loc 1 33 0
 103 000c 0121     		movs	r1, #1
 104 000e 0846     		mov	r0, r1
 105 0010 FFF7FEFF 		bl	RCC_AHB1PeriphClockCmd
 106              	.LVL8:
 107              		.loc 1 34 0
 108 0014 0121     		movs	r1, #1
 109 0016 0220     		movs	r0, #2
 110 0018 FFF7FEFF 		bl	RCC_AHB1PeriphClockCmd
 111              	.LVL9:
 112              		.loc 1 35 0
 113 001c 0121     		movs	r1, #1
 114 001e 0420     		movs	r0, #4
ARM GAS  /var/folders/m4/4md61f0s1_g0rzfghffqnxvr0000gn/T//ccz2PPgk.s 			page 3


 115 0020 FFF7FEFF 		bl	RCC_AHB1PeriphClockCmd
 116              	.LVL10:
 117              		.loc 1 37 0
 118 0024 FFF7FEFF 		bl	comm_init
 119              	.LVL11:
 120              		.loc 1 38 0
 121 0028 FFF7FEFF 		bl	ws2812b_init
 122              	.LVL12:
 123              		.loc 1 39 0
 124 002c FFF7FEFF 		bl	encoder_init
 125              	.LVL13:
 126              		.loc 1 40 0
 127 0030 FFF7FEFF 		bl	controller_init
 128              	.LVL14:
 129              		.loc 1 41 0
 130 0034 FFF7FEFF 		bl	comm_usb_serial_init
 131              	.LVL15:
 132              		.loc 1 43 0
 133 0038 0023     		movs	r3, #0
 134 003a 0093     		str	r3, [sp]
 135 003c 0648     		ldr	r0, .L10
 136 003e 074B     		ldr	r3, .L10+4
 137 0040 4022     		movs	r2, #64
 138 0042 4FF4B361 		mov	r1, #1432
 139 0046 FFF7FEFF 		bl	chThdCreateStatic
 140              	.LVL16:
 141              	.L8:
 142              		.loc 1 46 0 discriminator 1
 143 004a FFF7FEFF 		bl	controller_print_adc
 144              	.LVL17:
 145              		.loc 1 47 0 discriminator 1
 146 004e 4FF47A70 		mov	r0, #1000
 147 0052 FFF7FEFF 		bl	chThdSleep
 148              	.LVL18:
 149 0056 F8E7     		b	.L8
 150              	.L11:
 151              		.align	2
 152              	.L10:
 153 0058 00000000 		.word	.LANCHOR0
 154 005c 00000000 		.word	led_update
 155              		.cfi_endproc
 156              	.LFE269:
 157              		.size	main, .-main
 158              		.section	.bss.led_update_wa,"aw",%nobits
 159              		.align	3
 160              		.set	.LANCHOR0,. + 0
 161              		.type	led_update_wa, %object
 162              		.size	led_update_wa, 1432
 163              	led_update_wa:
 164 0000 00000000 		.space	1432
 164      00000000 
 164      00000000 
 164      00000000 
 164      00000000 
 165              		.section	.rodata.str1.4,"aMS",%progbits,1
 166              		.align	2
 167              	.LC0:
ARM GAS  /var/folders/m4/4md61f0s1_g0rzfghffqnxvr0000gn/T//ccz2PPgk.s 			page 4


 168 0000 4C454420 		.ascii	"LED update\000"
 168      75706461 
 168      746500
 169              		.text
 170              	.Letext0:
 171              		.file 3 "/opt/homebrew-cask/Caskroom/gcc-arm-embedded/5_2-2015q4,20151219/gcc-arm-none-eabi-5_2-20
 172              		.file 4 "/opt/homebrew-cask/Caskroom/gcc-arm-embedded/5_2-2015q4,20151219/gcc-arm-none-eabi-5_2-20
 173              		.file 5 "/opt/homebrew-cask/Caskroom/gcc-arm-embedded/5_2-2015q4,20151219/gcc-arm-none-eabi-5_2-20
 174              		.file 6 "ChibiOS_16.1.4/os/rt/ports/ARMCMx/compilers/GCC/chtypes.h"
 175              		.file 7 "ChibiOS_16.1.4/os/rt/include/chsystypes.h"
 176              		.file 8 "ChibiOS_16.1.4/os/rt/include/chschd.h"
 177              		.file 9 "ChibiOS_16.1.4/os/rt/ports/ARMCMx/chcore.h"
 178              		.file 10 "ChibiOS_16.1.4/os/rt/ports/ARMCMx/chcore_v7m.h"
 179              		.file 11 "ChibiOS_16.1.4/os/rt/include/chtm.h"
 180              		.file 12 "ChibiOS_16.1.4/os/rt/include/chsem.h"
 181              		.file 13 "ChibiOS_16.1.4/os/rt/include/chmtx.h"
 182              		.file 14 "ws2812b.h"
 183              		.file 15 "ChibiOS_16.1.4/os/rt/include/chthreads.h"
 184              		.file 16 "ChibiOS_16.1.4/os/hal/include/hal.h"
 185              		.file 17 "ChibiOS_16.1.4/os/rt/include/chsys.h"
 186              		.file 18 "ChibiOS_16.1.4/ext/stdperiph_stm32f4/inc/stm32f4xx_rcc.h"
 187              		.file 19 "comm.h"
 188              		.file 20 "encoder.h"
 189              		.file 21 "controller.h"
 190              		.file 22 "comm_usb.h"
 191              		.file 23 "ChibiOS_16.1.4/os/ext/CMSIS/ST/STM32F4xx/stm32f4xx.h"
 192              		.file 24 "ChibiOS_16.1.4/os/ext/CMSIS/include/core_cm4.h"
 193              		.section	.debug_info,"",%progbits
 194              	.Ldebug_info0:
 195 0000 A5090000 		.4byte	0x9a5
 196 0004 0400     		.2byte	0x4
 197 0006 00000000 		.4byte	.Ldebug_abbrev0
 198 000a 04       		.byte	0x4
 199 000b 01       		.uleb128 0x1
 200 000c 24030000 		.4byte	.LASF124
 201 0010 0C       		.byte	0xc
 202 0011 46020000 		.4byte	.LASF125
 203 0015 FB010000 		.4byte	.LASF126
 204 0019 00000000 		.4byte	.Ldebug_ranges0+0
 205 001d 00000000 		.4byte	0
 206 0021 00000000 		.4byte	.Ldebug_line0
 207 0025 02       		.uleb128 0x2
 208 0026 04       		.byte	0x4
 209 0027 05       		.byte	0x5
 210 0028 696E7400 		.ascii	"int\000"
 211 002c 03       		.uleb128 0x3
 212 002d 0D000000 		.4byte	.LASF2
 213 0031 03       		.byte	0x3
 214 0032 D8       		.byte	0xd8
 215 0033 37000000 		.4byte	0x37
 216 0037 04       		.uleb128 0x4
 217 0038 04       		.byte	0x4
 218 0039 07       		.byte	0x7
 219 003a 83010000 		.4byte	.LASF0
 220 003e 04       		.uleb128 0x4
 221 003f 01       		.byte	0x1
 222 0040 06       		.byte	0x6
ARM GAS  /var/folders/m4/4md61f0s1_g0rzfghffqnxvr0000gn/T//ccz2PPgk.s 			page 5


 223 0041 C5000000 		.4byte	.LASF1
 224 0045 03       		.uleb128 0x3
 225 0046 24000000 		.4byte	.LASF3
 226 004a 04       		.byte	0x4
 227 004b 1D       		.byte	0x1d
 228 004c 50000000 		.4byte	0x50
 229 0050 04       		.uleb128 0x4
 230 0051 01       		.byte	0x1
 231 0052 08       		.byte	0x8
 232 0053 C5040000 		.4byte	.LASF4
 233 0057 04       		.uleb128 0x4
 234 0058 02       		.byte	0x2
 235 0059 05       		.byte	0x5
 236 005a DD040000 		.4byte	.LASF5
 237 005e 04       		.uleb128 0x4
 238 005f 02       		.byte	0x2
 239 0060 07       		.byte	0x7
 240 0061 CD010000 		.4byte	.LASF6
 241 0065 03       		.uleb128 0x3
 242 0066 7F020000 		.4byte	.LASF7
 243 006a 04       		.byte	0x4
 244 006b 3F       		.byte	0x3f
 245 006c 70000000 		.4byte	0x70
 246 0070 04       		.uleb128 0x4
 247 0071 04       		.byte	0x4
 248 0072 05       		.byte	0x5
 249 0073 17010000 		.4byte	.LASF8
 250 0077 03       		.uleb128 0x3
 251 0078 ED050000 		.4byte	.LASF9
 252 007c 04       		.byte	0x4
 253 007d 41       		.byte	0x41
 254 007e 82000000 		.4byte	0x82
 255 0082 04       		.uleb128 0x4
 256 0083 04       		.byte	0x4
 257 0084 07       		.byte	0x7
 258 0085 A8050000 		.4byte	.LASF10
 259 0089 04       		.uleb128 0x4
 260 008a 08       		.byte	0x8
 261 008b 05       		.byte	0x5
 262 008c B7000000 		.4byte	.LASF11
 263 0090 03       		.uleb128 0x3
 264 0091 6F040000 		.4byte	.LASF12
 265 0095 04       		.byte	0x4
 266 0096 5B       		.byte	0x5b
 267 0097 9B000000 		.4byte	0x9b
 268 009b 04       		.uleb128 0x4
 269 009c 08       		.byte	0x8
 270 009d 07       		.byte	0x7
 271 009e 51000000 		.4byte	.LASF13
 272 00a2 03       		.uleb128 0x3
 273 00a3 53060000 		.4byte	.LASF14
 274 00a7 05       		.byte	0x5
 275 00a8 14       		.byte	0x14
 276 00a9 45000000 		.4byte	0x45
 277 00ad 03       		.uleb128 0x3
 278 00ae BD040000 		.4byte	.LASF15
 279 00b2 05       		.byte	0x5
ARM GAS  /var/folders/m4/4md61f0s1_g0rzfghffqnxvr0000gn/T//ccz2PPgk.s 			page 6


 280 00b3 1F       		.byte	0x1f
 281 00b4 65000000 		.4byte	0x65
 282 00b8 03       		.uleb128 0x3
 283 00b9 76050000 		.4byte	.LASF16
 284 00bd 05       		.byte	0x5
 285 00be 20       		.byte	0x20
 286 00bf 77000000 		.4byte	0x77
 287 00c3 03       		.uleb128 0x3
 288 00c4 1B000000 		.4byte	.LASF17
 289 00c8 05       		.byte	0x5
 290 00c9 26       		.byte	0x26
 291 00ca 90000000 		.4byte	0x90
 292 00ce 03       		.uleb128 0x3
 293 00cf 11060000 		.4byte	.LASF18
 294 00d3 06       		.byte	0x6
 295 00d4 39       		.byte	0x39
 296 00d5 B8000000 		.4byte	0xb8
 297 00d9 03       		.uleb128 0x3
 298 00da 5D020000 		.4byte	.LASF19
 299 00de 06       		.byte	0x6
 300 00df 3C       		.byte	0x3c
 301 00e0 A2000000 		.4byte	0xa2
 302 00e4 03       		.uleb128 0x3
 303 00e5 27010000 		.4byte	.LASF20
 304 00e9 06       		.byte	0x6
 305 00ea 3D       		.byte	0x3d
 306 00eb A2000000 		.4byte	0xa2
 307 00ef 03       		.uleb128 0x3
 308 00f0 80040000 		.4byte	.LASF21
 309 00f4 06       		.byte	0x6
 310 00f5 3E       		.byte	0x3e
 311 00f6 A2000000 		.4byte	0xa2
 312 00fa 03       		.uleb128 0x3
 313 00fb 9E050000 		.4byte	.LASF22
 314 00ff 06       		.byte	0x6
 315 0100 3F       		.byte	0x3f
 316 0101 A2000000 		.4byte	0xa2
 317 0105 03       		.uleb128 0x3
 318 0106 9F040000 		.4byte	.LASF23
 319 010a 06       		.byte	0x6
 320 010b 40       		.byte	0x40
 321 010c B8000000 		.4byte	0xb8
 322 0110 03       		.uleb128 0x3
 323 0111 F5010000 		.4byte	.LASF24
 324 0115 06       		.byte	0x6
 325 0116 41       		.byte	0x41
 326 0117 AD000000 		.4byte	0xad
 327 011b 03       		.uleb128 0x3
 328 011c 73020000 		.4byte	.LASF25
 329 0120 06       		.byte	0x6
 330 0121 43       		.byte	0x43
 331 0122 B8000000 		.4byte	0xb8
 332 0126 03       		.uleb128 0x3
 333 0127 7D010000 		.4byte	.LASF26
 334 012b 06       		.byte	0x6
 335 012c 45       		.byte	0x45
 336 012d AD000000 		.4byte	0xad
ARM GAS  /var/folders/m4/4md61f0s1_g0rzfghffqnxvr0000gn/T//ccz2PPgk.s 			page 7


 337 0131 03       		.uleb128 0x3
 338 0132 CF050000 		.4byte	.LASF27
 339 0136 07       		.byte	0x7
 340 0137 33       		.byte	0x33
 341 0138 B8000000 		.4byte	0xb8
 342 013c 03       		.uleb128 0x3
 343 013d BF050000 		.4byte	.LASF28
 344 0141 07       		.byte	0x7
 345 0142 3F       		.byte	0x3f
 346 0143 47010000 		.4byte	0x147
 347 0147 05       		.uleb128 0x5
 348 0148 E0010000 		.4byte	.LASF50
 349 014c 48       		.byte	0x48
 350 014d 08       		.byte	0x8
 351 014e C2       		.byte	0xc2
 352 014f 4C020000 		.4byte	0x24c
 353 0153 06       		.uleb128 0x6
 354 0154 07050000 		.4byte	.LASF29
 355 0158 08       		.byte	0x8
 356 0159 C3       		.byte	0xc3
 357 015a 57020000 		.4byte	0x257
 358 015e 00       		.byte	0
 359 015f 06       		.uleb128 0x6
 360 0160 98040000 		.4byte	.LASF30
 361 0164 08       		.byte	0x8
 362 0165 C5       		.byte	0xc5
 363 0166 57020000 		.4byte	0x257
 364 016a 04       		.byte	0x4
 365 016b 06       		.uleb128 0x6
 366 016c B0000000 		.4byte	.LASF31
 367 0170 08       		.byte	0x8
 368 0171 C7       		.byte	0xc7
 369 0172 05010000 		.4byte	0x105
 370 0176 08       		.byte	0x8
 371 0177 06       		.uleb128 0x6
 372 0178 A1060000 		.4byte	.LASF32
 373 017c 08       		.byte	0x8
 374 017d C8       		.byte	0xc8
 375 017e A0040000 		.4byte	0x4a0
 376 0182 0C       		.byte	0xc
 377 0183 06       		.uleb128 0x6
 378 0184 30010000 		.4byte	.LASF33
 379 0188 08       		.byte	0x8
 380 0189 CA       		.byte	0xca
 381 018a 57020000 		.4byte	0x257
 382 018e 10       		.byte	0x10
 383 018f 06       		.uleb128 0x6
 384 0190 1C030000 		.4byte	.LASF34
 385 0194 08       		.byte	0x8
 386 0195 CB       		.byte	0xcb
 387 0196 57020000 		.4byte	0x257
 388 019a 14       		.byte	0x14
 389 019b 06       		.uleb128 0x6
 390 019c 62060000 		.4byte	.LASF35
 391 01a0 08       		.byte	0x8
 392 01a1 D2       		.byte	0xd2
 393 01a2 EE060000 		.4byte	0x6ee
ARM GAS  /var/folders/m4/4md61f0s1_g0rzfghffqnxvr0000gn/T//ccz2PPgk.s 			page 8


 394 01a6 18       		.byte	0x18
 395 01a7 06       		.uleb128 0x6
 396 01a8 E7040000 		.4byte	.LASF36
 397 01ac 08       		.byte	0x8
 398 01ad DD       		.byte	0xdd
 399 01ae E4000000 		.4byte	0xe4
 400 01b2 1C       		.byte	0x1c
 401 01b3 06       		.uleb128 0x6
 402 01b4 0E050000 		.4byte	.LASF37
 403 01b8 08       		.byte	0x8
 404 01b9 E1       		.byte	0xe1
 405 01ba D9000000 		.4byte	0xd9
 406 01be 1D       		.byte	0x1d
 407 01bf 06       		.uleb128 0x6
 408 01c0 46060000 		.4byte	.LASF38
 409 01c4 08       		.byte	0x8
 410 01c5 E6       		.byte	0xe6
 411 01c6 EF000000 		.4byte	0xef
 412 01ca 1E       		.byte	0x1e
 413 01cb 06       		.uleb128 0x6
 414 01cc EF040000 		.4byte	.LASF39
 415 01d0 08       		.byte	0x8
 416 01d1 EC       		.byte	0xec
 417 01d2 FA000000 		.4byte	0xfa
 418 01d6 1F       		.byte	0x1f
 419 01d7 06       		.uleb128 0x6
 420 01d8 98010000 		.4byte	.LASF40
 421 01dc 08       		.byte	0x8
 422 01dd F3       		.byte	0xf3
 423 01de 00070000 		.4byte	0x700
 424 01e2 20       		.byte	0x20
 425 01e3 07       		.uleb128 0x7
 426 01e4 705F7500 		.ascii	"p_u\000"
 427 01e8 08       		.byte	0x8
 428 01e9 3101     		.2byte	0x131
 429 01eb 29060000 		.4byte	0x629
 430 01ef 24       		.byte	0x24
 431 01f0 08       		.uleb128 0x8
 432 01f1 C5020000 		.4byte	.LASF41
 433 01f5 08       		.byte	0x8
 434 01f6 3601     		.2byte	0x136
 435 01f8 5D020000 		.4byte	0x25d
 436 01fc 28       		.byte	0x28
 437 01fd 08       		.uleb128 0x8
 438 01fe AF010000 		.4byte	.LASF42
 439 0202 08       		.byte	0x8
 440 0203 3C01     		.2byte	0x13c
 441 0205 81020000 		.4byte	0x281
 442 0209 2C       		.byte	0x2c
 443 020a 08       		.uleb128 0x8
 444 020b 74060000 		.4byte	.LASF43
 445 020f 08       		.byte	0x8
 446 0210 4001     		.2byte	0x140
 447 0212 10010000 		.4byte	0x110
 448 0216 34       		.byte	0x34
 449 0217 08       		.uleb128 0x8
 450 0218 60050000 		.4byte	.LASF44
ARM GAS  /var/folders/m4/4md61f0s1_g0rzfghffqnxvr0000gn/T//ccz2PPgk.s 			page 9


 451 021c 08       		.byte	0x8
 452 021d 4601     		.2byte	0x146
 453 021f 1B010000 		.4byte	0x11b
 454 0223 38       		.byte	0x38
 455 0224 08       		.uleb128 0x8
 456 0225 D3040000 		.4byte	.LASF45
 457 0229 08       		.byte	0x8
 458 022a 4D01     		.2byte	0x14d
 459 022c E8060000 		.4byte	0x6e8
 460 0230 3C       		.byte	0x3c
 461 0231 08       		.uleb128 0x8
 462 0232 D9050000 		.4byte	.LASF46
 463 0236 08       		.byte	0x8
 464 0237 5101     		.2byte	0x151
 465 0239 05010000 		.4byte	0x105
 466 023d 40       		.byte	0x40
 467 023e 08       		.uleb128 0x8
 468 023f DB000000 		.4byte	.LASF47
 469 0243 08       		.byte	0x8
 470 0244 5801     		.2byte	0x158
 471 0246 34030000 		.4byte	0x334
 472 024a 44       		.byte	0x44
 473 024b 00       		.byte	0
 474 024c 03       		.uleb128 0x3
 475 024d D8020000 		.4byte	.LASF48
 476 0251 07       		.byte	0x7
 477 0252 44       		.byte	0x44
 478 0253 57020000 		.4byte	0x257
 479 0257 09       		.uleb128 0x9
 480 0258 04       		.byte	0x4
 481 0259 3C010000 		.4byte	0x13c
 482 025d 03       		.uleb128 0x3
 483 025e A6020000 		.4byte	.LASF49
 484 0262 07       		.byte	0x7
 485 0263 49       		.byte	0x49
 486 0264 68020000 		.4byte	0x268
 487 0268 05       		.uleb128 0x5
 488 0269 8E050000 		.4byte	.LASF51
 489 026d 04       		.byte	0x4
 490 026e 08       		.byte	0x8
 491 026f B0       		.byte	0xb0
 492 0270 81020000 		.4byte	0x281
 493 0274 06       		.uleb128 0x6
 494 0275 07050000 		.4byte	.LASF29
 495 0279 08       		.byte	0x8
 496 027a B1       		.byte	0xb1
 497 027b 57020000 		.4byte	0x257
 498 027f 00       		.byte	0
 499 0280 00       		.byte	0
 500 0281 03       		.uleb128 0x3
 501 0282 2D060000 		.4byte	.LASF52
 502 0286 07       		.byte	0x7
 503 0287 50       		.byte	0x50
 504 0288 8C020000 		.4byte	0x28c
 505 028c 05       		.uleb128 0x5
 506 028d 9F000000 		.4byte	.LASF53
 507 0291 08       		.byte	0x8
ARM GAS  /var/folders/m4/4md61f0s1_g0rzfghffqnxvr0000gn/T//ccz2PPgk.s 			page 10


 508 0292 08       		.byte	0x8
 509 0293 B7       		.byte	0xb7
 510 0294 B1020000 		.4byte	0x2b1
 511 0298 06       		.uleb128 0x6
 512 0299 07050000 		.4byte	.LASF29
 513 029d 08       		.byte	0x8
 514 029e B8       		.byte	0xb8
 515 029f 57020000 		.4byte	0x257
 516 02a3 00       		.byte	0
 517 02a4 06       		.uleb128 0x6
 518 02a5 98040000 		.4byte	.LASF30
 519 02a9 08       		.byte	0x8
 520 02aa B9       		.byte	0xb9
 521 02ab 57020000 		.4byte	0x257
 522 02af 04       		.byte	0x4
 523 02b0 00       		.byte	0
 524 02b1 03       		.uleb128 0x3
 525 02b2 00000000 		.4byte	.LASF54
 526 02b6 07       		.byte	0x7
 527 02b7 57       		.byte	0x57
 528 02b8 BC020000 		.4byte	0x2bc
 529 02bc 0A       		.uleb128 0xa
 530 02bd 65020000 		.4byte	.LASF55
 531 02c1 1C       		.byte	0x1c
 532 02c2 08       		.byte	0x8
 533 02c3 9001     		.2byte	0x190
 534 02c5 18030000 		.4byte	0x318
 535 02c9 08       		.uleb128 0x8
 536 02ca 86050000 		.4byte	.LASF56
 537 02ce 08       		.byte	0x8
 538 02cf 9101     		.2byte	0x191
 539 02d1 81020000 		.4byte	0x281
 540 02d5 00       		.byte	0
 541 02d6 08       		.uleb128 0x8
 542 02d7 F9040000 		.4byte	.LASF57
 543 02db 08       		.byte	0x8
 544 02dc 9201     		.2byte	0x192
 545 02de 05010000 		.4byte	0x105
 546 02e2 08       		.byte	0x8
 547 02e3 08       		.uleb128 0x8
 548 02e4 46040000 		.4byte	.LASF58
 549 02e8 08       		.byte	0x8
 550 02e9 9401     		.2byte	0x194
 551 02eb A0040000 		.4byte	0x4a0
 552 02ef 0C       		.byte	0xc
 553 02f0 08       		.uleb128 0x8
 554 02f1 40010000 		.4byte	.LASF59
 555 02f5 08       		.byte	0x8
 556 02f6 9701     		.2byte	0x197
 557 02f8 57020000 		.4byte	0x257
 558 02fc 10       		.byte	0x10
 559 02fd 08       		.uleb128 0x8
 560 02fe 67040000 		.4byte	.LASF60
 561 0302 08       		.byte	0x8
 562 0303 9801     		.2byte	0x198
 563 0305 57020000 		.4byte	0x257
 564 0309 14       		.byte	0x14
ARM GAS  /var/folders/m4/4md61f0s1_g0rzfghffqnxvr0000gn/T//ccz2PPgk.s 			page 11


 565 030a 08       		.uleb128 0x8
 566 030b 5D040000 		.4byte	.LASF61
 567 030f 08       		.byte	0x8
 568 0310 9B01     		.2byte	0x19b
 569 0312 57020000 		.4byte	0x257
 570 0316 18       		.byte	0x18
 571 0317 00       		.byte	0
 572 0318 03       		.uleb128 0x3
 573 0319 E4050000 		.4byte	.LASF62
 574 031d 07       		.byte	0x7
 575 031e 5C       		.byte	0x5c
 576 031f 23030000 		.4byte	0x323
 577 0323 09       		.uleb128 0x9
 578 0324 04       		.byte	0x4
 579 0325 29030000 		.4byte	0x329
 580 0329 0B       		.uleb128 0xb
 581 032a 34030000 		.4byte	0x334
 582 032e 0C       		.uleb128 0xc
 583 032f 34030000 		.4byte	0x334
 584 0333 00       		.byte	0
 585 0334 0D       		.uleb128 0xd
 586 0335 04       		.byte	0x4
 587 0336 03       		.uleb128 0x3
 588 0337 88040000 		.4byte	.LASF63
 589 033b 07       		.byte	0x7
 590 033c 61       		.byte	0x61
 591 033d 41030000 		.4byte	0x341
 592 0341 0A       		.uleb128 0xa
 593 0342 42050000 		.4byte	.LASF64
 594 0346 14       		.byte	0x14
 595 0347 08       		.byte	0x8
 596 0348 6B01     		.2byte	0x16b
 597 034a 90030000 		.4byte	0x390
 598 034e 08       		.uleb128 0x8
 599 034f 90010000 		.4byte	.LASF65
 600 0353 08       		.byte	0x8
 601 0354 6C01     		.2byte	0x16c
 602 0356 05070000 		.4byte	0x705
 603 035a 00       		.byte	0
 604 035b 08       		.uleb128 0x8
 605 035c 51010000 		.4byte	.LASF66
 606 0360 08       		.byte	0x8
 607 0361 6D01     		.2byte	0x16d
 608 0363 05070000 		.4byte	0x705
 609 0367 04       		.byte	0x4
 610 0368 08       		.uleb128 0x8
 611 0369 A6010000 		.4byte	.LASF67
 612 036d 08       		.byte	0x8
 613 036e 6E01     		.2byte	0x16e
 614 0370 31010000 		.4byte	0x131
 615 0374 08       		.byte	0x8
 616 0375 08       		.uleb128 0x8
 617 0376 A7060000 		.4byte	.LASF68
 618 037a 08       		.byte	0x8
 619 037b 6F01     		.2byte	0x16f
 620 037d 18030000 		.4byte	0x318
 621 0381 0C       		.byte	0xc
ARM GAS  /var/folders/m4/4md61f0s1_g0rzfghffqnxvr0000gn/T//ccz2PPgk.s 			page 12


 622 0382 08       		.uleb128 0x8
 623 0383 19060000 		.4byte	.LASF69
 624 0387 08       		.byte	0x8
 625 0388 7101     		.2byte	0x171
 626 038a 34030000 		.4byte	0x334
 627 038e 10       		.byte	0x10
 628 038f 00       		.byte	0
 629 0390 03       		.uleb128 0x3
 630 0391 7C000000 		.4byte	.LASF70
 631 0395 07       		.byte	0x7
 632 0396 66       		.byte	0x66
 633 0397 9B030000 		.4byte	0x39b
 634 039b 0A       		.uleb128 0xa
 635 039c EB020000 		.4byte	.LASF71
 636 03a0 10       		.byte	0x10
 637 03a1 08       		.byte	0x8
 638 03a2 7B01     		.2byte	0x17b
 639 03a4 DD030000 		.4byte	0x3dd
 640 03a8 08       		.uleb128 0x8
 641 03a9 90010000 		.4byte	.LASF65
 642 03ad 08       		.byte	0x8
 643 03ae 7C01     		.2byte	0x17c
 644 03b0 05070000 		.4byte	0x705
 645 03b4 00       		.byte	0
 646 03b5 08       		.uleb128 0x8
 647 03b6 51010000 		.4byte	.LASF66
 648 03ba 08       		.byte	0x8
 649 03bb 7E01     		.2byte	0x17e
 650 03bd 05070000 		.4byte	0x705
 651 03c1 04       		.byte	0x4
 652 03c2 08       		.uleb128 0x8
 653 03c3 A6010000 		.4byte	.LASF67
 654 03c7 08       		.byte	0x8
 655 03c8 8001     		.2byte	0x180
 656 03ca 31010000 		.4byte	0x131
 657 03ce 08       		.byte	0x8
 658 03cf 08       		.uleb128 0x8
 659 03d0 69060000 		.4byte	.LASF72
 660 03d4 08       		.byte	0x8
 661 03d5 8201     		.2byte	0x182
 662 03d7 00070000 		.4byte	0x700
 663 03db 0C       		.byte	0xc
 664 03dc 00       		.byte	0
 665 03dd 03       		.uleb128 0x3
 666 03de 3A000000 		.4byte	.LASF73
 667 03e2 07       		.byte	0x7
 668 03e3 6B       		.byte	0x6b
 669 03e4 E8030000 		.4byte	0x3e8
 670 03e8 0A       		.uleb128 0xa
 671 03e9 A7040000 		.4byte	.LASF74
 672 03ed 04       		.byte	0x4
 673 03ee 08       		.byte	0x8
 674 03ef A201     		.2byte	0x1a2
 675 03f1 03040000 		.4byte	0x403
 676 03f5 08       		.uleb128 0x8
 677 03f6 F8050000 		.4byte	.LASF75
 678 03fa 08       		.byte	0x8
ARM GAS  /var/folders/m4/4md61f0s1_g0rzfghffqnxvr0000gn/T//ccz2PPgk.s 			page 13


 679 03fb AA01     		.2byte	0x1aa
 680 03fd 0B070000 		.4byte	0x70b
 681 0401 00       		.byte	0
 682 0402 00       		.byte	0
 683 0403 03       		.uleb128 0x3
 684 0404 30020000 		.4byte	.LASF76
 685 0408 07       		.byte	0x7
 686 0409 70       		.byte	0x70
 687 040a 0E040000 		.4byte	0x40e
 688 040e 0E       		.uleb128 0xe
 689 040f 0D010000 		.4byte	.LASF77
 690 0413 5802     		.2byte	0x258
 691 0415 08       		.byte	0x8
 692 0416 C201     		.2byte	0x1c2
 693 0418 6A040000 		.4byte	0x46a
 694 041c 08       		.uleb128 0x8
 695 041d 4D060000 		.4byte	.LASF78
 696 0421 08       		.byte	0x8
 697 0422 C601     		.2byte	0x1c6
 698 0424 B1020000 		.4byte	0x2b1
 699 0428 00       		.byte	0
 700 0429 08       		.uleb128 0x8
 701 042a EB000000 		.4byte	.LASF79
 702 042e 08       		.byte	0x8
 703 042f CA01     		.2byte	0x1ca
 704 0431 90030000 		.4byte	0x390
 705 0435 1C       		.byte	0x1c
 706 0436 07       		.uleb128 0x7
 707 0437 64626700 		.ascii	"dbg\000"
 708 043b 08       		.byte	0x8
 709 043c CE01     		.2byte	0x1ce
 710 043e DD030000 		.4byte	0x3dd
 711 0442 2C       		.byte	0x2c
 712 0443 08       		.uleb128 0x8
 713 0444 EA010000 		.4byte	.LASF80
 714 0448 08       		.byte	0x8
 715 0449 D201     		.2byte	0x1d2
 716 044b 3C010000 		.4byte	0x13c
 717 044f 30       		.byte	0x30
 718 0450 07       		.uleb128 0x7
 719 0451 746D00   		.ascii	"tm\000"
 720 0454 08       		.byte	0x8
 721 0455 D701     		.2byte	0x1d7
 722 0457 1E060000 		.4byte	0x61e
 723 045b 78       		.byte	0x78
 724 045c 08       		.uleb128 0x8
 725 045d 6E010000 		.4byte	.LASF81
 726 0461 08       		.byte	0x8
 727 0462 E301     		.2byte	0x1e3
 728 0464 10070000 		.4byte	0x710
 729 0468 80       		.byte	0x80
 730 0469 00       		.byte	0
 731 046a 04       		.uleb128 0x4
 732 046b 04       		.byte	0x4
 733 046c 07       		.byte	0x7
 734 046d CF020000 		.4byte	.LASF82
 735 0471 0F       		.uleb128 0xf
ARM GAS  /var/folders/m4/4md61f0s1_g0rzfghffqnxvr0000gn/T//ccz2PPgk.s 			page 14


 736 0472 01       		.byte	0x1
 737 0473 50000000 		.4byte	0x50
 738 0477 17       		.byte	0x17
 739 0478 BE       		.byte	0xbe
 740 0479 8A040000 		.4byte	0x48a
 741 047d 10       		.uleb128 0x10
 742 047e 49000000 		.4byte	.LASF83
 743 0482 00       		.byte	0
 744 0483 10       		.uleb128 0x10
 745 0484 20010000 		.4byte	.LASF84
 746 0488 01       		.byte	0x1
 747 0489 00       		.byte	0
 748 048a 03       		.uleb128 0x3
 749 048b 48010000 		.4byte	.LASF85
 750 048f 09       		.byte	0x9
 751 0490 65       		.byte	0x65
 752 0491 34030000 		.4byte	0x334
 753 0495 03       		.uleb128 0x3
 754 0496 89020000 		.4byte	.LASF86
 755 049a 09       		.byte	0x9
 756 049b 6D       		.byte	0x6d
 757 049c C3000000 		.4byte	0xc3
 758 04a0 05       		.uleb128 0x5
 759 04a1 09060000 		.4byte	.LASF87
 760 04a5 04       		.byte	0x4
 761 04a6 09       		.byte	0x9
 762 04a7 89       		.byte	0x89
 763 04a8 B9040000 		.4byte	0x4b9
 764 04ac 11       		.uleb128 0x11
 765 04ad 72313300 		.ascii	"r13\000"
 766 04b1 09       		.byte	0x9
 767 04b2 8A       		.byte	0x8a
 768 04b3 03060000 		.4byte	0x603
 769 04b7 00       		.byte	0
 770 04b8 00       		.byte	0
 771 04b9 05       		.uleb128 0x5
 772 04ba 2E000000 		.4byte	.LASF88
 773 04be 64       		.byte	0x64
 774 04bf 0A       		.byte	0xa
 775 04c0 FD       		.byte	0xfd
 776 04c1 03060000 		.4byte	0x603
 777 04c5 11       		.uleb128 0x11
 778 04c6 73313600 		.ascii	"s16\000"
 779 04ca 0A       		.byte	0xa
 780 04cb FF       		.byte	0xff
 781 04cc 8A040000 		.4byte	0x48a
 782 04d0 00       		.byte	0
 783 04d1 07       		.uleb128 0x7
 784 04d2 73313700 		.ascii	"s17\000"
 785 04d6 0A       		.byte	0xa
 786 04d7 0001     		.2byte	0x100
 787 04d9 8A040000 		.4byte	0x48a
 788 04dd 04       		.byte	0x4
 789 04de 07       		.uleb128 0x7
 790 04df 73313800 		.ascii	"s18\000"
 791 04e3 0A       		.byte	0xa
 792 04e4 0101     		.2byte	0x101
ARM GAS  /var/folders/m4/4md61f0s1_g0rzfghffqnxvr0000gn/T//ccz2PPgk.s 			page 15


 793 04e6 8A040000 		.4byte	0x48a
 794 04ea 08       		.byte	0x8
 795 04eb 07       		.uleb128 0x7
 796 04ec 73313900 		.ascii	"s19\000"
 797 04f0 0A       		.byte	0xa
 798 04f1 0201     		.2byte	0x102
 799 04f3 8A040000 		.4byte	0x48a
 800 04f7 0C       		.byte	0xc
 801 04f8 07       		.uleb128 0x7
 802 04f9 73323000 		.ascii	"s20\000"
 803 04fd 0A       		.byte	0xa
 804 04fe 0301     		.2byte	0x103
 805 0500 8A040000 		.4byte	0x48a
 806 0504 10       		.byte	0x10
 807 0505 07       		.uleb128 0x7
 808 0506 73323100 		.ascii	"s21\000"
 809 050a 0A       		.byte	0xa
 810 050b 0401     		.2byte	0x104
 811 050d 8A040000 		.4byte	0x48a
 812 0511 14       		.byte	0x14
 813 0512 07       		.uleb128 0x7
 814 0513 73323200 		.ascii	"s22\000"
 815 0517 0A       		.byte	0xa
 816 0518 0501     		.2byte	0x105
 817 051a 8A040000 		.4byte	0x48a
 818 051e 18       		.byte	0x18
 819 051f 07       		.uleb128 0x7
 820 0520 73323300 		.ascii	"s23\000"
 821 0524 0A       		.byte	0xa
 822 0525 0601     		.2byte	0x106
 823 0527 8A040000 		.4byte	0x48a
 824 052b 1C       		.byte	0x1c
 825 052c 07       		.uleb128 0x7
 826 052d 73323400 		.ascii	"s24\000"
 827 0531 0A       		.byte	0xa
 828 0532 0701     		.2byte	0x107
 829 0534 8A040000 		.4byte	0x48a
 830 0538 20       		.byte	0x20
 831 0539 07       		.uleb128 0x7
 832 053a 73323500 		.ascii	"s25\000"
 833 053e 0A       		.byte	0xa
 834 053f 0801     		.2byte	0x108
 835 0541 8A040000 		.4byte	0x48a
 836 0545 24       		.byte	0x24
 837 0546 07       		.uleb128 0x7
 838 0547 73323600 		.ascii	"s26\000"
 839 054b 0A       		.byte	0xa
 840 054c 0901     		.2byte	0x109
 841 054e 8A040000 		.4byte	0x48a
 842 0552 28       		.byte	0x28
 843 0553 07       		.uleb128 0x7
 844 0554 73323700 		.ascii	"s27\000"
 845 0558 0A       		.byte	0xa
 846 0559 0A01     		.2byte	0x10a
 847 055b 8A040000 		.4byte	0x48a
 848 055f 2C       		.byte	0x2c
 849 0560 07       		.uleb128 0x7
ARM GAS  /var/folders/m4/4md61f0s1_g0rzfghffqnxvr0000gn/T//ccz2PPgk.s 			page 16


 850 0561 73323800 		.ascii	"s28\000"
 851 0565 0A       		.byte	0xa
 852 0566 0B01     		.2byte	0x10b
 853 0568 8A040000 		.4byte	0x48a
 854 056c 30       		.byte	0x30
 855 056d 07       		.uleb128 0x7
 856 056e 73323900 		.ascii	"s29\000"
 857 0572 0A       		.byte	0xa
 858 0573 0C01     		.2byte	0x10c
 859 0575 8A040000 		.4byte	0x48a
 860 0579 34       		.byte	0x34
 861 057a 07       		.uleb128 0x7
 862 057b 73333000 		.ascii	"s30\000"
 863 057f 0A       		.byte	0xa
 864 0580 0D01     		.2byte	0x10d
 865 0582 8A040000 		.4byte	0x48a
 866 0586 38       		.byte	0x38
 867 0587 07       		.uleb128 0x7
 868 0588 73333100 		.ascii	"s31\000"
 869 058c 0A       		.byte	0xa
 870 058d 0E01     		.2byte	0x10e
 871 058f 8A040000 		.4byte	0x48a
 872 0593 3C       		.byte	0x3c
 873 0594 07       		.uleb128 0x7
 874 0595 723400   		.ascii	"r4\000"
 875 0598 0A       		.byte	0xa
 876 0599 1001     		.2byte	0x110
 877 059b 8A040000 		.4byte	0x48a
 878 059f 40       		.byte	0x40
 879 05a0 07       		.uleb128 0x7
 880 05a1 723500   		.ascii	"r5\000"
 881 05a4 0A       		.byte	0xa
 882 05a5 1101     		.2byte	0x111
 883 05a7 8A040000 		.4byte	0x48a
 884 05ab 44       		.byte	0x44
 885 05ac 07       		.uleb128 0x7
 886 05ad 723600   		.ascii	"r6\000"
 887 05b0 0A       		.byte	0xa
 888 05b1 1201     		.2byte	0x112
 889 05b3 8A040000 		.4byte	0x48a
 890 05b7 48       		.byte	0x48
 891 05b8 07       		.uleb128 0x7
 892 05b9 723700   		.ascii	"r7\000"
 893 05bc 0A       		.byte	0xa
 894 05bd 1301     		.2byte	0x113
 895 05bf 8A040000 		.4byte	0x48a
 896 05c3 4C       		.byte	0x4c
 897 05c4 07       		.uleb128 0x7
 898 05c5 723800   		.ascii	"r8\000"
 899 05c8 0A       		.byte	0xa
 900 05c9 1401     		.2byte	0x114
 901 05cb 8A040000 		.4byte	0x48a
 902 05cf 50       		.byte	0x50
 903 05d0 07       		.uleb128 0x7
 904 05d1 723900   		.ascii	"r9\000"
 905 05d4 0A       		.byte	0xa
 906 05d5 1501     		.2byte	0x115
ARM GAS  /var/folders/m4/4md61f0s1_g0rzfghffqnxvr0000gn/T//ccz2PPgk.s 			page 17


 907 05d7 8A040000 		.4byte	0x48a
 908 05db 54       		.byte	0x54
 909 05dc 07       		.uleb128 0x7
 910 05dd 72313000 		.ascii	"r10\000"
 911 05e1 0A       		.byte	0xa
 912 05e2 1601     		.2byte	0x116
 913 05e4 8A040000 		.4byte	0x48a
 914 05e8 58       		.byte	0x58
 915 05e9 07       		.uleb128 0x7
 916 05ea 72313100 		.ascii	"r11\000"
 917 05ee 0A       		.byte	0xa
 918 05ef 1701     		.2byte	0x117
 919 05f1 8A040000 		.4byte	0x48a
 920 05f5 5C       		.byte	0x5c
 921 05f6 07       		.uleb128 0x7
 922 05f7 6C7200   		.ascii	"lr\000"
 923 05fa 0A       		.byte	0xa
 924 05fb 1801     		.2byte	0x118
 925 05fd 8A040000 		.4byte	0x48a
 926 0601 60       		.byte	0x60
 927 0602 00       		.byte	0
 928 0603 09       		.uleb128 0x9
 929 0604 04       		.byte	0x4
 930 0605 B9040000 		.4byte	0x4b9
 931 0609 12       		.uleb128 0x12
 932 060a 04       		.byte	0x4
 933 060b 0B       		.byte	0xb
 934 060c 38       		.byte	0x38
 935 060d 1E060000 		.4byte	0x61e
 936 0611 06       		.uleb128 0x6
 937 0612 02060000 		.4byte	.LASF89
 938 0616 0B       		.byte	0xb
 939 0617 3C       		.byte	0x3c
 940 0618 CE000000 		.4byte	0xce
 941 061c 00       		.byte	0
 942 061d 00       		.byte	0
 943 061e 03       		.uleb128 0x3
 944 061f 4C040000 		.4byte	.LASF90
 945 0623 0B       		.byte	0xb
 946 0624 3D       		.byte	0x3d
 947 0625 09060000 		.4byte	0x609
 948 0629 13       		.uleb128 0x13
 949 062a 04       		.byte	0x4
 950 062b 08       		.byte	0x8
 951 062c FA       		.byte	0xfa
 952 062d 86060000 		.4byte	0x686
 953 0631 14       		.uleb128 0x14
 954 0632 14000000 		.4byte	.LASF91
 955 0636 08       		.byte	0x8
 956 0637 0101     		.2byte	0x101
 957 0639 10010000 		.4byte	0x110
 958 063d 14       		.uleb128 0x14
 959 063e 68000000 		.4byte	.LASF92
 960 0642 08       		.byte	0x8
 961 0643 0801     		.2byte	0x108
 962 0645 10010000 		.4byte	0x110
 963 0649 14       		.uleb128 0x14
ARM GAS  /var/folders/m4/4md61f0s1_g0rzfghffqnxvr0000gn/T//ccz2PPgk.s 			page 18


 964 064a 5B060000 		.4byte	.LASF93
 965 064e 08       		.byte	0x8
 966 064f 0F01     		.2byte	0x10f
 967 0651 34030000 		.4byte	0x334
 968 0655 14       		.uleb128 0x14
 969 0656 07010000 		.4byte	.LASF94
 970 065a 08       		.byte	0x8
 971 065b 1601     		.2byte	0x116
 972 065d 86060000 		.4byte	0x686
 973 0661 14       		.uleb128 0x14
 974 0662 9F010000 		.4byte	.LASF95
 975 0666 08       		.byte	0x8
 976 0667 1E01     		.2byte	0x11e
 977 0669 B1060000 		.4byte	0x6b1
 978 066d 14       		.uleb128 0x14
 979 066e 7F050000 		.4byte	.LASF96
 980 0672 08       		.byte	0x8
 981 0673 2701     		.2byte	0x127
 982 0675 E8060000 		.4byte	0x6e8
 983 0679 14       		.uleb128 0x14
 984 067a 00050000 		.4byte	.LASF97
 985 067e 08       		.byte	0x8
 986 067f 2F01     		.2byte	0x12f
 987 0681 1B010000 		.4byte	0x11b
 988 0685 00       		.byte	0
 989 0686 09       		.uleb128 0x9
 990 0687 04       		.byte	0x4
 991 0688 4C020000 		.4byte	0x24c
 992 068c 05       		.uleb128 0x5
 993 068d 53050000 		.4byte	.LASF98
 994 0691 0C       		.byte	0xc
 995 0692 0C       		.byte	0xc
 996 0693 34       		.byte	0x34
 997 0694 B1060000 		.4byte	0x6b1
 998 0698 06       		.uleb128 0x6
 999 0699 38010000 		.4byte	.LASF99
 1000 069d 0C       		.byte	0xc
 1001 069e 35       		.byte	0x35
 1002 069f 81020000 		.4byte	0x281
 1003 06a3 00       		.byte	0
 1004 06a4 06       		.uleb128 0x6
 1005 06a5 C7010000 		.4byte	.LASF100
 1006 06a9 0C       		.byte	0xc
 1007 06aa 37       		.byte	0x37
 1008 06ab 26010000 		.4byte	0x126
 1009 06af 08       		.byte	0x8
 1010 06b0 00       		.byte	0
 1011 06b1 09       		.uleb128 0x9
 1012 06b2 04       		.byte	0x4
 1013 06b3 8C060000 		.4byte	0x68c
 1014 06b7 05       		.uleb128 0x5
 1015 06b8 3D060000 		.4byte	.LASF101
 1016 06bc 10       		.byte	0x10
 1017 06bd 0D       		.byte	0xd
 1018 06be 39       		.byte	0x39
 1019 06bf E8060000 		.4byte	0x6e8
 1020 06c3 06       		.uleb128 0x6
ARM GAS  /var/folders/m4/4md61f0s1_g0rzfghffqnxvr0000gn/T//ccz2PPgk.s 			page 19


 1021 06c4 E3000000 		.4byte	.LASF102
 1022 06c8 0D       		.byte	0xd
 1023 06c9 3A       		.byte	0x3a
 1024 06ca 81020000 		.4byte	0x281
 1025 06ce 00       		.byte	0
 1026 06cf 06       		.uleb128 0x6
 1027 06d0 92060000 		.4byte	.LASF103
 1028 06d4 0D       		.byte	0xd
 1029 06d5 3C       		.byte	0x3c
 1030 06d6 57020000 		.4byte	0x257
 1031 06da 08       		.byte	0x8
 1032 06db 06       		.uleb128 0x6
 1033 06dc C8050000 		.4byte	.LASF104
 1034 06e0 0D       		.byte	0xd
 1035 06e1 3E       		.byte	0x3e
 1036 06e2 2B070000 		.4byte	0x72b
 1037 06e6 0C       		.byte	0xc
 1038 06e7 00       		.byte	0
 1039 06e8 09       		.uleb128 0x9
 1040 06e9 04       		.byte	0x4
 1041 06ea B7060000 		.4byte	0x6b7
 1042 06ee 09       		.uleb128 0x9
 1043 06ef 04       		.byte	0x4
 1044 06f0 FB060000 		.4byte	0x6fb
 1045 06f4 04       		.uleb128 0x4
 1046 06f5 01       		.byte	0x1
 1047 06f6 08       		.byte	0x8
 1048 06f7 BA050000 		.4byte	.LASF105
 1049 06fb 15       		.uleb128 0x15
 1050 06fc F4060000 		.4byte	0x6f4
 1051 0700 16       		.uleb128 0x16
 1052 0701 31010000 		.4byte	0x131
 1053 0705 09       		.uleb128 0x9
 1054 0706 04       		.byte	0x4
 1055 0707 36030000 		.4byte	0x336
 1056 070b 16       		.uleb128 0x16
 1057 070c EE060000 		.4byte	0x6ee
 1058 0710 17       		.uleb128 0x17
 1059 0711 95040000 		.4byte	0x495
 1060 0715 20070000 		.4byte	0x720
 1061 0719 18       		.uleb128 0x18
 1062 071a 6A040000 		.4byte	0x46a
 1063 071e 3A       		.byte	0x3a
 1064 071f 00       		.byte	0
 1065 0720 03       		.uleb128 0x3
 1066 0721 66010000 		.4byte	.LASF106
 1067 0725 0D       		.byte	0xd
 1068 0726 34       		.byte	0x34
 1069 0727 B7060000 		.4byte	0x6b7
 1070 072b 09       		.uleb128 0x9
 1071 072c 04       		.byte	0x4
 1072 072d 20070000 		.4byte	0x720
 1073 0731 04       		.uleb128 0x4
 1074 0732 01       		.byte	0x1
 1075 0733 02       		.byte	0x2
 1076 0734 B7040000 		.4byte	.LASF107
 1077 0738 04       		.uleb128 0x4
ARM GAS  /var/folders/m4/4md61f0s1_g0rzfghffqnxvr0000gn/T//ccz2PPgk.s 			page 20


 1078 0739 08       		.byte	0x8
 1079 073a 04       		.byte	0x4
 1080 073b 9A060000 		.4byte	.LASF108
 1081 073f 04       		.uleb128 0x4
 1082 0740 04       		.byte	0x4
 1083 0741 04       		.byte	0x4
 1084 0742 7A040000 		.4byte	.LASF109
 1085 0746 04       		.uleb128 0x4
 1086 0747 08       		.byte	0x8
 1087 0748 04       		.byte	0x4
 1088 0749 02030000 		.4byte	.LASF110
 1089 074d 19       		.uleb128 0x19
 1090 074e 7F060000 		.4byte	.LASF127
 1091 0752 02       		.byte	0x2
 1092 0753 84       		.byte	0x84
 1093 0754 03       		.byte	0x3
 1094 0755 65070000 		.4byte	0x765
 1095 0759 1A       		.uleb128 0x1a
 1096 075a C2010000 		.4byte	.LASF128
 1097 075e 02       		.byte	0x2
 1098 075f 84       		.byte	0x84
 1099 0760 EE060000 		.4byte	0x6ee
 1100 0764 00       		.byte	0
 1101 0765 1B       		.uleb128 0x1b
 1102 0766 71000000 		.4byte	.LASF129
 1103 076a 01       		.byte	0x1
 1104 076b 0F       		.byte	0xf
 1105 076c 00000000 		.4byte	.LFB268
 1106 0770 30000000 		.4byte	.LFE268-.LFB268
 1107 0774 01       		.uleb128 0x1
 1108 0775 9C       		.byte	0x9c
 1109 0776 F7070000 		.4byte	0x7f7
 1110 077a 1C       		.uleb128 0x1c
 1111 077b 61726700 		.ascii	"arg\000"
 1112 077f 01       		.byte	0x1
 1113 0780 0F       		.byte	0xf
 1114 0781 34030000 		.4byte	0x334
 1115 0785 00000000 		.4byte	.LLST0
 1116 0789 1D       		.uleb128 0x1d
 1117 078a 4D070000 		.4byte	0x74d
 1118 078e 02000000 		.4byte	.LBB4
 1119 0792 08000000 		.4byte	.LBE4-.LBB4
 1120 0796 01       		.byte	0x1
 1121 0797 12       		.byte	0x12
 1122 0798 A9070000 		.4byte	0x7a9
 1123 079c 1E       		.uleb128 0x1e
 1124 079d 59070000 		.4byte	0x759
 1125 07a1 06       		.uleb128 0x6
 1126 07a2 03       		.byte	0x3
 1127 07a3 00000000 		.4byte	.LC0
 1128 07a7 9F       		.byte	0x9f
 1129 07a8 00       		.byte	0
 1130 07a9 1F       		.uleb128 0x1f
 1131 07aa 10000000 		.4byte	.LVL2
 1132 07ae 22090000 		.4byte	0x922
 1133 07b2 BD070000 		.4byte	0x7bd
 1134 07b6 20       		.uleb128 0x20
ARM GAS  /var/folders/m4/4md61f0s1_g0rzfghffqnxvr0000gn/T//ccz2PPgk.s 			page 21


 1135 07b7 01       		.uleb128 0x1
 1136 07b8 50       		.byte	0x50
 1137 07b9 02       		.uleb128 0x2
 1138 07ba 08       		.byte	0x8
 1139 07bb FF       		.byte	0xff
 1140 07bc 00       		.byte	0
 1141 07bd 1F       		.uleb128 0x1f
 1142 07be 18000000 		.4byte	.LVL3
 1143 07c2 2D090000 		.4byte	0x92d
 1144 07c6 D2070000 		.4byte	0x7d2
 1145 07ca 20       		.uleb128 0x20
 1146 07cb 01       		.uleb128 0x1
 1147 07cc 50       		.byte	0x50
 1148 07cd 03       		.uleb128 0x3
 1149 07ce 0A       		.byte	0xa
 1150 07cf 8813     		.2byte	0x1388
 1151 07d1 00       		.byte	0
 1152 07d2 1F       		.uleb128 0x1f
 1153 07d3 1E000000 		.4byte	.LVL4
 1154 07d7 22090000 		.4byte	0x922
 1155 07db E5070000 		.4byte	0x7e5
 1156 07df 20       		.uleb128 0x20
 1157 07e0 01       		.uleb128 0x1
 1158 07e1 50       		.byte	0x50
 1159 07e2 01       		.uleb128 0x1
 1160 07e3 30       		.byte	0x30
 1161 07e4 00       		.byte	0
 1162 07e5 21       		.uleb128 0x21
 1163 07e6 26000000 		.4byte	.LVL5
 1164 07ea 2D090000 		.4byte	0x92d
 1165 07ee 20       		.uleb128 0x20
 1166 07ef 01       		.uleb128 0x1
 1167 07f0 50       		.byte	0x50
 1168 07f1 03       		.uleb128 0x3
 1169 07f2 0A       		.byte	0xa
 1170 07f3 8813     		.2byte	0x1388
 1171 07f5 00       		.byte	0
 1172 07f6 00       		.byte	0
 1173 07f7 22       		.uleb128 0x22
 1174 07f8 7A060000 		.4byte	.LASF130
 1175 07fc 01       		.byte	0x1
 1176 07fd 1D       		.byte	0x1d
 1177 07fe 25000000 		.4byte	0x25
 1178 0802 00000000 		.4byte	.LFB269
 1179 0806 60000000 		.4byte	.LFE269-.LFB269
 1180 080a 01       		.uleb128 0x1
 1181 080b 9C       		.byte	0x9c
 1182 080c E5080000 		.4byte	0x8e5
 1183 0810 23       		.uleb128 0x23
 1184 0811 08000000 		.4byte	.LVL6
 1185 0815 38090000 		.4byte	0x938
 1186 0819 23       		.uleb128 0x23
 1187 081a 0C000000 		.4byte	.LVL7
 1188 081e 43090000 		.4byte	0x943
 1189 0822 1F       		.uleb128 0x1f
 1190 0823 14000000 		.4byte	.LVL8
 1191 0827 4F090000 		.4byte	0x94f
ARM GAS  /var/folders/m4/4md61f0s1_g0rzfghffqnxvr0000gn/T//ccz2PPgk.s 			page 22


 1192 082b 3A080000 		.4byte	0x83a
 1193 082f 20       		.uleb128 0x20
 1194 0830 01       		.uleb128 0x1
 1195 0831 50       		.byte	0x50
 1196 0832 01       		.uleb128 0x1
 1197 0833 31       		.byte	0x31
 1198 0834 20       		.uleb128 0x20
 1199 0835 01       		.uleb128 0x1
 1200 0836 51       		.byte	0x51
 1201 0837 01       		.uleb128 0x1
 1202 0838 31       		.byte	0x31
 1203 0839 00       		.byte	0
 1204 083a 1F       		.uleb128 0x1f
 1205 083b 1C000000 		.4byte	.LVL9
 1206 083f 4F090000 		.4byte	0x94f
 1207 0843 52080000 		.4byte	0x852
 1208 0847 20       		.uleb128 0x20
 1209 0848 01       		.uleb128 0x1
 1210 0849 50       		.byte	0x50
 1211 084a 01       		.uleb128 0x1
 1212 084b 32       		.byte	0x32
 1213 084c 20       		.uleb128 0x20
 1214 084d 01       		.uleb128 0x1
 1215 084e 51       		.byte	0x51
 1216 084f 01       		.uleb128 0x1
 1217 0850 31       		.byte	0x31
 1218 0851 00       		.byte	0
 1219 0852 1F       		.uleb128 0x1f
 1220 0853 24000000 		.4byte	.LVL10
 1221 0857 4F090000 		.4byte	0x94f
 1222 085b 6A080000 		.4byte	0x86a
 1223 085f 20       		.uleb128 0x20
 1224 0860 01       		.uleb128 0x1
 1225 0861 50       		.byte	0x50
 1226 0862 01       		.uleb128 0x1
 1227 0863 34       		.byte	0x34
 1228 0864 20       		.uleb128 0x20
 1229 0865 01       		.uleb128 0x1
 1230 0866 51       		.byte	0x51
 1231 0867 01       		.uleb128 0x1
 1232 0868 31       		.byte	0x31
 1233 0869 00       		.byte	0
 1234 086a 23       		.uleb128 0x23
 1235 086b 28000000 		.4byte	.LVL11
 1236 086f 5B090000 		.4byte	0x95b
 1237 0873 23       		.uleb128 0x23
 1238 0874 2C000000 		.4byte	.LVL12
 1239 0878 66090000 		.4byte	0x966
 1240 087c 23       		.uleb128 0x23
 1241 087d 30000000 		.4byte	.LVL13
 1242 0881 71090000 		.4byte	0x971
 1243 0885 23       		.uleb128 0x23
 1244 0886 34000000 		.4byte	.LVL14
 1245 088a 7C090000 		.4byte	0x97c
 1246 088e 23       		.uleb128 0x23
 1247 088f 38000000 		.4byte	.LVL15
 1248 0893 87090000 		.4byte	0x987
ARM GAS  /var/folders/m4/4md61f0s1_g0rzfghffqnxvr0000gn/T//ccz2PPgk.s 			page 23


 1249 0897 1F       		.uleb128 0x1f
 1250 0898 4A000000 		.4byte	.LVL16
 1251 089c 92090000 		.4byte	0x992
 1252 08a0 CA080000 		.4byte	0x8ca
 1253 08a4 20       		.uleb128 0x20
 1254 08a5 01       		.uleb128 0x1
 1255 08a6 50       		.byte	0x50
 1256 08a7 05       		.uleb128 0x5
 1257 08a8 03       		.byte	0x3
 1258 08a9 00000000 		.4byte	.LANCHOR0
 1259 08ad 20       		.uleb128 0x20
 1260 08ae 01       		.uleb128 0x1
 1261 08af 51       		.byte	0x51
 1262 08b0 03       		.uleb128 0x3
 1263 08b1 0A       		.byte	0xa
 1264 08b2 9805     		.2byte	0x598
 1265 08b4 20       		.uleb128 0x20
 1266 08b5 01       		.uleb128 0x1
 1267 08b6 52       		.byte	0x52
 1268 08b7 02       		.uleb128 0x2
 1269 08b8 08       		.byte	0x8
 1270 08b9 40       		.byte	0x40
 1271 08ba 20       		.uleb128 0x20
 1272 08bb 01       		.uleb128 0x1
 1273 08bc 53       		.byte	0x53
 1274 08bd 05       		.uleb128 0x5
 1275 08be 03       		.byte	0x3
 1276 08bf 00000000 		.4byte	led_update
 1277 08c3 20       		.uleb128 0x20
 1278 08c4 02       		.uleb128 0x2
 1279 08c5 7D       		.byte	0x7d
 1280 08c6 00       		.sleb128 0
 1281 08c7 01       		.uleb128 0x1
 1282 08c8 30       		.byte	0x30
 1283 08c9 00       		.byte	0
 1284 08ca 23       		.uleb128 0x23
 1285 08cb 4E000000 		.4byte	.LVL17
 1286 08cf 9D090000 		.4byte	0x99d
 1287 08d3 21       		.uleb128 0x21
 1288 08d4 56000000 		.4byte	.LVL18
 1289 08d8 2D090000 		.4byte	0x92d
 1290 08dc 20       		.uleb128 0x20
 1291 08dd 01       		.uleb128 0x1
 1292 08de 50       		.byte	0x50
 1293 08df 03       		.uleb128 0x3
 1294 08e0 0A       		.byte	0xa
 1295 08e1 E803     		.2byte	0x3e8
 1296 08e3 00       		.byte	0
 1297 08e4 00       		.byte	0
 1298 08e5 17       		.uleb128 0x17
 1299 08e6 95040000 		.4byte	0x495
 1300 08ea F5080000 		.4byte	0x8f5
 1301 08ee 18       		.uleb128 0x18
 1302 08ef 6A040000 		.4byte	0x46a
 1303 08f3 B2       		.byte	0xb2
 1304 08f4 00       		.byte	0
 1305 08f5 24       		.uleb128 0x24
ARM GAS  /var/folders/m4/4md61f0s1_g0rzfghffqnxvr0000gn/T//ccz2PPgk.s 			page 24


 1306 08f6 0E030000 		.4byte	.LASF131
 1307 08fa 01       		.byte	0x1
 1308 08fb 0E       		.byte	0xe
 1309 08fc E5080000 		.4byte	0x8e5
 1310 0900 05       		.uleb128 0x5
 1311 0901 03       		.byte	0x3
 1312 0902 00000000 		.4byte	led_update_wa
 1313 0906 25       		.uleb128 0x25
 1314 0907 92000000 		.4byte	.LASF111
 1315 090b 18       		.byte	0x18
 1316 090c FA06     		.2byte	0x6fa
 1317 090e 12090000 		.4byte	0x912
 1318 0912 16       		.uleb128 0x16
 1319 0913 AD000000 		.4byte	0xad
 1320 0917 26       		.uleb128 0x26
 1321 0918 636800   		.ascii	"ch\000"
 1322 091b 08       		.byte	0x8
 1323 091c 0902     		.2byte	0x209
 1324 091e 03040000 		.4byte	0x403
 1325 0922 27       		.uleb128 0x27
 1326 0923 4D020000 		.4byte	.LASF112
 1327 0927 4D020000 		.4byte	.LASF112
 1328 092b 0E       		.byte	0xe
 1329 092c 35       		.byte	0x35
 1330 092d 27       		.uleb128 0x27
 1331 092e 6B050000 		.4byte	.LASF113
 1332 0932 6B050000 		.4byte	.LASF113
 1333 0936 0F       		.byte	0xf
 1334 0937 96       		.byte	0x96
 1335 0938 27       		.uleb128 0x27
 1336 0939 BA010000 		.4byte	.LASF114
 1337 093d BA010000 		.4byte	.LASF114
 1338 0941 10       		.byte	0x10
 1339 0942 9B       		.byte	0x9b
 1340 0943 28       		.uleb128 0x28
 1341 0944 D1000000 		.4byte	.LASF115
 1342 0948 D1000000 		.4byte	.LASF115
 1343 094c 11       		.byte	0x11
 1344 094d 1501     		.2byte	0x115
 1345 094f 28       		.uleb128 0x28
 1346 0950 16050000 		.4byte	.LASF116
 1347 0954 16050000 		.4byte	.LASF116
 1348 0958 12       		.byte	0x12
 1349 0959 5803     		.2byte	0x358
 1350 095b 27       		.uleb128 0x27
 1351 095c 3C020000 		.4byte	.LASF117
 1352 0960 3C020000 		.4byte	.LASF117
 1353 0964 13       		.byte	0x13
 1354 0965 12       		.byte	0x12
 1355 0966 27       		.uleb128 0x27
 1356 0967 20060000 		.4byte	.LASF118
 1357 096b 20060000 		.4byte	.LASF118
 1358 096f 0E       		.byte	0xe
 1359 0970 31       		.byte	0x31
 1360 0971 27       		.uleb128 0x27
 1361 0972 59010000 		.4byte	.LASF119
 1362 0976 59010000 		.4byte	.LASF119
ARM GAS  /var/folders/m4/4md61f0s1_g0rzfghffqnxvr0000gn/T//ccz2PPgk.s 			page 25


 1363 097a 14       		.byte	0x14
 1364 097b 11       		.byte	0x11
 1365 097c 27       		.uleb128 0x27
 1366 097d B5020000 		.4byte	.LASF120
 1367 0981 B5020000 		.4byte	.LASF120
 1368 0985 15       		.byte	0x15
 1369 0986 0B       		.byte	0xb
 1370 0987 27       		.uleb128 0x27
 1371 0988 F2000000 		.4byte	.LASF121
 1372 098c F2000000 		.4byte	.LASF121
 1373 0990 16       		.byte	0x16
 1374 0991 09       		.byte	0x9
 1375 0992 27       		.uleb128 0x27
 1376 0993 94020000 		.4byte	.LASF122
 1377 0997 94020000 		.4byte	.LASF122
 1378 099b 0F       		.byte	0xf
 1379 099c 89       		.byte	0x89
 1380 099d 27       		.uleb128 0x27
 1381 099e 2D050000 		.4byte	.LASF123
 1382 09a2 2D050000 		.4byte	.LASF123
 1383 09a6 15       		.byte	0x15
 1384 09a7 0E       		.byte	0xe
 1385 09a8 00       		.byte	0
 1386              		.section	.debug_abbrev,"",%progbits
 1387              	.Ldebug_abbrev0:
 1388 0000 01       		.uleb128 0x1
 1389 0001 11       		.uleb128 0x11
 1390 0002 01       		.byte	0x1
 1391 0003 25       		.uleb128 0x25
 1392 0004 0E       		.uleb128 0xe
 1393 0005 13       		.uleb128 0x13
 1394 0006 0B       		.uleb128 0xb
 1395 0007 03       		.uleb128 0x3
 1396 0008 0E       		.uleb128 0xe
 1397 0009 1B       		.uleb128 0x1b
 1398 000a 0E       		.uleb128 0xe
 1399 000b 55       		.uleb128 0x55
 1400 000c 17       		.uleb128 0x17
 1401 000d 11       		.uleb128 0x11
 1402 000e 01       		.uleb128 0x1
 1403 000f 10       		.uleb128 0x10
 1404 0010 17       		.uleb128 0x17
 1405 0011 00       		.byte	0
 1406 0012 00       		.byte	0
 1407 0013 02       		.uleb128 0x2
 1408 0014 24       		.uleb128 0x24
 1409 0015 00       		.byte	0
 1410 0016 0B       		.uleb128 0xb
 1411 0017 0B       		.uleb128 0xb
 1412 0018 3E       		.uleb128 0x3e
 1413 0019 0B       		.uleb128 0xb
 1414 001a 03       		.uleb128 0x3
 1415 001b 08       		.uleb128 0x8
 1416 001c 00       		.byte	0
 1417 001d 00       		.byte	0
 1418 001e 03       		.uleb128 0x3
 1419 001f 16       		.uleb128 0x16
ARM GAS  /var/folders/m4/4md61f0s1_g0rzfghffqnxvr0000gn/T//ccz2PPgk.s 			page 26


 1420 0020 00       		.byte	0
 1421 0021 03       		.uleb128 0x3
 1422 0022 0E       		.uleb128 0xe
 1423 0023 3A       		.uleb128 0x3a
 1424 0024 0B       		.uleb128 0xb
 1425 0025 3B       		.uleb128 0x3b
 1426 0026 0B       		.uleb128 0xb
 1427 0027 49       		.uleb128 0x49
 1428 0028 13       		.uleb128 0x13
 1429 0029 00       		.byte	0
 1430 002a 00       		.byte	0
 1431 002b 04       		.uleb128 0x4
 1432 002c 24       		.uleb128 0x24
 1433 002d 00       		.byte	0
 1434 002e 0B       		.uleb128 0xb
 1435 002f 0B       		.uleb128 0xb
 1436 0030 3E       		.uleb128 0x3e
 1437 0031 0B       		.uleb128 0xb
 1438 0032 03       		.uleb128 0x3
 1439 0033 0E       		.uleb128 0xe
 1440 0034 00       		.byte	0
 1441 0035 00       		.byte	0
 1442 0036 05       		.uleb128 0x5
 1443 0037 13       		.uleb128 0x13
 1444 0038 01       		.byte	0x1
 1445 0039 03       		.uleb128 0x3
 1446 003a 0E       		.uleb128 0xe
 1447 003b 0B       		.uleb128 0xb
 1448 003c 0B       		.uleb128 0xb
 1449 003d 3A       		.uleb128 0x3a
 1450 003e 0B       		.uleb128 0xb
 1451 003f 3B       		.uleb128 0x3b
 1452 0040 0B       		.uleb128 0xb
 1453 0041 01       		.uleb128 0x1
 1454 0042 13       		.uleb128 0x13
 1455 0043 00       		.byte	0
 1456 0044 00       		.byte	0
 1457 0045 06       		.uleb128 0x6
 1458 0046 0D       		.uleb128 0xd
 1459 0047 00       		.byte	0
 1460 0048 03       		.uleb128 0x3
 1461 0049 0E       		.uleb128 0xe
 1462 004a 3A       		.uleb128 0x3a
 1463 004b 0B       		.uleb128 0xb
 1464 004c 3B       		.uleb128 0x3b
 1465 004d 0B       		.uleb128 0xb
 1466 004e 49       		.uleb128 0x49
 1467 004f 13       		.uleb128 0x13
 1468 0050 38       		.uleb128 0x38
 1469 0051 0B       		.uleb128 0xb
 1470 0052 00       		.byte	0
 1471 0053 00       		.byte	0
 1472 0054 07       		.uleb128 0x7
 1473 0055 0D       		.uleb128 0xd
 1474 0056 00       		.byte	0
 1475 0057 03       		.uleb128 0x3
 1476 0058 08       		.uleb128 0x8
ARM GAS  /var/folders/m4/4md61f0s1_g0rzfghffqnxvr0000gn/T//ccz2PPgk.s 			page 27


 1477 0059 3A       		.uleb128 0x3a
 1478 005a 0B       		.uleb128 0xb
 1479 005b 3B       		.uleb128 0x3b
 1480 005c 05       		.uleb128 0x5
 1481 005d 49       		.uleb128 0x49
 1482 005e 13       		.uleb128 0x13
 1483 005f 38       		.uleb128 0x38
 1484 0060 0B       		.uleb128 0xb
 1485 0061 00       		.byte	0
 1486 0062 00       		.byte	0
 1487 0063 08       		.uleb128 0x8
 1488 0064 0D       		.uleb128 0xd
 1489 0065 00       		.byte	0
 1490 0066 03       		.uleb128 0x3
 1491 0067 0E       		.uleb128 0xe
 1492 0068 3A       		.uleb128 0x3a
 1493 0069 0B       		.uleb128 0xb
 1494 006a 3B       		.uleb128 0x3b
 1495 006b 05       		.uleb128 0x5
 1496 006c 49       		.uleb128 0x49
 1497 006d 13       		.uleb128 0x13
 1498 006e 38       		.uleb128 0x38
 1499 006f 0B       		.uleb128 0xb
 1500 0070 00       		.byte	0
 1501 0071 00       		.byte	0
 1502 0072 09       		.uleb128 0x9
 1503 0073 0F       		.uleb128 0xf
 1504 0074 00       		.byte	0
 1505 0075 0B       		.uleb128 0xb
 1506 0076 0B       		.uleb128 0xb
 1507 0077 49       		.uleb128 0x49
 1508 0078 13       		.uleb128 0x13
 1509 0079 00       		.byte	0
 1510 007a 00       		.byte	0
 1511 007b 0A       		.uleb128 0xa
 1512 007c 13       		.uleb128 0x13
 1513 007d 01       		.byte	0x1
 1514 007e 03       		.uleb128 0x3
 1515 007f 0E       		.uleb128 0xe
 1516 0080 0B       		.uleb128 0xb
 1517 0081 0B       		.uleb128 0xb
 1518 0082 3A       		.uleb128 0x3a
 1519 0083 0B       		.uleb128 0xb
 1520 0084 3B       		.uleb128 0x3b
 1521 0085 05       		.uleb128 0x5
 1522 0086 01       		.uleb128 0x1
 1523 0087 13       		.uleb128 0x13
 1524 0088 00       		.byte	0
 1525 0089 00       		.byte	0
 1526 008a 0B       		.uleb128 0xb
 1527 008b 15       		.uleb128 0x15
 1528 008c 01       		.byte	0x1
 1529 008d 27       		.uleb128 0x27
 1530 008e 19       		.uleb128 0x19
 1531 008f 01       		.uleb128 0x1
 1532 0090 13       		.uleb128 0x13
 1533 0091 00       		.byte	0
ARM GAS  /var/folders/m4/4md61f0s1_g0rzfghffqnxvr0000gn/T//ccz2PPgk.s 			page 28


 1534 0092 00       		.byte	0
 1535 0093 0C       		.uleb128 0xc
 1536 0094 05       		.uleb128 0x5
 1537 0095 00       		.byte	0
 1538 0096 49       		.uleb128 0x49
 1539 0097 13       		.uleb128 0x13
 1540 0098 00       		.byte	0
 1541 0099 00       		.byte	0
 1542 009a 0D       		.uleb128 0xd
 1543 009b 0F       		.uleb128 0xf
 1544 009c 00       		.byte	0
 1545 009d 0B       		.uleb128 0xb
 1546 009e 0B       		.uleb128 0xb
 1547 009f 00       		.byte	0
 1548 00a0 00       		.byte	0
 1549 00a1 0E       		.uleb128 0xe
 1550 00a2 13       		.uleb128 0x13
 1551 00a3 01       		.byte	0x1
 1552 00a4 03       		.uleb128 0x3
 1553 00a5 0E       		.uleb128 0xe
 1554 00a6 0B       		.uleb128 0xb
 1555 00a7 05       		.uleb128 0x5
 1556 00a8 3A       		.uleb128 0x3a
 1557 00a9 0B       		.uleb128 0xb
 1558 00aa 3B       		.uleb128 0x3b
 1559 00ab 05       		.uleb128 0x5
 1560 00ac 01       		.uleb128 0x1
 1561 00ad 13       		.uleb128 0x13
 1562 00ae 00       		.byte	0
 1563 00af 00       		.byte	0
 1564 00b0 0F       		.uleb128 0xf
 1565 00b1 04       		.uleb128 0x4
 1566 00b2 01       		.byte	0x1
 1567 00b3 0B       		.uleb128 0xb
 1568 00b4 0B       		.uleb128 0xb
 1569 00b5 49       		.uleb128 0x49
 1570 00b6 13       		.uleb128 0x13
 1571 00b7 3A       		.uleb128 0x3a
 1572 00b8 0B       		.uleb128 0xb
 1573 00b9 3B       		.uleb128 0x3b
 1574 00ba 0B       		.uleb128 0xb
 1575 00bb 01       		.uleb128 0x1
 1576 00bc 13       		.uleb128 0x13
 1577 00bd 00       		.byte	0
 1578 00be 00       		.byte	0
 1579 00bf 10       		.uleb128 0x10
 1580 00c0 28       		.uleb128 0x28
 1581 00c1 00       		.byte	0
 1582 00c2 03       		.uleb128 0x3
 1583 00c3 0E       		.uleb128 0xe
 1584 00c4 1C       		.uleb128 0x1c
 1585 00c5 0B       		.uleb128 0xb
 1586 00c6 00       		.byte	0
 1587 00c7 00       		.byte	0
 1588 00c8 11       		.uleb128 0x11
 1589 00c9 0D       		.uleb128 0xd
 1590 00ca 00       		.byte	0
ARM GAS  /var/folders/m4/4md61f0s1_g0rzfghffqnxvr0000gn/T//ccz2PPgk.s 			page 29


 1591 00cb 03       		.uleb128 0x3
 1592 00cc 08       		.uleb128 0x8
 1593 00cd 3A       		.uleb128 0x3a
 1594 00ce 0B       		.uleb128 0xb
 1595 00cf 3B       		.uleb128 0x3b
 1596 00d0 0B       		.uleb128 0xb
 1597 00d1 49       		.uleb128 0x49
 1598 00d2 13       		.uleb128 0x13
 1599 00d3 38       		.uleb128 0x38
 1600 00d4 0B       		.uleb128 0xb
 1601 00d5 00       		.byte	0
 1602 00d6 00       		.byte	0
 1603 00d7 12       		.uleb128 0x12
 1604 00d8 13       		.uleb128 0x13
 1605 00d9 01       		.byte	0x1
 1606 00da 0B       		.uleb128 0xb
 1607 00db 0B       		.uleb128 0xb
 1608 00dc 3A       		.uleb128 0x3a
 1609 00dd 0B       		.uleb128 0xb
 1610 00de 3B       		.uleb128 0x3b
 1611 00df 0B       		.uleb128 0xb
 1612 00e0 01       		.uleb128 0x1
 1613 00e1 13       		.uleb128 0x13
 1614 00e2 00       		.byte	0
 1615 00e3 00       		.byte	0
 1616 00e4 13       		.uleb128 0x13
 1617 00e5 17       		.uleb128 0x17
 1618 00e6 01       		.byte	0x1
 1619 00e7 0B       		.uleb128 0xb
 1620 00e8 0B       		.uleb128 0xb
 1621 00e9 3A       		.uleb128 0x3a
 1622 00ea 0B       		.uleb128 0xb
 1623 00eb 3B       		.uleb128 0x3b
 1624 00ec 0B       		.uleb128 0xb
 1625 00ed 01       		.uleb128 0x1
 1626 00ee 13       		.uleb128 0x13
 1627 00ef 00       		.byte	0
 1628 00f0 00       		.byte	0
 1629 00f1 14       		.uleb128 0x14
 1630 00f2 0D       		.uleb128 0xd
 1631 00f3 00       		.byte	0
 1632 00f4 03       		.uleb128 0x3
 1633 00f5 0E       		.uleb128 0xe
 1634 00f6 3A       		.uleb128 0x3a
 1635 00f7 0B       		.uleb128 0xb
 1636 00f8 3B       		.uleb128 0x3b
 1637 00f9 05       		.uleb128 0x5
 1638 00fa 49       		.uleb128 0x49
 1639 00fb 13       		.uleb128 0x13
 1640 00fc 00       		.byte	0
 1641 00fd 00       		.byte	0
 1642 00fe 15       		.uleb128 0x15
 1643 00ff 26       		.uleb128 0x26
 1644 0100 00       		.byte	0
 1645 0101 49       		.uleb128 0x49
 1646 0102 13       		.uleb128 0x13
 1647 0103 00       		.byte	0
ARM GAS  /var/folders/m4/4md61f0s1_g0rzfghffqnxvr0000gn/T//ccz2PPgk.s 			page 30


 1648 0104 00       		.byte	0
 1649 0105 16       		.uleb128 0x16
 1650 0106 35       		.uleb128 0x35
 1651 0107 00       		.byte	0
 1652 0108 49       		.uleb128 0x49
 1653 0109 13       		.uleb128 0x13
 1654 010a 00       		.byte	0
 1655 010b 00       		.byte	0
 1656 010c 17       		.uleb128 0x17
 1657 010d 01       		.uleb128 0x1
 1658 010e 01       		.byte	0x1
 1659 010f 49       		.uleb128 0x49
 1660 0110 13       		.uleb128 0x13
 1661 0111 01       		.uleb128 0x1
 1662 0112 13       		.uleb128 0x13
 1663 0113 00       		.byte	0
 1664 0114 00       		.byte	0
 1665 0115 18       		.uleb128 0x18
 1666 0116 21       		.uleb128 0x21
 1667 0117 00       		.byte	0
 1668 0118 49       		.uleb128 0x49
 1669 0119 13       		.uleb128 0x13
 1670 011a 2F       		.uleb128 0x2f
 1671 011b 0B       		.uleb128 0xb
 1672 011c 00       		.byte	0
 1673 011d 00       		.byte	0
 1674 011e 19       		.uleb128 0x19
 1675 011f 2E       		.uleb128 0x2e
 1676 0120 01       		.byte	0x1
 1677 0121 03       		.uleb128 0x3
 1678 0122 0E       		.uleb128 0xe
 1679 0123 3A       		.uleb128 0x3a
 1680 0124 0B       		.uleb128 0xb
 1681 0125 3B       		.uleb128 0x3b
 1682 0126 0B       		.uleb128 0xb
 1683 0127 27       		.uleb128 0x27
 1684 0128 19       		.uleb128 0x19
 1685 0129 20       		.uleb128 0x20
 1686 012a 0B       		.uleb128 0xb
 1687 012b 01       		.uleb128 0x1
 1688 012c 13       		.uleb128 0x13
 1689 012d 00       		.byte	0
 1690 012e 00       		.byte	0
 1691 012f 1A       		.uleb128 0x1a
 1692 0130 05       		.uleb128 0x5
 1693 0131 00       		.byte	0
 1694 0132 03       		.uleb128 0x3
 1695 0133 0E       		.uleb128 0xe
 1696 0134 3A       		.uleb128 0x3a
 1697 0135 0B       		.uleb128 0xb
 1698 0136 3B       		.uleb128 0x3b
 1699 0137 0B       		.uleb128 0xb
 1700 0138 49       		.uleb128 0x49
 1701 0139 13       		.uleb128 0x13
 1702 013a 00       		.byte	0
 1703 013b 00       		.byte	0
 1704 013c 1B       		.uleb128 0x1b
ARM GAS  /var/folders/m4/4md61f0s1_g0rzfghffqnxvr0000gn/T//ccz2PPgk.s 			page 31


 1705 013d 2E       		.uleb128 0x2e
 1706 013e 01       		.byte	0x1
 1707 013f 03       		.uleb128 0x3
 1708 0140 0E       		.uleb128 0xe
 1709 0141 3A       		.uleb128 0x3a
 1710 0142 0B       		.uleb128 0xb
 1711 0143 3B       		.uleb128 0x3b
 1712 0144 0B       		.uleb128 0xb
 1713 0145 27       		.uleb128 0x27
 1714 0146 19       		.uleb128 0x19
 1715 0147 8701     		.uleb128 0x87
 1716 0149 19       		.uleb128 0x19
 1717 014a 11       		.uleb128 0x11
 1718 014b 01       		.uleb128 0x1
 1719 014c 12       		.uleb128 0x12
 1720 014d 06       		.uleb128 0x6
 1721 014e 40       		.uleb128 0x40
 1722 014f 18       		.uleb128 0x18
 1723 0150 9742     		.uleb128 0x2117
 1724 0152 19       		.uleb128 0x19
 1725 0153 01       		.uleb128 0x1
 1726 0154 13       		.uleb128 0x13
 1727 0155 00       		.byte	0
 1728 0156 00       		.byte	0
 1729 0157 1C       		.uleb128 0x1c
 1730 0158 05       		.uleb128 0x5
 1731 0159 00       		.byte	0
 1732 015a 03       		.uleb128 0x3
 1733 015b 08       		.uleb128 0x8
 1734 015c 3A       		.uleb128 0x3a
 1735 015d 0B       		.uleb128 0xb
 1736 015e 3B       		.uleb128 0x3b
 1737 015f 0B       		.uleb128 0xb
 1738 0160 49       		.uleb128 0x49
 1739 0161 13       		.uleb128 0x13
 1740 0162 02       		.uleb128 0x2
 1741 0163 17       		.uleb128 0x17
 1742 0164 00       		.byte	0
 1743 0165 00       		.byte	0
 1744 0166 1D       		.uleb128 0x1d
 1745 0167 1D       		.uleb128 0x1d
 1746 0168 01       		.byte	0x1
 1747 0169 31       		.uleb128 0x31
 1748 016a 13       		.uleb128 0x13
 1749 016b 11       		.uleb128 0x11
 1750 016c 01       		.uleb128 0x1
 1751 016d 12       		.uleb128 0x12
 1752 016e 06       		.uleb128 0x6
 1753 016f 58       		.uleb128 0x58
 1754 0170 0B       		.uleb128 0xb
 1755 0171 59       		.uleb128 0x59
 1756 0172 0B       		.uleb128 0xb
 1757 0173 01       		.uleb128 0x1
 1758 0174 13       		.uleb128 0x13
 1759 0175 00       		.byte	0
 1760 0176 00       		.byte	0
 1761 0177 1E       		.uleb128 0x1e
ARM GAS  /var/folders/m4/4md61f0s1_g0rzfghffqnxvr0000gn/T//ccz2PPgk.s 			page 32


 1762 0178 05       		.uleb128 0x5
 1763 0179 00       		.byte	0
 1764 017a 31       		.uleb128 0x31
 1765 017b 13       		.uleb128 0x13
 1766 017c 02       		.uleb128 0x2
 1767 017d 18       		.uleb128 0x18
 1768 017e 00       		.byte	0
 1769 017f 00       		.byte	0
 1770 0180 1F       		.uleb128 0x1f
 1771 0181 898201   		.uleb128 0x4109
 1772 0184 01       		.byte	0x1
 1773 0185 11       		.uleb128 0x11
 1774 0186 01       		.uleb128 0x1
 1775 0187 31       		.uleb128 0x31
 1776 0188 13       		.uleb128 0x13
 1777 0189 01       		.uleb128 0x1
 1778 018a 13       		.uleb128 0x13
 1779 018b 00       		.byte	0
 1780 018c 00       		.byte	0
 1781 018d 20       		.uleb128 0x20
 1782 018e 8A8201   		.uleb128 0x410a
 1783 0191 00       		.byte	0
 1784 0192 02       		.uleb128 0x2
 1785 0193 18       		.uleb128 0x18
 1786 0194 9142     		.uleb128 0x2111
 1787 0196 18       		.uleb128 0x18
 1788 0197 00       		.byte	0
 1789 0198 00       		.byte	0
 1790 0199 21       		.uleb128 0x21
 1791 019a 898201   		.uleb128 0x4109
 1792 019d 01       		.byte	0x1
 1793 019e 11       		.uleb128 0x11
 1794 019f 01       		.uleb128 0x1
 1795 01a0 31       		.uleb128 0x31
 1796 01a1 13       		.uleb128 0x13
 1797 01a2 00       		.byte	0
 1798 01a3 00       		.byte	0
 1799 01a4 22       		.uleb128 0x22
 1800 01a5 2E       		.uleb128 0x2e
 1801 01a6 01       		.byte	0x1
 1802 01a7 3F       		.uleb128 0x3f
 1803 01a8 19       		.uleb128 0x19
 1804 01a9 03       		.uleb128 0x3
 1805 01aa 0E       		.uleb128 0xe
 1806 01ab 3A       		.uleb128 0x3a
 1807 01ac 0B       		.uleb128 0xb
 1808 01ad 3B       		.uleb128 0x3b
 1809 01ae 0B       		.uleb128 0xb
 1810 01af 27       		.uleb128 0x27
 1811 01b0 19       		.uleb128 0x19
 1812 01b1 49       		.uleb128 0x49
 1813 01b2 13       		.uleb128 0x13
 1814 01b3 8701     		.uleb128 0x87
 1815 01b5 19       		.uleb128 0x19
 1816 01b6 11       		.uleb128 0x11
 1817 01b7 01       		.uleb128 0x1
 1818 01b8 12       		.uleb128 0x12
ARM GAS  /var/folders/m4/4md61f0s1_g0rzfghffqnxvr0000gn/T//ccz2PPgk.s 			page 33


 1819 01b9 06       		.uleb128 0x6
 1820 01ba 40       		.uleb128 0x40
 1821 01bb 18       		.uleb128 0x18
 1822 01bc 9742     		.uleb128 0x2117
 1823 01be 19       		.uleb128 0x19
 1824 01bf 01       		.uleb128 0x1
 1825 01c0 13       		.uleb128 0x13
 1826 01c1 00       		.byte	0
 1827 01c2 00       		.byte	0
 1828 01c3 23       		.uleb128 0x23
 1829 01c4 898201   		.uleb128 0x4109
 1830 01c7 00       		.byte	0
 1831 01c8 11       		.uleb128 0x11
 1832 01c9 01       		.uleb128 0x1
 1833 01ca 31       		.uleb128 0x31
 1834 01cb 13       		.uleb128 0x13
 1835 01cc 00       		.byte	0
 1836 01cd 00       		.byte	0
 1837 01ce 24       		.uleb128 0x24
 1838 01cf 34       		.uleb128 0x34
 1839 01d0 00       		.byte	0
 1840 01d1 03       		.uleb128 0x3
 1841 01d2 0E       		.uleb128 0xe
 1842 01d3 3A       		.uleb128 0x3a
 1843 01d4 0B       		.uleb128 0xb
 1844 01d5 3B       		.uleb128 0x3b
 1845 01d6 0B       		.uleb128 0xb
 1846 01d7 49       		.uleb128 0x49
 1847 01d8 13       		.uleb128 0x13
 1848 01d9 02       		.uleb128 0x2
 1849 01da 18       		.uleb128 0x18
 1850 01db 00       		.byte	0
 1851 01dc 00       		.byte	0
 1852 01dd 25       		.uleb128 0x25
 1853 01de 34       		.uleb128 0x34
 1854 01df 00       		.byte	0
 1855 01e0 03       		.uleb128 0x3
 1856 01e1 0E       		.uleb128 0xe
 1857 01e2 3A       		.uleb128 0x3a
 1858 01e3 0B       		.uleb128 0xb
 1859 01e4 3B       		.uleb128 0x3b
 1860 01e5 05       		.uleb128 0x5
 1861 01e6 49       		.uleb128 0x49
 1862 01e7 13       		.uleb128 0x13
 1863 01e8 3F       		.uleb128 0x3f
 1864 01e9 19       		.uleb128 0x19
 1865 01ea 3C       		.uleb128 0x3c
 1866 01eb 19       		.uleb128 0x19
 1867 01ec 00       		.byte	0
 1868 01ed 00       		.byte	0
 1869 01ee 26       		.uleb128 0x26
 1870 01ef 34       		.uleb128 0x34
 1871 01f0 00       		.byte	0
 1872 01f1 03       		.uleb128 0x3
 1873 01f2 08       		.uleb128 0x8
 1874 01f3 3A       		.uleb128 0x3a
 1875 01f4 0B       		.uleb128 0xb
ARM GAS  /var/folders/m4/4md61f0s1_g0rzfghffqnxvr0000gn/T//ccz2PPgk.s 			page 34


 1876 01f5 3B       		.uleb128 0x3b
 1877 01f6 05       		.uleb128 0x5
 1878 01f7 49       		.uleb128 0x49
 1879 01f8 13       		.uleb128 0x13
 1880 01f9 3F       		.uleb128 0x3f
 1881 01fa 19       		.uleb128 0x19
 1882 01fb 3C       		.uleb128 0x3c
 1883 01fc 19       		.uleb128 0x19
 1884 01fd 00       		.byte	0
 1885 01fe 00       		.byte	0
 1886 01ff 27       		.uleb128 0x27
 1887 0200 2E       		.uleb128 0x2e
 1888 0201 00       		.byte	0
 1889 0202 3F       		.uleb128 0x3f
 1890 0203 19       		.uleb128 0x19
 1891 0204 3C       		.uleb128 0x3c
 1892 0205 19       		.uleb128 0x19
 1893 0206 6E       		.uleb128 0x6e
 1894 0207 0E       		.uleb128 0xe
 1895 0208 03       		.uleb128 0x3
 1896 0209 0E       		.uleb128 0xe
 1897 020a 3A       		.uleb128 0x3a
 1898 020b 0B       		.uleb128 0xb
 1899 020c 3B       		.uleb128 0x3b
 1900 020d 0B       		.uleb128 0xb
 1901 020e 00       		.byte	0
 1902 020f 00       		.byte	0
 1903 0210 28       		.uleb128 0x28
 1904 0211 2E       		.uleb128 0x2e
 1905 0212 00       		.byte	0
 1906 0213 3F       		.uleb128 0x3f
 1907 0214 19       		.uleb128 0x19
 1908 0215 3C       		.uleb128 0x3c
 1909 0216 19       		.uleb128 0x19
 1910 0217 6E       		.uleb128 0x6e
 1911 0218 0E       		.uleb128 0xe
 1912 0219 03       		.uleb128 0x3
 1913 021a 0E       		.uleb128 0xe
 1914 021b 3A       		.uleb128 0x3a
 1915 021c 0B       		.uleb128 0xb
 1916 021d 3B       		.uleb128 0x3b
 1917 021e 05       		.uleb128 0x5
 1918 021f 00       		.byte	0
 1919 0220 00       		.byte	0
 1920 0221 00       		.byte	0
 1921              		.section	.debug_loc,"",%progbits
 1922              	.Ldebug_loc0:
 1923              	.LLST0:
 1924 0000 00000000 		.4byte	.LVL0
 1925 0004 0A000000 		.4byte	.LVL1
 1926 0008 0100     		.2byte	0x1
 1927 000a 50       		.byte	0x50
 1928 000b 0A000000 		.4byte	.LVL1
 1929 000f 30000000 		.4byte	.LFE268
 1930 0013 0400     		.2byte	0x4
 1931 0015 F3       		.byte	0xf3
 1932 0016 01       		.uleb128 0x1
ARM GAS  /var/folders/m4/4md61f0s1_g0rzfghffqnxvr0000gn/T//ccz2PPgk.s 			page 35


 1933 0017 50       		.byte	0x50
 1934 0018 9F       		.byte	0x9f
 1935 0019 00000000 		.4byte	0
 1936 001d 00000000 		.4byte	0
 1937              		.section	.debug_aranges,"",%progbits
 1938 0000 24000000 		.4byte	0x24
 1939 0004 0200     		.2byte	0x2
 1940 0006 00000000 		.4byte	.Ldebug_info0
 1941 000a 04       		.byte	0x4
 1942 000b 00       		.byte	0
 1943 000c 0000     		.2byte	0
 1944 000e 0000     		.2byte	0
 1945 0010 00000000 		.4byte	.LFB268
 1946 0014 30000000 		.4byte	.LFE268-.LFB268
 1947 0018 00000000 		.4byte	.LFB269
 1948 001c 60000000 		.4byte	.LFE269-.LFB269
 1949 0020 00000000 		.4byte	0
 1950 0024 00000000 		.4byte	0
 1951              		.section	.debug_ranges,"",%progbits
 1952              	.Ldebug_ranges0:
 1953 0000 00000000 		.4byte	.LFB268
 1954 0004 30000000 		.4byte	.LFE268
 1955 0008 00000000 		.4byte	.LFB269
 1956 000c 60000000 		.4byte	.LFE269
 1957 0010 00000000 		.4byte	0
 1958 0014 00000000 		.4byte	0
 1959              		.section	.debug_line,"",%progbits
 1960              	.Ldebug_line0:
 1961 0000 25040000 		.section	.debug_str,"MS",%progbits,1
 1961      0200CD03 
 1961      00000201 
 1961      FB0E0D00 
 1961      01010101 
 1962              	.LASF54:
 1963 0000 72656164 		.ascii	"ready_list_t\000"
 1963      795F6C69 
 1963      73745F74 
 1963      00
 1964              	.LASF2:
 1965 000d 73697A65 		.ascii	"size_t\000"
 1965      5F7400
 1966              	.LASF91:
 1967 0014 7264796D 		.ascii	"rdymsg\000"
 1967      736700
 1968              	.LASF17:
 1969 001b 75696E74 		.ascii	"uint64_t\000"
 1969      36345F74 
 1969      00
 1970              	.LASF3:
 1971 0024 5F5F7569 		.ascii	"__uint8_t\000"
 1971      6E74385F 
 1971      7400
 1972              	.LASF88:
 1973 002e 706F7274 		.ascii	"port_intctx\000"
 1973      5F696E74 
 1973      63747800 
 1974              	.LASF73:
ARM GAS  /var/folders/m4/4md61f0s1_g0rzfghffqnxvr0000gn/T//ccz2PPgk.s 			page 36


 1975 003a 73797374 		.ascii	"system_debug_t\000"
 1975      656D5F64 
 1975      65627567 
 1975      5F7400
 1976              	.LASF83:
 1977 0049 44495341 		.ascii	"DISABLE\000"
 1977      424C4500 
 1978              	.LASF13:
 1979 0051 6C6F6E67 		.ascii	"long long unsigned int\000"
 1979      206C6F6E 
 1979      6720756E 
 1979      7369676E 
 1979      65642069 
 1980              	.LASF92:
 1981 0068 65786974 		.ascii	"exitcode\000"
 1981      636F6465 
 1981      00
 1982              	.LASF129:
 1983 0071 6C65645F 		.ascii	"led_update\000"
 1983      75706461 
 1983      746500
 1984              	.LASF70:
 1985 007c 76697274 		.ascii	"virtual_timers_list_t\000"
 1985      75616C5F 
 1985      74696D65 
 1985      72735F6C 
 1985      6973745F 
 1986              	.LASF111:
 1987 0092 49544D5F 		.ascii	"ITM_RxBuffer\000"
 1987      52784275 
 1987      66666572 
 1987      00
 1988              	.LASF53:
 1989 009f 63685F74 		.ascii	"ch_threads_queue\000"
 1989      68726561 
 1989      64735F71 
 1989      75657565 
 1989      00
 1990              	.LASF31:
 1991 00b0 705F7072 		.ascii	"p_prio\000"
 1991      696F00
 1992              	.LASF11:
 1993 00b7 6C6F6E67 		.ascii	"long long int\000"
 1993      206C6F6E 
 1993      6720696E 
 1993      7400
 1994              	.LASF1:
 1995 00c5 7369676E 		.ascii	"signed char\000"
 1995      65642063 
 1995      68617200 
 1996              	.LASF115:
 1997 00d1 63685379 		.ascii	"chSysInit\000"
 1997      73496E69 
 1997      7400
 1998              	.LASF47:
 1999 00db 705F6D70 		.ascii	"p_mpool\000"
 1999      6F6F6C00 
ARM GAS  /var/folders/m4/4md61f0s1_g0rzfghffqnxvr0000gn/T//ccz2PPgk.s 			page 37


 2000              	.LASF102:
 2001 00e3 6D5F7175 		.ascii	"m_queue\000"
 2001      65756500 
 2002              	.LASF79:
 2003 00eb 76746C69 		.ascii	"vtlist\000"
 2003      737400
 2004              	.LASF121:
 2005 00f2 636F6D6D 		.ascii	"comm_usb_serial_init\000"
 2005      5F757362 
 2005      5F736572 
 2005      69616C5F 
 2005      696E6974 
 2006              	.LASF94:
 2007 0107 77747472 		.ascii	"wttrp\000"
 2007      7000
 2008              	.LASF77:
 2009 010d 63685F73 		.ascii	"ch_system\000"
 2009      79737465 
 2009      6D00
 2010              	.LASF8:
 2011 0117 6C6F6E67 		.ascii	"long int\000"
 2011      20696E74 
 2011      00
 2012              	.LASF84:
 2013 0120 454E4142 		.ascii	"ENABLE\000"
 2013      4C4500
 2014              	.LASF20:
 2015 0127 74737461 		.ascii	"tstate_t\000"
 2015      74655F74 
 2015      00
 2016              	.LASF33:
 2017 0130 705F6E65 		.ascii	"p_newer\000"
 2017      77657200 
 2018              	.LASF99:
 2019 0138 735F7175 		.ascii	"s_queue\000"
 2019      65756500 
 2020              	.LASF59:
 2021 0140 725F6E65 		.ascii	"r_newer\000"
 2021      77657200 
 2022              	.LASF85:
 2023 0148 72656761 		.ascii	"regarm_t\000"
 2023      726D5F74 
 2023      00
 2024              	.LASF66:
 2025 0151 76745F70 		.ascii	"vt_prev\000"
 2025      72657600 
 2026              	.LASF119:
 2027 0159 656E636F 		.ascii	"encoder_init\000"
 2027      6465725F 
 2027      696E6974 
 2027      00
 2028              	.LASF106:
 2029 0166 6D757465 		.ascii	"mutex_t\000"
 2029      785F7400 
 2030              	.LASF81:
 2031 016e 69646C65 		.ascii	"idle_thread_wa\000"
 2031      5F746872 
ARM GAS  /var/folders/m4/4md61f0s1_g0rzfghffqnxvr0000gn/T//ccz2PPgk.s 			page 38


 2031      6561645F 
 2031      776100
 2032              	.LASF26:
 2033 017d 636E745F 		.ascii	"cnt_t\000"
 2033      7400
 2034              	.LASF0:
 2035 0183 756E7369 		.ascii	"unsigned int\000"
 2035      676E6564 
 2035      20696E74 
 2035      00
 2036              	.LASF65:
 2037 0190 76745F6E 		.ascii	"vt_next\000"
 2037      65787400 
 2038              	.LASF40:
 2039 0198 705F7469 		.ascii	"p_time\000"
 2039      6D6500
 2040              	.LASF95:
 2041 019f 77747365 		.ascii	"wtsemp\000"
 2041      6D7000
 2042              	.LASF67:
 2043 01a6 76745F64 		.ascii	"vt_delta\000"
 2043      656C7461 
 2043      00
 2044              	.LASF42:
 2045 01af 705F6D73 		.ascii	"p_msgqueue\000"
 2045      67717565 
 2045      756500
 2046              	.LASF114:
 2047 01ba 68616C49 		.ascii	"halInit\000"
 2047      6E697400 
 2048              	.LASF128:
 2049 01c2 6E616D65 		.ascii	"name\000"
 2049      00
 2050              	.LASF100:
 2051 01c7 735F636E 		.ascii	"s_cnt\000"
 2051      7400
 2052              	.LASF6:
 2053 01cd 73686F72 		.ascii	"short unsigned int\000"
 2053      7420756E 
 2053      7369676E 
 2053      65642069 
 2053      6E7400
 2054              	.LASF50:
 2055 01e0 63685F74 		.ascii	"ch_thread\000"
 2055      68726561 
 2055      6400
 2056              	.LASF80:
 2057 01ea 6D61696E 		.ascii	"mainthread\000"
 2057      74687265 
 2057      616400
 2058              	.LASF24:
 2059 01f5 6D73675F 		.ascii	"msg_t\000"
 2059      7400
 2060              	.LASF126:
 2061 01fb 2F557365 		.ascii	"/Users/raphael/Documents/Projects/rESC/resc-firmwar"
 2061      72732F72 
 2061      61706861 
ARM GAS  /var/folders/m4/4md61f0s1_g0rzfghffqnxvr0000gn/T//ccz2PPgk.s 			page 39


 2061      656C2F44 
 2061      6F63756D 
 2062 022e 6500     		.ascii	"e\000"
 2063              	.LASF76:
 2064 0230 63685F73 		.ascii	"ch_system_t\000"
 2064      79737465 
 2064      6D5F7400 
 2065              	.LASF117:
 2066 023c 636F6D6D 		.ascii	"comm_init\000"
 2066      5F696E69 
 2066      7400
 2067              	.LASF125:
 2068 0246 6D61696E 		.ascii	"main.c\000"
 2068      2E6300
 2069              	.LASF112:
 2070 024d 77733238 		.ascii	"ws2812b_set_all\000"
 2070      3132625F 
 2070      7365745F 
 2070      616C6C00 
 2071              	.LASF19:
 2072 025d 746D6F64 		.ascii	"tmode_t\000"
 2072      655F7400 
 2073              	.LASF55:
 2074 0265 63685F72 		.ascii	"ch_ready_list\000"
 2074      65616479 
 2074      5F6C6973 
 2074      7400
 2075              	.LASF25:
 2076 0273 6576656E 		.ascii	"eventmask_t\000"
 2076      746D6173 
 2076      6B5F7400 
 2077              	.LASF7:
 2078 027f 5F5F696E 		.ascii	"__int32_t\000"
 2078      7433325F 
 2078      7400
 2079              	.LASF86:
 2080 0289 73746B61 		.ascii	"stkalign_t\000"
 2080      6C69676E 
 2080      5F7400
 2081              	.LASF122:
 2082 0294 63685468 		.ascii	"chThdCreateStatic\000"
 2082      64437265 
 2082      61746553 
 2082      74617469 
 2082      6300
 2083              	.LASF49:
 2084 02a6 74687265 		.ascii	"threads_list_t\000"
 2084      6164735F 
 2084      6C697374 
 2084      5F7400
 2085              	.LASF120:
 2086 02b5 636F6E74 		.ascii	"controller_init\000"
 2086      726F6C6C 
 2086      65725F69 
 2086      6E697400 
 2087              	.LASF41:
 2088 02c5 705F7761 		.ascii	"p_waiting\000"
ARM GAS  /var/folders/m4/4md61f0s1_g0rzfghffqnxvr0000gn/T//ccz2PPgk.s 			page 40


 2088      6974696E 
 2088      6700
 2089              	.LASF82:
 2090 02cf 73697A65 		.ascii	"sizetype\000"
 2090      74797065 
 2090      00
 2091              	.LASF48:
 2092 02d8 74687265 		.ascii	"thread_reference_t\000"
 2092      61645F72 
 2092      65666572 
 2092      656E6365 
 2092      5F7400
 2093              	.LASF71:
 2094 02eb 63685F76 		.ascii	"ch_virtual_timers_list\000"
 2094      69727475 
 2094      616C5F74 
 2094      696D6572 
 2094      735F6C69 
 2095              	.LASF110:
 2096 0302 6C6F6E67 		.ascii	"long double\000"
 2096      20646F75 
 2096      626C6500 
 2097              	.LASF131:
 2098 030e 6C65645F 		.ascii	"led_update_wa\000"
 2098      75706461 
 2098      74655F77 
 2098      6100
 2099              	.LASF34:
 2100 031c 705F6F6C 		.ascii	"p_older\000"
 2100      64657200 
 2101              	.LASF124:
 2102 0324 474E5520 		.ascii	"GNU C99 5.2.1 20151202 (release) [ARM/embedded-5-br"
 2102      43393920 
 2102      352E322E 
 2102      31203230 
 2102      31353132 
 2103 0357 616E6368 		.ascii	"anch revision 231848] -mcpu=cortex-m4 -mfloat-abi=h"
 2103      20726576 
 2103      6973696F 
 2103      6E203233 
 2103      31383438 
 2104 038a 61726420 		.ascii	"ard -mfpu=fpv4-sp-d16 -mno-thumb-interwork -mthumb "
 2104      2D6D6670 
 2104      753D6670 
 2104      76342D73 
 2104      702D6431 
 2105 03bd 2D676764 		.ascii	"-ggdb -O2 -std=c99 -fomit-frame-pointer -falign-fun"
 2105      62202D4F 
 2105      32202D73 
 2105      74643D63 
 2105      3939202D 
 2106 03f0 6374696F 		.ascii	"ctions=16 -fsingle-precision-constant -ffunction-se"
 2106      6E733D31 
 2106      36202D66 
 2106      73696E67 
 2106      6C652D70 
 2107 0423 6374696F 		.ascii	"ctions -fdata-sections -fno-common\000"
ARM GAS  /var/folders/m4/4md61f0s1_g0rzfghffqnxvr0000gn/T//ccz2PPgk.s 			page 41


 2107      6E73202D 
 2107      66646174 
 2107      612D7365 
 2107      6374696F 
 2108              	.LASF58:
 2109 0446 725F6374 		.ascii	"r_ctx\000"
 2109      7800
 2110              	.LASF90:
 2111 044c 746D5F63 		.ascii	"tm_calibration_t\000"
 2111      616C6962 
 2111      72617469 
 2111      6F6E5F74 
 2111      00
 2112              	.LASF61:
 2113 045d 725F6375 		.ascii	"r_current\000"
 2113      7272656E 
 2113      7400
 2114              	.LASF60:
 2115 0467 725F6F6C 		.ascii	"r_older\000"
 2115      64657200 
 2116              	.LASF12:
 2117 046f 5F5F7569 		.ascii	"__uint64_t\000"
 2117      6E743634 
 2117      5F7400
 2118              	.LASF109:
 2119 047a 666C6F61 		.ascii	"float\000"
 2119      7400
 2120              	.LASF21:
 2121 0480 74726566 		.ascii	"trefs_t\000"
 2121      735F7400 
 2122              	.LASF63:
 2123 0488 76697274 		.ascii	"virtual_timer_t\000"
 2123      75616C5F 
 2123      74696D65 
 2123      725F7400 
 2124              	.LASF30:
 2125 0498 705F7072 		.ascii	"p_prev\000"
 2125      657600
 2126              	.LASF23:
 2127 049f 74707269 		.ascii	"tprio_t\000"
 2127      6F5F7400 
 2128              	.LASF74:
 2129 04a7 63685F73 		.ascii	"ch_system_debug\000"
 2129      79737465 
 2129      6D5F6465 
 2129      62756700 
 2130              	.LASF107:
 2131 04b7 5F426F6F 		.ascii	"_Bool\000"
 2131      6C00
 2132              	.LASF15:
 2133 04bd 696E7433 		.ascii	"int32_t\000"
 2133      325F7400 
 2134              	.LASF4:
 2135 04c5 756E7369 		.ascii	"unsigned char\000"
 2135      676E6564 
 2135      20636861 
 2135      7200
ARM GAS  /var/folders/m4/4md61f0s1_g0rzfghffqnxvr0000gn/T//ccz2PPgk.s 			page 42


 2136              	.LASF45:
 2137 04d3 705F6D74 		.ascii	"p_mtxlist\000"
 2137      786C6973 
 2137      7400
 2138              	.LASF5:
 2139 04dd 73686F72 		.ascii	"short int\000"
 2139      7420696E 
 2139      7400
 2140              	.LASF36:
 2141 04e7 705F7374 		.ascii	"p_state\000"
 2141      61746500 
 2142              	.LASF39:
 2143 04ef 705F7072 		.ascii	"p_preempt\000"
 2143      65656D70 
 2143      7400
 2144              	.LASF57:
 2145 04f9 725F7072 		.ascii	"r_prio\000"
 2145      696F00
 2146              	.LASF97:
 2147 0500 65776D61 		.ascii	"ewmask\000"
 2147      736B00
 2148              	.LASF29:
 2149 0507 705F6E65 		.ascii	"p_next\000"
 2149      787400
 2150              	.LASF37:
 2151 050e 705F666C 		.ascii	"p_flags\000"
 2151      61677300 
 2152              	.LASF116:
 2153 0516 5243435F 		.ascii	"RCC_AHB1PeriphClockCmd\000"
 2153      41484231 
 2153      50657269 
 2153      7068436C 
 2153      6F636B43 
 2154              	.LASF123:
 2155 052d 636F6E74 		.ascii	"controller_print_adc\000"
 2155      726F6C6C 
 2155      65725F70 
 2155      72696E74 
 2155      5F616463 
 2156              	.LASF64:
 2157 0542 63685F76 		.ascii	"ch_virtual_timer\000"
 2157      69727475 
 2157      616C5F74 
 2157      696D6572 
 2157      00
 2158              	.LASF98:
 2159 0553 63685F73 		.ascii	"ch_semaphore\000"
 2159      656D6170 
 2159      686F7265 
 2159      00
 2160              	.LASF44:
 2161 0560 705F6570 		.ascii	"p_epending\000"
 2161      656E6469 
 2161      6E6700
 2162              	.LASF113:
 2163 056b 63685468 		.ascii	"chThdSleep\000"
 2163      64536C65 
ARM GAS  /var/folders/m4/4md61f0s1_g0rzfghffqnxvr0000gn/T//ccz2PPgk.s 			page 43


 2163      657000
 2164              	.LASF16:
 2165 0576 75696E74 		.ascii	"uint32_t\000"
 2165      33325F74 
 2165      00
 2166              	.LASF96:
 2167 057f 77746D74 		.ascii	"wtmtxp\000"
 2167      787000
 2168              	.LASF56:
 2169 0586 725F7175 		.ascii	"r_queue\000"
 2169      65756500 
 2170              	.LASF51:
 2171 058e 63685F74 		.ascii	"ch_threads_list\000"
 2171      68726561 
 2171      64735F6C 
 2171      69737400 
 2172              	.LASF22:
 2173 059e 74736C69 		.ascii	"tslices_t\000"
 2173      6365735F 
 2173      7400
 2174              	.LASF10:
 2175 05a8 6C6F6E67 		.ascii	"long unsigned int\000"
 2175      20756E73 
 2175      69676E65 
 2175      6420696E 
 2175      7400
 2176              	.LASF105:
 2177 05ba 63686172 		.ascii	"char\000"
 2177      00
 2178              	.LASF28:
 2179 05bf 74687265 		.ascii	"thread_t\000"
 2179      61645F74 
 2179      00
 2180              	.LASF104:
 2181 05c8 6D5F6E65 		.ascii	"m_next\000"
 2181      787400
 2182              	.LASF27:
 2183 05cf 73797374 		.ascii	"systime_t\000"
 2183      696D655F 
 2183      7400
 2184              	.LASF46:
 2185 05d9 705F7265 		.ascii	"p_realprio\000"
 2185      616C7072 
 2185      696F00
 2186              	.LASF62:
 2187 05e4 76746675 		.ascii	"vtfunc_t\000"
 2187      6E635F74 
 2187      00
 2188              	.LASF9:
 2189 05ed 5F5F7569 		.ascii	"__uint32_t\000"
 2189      6E743332 
 2189      5F7400
 2190              	.LASF75:
 2191 05f8 70616E69 		.ascii	"panic_msg\000"
 2191      635F6D73 
 2191      6700
 2192              	.LASF89:
ARM GAS  /var/folders/m4/4md61f0s1_g0rzfghffqnxvr0000gn/T//ccz2PPgk.s 			page 44


 2193 0602 6F666673 		.ascii	"offset\000"
 2193      657400
 2194              	.LASF87:
 2195 0609 636F6E74 		.ascii	"context\000"
 2195      65787400 
 2196              	.LASF18:
 2197 0611 7274636E 		.ascii	"rtcnt_t\000"
 2197      745F7400 
 2198              	.LASF69:
 2199 0619 76745F70 		.ascii	"vt_par\000"
 2199      617200
 2200              	.LASF118:
 2201 0620 77733238 		.ascii	"ws2812b_init\000"
 2201      3132625F 
 2201      696E6974 
 2201      00
 2202              	.LASF52:
 2203 062d 74687265 		.ascii	"threads_queue_t\000"
 2203      6164735F 
 2203      71756575 
 2203      655F7400 
 2204              	.LASF101:
 2205 063d 63685F6D 		.ascii	"ch_mutex\000"
 2205      75746578 
 2205      00
 2206              	.LASF38:
 2207 0646 705F7265 		.ascii	"p_refs\000"
 2207      667300
 2208              	.LASF78:
 2209 064d 726C6973 		.ascii	"rlist\000"
 2209      7400
 2210              	.LASF14:
 2211 0653 75696E74 		.ascii	"uint8_t\000"
 2211      385F7400 
 2212              	.LASF93:
 2213 065b 77746F62 		.ascii	"wtobjp\000"
 2213      6A7000
 2214              	.LASF35:
 2215 0662 705F6E61 		.ascii	"p_name\000"
 2215      6D6500
 2216              	.LASF72:
 2217 0669 76745F73 		.ascii	"vt_systime\000"
 2217      79737469 
 2217      6D6500
 2218              	.LASF43:
 2219 0674 705F6D73 		.ascii	"p_msg\000"
 2219      6700
 2220              	.LASF130:
 2221 067a 6D61696E 		.ascii	"main\000"
 2221      00
 2222              	.LASF127:
 2223 067f 63685265 		.ascii	"chRegSetThreadName\000"
 2223      67536574 
 2223      54687265 
 2223      61644E61 
 2223      6D6500
 2224              	.LASF103:
ARM GAS  /var/folders/m4/4md61f0s1_g0rzfghffqnxvr0000gn/T//ccz2PPgk.s 			page 45


 2225 0692 6D5F6F77 		.ascii	"m_owner\000"
 2225      6E657200 
 2226              	.LASF108:
 2227 069a 646F7562 		.ascii	"double\000"
 2227      6C6500
 2228              	.LASF32:
 2229 06a1 705F6374 		.ascii	"p_ctx\000"
 2229      7800
 2230              	.LASF68:
 2231 06a7 76745F66 		.ascii	"vt_func\000"
 2231      756E6300 
 2232              		.ident	"GCC: (GNU Tools for ARM Embedded Processors) 5.2.1 20151202 (release) [ARM/embedded-5-bran
ARM GAS  /var/folders/m4/4md61f0s1_g0rzfghffqnxvr0000gn/T//ccz2PPgk.s 			page 46


DEFINED SYMBOLS
                            *ABS*:0000000000000000 main.c
/var/folders/m4/4md61f0s1_g0rzfghffqnxvr0000gn/T//ccz2PPgk.s:22     .text.led_update:0000000000000000 $t
/var/folders/m4/4md61f0s1_g0rzfghffqnxvr0000gn/T//ccz2PPgk.s:27     .text.led_update:0000000000000000 led_update
/var/folders/m4/4md61f0s1_g0rzfghffqnxvr0000gn/T//ccz2PPgk.s:72     .text.led_update:0000000000000028 $d
/var/folders/m4/4md61f0s1_g0rzfghffqnxvr0000gn/T//ccz2PPgk.s:78     .text.startup.main:0000000000000000 $t
/var/folders/m4/4md61f0s1_g0rzfghffqnxvr0000gn/T//ccz2PPgk.s:84     .text.startup.main:0000000000000000 main
/var/folders/m4/4md61f0s1_g0rzfghffqnxvr0000gn/T//ccz2PPgk.s:153    .text.startup.main:0000000000000058 $d
/var/folders/m4/4md61f0s1_g0rzfghffqnxvr0000gn/T//ccz2PPgk.s:159    .bss.led_update_wa:0000000000000000 $d
/var/folders/m4/4md61f0s1_g0rzfghffqnxvr0000gn/T//ccz2PPgk.s:163    .bss.led_update_wa:0000000000000000 led_update_wa
/var/folders/m4/4md61f0s1_g0rzfghffqnxvr0000gn/T//ccz2PPgk.s:166    .rodata.str1.4:0000000000000000 $d
                     .debug_frame:0000000000000010 $d

UNDEFINED SYMBOLS
ws2812b_set_all
chThdSleep
ch
halInit
chSysInit
RCC_AHB1PeriphClockCmd
comm_init
ws2812b_init
encoder_init
controller_init
comm_usb_serial_init
chThdCreateStatic
controller_print_adc
