ARM GAS  /var/folders/m4/4md61f0s1_g0rzfghffqnxvr0000gn/T//ccorkuzE.s 			page 1


   1              		.syntax unified
   2              		.cpu cortex-m4
   3              		.eabi_attribute 27, 1
   4              		.eabi_attribute 28, 1
   5              		.fpu fpv4-sp-d16
   6              		.eabi_attribute 20, 1
   7              		.eabi_attribute 21, 1
   8              		.eabi_attribute 23, 3
   9              		.eabi_attribute 24, 1
  10              		.eabi_attribute 25, 1
  11              		.eabi_attribute 26, 1
  12              		.eabi_attribute 30, 2
  13              		.eabi_attribute 34, 1
  14              		.eabi_attribute 18, 4
  15              		.thumb
  16              		.syntax unified
  17              		.file	"st_lld.c"
  18              		.text
  19              	.Ltext0:
  20              		.cfi_sections	.debug_frame
  21              		.section	.text.SysTick_Handler,"ax",%progbits
  22              		.align	2
  23              		.p2align 4,,15
  24              		.global	SysTick_Handler
  25              		.thumb
  26              		.thumb_func
  27              		.type	SysTick_Handler, %function
  28              	SysTick_Handler:
  29              	.LFB268:
  30              		.file 1 "ChibiOS_16.1.4/os/hal/ports/STM32/LLD/TIMv1/st_lld.c"
  31              		.loc 1 220 0
  32              		.cfi_startproc
  33              		@ args = 0, pretend = 0, frame = 0
  34              		@ frame_needed = 0, uses_anonymous_args = 0
  35              	.LVL0:
  36 0000 08B5     		push	{r3, lr}
  37              		.cfi_def_cfa_offset 8
  38              		.cfi_offset 3, -8
  39              		.cfi_offset 14, -4
  40              	.LBB52:
  41              	.LBB53:
  42              	.LBB54:
  43              	.LBB55:
  44              	.LBB56:
  45              	.LBB57:
  46              		.file 2 "ChibiOS_16.1.4/os/ext/CMSIS/include/core_cmFunc.h"
  47              		.loc 2 548 0
  48 0002 2023     		movs	r3, #32
  49              		.syntax unified
  50              	@ 548 "ChibiOS_16.1.4/os/ext/CMSIS/include/core_cmFunc.h" 1
  51 0004 83F31188 		MSR basepri, r3
  52              	@ 0 "" 2
  53              	.LVL1:
  54              		.thumb
  55              		.syntax unified
  56              	.LBE57:
  57              	.LBE56:
ARM GAS  /var/folders/m4/4md61f0s1_g0rzfghffqnxvr0000gn/T//ccorkuzE.s 			page 2


  58              	.LBE55:
  59              	.LBE54:
  60              	.LBE53:
  61              	.LBE52:
  62              	.LBB58:
  63              	.LBB59:
  64              		.file 3 "ChibiOS_16.1.4/os/hal/osal/rt/osal.h"
  65              		.loc 3 585 0
  66 0008 FFF7FEFF 		bl	chSysTimerHandlerI
  67              	.LVL2:
  68              	.LBE59:
  69              	.LBE58:
  70              	.LBB60:
  71              	.LBB61:
  72              	.LBB62:
  73              	.LBB63:
  74              	.LBB64:
  75              	.LBB65:
  76              		.loc 2 548 0
  77 000c 0023     		movs	r3, #0
  78              		.syntax unified
  79              	@ 548 "ChibiOS_16.1.4/os/ext/CMSIS/include/core_cmFunc.h" 1
  80 000e 83F31188 		MSR basepri, r3
  81              	@ 0 "" 2
  82              	.LVL3:
  83              		.thumb
  84              		.syntax unified
  85              	.LBE65:
  86              	.LBE64:
  87              	.LBE63:
  88              	.LBE62:
  89              	.LBE61:
  90              	.LBE60:
  91              		.loc 1 229 0
  92 0012 BDE80840 		pop	{r3, lr}
  93              		.cfi_restore 14
  94              		.cfi_restore 3
  95              		.cfi_def_cfa_offset 0
  96              		.loc 1 228 0
  97 0016 FFF7FEBF 		b	_port_irq_epilogue
  98              	.LVL4:
  99              		.cfi_endproc
 100              	.LFE268:
 101              		.size	SysTick_Handler, .-SysTick_Handler
 102 001a 00BF     		.section	.text.st_lld_init,"ax",%progbits
 103              		.align	2
 104              		.p2align 4,,15
 105              		.global	st_lld_init
 106              		.thumb
 107              		.thumb_func
 108              		.type	st_lld_init, %function
 109              	st_lld_init:
 110              	.LFB269:
 111              		.loc 1 267 0
 112              		.cfi_startproc
 113              		@ args = 0, pretend = 0, frame = 0
 114              		@ frame_needed = 0, uses_anonymous_args = 0
ARM GAS  /var/folders/m4/4md61f0s1_g0rzfghffqnxvr0000gn/T//ccorkuzE.s 			page 3


 115              		@ link register save eliminated.
 116              		.loc 1 295 0
 117 0000 054B     		ldr	r3, .L4
 118 0002 44F29F11 		movw	r1, #16799
 119              		.loc 1 296 0
 120 0006 0020     		movs	r0, #0
 121              		.loc 1 297 0
 122 0008 0722     		movs	r2, #7
 123              		.loc 1 295 0
 124 000a 5960     		str	r1, [r3, #4]
 125              		.loc 1 296 0
 126 000c 9860     		str	r0, [r3, #8]
 127              		.loc 1 302 0
 128 000e 0821     		movs	r1, #8
 129 0010 0B20     		movs	r0, #11
 130              		.loc 1 297 0
 131 0012 1A60     		str	r2, [r3]
 132              		.loc 1 302 0
 133 0014 FFF7FEBF 		b	nvicSetSystemHandlerPriority
 134              	.LVL5:
 135              	.L5:
 136              		.align	2
 137              	.L4:
 138 0018 10E000E0 		.word	-536813552
 139              		.cfi_endproc
 140              	.LFE269:
 141              		.size	st_lld_init, .-st_lld_init
 142              		.text
 143              	.Letext0:
 144              		.file 4 "/opt/homebrew-cask/Caskroom/gcc-arm-embedded/5_2-2015q4,20151219/gcc-arm-none-eabi-5_2-20
 145              		.file 5 "/opt/homebrew-cask/Caskroom/gcc-arm-embedded/5_2-2015q4,20151219/gcc-arm-none-eabi-5_2-20
 146              		.file 6 "ChibiOS_16.1.4/os/rt/ports/ARMCMx/compilers/GCC/chtypes.h"
 147              		.file 7 "ChibiOS_16.1.4/os/rt/include/chsystypes.h"
 148              		.file 8 "ChibiOS_16.1.4/os/rt/include/chschd.h"
 149              		.file 9 "ChibiOS_16.1.4/os/ext/CMSIS/include/core_cm4.h"
 150              		.file 10 "ChibiOS_16.1.4/os/rt/ports/ARMCMx/chcore.h"
 151              		.file 11 "ChibiOS_16.1.4/os/rt/ports/ARMCMx/chcore_v7m.h"
 152              		.file 12 "ChibiOS_16.1.4/os/rt/include/chtm.h"
 153              		.file 13 "ChibiOS_16.1.4/os/rt/include/chsem.h"
 154              		.file 14 "ChibiOS_16.1.4/os/rt/include/chmtx.h"
 155              		.file 15 "ChibiOS_16.1.4/os/rt/include/chsys.h"
 156              		.file 16 "ChibiOS_16.1.4/os/hal/ports/common/ARMCMx/nvic.h"
 157              		.section	.debug_info,"",%progbits
 158              	.Ldebug_info0:
 159 0000 38090000 		.4byte	0x938
 160 0004 0400     		.2byte	0x4
 161 0006 00000000 		.4byte	.Ldebug_abbrev0
 162 000a 04       		.byte	0x4
 163 000b 01       		.uleb128 0x1
 164 000c A3040000 		.4byte	.LASF124
 165 0010 0C       		.byte	0xc
 166 0011 E6000000 		.4byte	.LASF125
 167 0015 41020000 		.4byte	.LASF126
 168 0019 00000000 		.4byte	.Ldebug_ranges0+0
 169 001d 00000000 		.4byte	0
 170 0021 00000000 		.4byte	.Ldebug_line0
 171 0025 02       		.uleb128 0x2
ARM GAS  /var/folders/m4/4md61f0s1_g0rzfghffqnxvr0000gn/T//ccorkuzE.s 			page 4


 172 0026 04       		.byte	0x4
 173 0027 05       		.byte	0x5
 174 0028 696E7400 		.ascii	"int\000"
 175 002c 03       		.uleb128 0x3
 176 002d 04       		.byte	0x4
 177 002e 07       		.byte	0x7
 178 002f E3010000 		.4byte	.LASF0
 179 0033 03       		.uleb128 0x3
 180 0034 01       		.byte	0x1
 181 0035 06       		.byte	0x6
 182 0036 DA000000 		.4byte	.LASF1
 183 003a 04       		.uleb128 0x4
 184 003b 23000000 		.4byte	.LASF5
 185 003f 04       		.byte	0x4
 186 0040 1D       		.byte	0x1d
 187 0041 45000000 		.4byte	0x45
 188 0045 03       		.uleb128 0x3
 189 0046 01       		.byte	0x1
 190 0047 08       		.byte	0x8
 191 0048 B8030000 		.4byte	.LASF2
 192 004c 03       		.uleb128 0x3
 193 004d 02       		.byte	0x2
 194 004e 05       		.byte	0x5
 195 004f DD030000 		.4byte	.LASF3
 196 0053 03       		.uleb128 0x3
 197 0054 02       		.byte	0x2
 198 0055 07       		.byte	0x7
 199 0056 74010000 		.4byte	.LASF4
 200 005a 04       		.uleb128 0x4
 201 005b AA020000 		.4byte	.LASF6
 202 005f 04       		.byte	0x4
 203 0060 3F       		.byte	0x3f
 204 0061 65000000 		.4byte	0x65
 205 0065 03       		.uleb128 0x3
 206 0066 04       		.byte	0x4
 207 0067 05       		.byte	0x5
 208 0068 52010000 		.4byte	.LASF7
 209 006c 04       		.uleb128 0x4
 210 006d F4050000 		.4byte	.LASF8
 211 0071 04       		.byte	0x4
 212 0072 41       		.byte	0x41
 213 0073 77000000 		.4byte	0x77
 214 0077 03       		.uleb128 0x3
 215 0078 04       		.byte	0x4
 216 0079 07       		.byte	0x7
 217 007a 8C040000 		.4byte	.LASF9
 218 007e 03       		.uleb128 0x3
 219 007f 08       		.byte	0x8
 220 0080 05       		.byte	0x5
 221 0081 CC000000 		.4byte	.LASF10
 222 0085 04       		.uleb128 0x4
 223 0086 55030000 		.4byte	.LASF11
 224 008a 04       		.byte	0x4
 225 008b 5B       		.byte	0x5b
 226 008c 90000000 		.4byte	0x90
 227 0090 03       		.uleb128 0x3
 228 0091 08       		.byte	0x8
ARM GAS  /var/folders/m4/4md61f0s1_g0rzfghffqnxvr0000gn/T//ccorkuzE.s 			page 5


 229 0092 07       		.byte	0x7
 230 0093 52000000 		.4byte	.LASF12
 231 0097 04       		.uleb128 0x4
 232 0098 8F060000 		.4byte	.LASF13
 233 009c 05       		.byte	0x5
 234 009d 14       		.byte	0x14
 235 009e 3A000000 		.4byte	0x3a
 236 00a2 04       		.uleb128 0x4
 237 00a3 B0030000 		.4byte	.LASF14
 238 00a7 05       		.byte	0x5
 239 00a8 1F       		.byte	0x1f
 240 00a9 5A000000 		.4byte	0x5a
 241 00ad 04       		.uleb128 0x4
 242 00ae 64040000 		.4byte	.LASF15
 243 00b2 05       		.byte	0x5
 244 00b3 20       		.byte	0x20
 245 00b4 6C000000 		.4byte	0x6c
 246 00b8 04       		.uleb128 0x4
 247 00b9 1A000000 		.4byte	.LASF16
 248 00bd 05       		.byte	0x5
 249 00be 26       		.byte	0x26
 250 00bf 85000000 		.4byte	0x85
 251 00c3 04       		.uleb128 0x4
 252 00c4 42060000 		.4byte	.LASF17
 253 00c8 06       		.byte	0x6
 254 00c9 39       		.byte	0x39
 255 00ca AD000000 		.4byte	0xad
 256 00ce 04       		.uleb128 0x4
 257 00cf 2B040000 		.4byte	.LASF18
 258 00d3 06       		.byte	0x6
 259 00d4 3C       		.byte	0x3c
 260 00d5 97000000 		.4byte	0x97
 261 00d9 04       		.uleb128 0x4
 262 00da 5B010000 		.4byte	.LASF19
 263 00de 06       		.byte	0x6
 264 00df 3D       		.byte	0x3d
 265 00e0 97000000 		.4byte	0x97
 266 00e4 04       		.uleb128 0x4
 267 00e5 60030000 		.4byte	.LASF20
 268 00e9 06       		.byte	0x6
 269 00ea 3E       		.byte	0x3e
 270 00eb 97000000 		.4byte	0x97
 271 00ef 04       		.uleb128 0x4
 272 00f0 3E010000 		.4byte	.LASF21
 273 00f4 06       		.byte	0x6
 274 00f5 3F       		.byte	0x3f
 275 00f6 97000000 		.4byte	0x97
 276 00fa 04       		.uleb128 0x4
 277 00fb 7F030000 		.4byte	.LASF22
 278 00ff 06       		.byte	0x6
 279 0100 40       		.byte	0x40
 280 0101 AD000000 		.4byte	0xad
 281 0105 04       		.uleb128 0x4
 282 0106 30020000 		.4byte	.LASF23
 283 010a 06       		.byte	0x6
 284 010b 41       		.byte	0x41
 285 010c A2000000 		.4byte	0xa2
ARM GAS  /var/folders/m4/4md61f0s1_g0rzfghffqnxvr0000gn/T//ccorkuzE.s 			page 6


 286 0110 04       		.uleb128 0x4
 287 0111 9E020000 		.4byte	.LASF24
 288 0115 06       		.byte	0x6
 289 0116 43       		.byte	0x43
 290 0117 AD000000 		.4byte	0xad
 291 011b 04       		.uleb128 0x4
 292 011c DD010000 		.4byte	.LASF25
 293 0120 06       		.byte	0x6
 294 0121 45       		.byte	0x45
 295 0122 A2000000 		.4byte	0xa2
 296 0126 04       		.uleb128 0x4
 297 0127 CE050000 		.4byte	.LASF26
 298 012b 07       		.byte	0x7
 299 012c 33       		.byte	0x33
 300 012d AD000000 		.4byte	0xad
 301 0131 04       		.uleb128 0x4
 302 0132 BE050000 		.4byte	.LASF27
 303 0136 07       		.byte	0x7
 304 0137 3F       		.byte	0x3f
 305 0138 3C010000 		.4byte	0x13c
 306 013c 05       		.uleb128 0x5
 307 013d 26020000 		.4byte	.LASF49
 308 0141 48       		.byte	0x48
 309 0142 08       		.byte	0x8
 310 0143 C2       		.byte	0xc2
 311 0144 41020000 		.4byte	0x241
 312 0148 06       		.uleb128 0x6
 313 0149 24040000 		.4byte	.LASF28
 314 014d 08       		.byte	0x8
 315 014e C3       		.byte	0xc3
 316 014f 4C020000 		.4byte	0x24c
 317 0153 00       		.byte	0
 318 0154 06       		.uleb128 0x6
 319 0155 78030000 		.4byte	.LASF29
 320 0159 08       		.byte	0x8
 321 015a C5       		.byte	0xc5
 322 015b 4C020000 		.4byte	0x24c
 323 015f 04       		.byte	0x4
 324 0160 06       		.uleb128 0x6
 325 0161 C5000000 		.4byte	.LASF30
 326 0165 08       		.byte	0x8
 327 0166 C7       		.byte	0xc7
 328 0167 FA000000 		.4byte	0xfa
 329 016b 08       		.byte	0x8
 330 016c 06       		.uleb128 0x6
 331 016d C8060000 		.4byte	.LASF31
 332 0171 08       		.byte	0x8
 333 0172 C8       		.byte	0xc8
 334 0173 D0040000 		.4byte	0x4d0
 335 0177 0C       		.byte	0xc
 336 0178 06       		.uleb128 0x6
 337 0179 64010000 		.4byte	.LASF32
 338 017d 08       		.byte	0x8
 339 017e CA       		.byte	0xca
 340 017f 4C020000 		.4byte	0x24c
 341 0183 10       		.byte	0x10
 342 0184 06       		.uleb128 0x6
ARM GAS  /var/folders/m4/4md61f0s1_g0rzfghffqnxvr0000gn/T//ccorkuzE.s 			page 7


 343 0185 24030000 		.4byte	.LASF33
 344 0189 08       		.byte	0x8
 345 018a CB       		.byte	0xcb
 346 018b 4C020000 		.4byte	0x24c
 347 018f 14       		.byte	0x14
 348 0190 06       		.uleb128 0x6
 349 0191 A8060000 		.4byte	.LASF34
 350 0195 08       		.byte	0x8
 351 0196 D2       		.byte	0xd2
 352 0197 1E070000 		.4byte	0x71e
 353 019b 18       		.byte	0x18
 354 019c 06       		.uleb128 0x6
 355 019d E7030000 		.4byte	.LASF35
 356 01a1 08       		.byte	0x8
 357 01a2 DD       		.byte	0xdd
 358 01a3 D9000000 		.4byte	0xd9
 359 01a7 1C       		.byte	0x1c
 360 01a8 06       		.uleb128 0x6
 361 01a9 33040000 		.4byte	.LASF36
 362 01ad 08       		.byte	0x8
 363 01ae E1       		.byte	0xe1
 364 01af CE000000 		.4byte	0xce
 365 01b3 1D       		.byte	0x1d
 366 01b4 06       		.uleb128 0x6
 367 01b5 82060000 		.4byte	.LASF37
 368 01b9 08       		.byte	0x8
 369 01ba E6       		.byte	0xe6
 370 01bb E4000000 		.4byte	0xe4
 371 01bf 1E       		.byte	0x1e
 372 01c0 06       		.uleb128 0x6
 373 01c1 EF030000 		.4byte	.LASF38
 374 01c5 08       		.byte	0x8
 375 01c6 EC       		.byte	0xec
 376 01c7 EF000000 		.4byte	0xef
 377 01cb 1F       		.byte	0x1f
 378 01cc 06       		.uleb128 0x6
 379 01cd F8010000 		.4byte	.LASF39
 380 01d1 08       		.byte	0x8
 381 01d2 F3       		.byte	0xf3
 382 01d3 30070000 		.4byte	0x730
 383 01d7 20       		.byte	0x20
 384 01d8 07       		.uleb128 0x7
 385 01d9 705F7500 		.ascii	"p_u\000"
 386 01dd 08       		.byte	0x8
 387 01de 3101     		.2byte	0x131
 388 01e0 59060000 		.4byte	0x659
 389 01e4 24       		.byte	0x24
 390 01e5 08       		.uleb128 0x8
 391 01e6 E2020000 		.4byte	.LASF40
 392 01ea 08       		.byte	0x8
 393 01eb 3601     		.2byte	0x136
 394 01ed 52020000 		.4byte	0x252
 395 01f1 28       		.byte	0x28
 396 01f2 08       		.uleb128 0x8
 397 01f3 0F020000 		.4byte	.LASF41
 398 01f7 08       		.byte	0x8
 399 01f8 3C01     		.2byte	0x13c
ARM GAS  /var/folders/m4/4md61f0s1_g0rzfghffqnxvr0000gn/T//ccorkuzE.s 			page 8


 400 01fa 76020000 		.4byte	0x276
 401 01fe 2C       		.byte	0x2c
 402 01ff 08       		.uleb128 0x8
 403 0200 BA060000 		.4byte	.LASF42
 404 0204 08       		.byte	0x8
 405 0205 4001     		.2byte	0x140
 406 0207 05010000 		.4byte	0x105
 407 020b 34       		.byte	0x34
 408 020c 08       		.uleb128 0x8
 409 020d 59040000 		.4byte	.LASF43
 410 0211 08       		.byte	0x8
 411 0212 4601     		.2byte	0x146
 412 0214 10010000 		.4byte	0x110
 413 0218 38       		.byte	0x38
 414 0219 08       		.uleb128 0x8
 415 021a D3030000 		.4byte	.LASF44
 416 021e 08       		.byte	0x8
 417 021f 4D01     		.2byte	0x14d
 418 0221 18070000 		.4byte	0x718
 419 0225 3C       		.byte	0x3c
 420 0226 08       		.uleb128 0x8
 421 0227 36020000 		.4byte	.LASF45
 422 022b 08       		.byte	0x8
 423 022c 5101     		.2byte	0x151
 424 022e FA000000 		.4byte	0xfa
 425 0232 40       		.byte	0x40
 426 0233 08       		.uleb128 0x8
 427 0234 1B010000 		.4byte	.LASF46
 428 0238 08       		.byte	0x8
 429 0239 5801     		.2byte	0x158
 430 023b 29030000 		.4byte	0x329
 431 023f 44       		.byte	0x44
 432 0240 00       		.byte	0
 433 0241 04       		.uleb128 0x4
 434 0242 F5020000 		.4byte	.LASF47
 435 0246 07       		.byte	0x7
 436 0247 44       		.byte	0x44
 437 0248 4C020000 		.4byte	0x24c
 438 024c 09       		.uleb128 0x9
 439 024d 04       		.byte	0x4
 440 024e 31010000 		.4byte	0x131
 441 0252 04       		.uleb128 0x4
 442 0253 D3020000 		.4byte	.LASF48
 443 0257 07       		.byte	0x7
 444 0258 49       		.byte	0x49
 445 0259 5D020000 		.4byte	0x25d
 446 025d 05       		.uleb128 0x5
 447 025e 7C040000 		.4byte	.LASF50
 448 0262 04       		.byte	0x4
 449 0263 08       		.byte	0x8
 450 0264 B0       		.byte	0xb0
 451 0265 76020000 		.4byte	0x276
 452 0269 06       		.uleb128 0x6
 453 026a 24040000 		.4byte	.LASF28
 454 026e 08       		.byte	0x8
 455 026f B1       		.byte	0xb1
 456 0270 4C020000 		.4byte	0x24c
ARM GAS  /var/folders/m4/4md61f0s1_g0rzfghffqnxvr0000gn/T//ccorkuzE.s 			page 9


 457 0274 00       		.byte	0
 458 0275 00       		.byte	0
 459 0276 04       		.uleb128 0x4
 460 0277 69060000 		.4byte	.LASF51
 461 027b 07       		.byte	0x7
 462 027c 50       		.byte	0x50
 463 027d 81020000 		.4byte	0x281
 464 0281 05       		.uleb128 0x5
 465 0282 B4000000 		.4byte	.LASF52
 466 0286 08       		.byte	0x8
 467 0287 08       		.byte	0x8
 468 0288 B7       		.byte	0xb7
 469 0289 A6020000 		.4byte	0x2a6
 470 028d 06       		.uleb128 0x6
 471 028e 24040000 		.4byte	.LASF28
 472 0292 08       		.byte	0x8
 473 0293 B8       		.byte	0xb8
 474 0294 4C020000 		.4byte	0x24c
 475 0298 00       		.byte	0
 476 0299 06       		.uleb128 0x6
 477 029a 78030000 		.4byte	.LASF29
 478 029e 08       		.byte	0x8
 479 029f B9       		.byte	0xb9
 480 02a0 4C020000 		.4byte	0x24c
 481 02a4 04       		.byte	0x4
 482 02a5 00       		.byte	0
 483 02a6 04       		.uleb128 0x4
 484 02a7 00000000 		.4byte	.LASF53
 485 02ab 07       		.byte	0x7
 486 02ac 57       		.byte	0x57
 487 02ad B1020000 		.4byte	0x2b1
 488 02b1 0A       		.uleb128 0xa
 489 02b2 90020000 		.4byte	.LASF54
 490 02b6 1C       		.byte	0x1c
 491 02b7 08       		.byte	0x8
 492 02b8 9001     		.2byte	0x190
 493 02ba 0D030000 		.4byte	0x30d
 494 02be 08       		.uleb128 0x8
 495 02bf 74040000 		.4byte	.LASF55
 496 02c3 08       		.byte	0x8
 497 02c4 9101     		.2byte	0x191
 498 02c6 76020000 		.4byte	0x276
 499 02ca 00       		.byte	0
 500 02cb 08       		.uleb128 0x8
 501 02cc 16040000 		.4byte	.LASF56
 502 02d0 08       		.byte	0x8
 503 02d1 9201     		.2byte	0x192
 504 02d3 FA000000 		.4byte	0xfa
 505 02d7 08       		.byte	0x8
 506 02d8 08       		.uleb128 0x8
 507 02d9 2C030000 		.4byte	.LASF57
 508 02dd 08       		.byte	0x8
 509 02de 9401     		.2byte	0x194
 510 02e0 D0040000 		.4byte	0x4d0
 511 02e4 0C       		.byte	0xc
 512 02e5 08       		.uleb128 0x8
 513 02e6 94010000 		.4byte	.LASF58
ARM GAS  /var/folders/m4/4md61f0s1_g0rzfghffqnxvr0000gn/T//ccorkuzE.s 			page 10


 514 02ea 08       		.byte	0x8
 515 02eb 9701     		.2byte	0x197
 516 02ed 4C020000 		.4byte	0x24c
 517 02f1 10       		.byte	0x10
 518 02f2 08       		.uleb128 0x8
 519 02f3 4D030000 		.4byte	.LASF59
 520 02f7 08       		.byte	0x8
 521 02f8 9801     		.2byte	0x198
 522 02fa 4C020000 		.4byte	0x24c
 523 02fe 14       		.byte	0x14
 524 02ff 08       		.uleb128 0x8
 525 0300 43030000 		.4byte	.LASF60
 526 0304 08       		.byte	0x8
 527 0305 9B01     		.2byte	0x19b
 528 0307 4C020000 		.4byte	0x24c
 529 030b 18       		.byte	0x18
 530 030c 00       		.byte	0
 531 030d 04       		.uleb128 0x4
 532 030e EB050000 		.4byte	.LASF61
 533 0312 07       		.byte	0x7
 534 0313 5C       		.byte	0x5c
 535 0314 18030000 		.4byte	0x318
 536 0318 09       		.uleb128 0x9
 537 0319 04       		.byte	0x4
 538 031a 1E030000 		.4byte	0x31e
 539 031e 0B       		.uleb128 0xb
 540 031f 29030000 		.4byte	0x329
 541 0323 0C       		.uleb128 0xc
 542 0324 29030000 		.4byte	0x329
 543 0328 00       		.byte	0
 544 0329 0D       		.uleb128 0xd
 545 032a 04       		.byte	0x4
 546 032b 04       		.uleb128 0x4
 547 032c 68030000 		.4byte	.LASF62
 548 0330 07       		.byte	0x7
 549 0331 61       		.byte	0x61
 550 0332 36030000 		.4byte	0x336
 551 0336 0A       		.uleb128 0xa
 552 0337 3B040000 		.4byte	.LASF63
 553 033b 14       		.byte	0x14
 554 033c 08       		.byte	0x8
 555 033d 6B01     		.2byte	0x16b
 556 033f 85030000 		.4byte	0x385
 557 0343 08       		.uleb128 0x8
 558 0344 F0010000 		.4byte	.LASF64
 559 0348 08       		.byte	0x8
 560 0349 6C01     		.2byte	0x16c
 561 034b 35070000 		.4byte	0x735
 562 034f 00       		.byte	0
 563 0350 08       		.uleb128 0x8
 564 0351 A5010000 		.4byte	.LASF65
 565 0355 08       		.byte	0x8
 566 0356 6D01     		.2byte	0x16d
 567 0358 35070000 		.4byte	0x735
 568 035c 04       		.byte	0x4
 569 035d 08       		.uleb128 0x8
 570 035e 06020000 		.4byte	.LASF66
ARM GAS  /var/folders/m4/4md61f0s1_g0rzfghffqnxvr0000gn/T//ccorkuzE.s 			page 11


 571 0362 08       		.byte	0x8
 572 0363 6E01     		.2byte	0x16e
 573 0365 26010000 		.4byte	0x126
 574 0369 08       		.byte	0x8
 575 036a 08       		.uleb128 0x8
 576 036b CE060000 		.4byte	.LASF67
 577 036f 08       		.byte	0x8
 578 0370 6F01     		.2byte	0x16f
 579 0372 0D030000 		.4byte	0x30d
 580 0376 0C       		.byte	0xc
 581 0377 08       		.uleb128 0x8
 582 0378 62060000 		.4byte	.LASF68
 583 037c 08       		.byte	0x8
 584 037d 7101     		.2byte	0x171
 585 037f 29030000 		.4byte	0x329
 586 0383 10       		.byte	0x10
 587 0384 00       		.byte	0
 588 0385 04       		.uleb128 0x4
 589 0386 7D000000 		.4byte	.LASF69
 590 038a 07       		.byte	0x7
 591 038b 66       		.byte	0x66
 592 038c 90030000 		.4byte	0x390
 593 0390 0A       		.uleb128 0xa
 594 0391 0D030000 		.4byte	.LASF70
 595 0395 10       		.byte	0x10
 596 0396 08       		.byte	0x8
 597 0397 7B01     		.2byte	0x17b
 598 0399 D2030000 		.4byte	0x3d2
 599 039d 08       		.uleb128 0x8
 600 039e F0010000 		.4byte	.LASF64
 601 03a2 08       		.byte	0x8
 602 03a3 7C01     		.2byte	0x17c
 603 03a5 35070000 		.4byte	0x735
 604 03a9 00       		.byte	0
 605 03aa 08       		.uleb128 0x8
 606 03ab A5010000 		.4byte	.LASF65
 607 03af 08       		.byte	0x8
 608 03b0 7E01     		.2byte	0x17e
 609 03b2 35070000 		.4byte	0x735
 610 03b6 04       		.byte	0x4
 611 03b7 08       		.uleb128 0x8
 612 03b8 06020000 		.4byte	.LASF66
 613 03bc 08       		.byte	0x8
 614 03bd 8001     		.2byte	0x180
 615 03bf 26010000 		.4byte	0x126
 616 03c3 08       		.byte	0x8
 617 03c4 08       		.uleb128 0x8
 618 03c5 AF060000 		.4byte	.LASF71
 619 03c9 08       		.byte	0x8
 620 03ca 8201     		.2byte	0x182
 621 03cc 30070000 		.4byte	0x730
 622 03d0 0C       		.byte	0xc
 623 03d1 00       		.byte	0
 624 03d2 04       		.uleb128 0x4
 625 03d3 39000000 		.4byte	.LASF72
 626 03d7 07       		.byte	0x7
 627 03d8 6B       		.byte	0x6b
ARM GAS  /var/folders/m4/4md61f0s1_g0rzfghffqnxvr0000gn/T//ccorkuzE.s 			page 12


 628 03d9 DD030000 		.4byte	0x3dd
 629 03dd 0A       		.uleb128 0xa
 630 03de 9A030000 		.4byte	.LASF73
 631 03e2 04       		.byte	0x4
 632 03e3 08       		.byte	0x8
 633 03e4 A201     		.2byte	0x1a2
 634 03e6 F8030000 		.4byte	0x3f8
 635 03ea 08       		.uleb128 0x8
 636 03eb 0D060000 		.4byte	.LASF74
 637 03ef 08       		.byte	0x8
 638 03f0 AA01     		.2byte	0x1aa
 639 03f2 3B070000 		.4byte	0x73b
 640 03f6 00       		.byte	0
 641 03f7 00       		.byte	0
 642 03f8 04       		.uleb128 0x4
 643 03f9 36060000 		.4byte	.LASF75
 644 03fd 07       		.byte	0x7
 645 03fe 70       		.byte	0x70
 646 03ff 03040000 		.4byte	0x403
 647 0403 0E       		.uleb128 0xe
 648 0404 48010000 		.4byte	.LASF76
 649 0408 5802     		.2byte	0x258
 650 040a 08       		.byte	0x8
 651 040b C201     		.2byte	0x1c2
 652 040d 5F040000 		.4byte	0x45f
 653 0411 08       		.uleb128 0x8
 654 0412 89060000 		.4byte	.LASF77
 655 0416 08       		.byte	0x8
 656 0417 C601     		.2byte	0x1c6
 657 0419 A6020000 		.4byte	0x2a6
 658 041d 00       		.byte	0
 659 041e 08       		.uleb128 0x8
 660 041f 2B010000 		.4byte	.LASF78
 661 0423 08       		.byte	0x8
 662 0424 CA01     		.2byte	0x1ca
 663 0426 85030000 		.4byte	0x385
 664 042a 1C       		.byte	0x1c
 665 042b 07       		.uleb128 0x7
 666 042c 64626700 		.ascii	"dbg\000"
 667 0430 08       		.byte	0x8
 668 0431 CE01     		.2byte	0x1ce
 669 0433 D2030000 		.4byte	0x3d2
 670 0437 2C       		.byte	0x2c
 671 0438 08       		.uleb128 0x8
 672 0439 72000000 		.4byte	.LASF79
 673 043d 08       		.byte	0x8
 674 043e D201     		.2byte	0x1d2
 675 0440 31010000 		.4byte	0x131
 676 0444 30       		.byte	0x30
 677 0445 07       		.uleb128 0x7
 678 0446 746D00   		.ascii	"tm\000"
 679 0449 08       		.byte	0x8
 680 044a D701     		.2byte	0x1d7
 681 044c 4E060000 		.4byte	0x64e
 682 0450 78       		.byte	0x78
 683 0451 08       		.uleb128 0x8
 684 0452 CE010000 		.4byte	.LASF80
ARM GAS  /var/folders/m4/4md61f0s1_g0rzfghffqnxvr0000gn/T//ccorkuzE.s 			page 13


 685 0456 08       		.byte	0x8
 686 0457 E301     		.2byte	0x1e3
 687 0459 40070000 		.4byte	0x740
 688 045d 80       		.byte	0x80
 689 045e 00       		.byte	0
 690 045f 03       		.uleb128 0x3
 691 0460 04       		.byte	0x4
 692 0461 07       		.byte	0x7
 693 0462 EC020000 		.4byte	.LASF81
 694 0466 0F       		.uleb128 0xf
 695 0467 AD000000 		.4byte	0xad
 696 046b 10       		.uleb128 0x10
 697 046c 66040000 		.4byte	0x466
 698 0470 11       		.uleb128 0x11
 699 0471 10       		.byte	0x10
 700 0472 09       		.byte	0x9
 701 0473 BF02     		.2byte	0x2bf
 702 0475 AE040000 		.4byte	0x4ae
 703 0479 08       		.uleb128 0x8
 704 047a 5D060000 		.4byte	.LASF82
 705 047e 09       		.byte	0x9
 706 047f C102     		.2byte	0x2c1
 707 0481 66040000 		.4byte	0x466
 708 0485 00       		.byte	0
 709 0486 08       		.uleb128 0x8
 710 0487 08030000 		.4byte	.LASF83
 711 048b 09       		.byte	0x9
 712 048c C202     		.2byte	0x2c2
 713 048e 66040000 		.4byte	0x466
 714 0492 04       		.byte	0x4
 715 0493 07       		.uleb128 0x7
 716 0494 56414C00 		.ascii	"VAL\000"
 717 0498 09       		.byte	0x9
 718 0499 C302     		.2byte	0x2c3
 719 049b 66040000 		.4byte	0x466
 720 049f 08       		.byte	0x8
 721 04a0 08       		.uleb128 0x8
 722 04a1 20020000 		.4byte	.LASF84
 723 04a5 09       		.byte	0x9
 724 04a6 C402     		.2byte	0x2c4
 725 04a8 6B040000 		.4byte	0x46b
 726 04ac 0C       		.byte	0xc
 727 04ad 00       		.byte	0
 728 04ae 12       		.uleb128 0x12
 729 04af 87010000 		.4byte	.LASF85
 730 04b3 09       		.byte	0x9
 731 04b4 C502     		.2byte	0x2c5
 732 04b6 70040000 		.4byte	0x470
 733 04ba 04       		.uleb128 0x4
 734 04bb 9C010000 		.4byte	.LASF86
 735 04bf 0A       		.byte	0xa
 736 04c0 65       		.byte	0x65
 737 04c1 29030000 		.4byte	0x329
 738 04c5 04       		.uleb128 0x4
 739 04c6 B4020000 		.4byte	.LASF87
 740 04ca 0A       		.byte	0xa
 741 04cb 6D       		.byte	0x6d
ARM GAS  /var/folders/m4/4md61f0s1_g0rzfghffqnxvr0000gn/T//ccorkuzE.s 			page 14


 742 04cc B8000000 		.4byte	0xb8
 743 04d0 05       		.uleb128 0x5
 744 04d1 1E060000 		.4byte	.LASF88
 745 04d5 04       		.byte	0x4
 746 04d6 0A       		.byte	0xa
 747 04d7 89       		.byte	0x89
 748 04d8 E9040000 		.4byte	0x4e9
 749 04dc 13       		.uleb128 0x13
 750 04dd 72313300 		.ascii	"r13\000"
 751 04e1 0A       		.byte	0xa
 752 04e2 8A       		.byte	0x8a
 753 04e3 33060000 		.4byte	0x633
 754 04e7 00       		.byte	0
 755 04e8 00       		.byte	0
 756 04e9 05       		.uleb128 0x5
 757 04ea 2D000000 		.4byte	.LASF89
 758 04ee 64       		.byte	0x64
 759 04ef 0B       		.byte	0xb
 760 04f0 FD       		.byte	0xfd
 761 04f1 33060000 		.4byte	0x633
 762 04f5 13       		.uleb128 0x13
 763 04f6 73313600 		.ascii	"s16\000"
 764 04fa 0B       		.byte	0xb
 765 04fb FF       		.byte	0xff
 766 04fc BA040000 		.4byte	0x4ba
 767 0500 00       		.byte	0
 768 0501 07       		.uleb128 0x7
 769 0502 73313700 		.ascii	"s17\000"
 770 0506 0B       		.byte	0xb
 771 0507 0001     		.2byte	0x100
 772 0509 BA040000 		.4byte	0x4ba
 773 050d 04       		.byte	0x4
 774 050e 07       		.uleb128 0x7
 775 050f 73313800 		.ascii	"s18\000"
 776 0513 0B       		.byte	0xb
 777 0514 0101     		.2byte	0x101
 778 0516 BA040000 		.4byte	0x4ba
 779 051a 08       		.byte	0x8
 780 051b 07       		.uleb128 0x7
 781 051c 73313900 		.ascii	"s19\000"
 782 0520 0B       		.byte	0xb
 783 0521 0201     		.2byte	0x102
 784 0523 BA040000 		.4byte	0x4ba
 785 0527 0C       		.byte	0xc
 786 0528 07       		.uleb128 0x7
 787 0529 73323000 		.ascii	"s20\000"
 788 052d 0B       		.byte	0xb
 789 052e 0301     		.2byte	0x103
 790 0530 BA040000 		.4byte	0x4ba
 791 0534 10       		.byte	0x10
 792 0535 07       		.uleb128 0x7
 793 0536 73323100 		.ascii	"s21\000"
 794 053a 0B       		.byte	0xb
 795 053b 0401     		.2byte	0x104
 796 053d BA040000 		.4byte	0x4ba
 797 0541 14       		.byte	0x14
 798 0542 07       		.uleb128 0x7
ARM GAS  /var/folders/m4/4md61f0s1_g0rzfghffqnxvr0000gn/T//ccorkuzE.s 			page 15


 799 0543 73323200 		.ascii	"s22\000"
 800 0547 0B       		.byte	0xb
 801 0548 0501     		.2byte	0x105
 802 054a BA040000 		.4byte	0x4ba
 803 054e 18       		.byte	0x18
 804 054f 07       		.uleb128 0x7
 805 0550 73323300 		.ascii	"s23\000"
 806 0554 0B       		.byte	0xb
 807 0555 0601     		.2byte	0x106
 808 0557 BA040000 		.4byte	0x4ba
 809 055b 1C       		.byte	0x1c
 810 055c 07       		.uleb128 0x7
 811 055d 73323400 		.ascii	"s24\000"
 812 0561 0B       		.byte	0xb
 813 0562 0701     		.2byte	0x107
 814 0564 BA040000 		.4byte	0x4ba
 815 0568 20       		.byte	0x20
 816 0569 07       		.uleb128 0x7
 817 056a 73323500 		.ascii	"s25\000"
 818 056e 0B       		.byte	0xb
 819 056f 0801     		.2byte	0x108
 820 0571 BA040000 		.4byte	0x4ba
 821 0575 24       		.byte	0x24
 822 0576 07       		.uleb128 0x7
 823 0577 73323600 		.ascii	"s26\000"
 824 057b 0B       		.byte	0xb
 825 057c 0901     		.2byte	0x109
 826 057e BA040000 		.4byte	0x4ba
 827 0582 28       		.byte	0x28
 828 0583 07       		.uleb128 0x7
 829 0584 73323700 		.ascii	"s27\000"
 830 0588 0B       		.byte	0xb
 831 0589 0A01     		.2byte	0x10a
 832 058b BA040000 		.4byte	0x4ba
 833 058f 2C       		.byte	0x2c
 834 0590 07       		.uleb128 0x7
 835 0591 73323800 		.ascii	"s28\000"
 836 0595 0B       		.byte	0xb
 837 0596 0B01     		.2byte	0x10b
 838 0598 BA040000 		.4byte	0x4ba
 839 059c 30       		.byte	0x30
 840 059d 07       		.uleb128 0x7
 841 059e 73323900 		.ascii	"s29\000"
 842 05a2 0B       		.byte	0xb
 843 05a3 0C01     		.2byte	0x10c
 844 05a5 BA040000 		.4byte	0x4ba
 845 05a9 34       		.byte	0x34
 846 05aa 07       		.uleb128 0x7
 847 05ab 73333000 		.ascii	"s30\000"
 848 05af 0B       		.byte	0xb
 849 05b0 0D01     		.2byte	0x10d
 850 05b2 BA040000 		.4byte	0x4ba
 851 05b6 38       		.byte	0x38
 852 05b7 07       		.uleb128 0x7
 853 05b8 73333100 		.ascii	"s31\000"
 854 05bc 0B       		.byte	0xb
 855 05bd 0E01     		.2byte	0x10e
ARM GAS  /var/folders/m4/4md61f0s1_g0rzfghffqnxvr0000gn/T//ccorkuzE.s 			page 16


 856 05bf BA040000 		.4byte	0x4ba
 857 05c3 3C       		.byte	0x3c
 858 05c4 07       		.uleb128 0x7
 859 05c5 723400   		.ascii	"r4\000"
 860 05c8 0B       		.byte	0xb
 861 05c9 1001     		.2byte	0x110
 862 05cb BA040000 		.4byte	0x4ba
 863 05cf 40       		.byte	0x40
 864 05d0 07       		.uleb128 0x7
 865 05d1 723500   		.ascii	"r5\000"
 866 05d4 0B       		.byte	0xb
 867 05d5 1101     		.2byte	0x111
 868 05d7 BA040000 		.4byte	0x4ba
 869 05db 44       		.byte	0x44
 870 05dc 07       		.uleb128 0x7
 871 05dd 723600   		.ascii	"r6\000"
 872 05e0 0B       		.byte	0xb
 873 05e1 1201     		.2byte	0x112
 874 05e3 BA040000 		.4byte	0x4ba
 875 05e7 48       		.byte	0x48
 876 05e8 07       		.uleb128 0x7
 877 05e9 723700   		.ascii	"r7\000"
 878 05ec 0B       		.byte	0xb
 879 05ed 1301     		.2byte	0x113
 880 05ef BA040000 		.4byte	0x4ba
 881 05f3 4C       		.byte	0x4c
 882 05f4 07       		.uleb128 0x7
 883 05f5 723800   		.ascii	"r8\000"
 884 05f8 0B       		.byte	0xb
 885 05f9 1401     		.2byte	0x114
 886 05fb BA040000 		.4byte	0x4ba
 887 05ff 50       		.byte	0x50
 888 0600 07       		.uleb128 0x7
 889 0601 723900   		.ascii	"r9\000"
 890 0604 0B       		.byte	0xb
 891 0605 1501     		.2byte	0x115
 892 0607 BA040000 		.4byte	0x4ba
 893 060b 54       		.byte	0x54
 894 060c 07       		.uleb128 0x7
 895 060d 72313000 		.ascii	"r10\000"
 896 0611 0B       		.byte	0xb
 897 0612 1601     		.2byte	0x116
 898 0614 BA040000 		.4byte	0x4ba
 899 0618 58       		.byte	0x58
 900 0619 07       		.uleb128 0x7
 901 061a 72313100 		.ascii	"r11\000"
 902 061e 0B       		.byte	0xb
 903 061f 1701     		.2byte	0x117
 904 0621 BA040000 		.4byte	0x4ba
 905 0625 5C       		.byte	0x5c
 906 0626 07       		.uleb128 0x7
 907 0627 6C7200   		.ascii	"lr\000"
 908 062a 0B       		.byte	0xb
 909 062b 1801     		.2byte	0x118
 910 062d BA040000 		.4byte	0x4ba
 911 0631 60       		.byte	0x60
 912 0632 00       		.byte	0
ARM GAS  /var/folders/m4/4md61f0s1_g0rzfghffqnxvr0000gn/T//ccorkuzE.s 			page 17


 913 0633 09       		.uleb128 0x9
 914 0634 04       		.byte	0x4
 915 0635 E9040000 		.4byte	0x4e9
 916 0639 14       		.uleb128 0x14
 917 063a 04       		.byte	0x4
 918 063b 0C       		.byte	0xc
 919 063c 38       		.byte	0x38
 920 063d 4E060000 		.4byte	0x64e
 921 0641 06       		.uleb128 0x6
 922 0642 17060000 		.4byte	.LASF90
 923 0646 0C       		.byte	0xc
 924 0647 3C       		.byte	0x3c
 925 0648 C3000000 		.4byte	0xc3
 926 064c 00       		.byte	0
 927 064d 00       		.byte	0
 928 064e 04       		.uleb128 0x4
 929 064f 32030000 		.4byte	.LASF91
 930 0653 0C       		.byte	0xc
 931 0654 3D       		.byte	0x3d
 932 0655 39060000 		.4byte	0x639
 933 0659 15       		.uleb128 0x15
 934 065a 04       		.byte	0x4
 935 065b 08       		.byte	0x8
 936 065c FA       		.byte	0xfa
 937 065d B6060000 		.4byte	0x6b6
 938 0661 16       		.uleb128 0x16
 939 0662 13000000 		.4byte	.LASF92
 940 0666 08       		.byte	0x8
 941 0667 0101     		.2byte	0x101
 942 0669 05010000 		.4byte	0x105
 943 066d 16       		.uleb128 0x16
 944 066e 69000000 		.4byte	.LASF93
 945 0672 08       		.byte	0x8
 946 0673 0801     		.2byte	0x108
 947 0675 05010000 		.4byte	0x105
 948 0679 16       		.uleb128 0x16
 949 067a 89020000 		.4byte	.LASF94
 950 067e 08       		.byte	0x8
 951 067f 0F01     		.2byte	0x10f
 952 0681 29030000 		.4byte	0x329
 953 0685 16       		.uleb128 0x16
 954 0686 0D000000 		.4byte	.LASF95
 955 068a 08       		.byte	0x8
 956 068b 1601     		.2byte	0x116
 957 068d B6060000 		.4byte	0x6b6
 958 0691 16       		.uleb128 0x16
 959 0692 FF010000 		.4byte	.LASF96
 960 0696 08       		.byte	0x8
 961 0697 1E01     		.2byte	0x11e
 962 0699 E1060000 		.4byte	0x6e1
 963 069d 16       		.uleb128 0x16
 964 069e 6D040000 		.4byte	.LASF97
 965 06a2 08       		.byte	0x8
 966 06a3 2701     		.2byte	0x127
 967 06a5 18070000 		.4byte	0x718
 968 06a9 16       		.uleb128 0x16
 969 06aa 1D040000 		.4byte	.LASF98
ARM GAS  /var/folders/m4/4md61f0s1_g0rzfghffqnxvr0000gn/T//ccorkuzE.s 			page 18


 970 06ae 08       		.byte	0x8
 971 06af 2F01     		.2byte	0x12f
 972 06b1 10010000 		.4byte	0x110
 973 06b5 00       		.byte	0
 974 06b6 09       		.uleb128 0x9
 975 06b7 04       		.byte	0x4
 976 06b8 41020000 		.4byte	0x241
 977 06bc 05       		.uleb128 0x5
 978 06bd 4C040000 		.4byte	.LASF99
 979 06c1 0C       		.byte	0xc
 980 06c2 0D       		.byte	0xd
 981 06c3 34       		.byte	0x34
 982 06c4 E1060000 		.4byte	0x6e1
 983 06c8 06       		.uleb128 0x6
 984 06c9 6C010000 		.4byte	.LASF100
 985 06cd 0D       		.byte	0xd
 986 06ce 35       		.byte	0x35
 987 06cf 76020000 		.4byte	0x276
 988 06d3 00       		.byte	0
 989 06d4 06       		.uleb128 0x6
 990 06d5 1A020000 		.4byte	.LASF101
 991 06d9 0D       		.byte	0xd
 992 06da 37       		.byte	0x37
 993 06db 1B010000 		.4byte	0x11b
 994 06df 08       		.byte	0x8
 995 06e0 00       		.byte	0
 996 06e1 09       		.uleb128 0x9
 997 06e2 04       		.byte	0x4
 998 06e3 BC060000 		.4byte	0x6bc
 999 06e7 05       		.uleb128 0x5
 1000 06e8 79060000 		.4byte	.LASF102
 1001 06ec 10       		.byte	0x10
 1002 06ed 0E       		.byte	0xe
 1003 06ee 39       		.byte	0x39
 1004 06ef 18070000 		.4byte	0x718
 1005 06f3 06       		.uleb128 0x6
 1006 06f4 23010000 		.4byte	.LASF103
 1007 06f8 0E       		.byte	0xe
 1008 06f9 3A       		.byte	0x3a
 1009 06fa 76020000 		.4byte	0x276
 1010 06fe 00       		.byte	0
 1011 06ff 06       		.uleb128 0x6
 1012 0700 C0060000 		.4byte	.LASF104
 1013 0704 0E       		.byte	0xe
 1014 0705 3C       		.byte	0x3c
 1015 0706 4C020000 		.4byte	0x24c
 1016 070a 08       		.byte	0x8
 1017 070b 06       		.uleb128 0x6
 1018 070c C7050000 		.4byte	.LASF105
 1019 0710 0E       		.byte	0xe
 1020 0711 3E       		.byte	0x3e
 1021 0712 5B070000 		.4byte	0x75b
 1022 0716 0C       		.byte	0xc
 1023 0717 00       		.byte	0
 1024 0718 09       		.uleb128 0x9
 1025 0719 04       		.byte	0x4
 1026 071a E7060000 		.4byte	0x6e7
ARM GAS  /var/folders/m4/4md61f0s1_g0rzfghffqnxvr0000gn/T//ccorkuzE.s 			page 19


 1027 071e 09       		.uleb128 0x9
 1028 071f 04       		.byte	0x4
 1029 0720 2B070000 		.4byte	0x72b
 1030 0724 03       		.uleb128 0x3
 1031 0725 01       		.byte	0x1
 1032 0726 08       		.byte	0x8
 1033 0727 9E040000 		.4byte	.LASF106
 1034 072b 10       		.uleb128 0x10
 1035 072c 24070000 		.4byte	0x724
 1036 0730 0F       		.uleb128 0xf
 1037 0731 26010000 		.4byte	0x126
 1038 0735 09       		.uleb128 0x9
 1039 0736 04       		.byte	0x4
 1040 0737 2B030000 		.4byte	0x32b
 1041 073b 0F       		.uleb128 0xf
 1042 073c 1E070000 		.4byte	0x71e
 1043 0740 17       		.uleb128 0x17
 1044 0741 C5040000 		.4byte	0x4c5
 1045 0745 50070000 		.4byte	0x750
 1046 0749 18       		.uleb128 0x18
 1047 074a 5F040000 		.4byte	0x45f
 1048 074e 3A       		.byte	0x3a
 1049 074f 00       		.byte	0
 1050 0750 04       		.uleb128 0x4
 1051 0751 C0010000 		.4byte	.LASF107
 1052 0755 0E       		.byte	0xe
 1053 0756 34       		.byte	0x34
 1054 0757 E7060000 		.4byte	0x6e7
 1055 075b 09       		.uleb128 0x9
 1056 075c 04       		.byte	0x4
 1057 075d 50070000 		.4byte	0x750
 1058 0761 03       		.uleb128 0x3
 1059 0762 01       		.byte	0x1
 1060 0763 02       		.byte	0x2
 1061 0764 AA030000 		.4byte	.LASF108
 1062 0768 19       		.uleb128 0x19
 1063 0769 FF050000 		.4byte	.LASF127
 1064 076d 02       		.byte	0x2
 1065 076e 2202     		.2byte	0x222
 1066 0770 03       		.byte	0x3
 1067 0771 82070000 		.4byte	0x782
 1068 0775 1A       		.uleb128 0x1a
 1069 0776 C8010000 		.4byte	.LASF128
 1070 077a 02       		.byte	0x2
 1071 077b 2202     		.2byte	0x222
 1072 077d AD000000 		.4byte	0xad
 1073 0781 00       		.byte	0
 1074 0782 1B       		.uleb128 0x1b
 1075 0783 48000000 		.4byte	.LASF109
 1076 0787 0B       		.byte	0xb
 1077 0788 C801     		.2byte	0x1c8
 1078 078a 03       		.byte	0x3
 1079 078b 1B       		.uleb128 0x1b
 1080 078c 32010000 		.4byte	.LASF110
 1081 0790 0B       		.byte	0xb
 1082 0791 E001     		.2byte	0x1e0
 1083 0793 03       		.byte	0x3
ARM GAS  /var/folders/m4/4md61f0s1_g0rzfghffqnxvr0000gn/T//ccorkuzE.s 			page 20


 1084 0794 1B       		.uleb128 0x1b
 1085 0795 4A060000 		.4byte	.LASF111
 1086 0799 0B       		.byte	0xb
 1087 079a EF01     		.2byte	0x1ef
 1088 079c 03       		.byte	0x3
 1089 079d 1B       		.uleb128 0x1b
 1090 079e A9050000 		.4byte	.LASF112
 1091 07a2 0B       		.byte	0xb
 1092 07a3 FA01     		.2byte	0x1fa
 1093 07a5 03       		.byte	0x3
 1094 07a6 1B       		.uleb128 0x1b
 1095 07a7 97060000 		.4byte	.LASF113
 1096 07ab 0F       		.byte	0xf
 1097 07ac 8201     		.2byte	0x182
 1098 07ae 03       		.byte	0x3
 1099 07af 1B       		.uleb128 0x1b
 1100 07b0 87030000 		.4byte	.LASF114
 1101 07b4 0F       		.byte	0xf
 1102 07b5 9601     		.2byte	0x196
 1103 07b7 03       		.byte	0x3
 1104 07b8 1B       		.uleb128 0x1b
 1105 07b9 93000000 		.4byte	.LASF115
 1106 07bd 03       		.byte	0x3
 1107 07be 0C02     		.2byte	0x20c
 1108 07c0 03       		.byte	0x3
 1109 07c1 1B       		.uleb128 0x1b
 1110 07c2 BF020000 		.4byte	.LASF116
 1111 07c6 03       		.byte	0x3
 1112 07c7 4702     		.2byte	0x247
 1113 07c9 03       		.byte	0x3
 1114 07ca 1B       		.uleb128 0x1b
 1115 07cb AD010000 		.4byte	.LASF117
 1116 07cf 03       		.byte	0x3
 1117 07d0 0102     		.2byte	0x201
 1118 07d2 03       		.byte	0x3
 1119 07d3 1C       		.uleb128 0x1c
 1120 07d4 26060000 		.4byte	.LASF118
 1121 07d8 01       		.byte	0x1
 1122 07d9 DC       		.byte	0xdc
 1123 07da 00000000 		.4byte	.LFB268
 1124 07de 1A000000 		.4byte	.LFE268-.LFB268
 1125 07e2 01       		.uleb128 0x1
 1126 07e3 9C       		.byte	0x9c
 1127 07e4 D1080000 		.4byte	0x8d1
 1128 07e8 1D       		.uleb128 0x1d
 1129 07e9 CA070000 		.4byte	0x7ca
 1130 07ed 02000000 		.4byte	.LBB52
 1131 07f1 06000000 		.4byte	.LBE52-.LBB52
 1132 07f5 01       		.byte	0x1
 1133 07f6 E0       		.byte	0xe0
 1134 07f7 49080000 		.4byte	0x849
 1135 07fb 1E       		.uleb128 0x1e
 1136 07fc A6070000 		.4byte	0x7a6
 1137 0800 02000000 		.4byte	.LBB53
 1138 0804 06000000 		.4byte	.LBE53-.LBB53
 1139 0808 03       		.byte	0x3
 1140 0809 0302     		.2byte	0x203
ARM GAS  /var/folders/m4/4md61f0s1_g0rzfghffqnxvr0000gn/T//ccorkuzE.s 			page 21


 1141 080b 1E       		.uleb128 0x1e
 1142 080c 94070000 		.4byte	0x794
 1143 0810 02000000 		.4byte	.LBB54
 1144 0814 06000000 		.4byte	.LBE54-.LBB54
 1145 0818 0F       		.byte	0xf
 1146 0819 8401     		.2byte	0x184
 1147 081b 1E       		.uleb128 0x1e
 1148 081c 82070000 		.4byte	0x782
 1149 0820 02000000 		.4byte	.LBB55
 1150 0824 06000000 		.4byte	.LBE55-.LBB55
 1151 0828 0B       		.byte	0xb
 1152 0829 F101     		.2byte	0x1f1
 1153 082b 1E       		.uleb128 0x1e
 1154 082c 68070000 		.4byte	0x768
 1155 0830 02000000 		.4byte	.LBB56
 1156 0834 06000000 		.4byte	.LBE56-.LBB56
 1157 0838 0B       		.byte	0xb
 1158 0839 D001     		.2byte	0x1d0
 1159 083b 1F       		.uleb128 0x1f
 1160 083c 75070000 		.4byte	0x775
 1161 0840 00000000 		.4byte	.LLST0
 1162 0844 00       		.byte	0
 1163 0845 00       		.byte	0
 1164 0846 00       		.byte	0
 1165 0847 00       		.byte	0
 1166 0848 00       		.byte	0
 1167 0849 1D       		.uleb128 0x1d
 1168 084a C1070000 		.4byte	0x7c1
 1169 084e 08000000 		.4byte	.LBB58
 1170 0852 04000000 		.4byte	.LBE58-.LBB58
 1171 0856 01       		.byte	0x1
 1172 0857 E1       		.byte	0xe1
 1173 0858 66080000 		.4byte	0x866
 1174 085c 20       		.uleb128 0x20
 1175 085d 0C000000 		.4byte	.LVL2
 1176 0861 18090000 		.4byte	0x918
 1177 0865 00       		.byte	0
 1178 0866 1D       		.uleb128 0x1d
 1179 0867 B8070000 		.4byte	0x7b8
 1180 086b 0C000000 		.4byte	.LBB60
 1181 086f 06000000 		.4byte	.LBE60-.LBB60
 1182 0873 01       		.byte	0x1
 1183 0874 E2       		.byte	0xe2
 1184 0875 C7080000 		.4byte	0x8c7
 1185 0879 1E       		.uleb128 0x1e
 1186 087a AF070000 		.4byte	0x7af
 1187 087e 0C000000 		.4byte	.LBB61
 1188 0882 06000000 		.4byte	.LBE61-.LBB61
 1189 0886 03       		.byte	0x3
 1190 0887 0E02     		.2byte	0x20e
 1191 0889 1E       		.uleb128 0x1e
 1192 088a 9D070000 		.4byte	0x79d
 1193 088e 0C000000 		.4byte	.LBB62
 1194 0892 06000000 		.4byte	.LBE62-.LBB62
 1195 0896 0F       		.byte	0xf
 1196 0897 9A01     		.2byte	0x19a
 1197 0899 1E       		.uleb128 0x1e
ARM GAS  /var/folders/m4/4md61f0s1_g0rzfghffqnxvr0000gn/T//ccorkuzE.s 			page 22


 1198 089a 8B070000 		.4byte	0x78b
 1199 089e 0C000000 		.4byte	.LBB63
 1200 08a2 06000000 		.4byte	.LBE63-.LBB63
 1201 08a6 0B       		.byte	0xb
 1202 08a7 FC01     		.2byte	0x1fc
 1203 08a9 1E       		.uleb128 0x1e
 1204 08aa 68070000 		.4byte	0x768
 1205 08ae 0C000000 		.4byte	.LBB64
 1206 08b2 06000000 		.4byte	.LBE64-.LBB64
 1207 08b6 0B       		.byte	0xb
 1208 08b7 E301     		.2byte	0x1e3
 1209 08b9 1F       		.uleb128 0x1f
 1210 08ba 75070000 		.4byte	0x775
 1211 08be 15000000 		.4byte	.LLST1
 1212 08c2 00       		.byte	0
 1213 08c3 00       		.byte	0
 1214 08c4 00       		.byte	0
 1215 08c5 00       		.byte	0
 1216 08c6 00       		.byte	0
 1217 08c7 21       		.uleb128 0x21
 1218 08c8 1A000000 		.4byte	.LVL4
 1219 08cc 24090000 		.4byte	0x924
 1220 08d0 00       		.byte	0
 1221 08d1 22       		.uleb128 0x22
 1222 08d2 A8000000 		.4byte	.LASF119
 1223 08d6 01       		.byte	0x1
 1224 08d7 0B01     		.2byte	0x10b
 1225 08d9 00000000 		.4byte	.LFB269
 1226 08dd 1C000000 		.4byte	.LFE269-.LFB269
 1227 08e1 01       		.uleb128 0x1
 1228 08e2 9C       		.byte	0x9c
 1229 08e3 FC080000 		.4byte	0x8fc
 1230 08e7 23       		.uleb128 0x23
 1231 08e8 18000000 		.4byte	.LVL5
 1232 08ec 30090000 		.4byte	0x930
 1233 08f0 24       		.uleb128 0x24
 1234 08f1 01       		.uleb128 0x1
 1235 08f2 50       		.byte	0x50
 1236 08f3 01       		.uleb128 0x1
 1237 08f4 3B       		.byte	0x3b
 1238 08f5 24       		.uleb128 0x24
 1239 08f6 01       		.uleb128 0x1
 1240 08f7 51       		.byte	0x51
 1241 08f8 01       		.uleb128 0x1
 1242 08f9 38       		.byte	0x38
 1243 08fa 00       		.byte	0
 1244 08fb 00       		.byte	0
 1245 08fc 25       		.uleb128 0x25
 1246 08fd C6030000 		.4byte	.LASF120
 1247 0901 09       		.byte	0x9
 1248 0902 FA06     		.2byte	0x6fa
 1249 0904 08090000 		.4byte	0x908
 1250 0908 0F       		.uleb128 0xf
 1251 0909 A2000000 		.4byte	0xa2
 1252 090d 26       		.uleb128 0x26
 1253 090e 636800   		.ascii	"ch\000"
 1254 0911 08       		.byte	0x8
ARM GAS  /var/folders/m4/4md61f0s1_g0rzfghffqnxvr0000gn/T//ccorkuzE.s 			page 23


 1255 0912 0902     		.2byte	0x209
 1256 0914 F8030000 		.4byte	0x3f8
 1257 0918 27       		.uleb128 0x27
 1258 0919 D8050000 		.4byte	.LASF121
 1259 091d D8050000 		.4byte	.LASF121
 1260 0921 0F       		.byte	0xf
 1261 0922 1801     		.2byte	0x118
 1262 0924 27       		.uleb128 0x27
 1263 0925 76020000 		.4byte	.LASF122
 1264 0929 76020000 		.4byte	.LASF122
 1265 092d 0B       		.byte	0xb
 1266 092e 6F01     		.2byte	0x16f
 1267 0930 28       		.uleb128 0x28
 1268 0931 F9030000 		.4byte	.LASF123
 1269 0935 F9030000 		.4byte	.LASF123
 1270 0939 10       		.byte	0x10
 1271 093a 50       		.byte	0x50
 1272 093b 00       		.byte	0
 1273              		.section	.debug_abbrev,"",%progbits
 1274              	.Ldebug_abbrev0:
 1275 0000 01       		.uleb128 0x1
 1276 0001 11       		.uleb128 0x11
 1277 0002 01       		.byte	0x1
 1278 0003 25       		.uleb128 0x25
 1279 0004 0E       		.uleb128 0xe
 1280 0005 13       		.uleb128 0x13
 1281 0006 0B       		.uleb128 0xb
 1282 0007 03       		.uleb128 0x3
 1283 0008 0E       		.uleb128 0xe
 1284 0009 1B       		.uleb128 0x1b
 1285 000a 0E       		.uleb128 0xe
 1286 000b 55       		.uleb128 0x55
 1287 000c 17       		.uleb128 0x17
 1288 000d 11       		.uleb128 0x11
 1289 000e 01       		.uleb128 0x1
 1290 000f 10       		.uleb128 0x10
 1291 0010 17       		.uleb128 0x17
 1292 0011 00       		.byte	0
 1293 0012 00       		.byte	0
 1294 0013 02       		.uleb128 0x2
 1295 0014 24       		.uleb128 0x24
 1296 0015 00       		.byte	0
 1297 0016 0B       		.uleb128 0xb
 1298 0017 0B       		.uleb128 0xb
 1299 0018 3E       		.uleb128 0x3e
 1300 0019 0B       		.uleb128 0xb
 1301 001a 03       		.uleb128 0x3
 1302 001b 08       		.uleb128 0x8
 1303 001c 00       		.byte	0
 1304 001d 00       		.byte	0
 1305 001e 03       		.uleb128 0x3
 1306 001f 24       		.uleb128 0x24
 1307 0020 00       		.byte	0
 1308 0021 0B       		.uleb128 0xb
 1309 0022 0B       		.uleb128 0xb
 1310 0023 3E       		.uleb128 0x3e
 1311 0024 0B       		.uleb128 0xb
ARM GAS  /var/folders/m4/4md61f0s1_g0rzfghffqnxvr0000gn/T//ccorkuzE.s 			page 24


 1312 0025 03       		.uleb128 0x3
 1313 0026 0E       		.uleb128 0xe
 1314 0027 00       		.byte	0
 1315 0028 00       		.byte	0
 1316 0029 04       		.uleb128 0x4
 1317 002a 16       		.uleb128 0x16
 1318 002b 00       		.byte	0
 1319 002c 03       		.uleb128 0x3
 1320 002d 0E       		.uleb128 0xe
 1321 002e 3A       		.uleb128 0x3a
 1322 002f 0B       		.uleb128 0xb
 1323 0030 3B       		.uleb128 0x3b
 1324 0031 0B       		.uleb128 0xb
 1325 0032 49       		.uleb128 0x49
 1326 0033 13       		.uleb128 0x13
 1327 0034 00       		.byte	0
 1328 0035 00       		.byte	0
 1329 0036 05       		.uleb128 0x5
 1330 0037 13       		.uleb128 0x13
 1331 0038 01       		.byte	0x1
 1332 0039 03       		.uleb128 0x3
 1333 003a 0E       		.uleb128 0xe
 1334 003b 0B       		.uleb128 0xb
 1335 003c 0B       		.uleb128 0xb
 1336 003d 3A       		.uleb128 0x3a
 1337 003e 0B       		.uleb128 0xb
 1338 003f 3B       		.uleb128 0x3b
 1339 0040 0B       		.uleb128 0xb
 1340 0041 01       		.uleb128 0x1
 1341 0042 13       		.uleb128 0x13
 1342 0043 00       		.byte	0
 1343 0044 00       		.byte	0
 1344 0045 06       		.uleb128 0x6
 1345 0046 0D       		.uleb128 0xd
 1346 0047 00       		.byte	0
 1347 0048 03       		.uleb128 0x3
 1348 0049 0E       		.uleb128 0xe
 1349 004a 3A       		.uleb128 0x3a
 1350 004b 0B       		.uleb128 0xb
 1351 004c 3B       		.uleb128 0x3b
 1352 004d 0B       		.uleb128 0xb
 1353 004e 49       		.uleb128 0x49
 1354 004f 13       		.uleb128 0x13
 1355 0050 38       		.uleb128 0x38
 1356 0051 0B       		.uleb128 0xb
 1357 0052 00       		.byte	0
 1358 0053 00       		.byte	0
 1359 0054 07       		.uleb128 0x7
 1360 0055 0D       		.uleb128 0xd
 1361 0056 00       		.byte	0
 1362 0057 03       		.uleb128 0x3
 1363 0058 08       		.uleb128 0x8
 1364 0059 3A       		.uleb128 0x3a
 1365 005a 0B       		.uleb128 0xb
 1366 005b 3B       		.uleb128 0x3b
 1367 005c 05       		.uleb128 0x5
 1368 005d 49       		.uleb128 0x49
ARM GAS  /var/folders/m4/4md61f0s1_g0rzfghffqnxvr0000gn/T//ccorkuzE.s 			page 25


 1369 005e 13       		.uleb128 0x13
 1370 005f 38       		.uleb128 0x38
 1371 0060 0B       		.uleb128 0xb
 1372 0061 00       		.byte	0
 1373 0062 00       		.byte	0
 1374 0063 08       		.uleb128 0x8
 1375 0064 0D       		.uleb128 0xd
 1376 0065 00       		.byte	0
 1377 0066 03       		.uleb128 0x3
 1378 0067 0E       		.uleb128 0xe
 1379 0068 3A       		.uleb128 0x3a
 1380 0069 0B       		.uleb128 0xb
 1381 006a 3B       		.uleb128 0x3b
 1382 006b 05       		.uleb128 0x5
 1383 006c 49       		.uleb128 0x49
 1384 006d 13       		.uleb128 0x13
 1385 006e 38       		.uleb128 0x38
 1386 006f 0B       		.uleb128 0xb
 1387 0070 00       		.byte	0
 1388 0071 00       		.byte	0
 1389 0072 09       		.uleb128 0x9
 1390 0073 0F       		.uleb128 0xf
 1391 0074 00       		.byte	0
 1392 0075 0B       		.uleb128 0xb
 1393 0076 0B       		.uleb128 0xb
 1394 0077 49       		.uleb128 0x49
 1395 0078 13       		.uleb128 0x13
 1396 0079 00       		.byte	0
 1397 007a 00       		.byte	0
 1398 007b 0A       		.uleb128 0xa
 1399 007c 13       		.uleb128 0x13
 1400 007d 01       		.byte	0x1
 1401 007e 03       		.uleb128 0x3
 1402 007f 0E       		.uleb128 0xe
 1403 0080 0B       		.uleb128 0xb
 1404 0081 0B       		.uleb128 0xb
 1405 0082 3A       		.uleb128 0x3a
 1406 0083 0B       		.uleb128 0xb
 1407 0084 3B       		.uleb128 0x3b
 1408 0085 05       		.uleb128 0x5
 1409 0086 01       		.uleb128 0x1
 1410 0087 13       		.uleb128 0x13
 1411 0088 00       		.byte	0
 1412 0089 00       		.byte	0
 1413 008a 0B       		.uleb128 0xb
 1414 008b 15       		.uleb128 0x15
 1415 008c 01       		.byte	0x1
 1416 008d 27       		.uleb128 0x27
 1417 008e 19       		.uleb128 0x19
 1418 008f 01       		.uleb128 0x1
 1419 0090 13       		.uleb128 0x13
 1420 0091 00       		.byte	0
 1421 0092 00       		.byte	0
 1422 0093 0C       		.uleb128 0xc
 1423 0094 05       		.uleb128 0x5
 1424 0095 00       		.byte	0
 1425 0096 49       		.uleb128 0x49
ARM GAS  /var/folders/m4/4md61f0s1_g0rzfghffqnxvr0000gn/T//ccorkuzE.s 			page 26


 1426 0097 13       		.uleb128 0x13
 1427 0098 00       		.byte	0
 1428 0099 00       		.byte	0
 1429 009a 0D       		.uleb128 0xd
 1430 009b 0F       		.uleb128 0xf
 1431 009c 00       		.byte	0
 1432 009d 0B       		.uleb128 0xb
 1433 009e 0B       		.uleb128 0xb
 1434 009f 00       		.byte	0
 1435 00a0 00       		.byte	0
 1436 00a1 0E       		.uleb128 0xe
 1437 00a2 13       		.uleb128 0x13
 1438 00a3 01       		.byte	0x1
 1439 00a4 03       		.uleb128 0x3
 1440 00a5 0E       		.uleb128 0xe
 1441 00a6 0B       		.uleb128 0xb
 1442 00a7 05       		.uleb128 0x5
 1443 00a8 3A       		.uleb128 0x3a
 1444 00a9 0B       		.uleb128 0xb
 1445 00aa 3B       		.uleb128 0x3b
 1446 00ab 05       		.uleb128 0x5
 1447 00ac 01       		.uleb128 0x1
 1448 00ad 13       		.uleb128 0x13
 1449 00ae 00       		.byte	0
 1450 00af 00       		.byte	0
 1451 00b0 0F       		.uleb128 0xf
 1452 00b1 35       		.uleb128 0x35
 1453 00b2 00       		.byte	0
 1454 00b3 49       		.uleb128 0x49
 1455 00b4 13       		.uleb128 0x13
 1456 00b5 00       		.byte	0
 1457 00b6 00       		.byte	0
 1458 00b7 10       		.uleb128 0x10
 1459 00b8 26       		.uleb128 0x26
 1460 00b9 00       		.byte	0
 1461 00ba 49       		.uleb128 0x49
 1462 00bb 13       		.uleb128 0x13
 1463 00bc 00       		.byte	0
 1464 00bd 00       		.byte	0
 1465 00be 11       		.uleb128 0x11
 1466 00bf 13       		.uleb128 0x13
 1467 00c0 01       		.byte	0x1
 1468 00c1 0B       		.uleb128 0xb
 1469 00c2 0B       		.uleb128 0xb
 1470 00c3 3A       		.uleb128 0x3a
 1471 00c4 0B       		.uleb128 0xb
 1472 00c5 3B       		.uleb128 0x3b
 1473 00c6 05       		.uleb128 0x5
 1474 00c7 01       		.uleb128 0x1
 1475 00c8 13       		.uleb128 0x13
 1476 00c9 00       		.byte	0
 1477 00ca 00       		.byte	0
 1478 00cb 12       		.uleb128 0x12
 1479 00cc 16       		.uleb128 0x16
 1480 00cd 00       		.byte	0
 1481 00ce 03       		.uleb128 0x3
 1482 00cf 0E       		.uleb128 0xe
ARM GAS  /var/folders/m4/4md61f0s1_g0rzfghffqnxvr0000gn/T//ccorkuzE.s 			page 27


 1483 00d0 3A       		.uleb128 0x3a
 1484 00d1 0B       		.uleb128 0xb
 1485 00d2 3B       		.uleb128 0x3b
 1486 00d3 05       		.uleb128 0x5
 1487 00d4 49       		.uleb128 0x49
 1488 00d5 13       		.uleb128 0x13
 1489 00d6 00       		.byte	0
 1490 00d7 00       		.byte	0
 1491 00d8 13       		.uleb128 0x13
 1492 00d9 0D       		.uleb128 0xd
 1493 00da 00       		.byte	0
 1494 00db 03       		.uleb128 0x3
 1495 00dc 08       		.uleb128 0x8
 1496 00dd 3A       		.uleb128 0x3a
 1497 00de 0B       		.uleb128 0xb
 1498 00df 3B       		.uleb128 0x3b
 1499 00e0 0B       		.uleb128 0xb
 1500 00e1 49       		.uleb128 0x49
 1501 00e2 13       		.uleb128 0x13
 1502 00e3 38       		.uleb128 0x38
 1503 00e4 0B       		.uleb128 0xb
 1504 00e5 00       		.byte	0
 1505 00e6 00       		.byte	0
 1506 00e7 14       		.uleb128 0x14
 1507 00e8 13       		.uleb128 0x13
 1508 00e9 01       		.byte	0x1
 1509 00ea 0B       		.uleb128 0xb
 1510 00eb 0B       		.uleb128 0xb
 1511 00ec 3A       		.uleb128 0x3a
 1512 00ed 0B       		.uleb128 0xb
 1513 00ee 3B       		.uleb128 0x3b
 1514 00ef 0B       		.uleb128 0xb
 1515 00f0 01       		.uleb128 0x1
 1516 00f1 13       		.uleb128 0x13
 1517 00f2 00       		.byte	0
 1518 00f3 00       		.byte	0
 1519 00f4 15       		.uleb128 0x15
 1520 00f5 17       		.uleb128 0x17
 1521 00f6 01       		.byte	0x1
 1522 00f7 0B       		.uleb128 0xb
 1523 00f8 0B       		.uleb128 0xb
 1524 00f9 3A       		.uleb128 0x3a
 1525 00fa 0B       		.uleb128 0xb
 1526 00fb 3B       		.uleb128 0x3b
 1527 00fc 0B       		.uleb128 0xb
 1528 00fd 01       		.uleb128 0x1
 1529 00fe 13       		.uleb128 0x13
 1530 00ff 00       		.byte	0
 1531 0100 00       		.byte	0
 1532 0101 16       		.uleb128 0x16
 1533 0102 0D       		.uleb128 0xd
 1534 0103 00       		.byte	0
 1535 0104 03       		.uleb128 0x3
 1536 0105 0E       		.uleb128 0xe
 1537 0106 3A       		.uleb128 0x3a
 1538 0107 0B       		.uleb128 0xb
 1539 0108 3B       		.uleb128 0x3b
ARM GAS  /var/folders/m4/4md61f0s1_g0rzfghffqnxvr0000gn/T//ccorkuzE.s 			page 28


 1540 0109 05       		.uleb128 0x5
 1541 010a 49       		.uleb128 0x49
 1542 010b 13       		.uleb128 0x13
 1543 010c 00       		.byte	0
 1544 010d 00       		.byte	0
 1545 010e 17       		.uleb128 0x17
 1546 010f 01       		.uleb128 0x1
 1547 0110 01       		.byte	0x1
 1548 0111 49       		.uleb128 0x49
 1549 0112 13       		.uleb128 0x13
 1550 0113 01       		.uleb128 0x1
 1551 0114 13       		.uleb128 0x13
 1552 0115 00       		.byte	0
 1553 0116 00       		.byte	0
 1554 0117 18       		.uleb128 0x18
 1555 0118 21       		.uleb128 0x21
 1556 0119 00       		.byte	0
 1557 011a 49       		.uleb128 0x49
 1558 011b 13       		.uleb128 0x13
 1559 011c 2F       		.uleb128 0x2f
 1560 011d 0B       		.uleb128 0xb
 1561 011e 00       		.byte	0
 1562 011f 00       		.byte	0
 1563 0120 19       		.uleb128 0x19
 1564 0121 2E       		.uleb128 0x2e
 1565 0122 01       		.byte	0x1
 1566 0123 03       		.uleb128 0x3
 1567 0124 0E       		.uleb128 0xe
 1568 0125 3A       		.uleb128 0x3a
 1569 0126 0B       		.uleb128 0xb
 1570 0127 3B       		.uleb128 0x3b
 1571 0128 05       		.uleb128 0x5
 1572 0129 27       		.uleb128 0x27
 1573 012a 19       		.uleb128 0x19
 1574 012b 20       		.uleb128 0x20
 1575 012c 0B       		.uleb128 0xb
 1576 012d 01       		.uleb128 0x1
 1577 012e 13       		.uleb128 0x13
 1578 012f 00       		.byte	0
 1579 0130 00       		.byte	0
 1580 0131 1A       		.uleb128 0x1a
 1581 0132 05       		.uleb128 0x5
 1582 0133 00       		.byte	0
 1583 0134 03       		.uleb128 0x3
 1584 0135 0E       		.uleb128 0xe
 1585 0136 3A       		.uleb128 0x3a
 1586 0137 0B       		.uleb128 0xb
 1587 0138 3B       		.uleb128 0x3b
 1588 0139 05       		.uleb128 0x5
 1589 013a 49       		.uleb128 0x49
 1590 013b 13       		.uleb128 0x13
 1591 013c 00       		.byte	0
 1592 013d 00       		.byte	0
 1593 013e 1B       		.uleb128 0x1b
 1594 013f 2E       		.uleb128 0x2e
 1595 0140 00       		.byte	0
 1596 0141 03       		.uleb128 0x3
ARM GAS  /var/folders/m4/4md61f0s1_g0rzfghffqnxvr0000gn/T//ccorkuzE.s 			page 29


 1597 0142 0E       		.uleb128 0xe
 1598 0143 3A       		.uleb128 0x3a
 1599 0144 0B       		.uleb128 0xb
 1600 0145 3B       		.uleb128 0x3b
 1601 0146 05       		.uleb128 0x5
 1602 0147 27       		.uleb128 0x27
 1603 0148 19       		.uleb128 0x19
 1604 0149 20       		.uleb128 0x20
 1605 014a 0B       		.uleb128 0xb
 1606 014b 00       		.byte	0
 1607 014c 00       		.byte	0
 1608 014d 1C       		.uleb128 0x1c
 1609 014e 2E       		.uleb128 0x2e
 1610 014f 01       		.byte	0x1
 1611 0150 3F       		.uleb128 0x3f
 1612 0151 19       		.uleb128 0x19
 1613 0152 03       		.uleb128 0x3
 1614 0153 0E       		.uleb128 0xe
 1615 0154 3A       		.uleb128 0x3a
 1616 0155 0B       		.uleb128 0xb
 1617 0156 3B       		.uleb128 0x3b
 1618 0157 0B       		.uleb128 0xb
 1619 0158 27       		.uleb128 0x27
 1620 0159 19       		.uleb128 0x19
 1621 015a 11       		.uleb128 0x11
 1622 015b 01       		.uleb128 0x1
 1623 015c 12       		.uleb128 0x12
 1624 015d 06       		.uleb128 0x6
 1625 015e 40       		.uleb128 0x40
 1626 015f 18       		.uleb128 0x18
 1627 0160 9742     		.uleb128 0x2117
 1628 0162 19       		.uleb128 0x19
 1629 0163 01       		.uleb128 0x1
 1630 0164 13       		.uleb128 0x13
 1631 0165 00       		.byte	0
 1632 0166 00       		.byte	0
 1633 0167 1D       		.uleb128 0x1d
 1634 0168 1D       		.uleb128 0x1d
 1635 0169 01       		.byte	0x1
 1636 016a 31       		.uleb128 0x31
 1637 016b 13       		.uleb128 0x13
 1638 016c 11       		.uleb128 0x11
 1639 016d 01       		.uleb128 0x1
 1640 016e 12       		.uleb128 0x12
 1641 016f 06       		.uleb128 0x6
 1642 0170 58       		.uleb128 0x58
 1643 0171 0B       		.uleb128 0xb
 1644 0172 59       		.uleb128 0x59
 1645 0173 0B       		.uleb128 0xb
 1646 0174 01       		.uleb128 0x1
 1647 0175 13       		.uleb128 0x13
 1648 0176 00       		.byte	0
 1649 0177 00       		.byte	0
 1650 0178 1E       		.uleb128 0x1e
 1651 0179 1D       		.uleb128 0x1d
 1652 017a 01       		.byte	0x1
 1653 017b 31       		.uleb128 0x31
ARM GAS  /var/folders/m4/4md61f0s1_g0rzfghffqnxvr0000gn/T//ccorkuzE.s 			page 30


 1654 017c 13       		.uleb128 0x13
 1655 017d 11       		.uleb128 0x11
 1656 017e 01       		.uleb128 0x1
 1657 017f 12       		.uleb128 0x12
 1658 0180 06       		.uleb128 0x6
 1659 0181 58       		.uleb128 0x58
 1660 0182 0B       		.uleb128 0xb
 1661 0183 59       		.uleb128 0x59
 1662 0184 05       		.uleb128 0x5
 1663 0185 00       		.byte	0
 1664 0186 00       		.byte	0
 1665 0187 1F       		.uleb128 0x1f
 1666 0188 05       		.uleb128 0x5
 1667 0189 00       		.byte	0
 1668 018a 31       		.uleb128 0x31
 1669 018b 13       		.uleb128 0x13
 1670 018c 02       		.uleb128 0x2
 1671 018d 17       		.uleb128 0x17
 1672 018e 00       		.byte	0
 1673 018f 00       		.byte	0
 1674 0190 20       		.uleb128 0x20
 1675 0191 898201   		.uleb128 0x4109
 1676 0194 00       		.byte	0
 1677 0195 11       		.uleb128 0x11
 1678 0196 01       		.uleb128 0x1
 1679 0197 31       		.uleb128 0x31
 1680 0198 13       		.uleb128 0x13
 1681 0199 00       		.byte	0
 1682 019a 00       		.byte	0
 1683 019b 21       		.uleb128 0x21
 1684 019c 898201   		.uleb128 0x4109
 1685 019f 00       		.byte	0
 1686 01a0 11       		.uleb128 0x11
 1687 01a1 01       		.uleb128 0x1
 1688 01a2 9542     		.uleb128 0x2115
 1689 01a4 19       		.uleb128 0x19
 1690 01a5 31       		.uleb128 0x31
 1691 01a6 13       		.uleb128 0x13
 1692 01a7 00       		.byte	0
 1693 01a8 00       		.byte	0
 1694 01a9 22       		.uleb128 0x22
 1695 01aa 2E       		.uleb128 0x2e
 1696 01ab 01       		.byte	0x1
 1697 01ac 3F       		.uleb128 0x3f
 1698 01ad 19       		.uleb128 0x19
 1699 01ae 03       		.uleb128 0x3
 1700 01af 0E       		.uleb128 0xe
 1701 01b0 3A       		.uleb128 0x3a
 1702 01b1 0B       		.uleb128 0xb
 1703 01b2 3B       		.uleb128 0x3b
 1704 01b3 05       		.uleb128 0x5
 1705 01b4 27       		.uleb128 0x27
 1706 01b5 19       		.uleb128 0x19
 1707 01b6 11       		.uleb128 0x11
 1708 01b7 01       		.uleb128 0x1
 1709 01b8 12       		.uleb128 0x12
 1710 01b9 06       		.uleb128 0x6
ARM GAS  /var/folders/m4/4md61f0s1_g0rzfghffqnxvr0000gn/T//ccorkuzE.s 			page 31


 1711 01ba 40       		.uleb128 0x40
 1712 01bb 18       		.uleb128 0x18
 1713 01bc 9742     		.uleb128 0x2117
 1714 01be 19       		.uleb128 0x19
 1715 01bf 01       		.uleb128 0x1
 1716 01c0 13       		.uleb128 0x13
 1717 01c1 00       		.byte	0
 1718 01c2 00       		.byte	0
 1719 01c3 23       		.uleb128 0x23
 1720 01c4 898201   		.uleb128 0x4109
 1721 01c7 01       		.byte	0x1
 1722 01c8 11       		.uleb128 0x11
 1723 01c9 01       		.uleb128 0x1
 1724 01ca 9542     		.uleb128 0x2115
 1725 01cc 19       		.uleb128 0x19
 1726 01cd 31       		.uleb128 0x31
 1727 01ce 13       		.uleb128 0x13
 1728 01cf 00       		.byte	0
 1729 01d0 00       		.byte	0
 1730 01d1 24       		.uleb128 0x24
 1731 01d2 8A8201   		.uleb128 0x410a
 1732 01d5 00       		.byte	0
 1733 01d6 02       		.uleb128 0x2
 1734 01d7 18       		.uleb128 0x18
 1735 01d8 9142     		.uleb128 0x2111
 1736 01da 18       		.uleb128 0x18
 1737 01db 00       		.byte	0
 1738 01dc 00       		.byte	0
 1739 01dd 25       		.uleb128 0x25
 1740 01de 34       		.uleb128 0x34
 1741 01df 00       		.byte	0
 1742 01e0 03       		.uleb128 0x3
 1743 01e1 0E       		.uleb128 0xe
 1744 01e2 3A       		.uleb128 0x3a
 1745 01e3 0B       		.uleb128 0xb
 1746 01e4 3B       		.uleb128 0x3b
 1747 01e5 05       		.uleb128 0x5
 1748 01e6 49       		.uleb128 0x49
 1749 01e7 13       		.uleb128 0x13
 1750 01e8 3F       		.uleb128 0x3f
 1751 01e9 19       		.uleb128 0x19
 1752 01ea 3C       		.uleb128 0x3c
 1753 01eb 19       		.uleb128 0x19
 1754 01ec 00       		.byte	0
 1755 01ed 00       		.byte	0
 1756 01ee 26       		.uleb128 0x26
 1757 01ef 34       		.uleb128 0x34
 1758 01f0 00       		.byte	0
 1759 01f1 03       		.uleb128 0x3
 1760 01f2 08       		.uleb128 0x8
 1761 01f3 3A       		.uleb128 0x3a
 1762 01f4 0B       		.uleb128 0xb
 1763 01f5 3B       		.uleb128 0x3b
 1764 01f6 05       		.uleb128 0x5
 1765 01f7 49       		.uleb128 0x49
 1766 01f8 13       		.uleb128 0x13
 1767 01f9 3F       		.uleb128 0x3f
ARM GAS  /var/folders/m4/4md61f0s1_g0rzfghffqnxvr0000gn/T//ccorkuzE.s 			page 32


 1768 01fa 19       		.uleb128 0x19
 1769 01fb 3C       		.uleb128 0x3c
 1770 01fc 19       		.uleb128 0x19
 1771 01fd 00       		.byte	0
 1772 01fe 00       		.byte	0
 1773 01ff 27       		.uleb128 0x27
 1774 0200 2E       		.uleb128 0x2e
 1775 0201 00       		.byte	0
 1776 0202 3F       		.uleb128 0x3f
 1777 0203 19       		.uleb128 0x19
 1778 0204 3C       		.uleb128 0x3c
 1779 0205 19       		.uleb128 0x19
 1780 0206 6E       		.uleb128 0x6e
 1781 0207 0E       		.uleb128 0xe
 1782 0208 03       		.uleb128 0x3
 1783 0209 0E       		.uleb128 0xe
 1784 020a 3A       		.uleb128 0x3a
 1785 020b 0B       		.uleb128 0xb
 1786 020c 3B       		.uleb128 0x3b
 1787 020d 05       		.uleb128 0x5
 1788 020e 00       		.byte	0
 1789 020f 00       		.byte	0
 1790 0210 28       		.uleb128 0x28
 1791 0211 2E       		.uleb128 0x2e
 1792 0212 00       		.byte	0
 1793 0213 3F       		.uleb128 0x3f
 1794 0214 19       		.uleb128 0x19
 1795 0215 3C       		.uleb128 0x3c
 1796 0216 19       		.uleb128 0x19
 1797 0217 6E       		.uleb128 0x6e
 1798 0218 0E       		.uleb128 0xe
 1799 0219 03       		.uleb128 0x3
 1800 021a 0E       		.uleb128 0xe
 1801 021b 3A       		.uleb128 0x3a
 1802 021c 0B       		.uleb128 0xb
 1803 021d 3B       		.uleb128 0x3b
 1804 021e 0B       		.uleb128 0xb
 1805 021f 00       		.byte	0
 1806 0220 00       		.byte	0
 1807 0221 00       		.byte	0
 1808              		.section	.debug_loc,"",%progbits
 1809              	.Ldebug_loc0:
 1810              	.LLST0:
 1811 0000 00000000 		.4byte	.LVL0
 1812 0004 08000000 		.4byte	.LVL1
 1813 0008 0300     		.2byte	0x3
 1814 000a 08       		.byte	0x8
 1815 000b 20       		.byte	0x20
 1816 000c 9F       		.byte	0x9f
 1817 000d 00000000 		.4byte	0
 1818 0011 00000000 		.4byte	0
 1819              	.LLST1:
 1820 0015 0C000000 		.4byte	.LVL2
 1821 0019 12000000 		.4byte	.LVL3
 1822 001d 0200     		.2byte	0x2
 1823 001f 30       		.byte	0x30
 1824 0020 9F       		.byte	0x9f
ARM GAS  /var/folders/m4/4md61f0s1_g0rzfghffqnxvr0000gn/T//ccorkuzE.s 			page 33


 1825 0021 00000000 		.4byte	0
 1826 0025 00000000 		.4byte	0
 1827              		.section	.debug_aranges,"",%progbits
 1828 0000 24000000 		.4byte	0x24
 1829 0004 0200     		.2byte	0x2
 1830 0006 00000000 		.4byte	.Ldebug_info0
 1831 000a 04       		.byte	0x4
 1832 000b 00       		.byte	0
 1833 000c 0000     		.2byte	0
 1834 000e 0000     		.2byte	0
 1835 0010 00000000 		.4byte	.LFB268
 1836 0014 1A000000 		.4byte	.LFE268-.LFB268
 1837 0018 00000000 		.4byte	.LFB269
 1838 001c 1C000000 		.4byte	.LFE269-.LFB269
 1839 0020 00000000 		.4byte	0
 1840 0024 00000000 		.4byte	0
 1841              		.section	.debug_ranges,"",%progbits
 1842              	.Ldebug_ranges0:
 1843 0000 00000000 		.4byte	.LFB268
 1844 0004 1A000000 		.4byte	.LFE268
 1845 0008 00000000 		.4byte	.LFB269
 1846 000c 1C000000 		.4byte	.LFE269
 1847 0010 00000000 		.4byte	0
 1848 0014 00000000 		.4byte	0
 1849              		.section	.debug_line,"",%progbits
 1850              	.Ldebug_line0:
 1851 0000 25030000 		.section	.debug_str,"MS",%progbits,1
 1851      0200DE02 
 1851      00000201 
 1851      FB0E0D00 
 1851      01010101 
 1852              	.LASF53:
 1853 0000 72656164 		.ascii	"ready_list_t\000"
 1853      795F6C69 
 1853      73745F74 
 1853      00
 1854              	.LASF95:
 1855 000d 77747472 		.ascii	"wttrp\000"
 1855      7000
 1856              	.LASF92:
 1857 0013 7264796D 		.ascii	"rdymsg\000"
 1857      736700
 1858              	.LASF16:
 1859 001a 75696E74 		.ascii	"uint64_t\000"
 1859      36345F74 
 1859      00
 1860              	.LASF5:
 1861 0023 5F5F7569 		.ascii	"__uint8_t\000"
 1861      6E74385F 
 1861      7400
 1862              	.LASF89:
 1863 002d 706F7274 		.ascii	"port_intctx\000"
 1863      5F696E74 
 1863      63747800 
 1864              	.LASF72:
 1865 0039 73797374 		.ascii	"system_debug_t\000"
 1865      656D5F64 
ARM GAS  /var/folders/m4/4md61f0s1_g0rzfghffqnxvr0000gn/T//ccorkuzE.s 			page 34


 1865      65627567 
 1865      5F7400
 1866              	.LASF109:
 1867 0048 706F7274 		.ascii	"port_lock\000"
 1867      5F6C6F63 
 1867      6B00
 1868              	.LASF12:
 1869 0052 6C6F6E67 		.ascii	"long long unsigned int\000"
 1869      206C6F6E 
 1869      6720756E 
 1869      7369676E 
 1869      65642069 
 1870              	.LASF93:
 1871 0069 65786974 		.ascii	"exitcode\000"
 1871      636F6465 
 1871      00
 1872              	.LASF79:
 1873 0072 6D61696E 		.ascii	"mainthread\000"
 1873      74687265 
 1873      616400
 1874              	.LASF69:
 1875 007d 76697274 		.ascii	"virtual_timers_list_t\000"
 1875      75616C5F 
 1875      74696D65 
 1875      72735F6C 
 1875      6973745F 
 1876              	.LASF115:
 1877 0093 6F73616C 		.ascii	"osalSysUnlockFromISR\000"
 1877      53797355 
 1877      6E6C6F63 
 1877      6B46726F 
 1877      6D495352 
 1878              	.LASF119:
 1879 00a8 73745F6C 		.ascii	"st_lld_init\000"
 1879      6C645F69 
 1879      6E697400 
 1880              	.LASF52:
 1881 00b4 63685F74 		.ascii	"ch_threads_queue\000"
 1881      68726561 
 1881      64735F71 
 1881      75657565 
 1881      00
 1882              	.LASF30:
 1883 00c5 705F7072 		.ascii	"p_prio\000"
 1883      696F00
 1884              	.LASF10:
 1885 00cc 6C6F6E67 		.ascii	"long long int\000"
 1885      206C6F6E 
 1885      6720696E 
 1885      7400
 1886              	.LASF1:
 1887 00da 7369676E 		.ascii	"signed char\000"
 1887      65642063 
 1887      68617200 
 1888              	.LASF125:
 1889 00e6 43686962 		.ascii	"ChibiOS_16.1.4/os/hal/ports/STM32/LLD/TIMv1/st_lld."
 1889      694F535F 
ARM GAS  /var/folders/m4/4md61f0s1_g0rzfghffqnxvr0000gn/T//ccorkuzE.s 			page 35


 1889      31362E31 
 1889      2E342F6F 
 1889      732F6861 
 1890 0119 6300     		.ascii	"c\000"
 1891              	.LASF46:
 1892 011b 705F6D70 		.ascii	"p_mpool\000"
 1892      6F6F6C00 
 1893              	.LASF103:
 1894 0123 6D5F7175 		.ascii	"m_queue\000"
 1894      65756500 
 1895              	.LASF78:
 1896 012b 76746C69 		.ascii	"vtlist\000"
 1896      737400
 1897              	.LASF110:
 1898 0132 706F7274 		.ascii	"port_unlock\000"
 1898      5F756E6C 
 1898      6F636B00 
 1899              	.LASF21:
 1900 013e 74736C69 		.ascii	"tslices_t\000"
 1900      6365735F 
 1900      7400
 1901              	.LASF76:
 1902 0148 63685F73 		.ascii	"ch_system\000"
 1902      79737465 
 1902      6D00
 1903              	.LASF7:
 1904 0152 6C6F6E67 		.ascii	"long int\000"
 1904      20696E74 
 1904      00
 1905              	.LASF19:
 1906 015b 74737461 		.ascii	"tstate_t\000"
 1906      74655F74 
 1906      00
 1907              	.LASF32:
 1908 0164 705F6E65 		.ascii	"p_newer\000"
 1908      77657200 
 1909              	.LASF100:
 1910 016c 735F7175 		.ascii	"s_queue\000"
 1910      65756500 
 1911              	.LASF4:
 1912 0174 73686F72 		.ascii	"short unsigned int\000"
 1912      7420756E 
 1912      7369676E 
 1912      65642069 
 1912      6E7400
 1913              	.LASF85:
 1914 0187 53797354 		.ascii	"SysTick_Type\000"
 1914      69636B5F 
 1914      54797065 
 1914      00
 1915              	.LASF58:
 1916 0194 725F6E65 		.ascii	"r_newer\000"
 1916      77657200 
 1917              	.LASF86:
 1918 019c 72656761 		.ascii	"regarm_t\000"
 1918      726D5F74 
 1918      00
ARM GAS  /var/folders/m4/4md61f0s1_g0rzfghffqnxvr0000gn/T//ccorkuzE.s 			page 36


 1919              	.LASF65:
 1920 01a5 76745F70 		.ascii	"vt_prev\000"
 1920      72657600 
 1921              	.LASF117:
 1922 01ad 6F73616C 		.ascii	"osalSysLockFromISR\000"
 1922      5379734C 
 1922      6F636B46 
 1922      726F6D49 
 1922      535200
 1923              	.LASF107:
 1924 01c0 6D757465 		.ascii	"mutex_t\000"
 1924      785F7400 
 1925              	.LASF128:
 1926 01c8 76616C75 		.ascii	"value\000"
 1926      6500
 1927              	.LASF80:
 1928 01ce 69646C65 		.ascii	"idle_thread_wa\000"
 1928      5F746872 
 1928      6561645F 
 1928      776100
 1929              	.LASF25:
 1930 01dd 636E745F 		.ascii	"cnt_t\000"
 1930      7400
 1931              	.LASF0:
 1932 01e3 756E7369 		.ascii	"unsigned int\000"
 1932      676E6564 
 1932      20696E74 
 1932      00
 1933              	.LASF64:
 1934 01f0 76745F6E 		.ascii	"vt_next\000"
 1934      65787400 
 1935              	.LASF39:
 1936 01f8 705F7469 		.ascii	"p_time\000"
 1936      6D6500
 1937              	.LASF96:
 1938 01ff 77747365 		.ascii	"wtsemp\000"
 1938      6D7000
 1939              	.LASF66:
 1940 0206 76745F64 		.ascii	"vt_delta\000"
 1940      656C7461 
 1940      00
 1941              	.LASF41:
 1942 020f 705F6D73 		.ascii	"p_msgqueue\000"
 1942      67717565 
 1942      756500
 1943              	.LASF101:
 1944 021a 735F636E 		.ascii	"s_cnt\000"
 1944      7400
 1945              	.LASF84:
 1946 0220 43414C49 		.ascii	"CALIB\000"
 1946      4200
 1947              	.LASF49:
 1948 0226 63685F74 		.ascii	"ch_thread\000"
 1948      68726561 
 1948      6400
 1949              	.LASF23:
 1950 0230 6D73675F 		.ascii	"msg_t\000"
ARM GAS  /var/folders/m4/4md61f0s1_g0rzfghffqnxvr0000gn/T//ccorkuzE.s 			page 37


 1950      7400
 1951              	.LASF45:
 1952 0236 705F7265 		.ascii	"p_realprio\000"
 1952      616C7072 
 1952      696F00
 1953              	.LASF126:
 1954 0241 2F557365 		.ascii	"/Users/raphael/Documents/Projects/rESC/resc-firmwar"
 1954      72732F72 
 1954      61706861 
 1954      656C2F44 
 1954      6F63756D 
 1955 0274 6500     		.ascii	"e\000"
 1956              	.LASF122:
 1957 0276 5F706F72 		.ascii	"_port_irq_epilogue\000"
 1957      745F6972 
 1957      715F6570 
 1957      696C6F67 
 1957      756500
 1958              	.LASF94:
 1959 0289 77746F62 		.ascii	"wtobjp\000"
 1959      6A7000
 1960              	.LASF54:
 1961 0290 63685F72 		.ascii	"ch_ready_list\000"
 1961      65616479 
 1961      5F6C6973 
 1961      7400
 1962              	.LASF24:
 1963 029e 6576656E 		.ascii	"eventmask_t\000"
 1963      746D6173 
 1963      6B5F7400 
 1964              	.LASF6:
 1965 02aa 5F5F696E 		.ascii	"__int32_t\000"
 1965      7433325F 
 1965      7400
 1966              	.LASF87:
 1967 02b4 73746B61 		.ascii	"stkalign_t\000"
 1967      6C69676E 
 1967      5F7400
 1968              	.LASF116:
 1969 02bf 6F73616C 		.ascii	"osalOsTimerHandlerI\000"
 1969      4F735469 
 1969      6D657248 
 1969      616E646C 
 1969      65724900 
 1970              	.LASF48:
 1971 02d3 74687265 		.ascii	"threads_list_t\000"
 1971      6164735F 
 1971      6C697374 
 1971      5F7400
 1972              	.LASF40:
 1973 02e2 705F7761 		.ascii	"p_waiting\000"
 1973      6974696E 
 1973      6700
 1974              	.LASF81:
 1975 02ec 73697A65 		.ascii	"sizetype\000"
 1975      74797065 
 1975      00
ARM GAS  /var/folders/m4/4md61f0s1_g0rzfghffqnxvr0000gn/T//ccorkuzE.s 			page 38


 1976              	.LASF47:
 1977 02f5 74687265 		.ascii	"thread_reference_t\000"
 1977      61645F72 
 1977      65666572 
 1977      656E6365 
 1977      5F7400
 1978              	.LASF83:
 1979 0308 4C4F4144 		.ascii	"LOAD\000"
 1979      00
 1980              	.LASF70:
 1981 030d 63685F76 		.ascii	"ch_virtual_timers_list\000"
 1981      69727475 
 1981      616C5F74 
 1981      696D6572 
 1981      735F6C69 
 1982              	.LASF33:
 1983 0324 705F6F6C 		.ascii	"p_older\000"
 1983      64657200 
 1984              	.LASF57:
 1985 032c 725F6374 		.ascii	"r_ctx\000"
 1985      7800
 1986              	.LASF91:
 1987 0332 746D5F63 		.ascii	"tm_calibration_t\000"
 1987      616C6962 
 1987      72617469 
 1987      6F6E5F74 
 1987      00
 1988              	.LASF60:
 1989 0343 725F6375 		.ascii	"r_current\000"
 1989      7272656E 
 1989      7400
 1990              	.LASF59:
 1991 034d 725F6F6C 		.ascii	"r_older\000"
 1991      64657200 
 1992              	.LASF11:
 1993 0355 5F5F7569 		.ascii	"__uint64_t\000"
 1993      6E743634 
 1993      5F7400
 1994              	.LASF20:
 1995 0360 74726566 		.ascii	"trefs_t\000"
 1995      735F7400 
 1996              	.LASF62:
 1997 0368 76697274 		.ascii	"virtual_timer_t\000"
 1997      75616C5F 
 1997      74696D65 
 1997      725F7400 
 1998              	.LASF29:
 1999 0378 705F7072 		.ascii	"p_prev\000"
 1999      657600
 2000              	.LASF22:
 2001 037f 74707269 		.ascii	"tprio_t\000"
 2001      6F5F7400 
 2002              	.LASF114:
 2003 0387 63685379 		.ascii	"chSysUnlockFromISR\000"
 2003      73556E6C 
 2003      6F636B46 
 2003      726F6D49 
ARM GAS  /var/folders/m4/4md61f0s1_g0rzfghffqnxvr0000gn/T//ccorkuzE.s 			page 39


 2003      535200
 2004              	.LASF73:
 2005 039a 63685F73 		.ascii	"ch_system_debug\000"
 2005      79737465 
 2005      6D5F6465 
 2005      62756700 
 2006              	.LASF108:
 2007 03aa 5F426F6F 		.ascii	"_Bool\000"
 2007      6C00
 2008              	.LASF14:
 2009 03b0 696E7433 		.ascii	"int32_t\000"
 2009      325F7400 
 2010              	.LASF2:
 2011 03b8 756E7369 		.ascii	"unsigned char\000"
 2011      676E6564 
 2011      20636861 
 2011      7200
 2012              	.LASF120:
 2013 03c6 49544D5F 		.ascii	"ITM_RxBuffer\000"
 2013      52784275 
 2013      66666572 
 2013      00
 2014              	.LASF44:
 2015 03d3 705F6D74 		.ascii	"p_mtxlist\000"
 2015      786C6973 
 2015      7400
 2016              	.LASF3:
 2017 03dd 73686F72 		.ascii	"short int\000"
 2017      7420696E 
 2017      7400
 2018              	.LASF35:
 2019 03e7 705F7374 		.ascii	"p_state\000"
 2019      61746500 
 2020              	.LASF38:
 2021 03ef 705F7072 		.ascii	"p_preempt\000"
 2021      65656D70 
 2021      7400
 2022              	.LASF123:
 2023 03f9 6E766963 		.ascii	"nvicSetSystemHandlerPriority\000"
 2023      53657453 
 2023      79737465 
 2023      6D48616E 
 2023      646C6572 
 2024              	.LASF56:
 2025 0416 725F7072 		.ascii	"r_prio\000"
 2025      696F00
 2026              	.LASF98:
 2027 041d 65776D61 		.ascii	"ewmask\000"
 2027      736B00
 2028              	.LASF28:
 2029 0424 705F6E65 		.ascii	"p_next\000"
 2029      787400
 2030              	.LASF18:
 2031 042b 746D6F64 		.ascii	"tmode_t\000"
 2031      655F7400 
 2032              	.LASF36:
 2033 0433 705F666C 		.ascii	"p_flags\000"
ARM GAS  /var/folders/m4/4md61f0s1_g0rzfghffqnxvr0000gn/T//ccorkuzE.s 			page 40


 2033      61677300 
 2034              	.LASF63:
 2035 043b 63685F76 		.ascii	"ch_virtual_timer\000"
 2035      69727475 
 2035      616C5F74 
 2035      696D6572 
 2035      00
 2036              	.LASF99:
 2037 044c 63685F73 		.ascii	"ch_semaphore\000"
 2037      656D6170 
 2037      686F7265 
 2037      00
 2038              	.LASF43:
 2039 0459 705F6570 		.ascii	"p_epending\000"
 2039      656E6469 
 2039      6E6700
 2040              	.LASF15:
 2041 0464 75696E74 		.ascii	"uint32_t\000"
 2041      33325F74 
 2041      00
 2042              	.LASF97:
 2043 046d 77746D74 		.ascii	"wtmtxp\000"
 2043      787000
 2044              	.LASF55:
 2045 0474 725F7175 		.ascii	"r_queue\000"
 2045      65756500 
 2046              	.LASF50:
 2047 047c 63685F74 		.ascii	"ch_threads_list\000"
 2047      68726561 
 2047      64735F6C 
 2047      69737400 
 2048              	.LASF9:
 2049 048c 6C6F6E67 		.ascii	"long unsigned int\000"
 2049      20756E73 
 2049      69676E65 
 2049      6420696E 
 2049      7400
 2050              	.LASF106:
 2051 049e 63686172 		.ascii	"char\000"
 2051      00
 2052              	.LASF124:
 2053 04a3 474E5520 		.ascii	"GNU C99 5.2.1 20151202 (release) [ARM/embedded-5-br"
 2053      43393920 
 2053      352E322E 
 2053      31203230 
 2053      31353132 
 2054 04d6 616E6368 		.ascii	"anch revision 231848] -mcpu=cortex-m4 -mfloat-abi=h"
 2054      20726576 
 2054      6973696F 
 2054      6E203233 
 2054      31383438 
 2055 0509 61726420 		.ascii	"ard -mfpu=fpv4-sp-d16 -mno-thumb-interwork -mthumb "
 2055      2D6D6670 
 2055      753D6670 
 2055      76342D73 
 2055      702D6431 
 2056 053c 2D676764 		.ascii	"-ggdb -O2 -std=c99 -fomit-frame-pointer -falign-fun"
ARM GAS  /var/folders/m4/4md61f0s1_g0rzfghffqnxvr0000gn/T//ccorkuzE.s 			page 41


 2056      62202D4F 
 2056      32202D73 
 2056      74643D63 
 2056      3939202D 
 2057 056f 6374696F 		.ascii	"ctions=16 -ffunction-sections -fdata-sections -fno-"
 2057      6E733D31 
 2057      36202D66 
 2057      66756E63 
 2057      74696F6E 
 2058 05a2 636F6D6D 		.ascii	"common\000"
 2058      6F6E00
 2059              	.LASF112:
 2060 05a9 706F7274 		.ascii	"port_unlock_from_isr\000"
 2060      5F756E6C 
 2060      6F636B5F 
 2060      66726F6D 
 2060      5F697372 
 2061              	.LASF27:
 2062 05be 74687265 		.ascii	"thread_t\000"
 2062      61645F74 
 2062      00
 2063              	.LASF105:
 2064 05c7 6D5F6E65 		.ascii	"m_next\000"
 2064      787400
 2065              	.LASF26:
 2066 05ce 73797374 		.ascii	"systime_t\000"
 2066      696D655F 
 2066      7400
 2067              	.LASF121:
 2068 05d8 63685379 		.ascii	"chSysTimerHandlerI\000"
 2068      7354696D 
 2068      65724861 
 2068      6E646C65 
 2068      724900
 2069              	.LASF61:
 2070 05eb 76746675 		.ascii	"vtfunc_t\000"
 2070      6E635F74 
 2070      00
 2071              	.LASF8:
 2072 05f4 5F5F7569 		.ascii	"__uint32_t\000"
 2072      6E743332 
 2072      5F7400
 2073              	.LASF127:
 2074 05ff 5F5F7365 		.ascii	"__set_BASEPRI\000"
 2074      745F4241 
 2074      53455052 
 2074      4900
 2075              	.LASF74:
 2076 060d 70616E69 		.ascii	"panic_msg\000"
 2076      635F6D73 
 2076      6700
 2077              	.LASF90:
 2078 0617 6F666673 		.ascii	"offset\000"
 2078      657400
 2079              	.LASF88:
 2080 061e 636F6E74 		.ascii	"context\000"
 2080      65787400 
ARM GAS  /var/folders/m4/4md61f0s1_g0rzfghffqnxvr0000gn/T//ccorkuzE.s 			page 42


 2081              	.LASF118:
 2082 0626 53797354 		.ascii	"SysTick_Handler\000"
 2082      69636B5F 
 2082      48616E64 
 2082      6C657200 
 2083              	.LASF75:
 2084 0636 63685F73 		.ascii	"ch_system_t\000"
 2084      79737465 
 2084      6D5F7400 
 2085              	.LASF17:
 2086 0642 7274636E 		.ascii	"rtcnt_t\000"
 2086      745F7400 
 2087              	.LASF111:
 2088 064a 706F7274 		.ascii	"port_lock_from_isr\000"
 2088      5F6C6F63 
 2088      6B5F6672 
 2088      6F6D5F69 
 2088      737200
 2089              	.LASF82:
 2090 065d 4354524C 		.ascii	"CTRL\000"
 2090      00
 2091              	.LASF68:
 2092 0662 76745F70 		.ascii	"vt_par\000"
 2092      617200
 2093              	.LASF51:
 2094 0669 74687265 		.ascii	"threads_queue_t\000"
 2094      6164735F 
 2094      71756575 
 2094      655F7400 
 2095              	.LASF102:
 2096 0679 63685F6D 		.ascii	"ch_mutex\000"
 2096      75746578 
 2096      00
 2097              	.LASF37:
 2098 0682 705F7265 		.ascii	"p_refs\000"
 2098      667300
 2099              	.LASF77:
 2100 0689 726C6973 		.ascii	"rlist\000"
 2100      7400
 2101              	.LASF13:
 2102 068f 75696E74 		.ascii	"uint8_t\000"
 2102      385F7400 
 2103              	.LASF113:
 2104 0697 63685379 		.ascii	"chSysLockFromISR\000"
 2104      734C6F63 
 2104      6B46726F 
 2104      6D495352 
 2104      00
 2105              	.LASF34:
 2106 06a8 705F6E61 		.ascii	"p_name\000"
 2106      6D6500
 2107              	.LASF71:
 2108 06af 76745F73 		.ascii	"vt_systime\000"
 2108      79737469 
 2108      6D6500
 2109              	.LASF42:
 2110 06ba 705F6D73 		.ascii	"p_msg\000"
ARM GAS  /var/folders/m4/4md61f0s1_g0rzfghffqnxvr0000gn/T//ccorkuzE.s 			page 43


 2110      6700
 2111              	.LASF104:
 2112 06c0 6D5F6F77 		.ascii	"m_owner\000"
 2112      6E657200 
 2113              	.LASF31:
 2114 06c8 705F6374 		.ascii	"p_ctx\000"
 2114      7800
 2115              	.LASF67:
 2116 06ce 76745F66 		.ascii	"vt_func\000"
 2116      756E6300 
 2117              		.ident	"GCC: (GNU Tools for ARM Embedded Processors) 5.2.1 20151202 (release) [ARM/embedded-5-bran
ARM GAS  /var/folders/m4/4md61f0s1_g0rzfghffqnxvr0000gn/T//ccorkuzE.s 			page 44


DEFINED SYMBOLS
                            *ABS*:0000000000000000 st_lld.c
/var/folders/m4/4md61f0s1_g0rzfghffqnxvr0000gn/T//ccorkuzE.s:22     .text.SysTick_Handler:0000000000000000 $t
/var/folders/m4/4md61f0s1_g0rzfghffqnxvr0000gn/T//ccorkuzE.s:28     .text.SysTick_Handler:0000000000000000 SysTick_Handler
/var/folders/m4/4md61f0s1_g0rzfghffqnxvr0000gn/T//ccorkuzE.s:103    .text.st_lld_init:0000000000000000 $t
/var/folders/m4/4md61f0s1_g0rzfghffqnxvr0000gn/T//ccorkuzE.s:109    .text.st_lld_init:0000000000000000 st_lld_init
/var/folders/m4/4md61f0s1_g0rzfghffqnxvr0000gn/T//ccorkuzE.s:138    .text.st_lld_init:0000000000000018 $d
                     .debug_frame:0000000000000010 $d

UNDEFINED SYMBOLS
chSysTimerHandlerI
_port_irq_epilogue
nvicSetSystemHandlerPriority
