ARM GAS  /var/folders/m4/4md61f0s1_g0rzfghffqnxvr0000gn/T//ccIL3fXa.s 			page 1


   1              		.syntax unified
   2              		.cpu cortex-m4
   3              		.eabi_attribute 27, 1
   4              		.eabi_attribute 28, 1
   5              		.fpu fpv4-sp-d16
   6              		.eabi_attribute 20, 1
   7              		.eabi_attribute 21, 1
   8              		.eabi_attribute 23, 3
   9              		.eabi_attribute 24, 1
  10              		.eabi_attribute 25, 1
  11              		.eabi_attribute 26, 1
  12              		.eabi_attribute 30, 2
  13              		.eabi_attribute 34, 1
  14              		.eabi_attribute 18, 4
  15              		.thumb
  16              		.syntax unified
  17              		.file	"stm32f4xx_syscfg.c"
  18              		.text
  19              	.Ltext0:
  20              		.cfi_sections	.debug_frame
  21              		.section	.text.SYSCFG_DeInit,"ax",%progbits
  22              		.align	2
  23              		.p2align 4,,15
  24              		.global	SYSCFG_DeInit
  25              		.thumb
  26              		.thumb_func
  27              		.type	SYSCFG_DeInit, %function
  28              	SYSCFG_DeInit:
  29              	.LFB123:
  30              		.file 1 "ChibiOS_16.1.4/ext/stdperiph_stm32f4/src/stm32f4xx_syscfg.c"
  31              		.loc 1 100 0
  32              		.cfi_startproc
  33              		@ args = 0, pretend = 0, frame = 0
  34              		@ frame_needed = 0, uses_anonymous_args = 0
  35 0000 08B5     		push	{r3, lr}
  36              		.cfi_def_cfa_offset 8
  37              		.cfi_offset 3, -8
  38              		.cfi_offset 14, -4
  39              		.loc 1 101 0
  40 0002 0121     		movs	r1, #1
  41 0004 4FF48040 		mov	r0, #16384
  42 0008 FFF7FEFF 		bl	RCC_APB2PeriphResetCmd
  43              	.LVL0:
  44              		.loc 1 102 0
  45 000c 0021     		movs	r1, #0
  46 000e 4FF48040 		mov	r0, #16384
  47              		.loc 1 103 0
  48 0012 BDE80840 		pop	{r3, lr}
  49              		.cfi_restore 14
  50              		.cfi_restore 3
  51              		.cfi_def_cfa_offset 0
  52              		.loc 1 102 0
  53 0016 FFF7FEBF 		b	RCC_APB2PeriphResetCmd
  54              	.LVL1:
  55              		.cfi_endproc
  56              	.LFE123:
  57              		.size	SYSCFG_DeInit, .-SYSCFG_DeInit
ARM GAS  /var/folders/m4/4md61f0s1_g0rzfghffqnxvr0000gn/T//ccIL3fXa.s 			page 2


  58 001a 00BF     		.section	.text.SYSCFG_MemoryRemapConfig,"ax",%progbits
  59              		.align	2
  60              		.p2align 4,,15
  61              		.global	SYSCFG_MemoryRemapConfig
  62              		.thumb
  63              		.thumb_func
  64              		.type	SYSCFG_MemoryRemapConfig, %function
  65              	SYSCFG_MemoryRemapConfig:
  66              	.LFB124:
  67              		.loc 1 119 0
  68              		.cfi_startproc
  69              		@ args = 0, pretend = 0, frame = 0
  70              		@ frame_needed = 0, uses_anonymous_args = 0
  71              	.LVL2:
  72 0000 10B5     		push	{r4, lr}
  73              		.cfi_def_cfa_offset 8
  74              		.cfi_offset 4, -8
  75              		.cfi_offset 14, -4
  76              		.loc 1 119 0
  77 0002 0446     		mov	r4, r0
  78              		.loc 1 121 0
  79 0004 FFF7FEFF 		bl	IS_SYSCFG_MEMORY_REMAP_CONFING
  80              	.LVL3:
  81 0008 FFF7FEFF 		bl	assert_param
  82              	.LVL4:
  83              		.loc 1 123 0
  84 000c 014B     		ldr	r3, .L5
  85 000e 1C60     		str	r4, [r3]
  86 0010 10BD     		pop	{r4, pc}
  87              	.L6:
  88 0012 00BF     		.align	2
  89              	.L5:
  90 0014 00380140 		.word	1073821696
  91              		.cfi_endproc
  92              	.LFE124:
  93              		.size	SYSCFG_MemoryRemapConfig, .-SYSCFG_MemoryRemapConfig
  94              		.section	.text.SYSCFG_MemorySwappingBank,"ax",%progbits
  95              		.align	2
  96              		.p2align 4,,15
  97              		.global	SYSCFG_MemorySwappingBank
  98              		.thumb
  99              		.thumb_func
 100              		.type	SYSCFG_MemorySwappingBank, %function
 101              	SYSCFG_MemorySwappingBank:
 102              	.LFB125:
 103              		.loc 1 140 0
 104              		.cfi_startproc
 105              		@ args = 0, pretend = 0, frame = 0
 106              		@ frame_needed = 0, uses_anonymous_args = 0
 107              	.LVL5:
 108 0000 10B5     		push	{r4, lr}
 109              		.cfi_def_cfa_offset 8
 110              		.cfi_offset 4, -8
 111              		.cfi_offset 14, -4
 112              		.loc 1 142 0
 113 0002 0128     		cmp	r0, #1
 114              		.loc 1 140 0
ARM GAS  /var/folders/m4/4md61f0s1_g0rzfghffqnxvr0000gn/T//ccIL3fXa.s 			page 3


 115 0004 0446     		mov	r4, r0
 116              		.loc 1 142 0
 117 0006 8CBF     		ite	hi
 118 0008 0020     		movhi	r0, #0
 119              	.LVL6:
 120 000a 0120     		movls	r0, #1
 121 000c FFF7FEFF 		bl	assert_param
 122              	.LVL7:
 123              		.loc 1 144 0
 124 0010 014B     		ldr	r3, .L9
 125 0012 1C60     		str	r4, [r3]
 126 0014 10BD     		pop	{r4, pc}
 127              	.L10:
 128 0016 00BF     		.align	2
 129              	.L9:
 130 0018 20002742 		.word	1109852192
 131              		.cfi_endproc
 132              	.LFE125:
 133              		.size	SYSCFG_MemorySwappingBank, .-SYSCFG_MemorySwappingBank
 134              		.section	.text.SYSCFG_EXTILineConfig,"ax",%progbits
 135              		.align	2
 136              		.p2align 4,,15
 137              		.global	SYSCFG_EXTILineConfig
 138              		.thumb
 139              		.thumb_func
 140              		.type	SYSCFG_EXTILineConfig, %function
 141              	SYSCFG_EXTILineConfig:
 142              	.LFB126:
 143              		.loc 1 163 0
 144              		.cfi_startproc
 145              		@ args = 0, pretend = 0, frame = 0
 146              		@ frame_needed = 0, uses_anonymous_args = 0
 147              	.LVL8:
 148              		.loc 1 167 0
 149 0000 0A28     		cmp	r0, #10
 150              		.loc 1 163 0
 151 0002 38B5     		push	{r3, r4, r5, lr}
 152              		.cfi_def_cfa_offset 16
 153              		.cfi_offset 3, -16
 154              		.cfi_offset 4, -12
 155              		.cfi_offset 5, -8
 156              		.cfi_offset 14, -4
 157              		.loc 1 163 0
 158 0004 0C46     		mov	r4, r1
 159 0006 0546     		mov	r5, r0
 160              		.loc 1 167 0
 161 0008 8CBF     		ite	hi
 162 000a 0020     		movhi	r0, #0
 163              	.LVL9:
 164 000c 0120     		movls	r0, #1
 165 000e FFF7FEFF 		bl	assert_param
 166              	.LVL10:
 167              		.loc 1 168 0
 168 0012 0F2C     		cmp	r4, #15
 169 0014 8CBF     		ite	hi
 170 0016 0020     		movhi	r0, #0
 171 0018 0120     		movls	r0, #1
ARM GAS  /var/folders/m4/4md61f0s1_g0rzfghffqnxvr0000gn/T//ccIL3fXa.s 			page 4


 172 001a FFF7FEFF 		bl	assert_param
 173              	.LVL11:
 174 001e 04F0FC03 		and	r3, r4, #252
 175 0022 03F18043 		add	r3, r3, #1073741824
 176 0026 03F59C33 		add	r3, r3, #79872
 177              		.loc 1 170 0
 178 002a 04F00304 		and	r4, r4, #3
 179              		.loc 1 171 0
 180 002e 9968     		ldr	r1, [r3, #8]
 181              		.loc 1 170 0
 182 0030 A400     		lsls	r4, r4, #2
 183              	.LVL12:
 184              		.loc 1 171 0
 185 0032 0F22     		movs	r2, #15
 186 0034 A240     		lsls	r2, r2, r4
 187              	.LVL13:
 188 0036 21EA0202 		bic	r2, r1, r2
 189              	.LVL14:
 190 003a 9A60     		str	r2, [r3, #8]
 191              		.loc 1 172 0
 192 003c 9A68     		ldr	r2, [r3, #8]
 193 003e 05FA04F4 		lsl	r4, r5, r4
 194              	.LVL15:
 195 0042 1443     		orrs	r4, r4, r2
 196 0044 9C60     		str	r4, [r3, #8]
 197 0046 38BD     		pop	{r3, r4, r5, pc}
 198              		.cfi_endproc
 199              	.LFE126:
 200              		.size	SYSCFG_EXTILineConfig, .-SYSCFG_EXTILineConfig
 201              		.section	.text.SYSCFG_ETH_MediaInterfaceConfig,"ax",%progbits
 202              		.align	2
 203              		.p2align 4,,15
 204              		.global	SYSCFG_ETH_MediaInterfaceConfig
 205              		.thumb
 206              		.thumb_func
 207              		.type	SYSCFG_ETH_MediaInterfaceConfig, %function
 208              	SYSCFG_ETH_MediaInterfaceConfig:
 209              	.LFB127:
 210              		.loc 1 184 0
 211              		.cfi_startproc
 212              		@ args = 0, pretend = 0, frame = 0
 213              		@ frame_needed = 0, uses_anonymous_args = 0
 214              	.LVL16:
 215 0000 10B5     		push	{r4, lr}
 216              		.cfi_def_cfa_offset 8
 217              		.cfi_offset 4, -8
 218              		.cfi_offset 14, -4
 219              		.loc 1 185 0
 220 0002 0128     		cmp	r0, #1
 221              		.loc 1 184 0
 222 0004 0446     		mov	r4, r0
 223              		.loc 1 185 0
 224 0006 8CBF     		ite	hi
 225 0008 0020     		movhi	r0, #0
 226              	.LVL17:
 227 000a 0120     		movls	r0, #1
 228 000c FFF7FEFF 		bl	assert_param
ARM GAS  /var/folders/m4/4md61f0s1_g0rzfghffqnxvr0000gn/T//ccIL3fXa.s 			page 5


 229              	.LVL18:
 230              		.loc 1 187 0
 231 0010 014B     		ldr	r3, .L15
 232 0012 1C60     		str	r4, [r3]
 233 0014 10BD     		pop	{r4, pc}
 234              	.LVL19:
 235              	.L16:
 236 0016 00BF     		.align	2
 237              	.L15:
 238 0018 DC002742 		.word	1109852380
 239              		.cfi_endproc
 240              	.LFE127:
 241              		.size	SYSCFG_ETH_MediaInterfaceConfig, .-SYSCFG_ETH_MediaInterfaceConfig
 242              		.section	.text.SYSCFG_CompensationCellCmd,"ax",%progbits
 243              		.align	2
 244              		.p2align 4,,15
 245              		.global	SYSCFG_CompensationCellCmd
 246              		.thumb
 247              		.thumb_func
 248              		.type	SYSCFG_CompensationCellCmd, %function
 249              	SYSCFG_CompensationCellCmd:
 250              	.LFB128:
 251              		.loc 1 201 0
 252              		.cfi_startproc
 253              		@ args = 0, pretend = 0, frame = 0
 254              		@ frame_needed = 0, uses_anonymous_args = 0
 255              	.LVL20:
 256 0000 10B5     		push	{r4, lr}
 257              		.cfi_def_cfa_offset 8
 258              		.cfi_offset 4, -8
 259              		.cfi_offset 14, -4
 260              		.loc 1 203 0
 261 0002 0128     		cmp	r0, #1
 262              		.loc 1 201 0
 263 0004 0446     		mov	r4, r0
 264              		.loc 1 203 0
 265 0006 8CBF     		ite	hi
 266 0008 0020     		movhi	r0, #0
 267              	.LVL21:
 268 000a 0120     		movls	r0, #1
 269 000c FFF7FEFF 		bl	assert_param
 270              	.LVL22:
 271              		.loc 1 205 0
 272 0010 014B     		ldr	r3, .L19
 273 0012 1C60     		str	r4, [r3]
 274 0014 10BD     		pop	{r4, pc}
 275              	.L20:
 276 0016 00BF     		.align	2
 277              	.L19:
 278 0018 00042742 		.word	1109853184
 279              		.cfi_endproc
 280              	.LFE128:
 281              		.size	SYSCFG_CompensationCellCmd, .-SYSCFG_CompensationCellCmd
 282              		.section	.text.SYSCFG_GetCompensationCellStatus,"ax",%progbits
 283              		.align	2
 284              		.p2align 4,,15
 285              		.global	SYSCFG_GetCompensationCellStatus
ARM GAS  /var/folders/m4/4md61f0s1_g0rzfghffqnxvr0000gn/T//ccIL3fXa.s 			page 6


 286              		.thumb
 287              		.thumb_func
 288              		.type	SYSCFG_GetCompensationCellStatus, %function
 289              	SYSCFG_GetCompensationCellStatus:
 290              	.LFB129:
 291              		.loc 1 214 0
 292              		.cfi_startproc
 293              		@ args = 0, pretend = 0, frame = 0
 294              		@ frame_needed = 0, uses_anonymous_args = 0
 295              		@ link register save eliminated.
 296              	.LVL23:
 297              		.loc 1 217 0
 298 0000 024B     		ldr	r3, .L22
 299 0002 186A     		ldr	r0, [r3, #32]
 300              	.LVL24:
 301              		.loc 1 226 0
 302 0004 C0F30020 		ubfx	r0, r0, #8, #1
 303              	.LVL25:
 304 0008 7047     		bx	lr
 305              	.L23:
 306 000a 00BF     		.align	2
 307              	.L22:
 308 000c 00380140 		.word	1073821696
 309              		.cfi_endproc
 310              	.LFE129:
 311              		.size	SYSCFG_GetCompensationCellStatus, .-SYSCFG_GetCompensationCellStatus
 312              		.text
 313              	.Letext0:
 314              		.file 2 "/opt/homebrew-cask/Caskroom/gcc-arm-embedded/5_2-2015q4,20151219/gcc-arm-none-eabi-5_2-20
 315              		.file 3 "/opt/homebrew-cask/Caskroom/gcc-arm-embedded/5_2-2015q4,20151219/gcc-arm-none-eabi-5_2-20
 316              		.file 4 "ChibiOS_16.1.4/os/ext/CMSIS/ST/STM32F4xx/stm32f405xx.h"
 317              		.file 5 "ChibiOS_16.1.4/os/ext/CMSIS/ST/STM32F4xx/stm32f4xx.h"
 318              		.file 6 "ChibiOS_16.1.4/ext/stdperiph_stm32f4/inc/stm32f4xx_rcc.h"
 319              		.file 7 "ChibiOS_16.1.4/os/ext/CMSIS/include/core_cm4.h"
 320              		.section	.debug_info,"",%progbits
 321              	.Ldebug_info0:
 322 0000 53040000 		.4byte	0x453
 323 0004 0400     		.2byte	0x4
 324 0006 00000000 		.4byte	.Ldebug_abbrev0
 325 000a 04       		.byte	0x4
 326 000b 01       		.uleb128 0x1
 327 000c 23000000 		.4byte	.LASF41
 328 0010 0C       		.byte	0xc
 329 0011 3F030000 		.4byte	.LASF42
 330 0015 12020000 		.4byte	.LASF43
 331 0019 00000000 		.4byte	.Ldebug_ranges0+0
 332 001d 00000000 		.4byte	0
 333 0021 00000000 		.4byte	.Ldebug_line0
 334 0025 02       		.uleb128 0x2
 335 0026 01       		.byte	0x1
 336 0027 06       		.byte	0x6
 337 0028 00000000 		.4byte	.LASF0
 338 002c 03       		.uleb128 0x3
 339 002d 0C000000 		.4byte	.LASF4
 340 0031 02       		.byte	0x2
 341 0032 1D       		.byte	0x1d
 342 0033 37000000 		.4byte	0x37
ARM GAS  /var/folders/m4/4md61f0s1_g0rzfghffqnxvr0000gn/T//ccIL3fXa.s 			page 7


 343 0037 02       		.uleb128 0x2
 344 0038 01       		.byte	0x1
 345 0039 08       		.byte	0x8
 346 003a 04020000 		.4byte	.LASF1
 347 003e 02       		.uleb128 0x2
 348 003f 02       		.byte	0x2
 349 0040 05       		.byte	0x5
 350 0041 8E030000 		.4byte	.LASF2
 351 0045 02       		.uleb128 0x2
 352 0046 02       		.byte	0x2
 353 0047 07       		.byte	0x7
 354 0048 6A010000 		.4byte	.LASF3
 355 004c 03       		.uleb128 0x3
 356 004d 45010000 		.4byte	.LASF5
 357 0051 02       		.byte	0x2
 358 0052 3F       		.byte	0x3f
 359 0053 57000000 		.4byte	0x57
 360 0057 02       		.uleb128 0x2
 361 0058 04       		.byte	0x4
 362 0059 05       		.byte	0x5
 363 005a CE030000 		.4byte	.LASF6
 364 005e 03       		.uleb128 0x3
 365 005f D6010000 		.4byte	.LASF7
 366 0063 02       		.byte	0x2
 367 0064 41       		.byte	0x41
 368 0065 69000000 		.4byte	0x69
 369 0069 02       		.uleb128 0x2
 370 006a 04       		.byte	0x4
 371 006b 07       		.byte	0x7
 372 006c 52020000 		.4byte	.LASF8
 373 0070 02       		.uleb128 0x2
 374 0071 08       		.byte	0x8
 375 0072 05       		.byte	0x5
 376 0073 31030000 		.4byte	.LASF9
 377 0077 02       		.uleb128 0x2
 378 0078 08       		.byte	0x8
 379 0079 07       		.byte	0x7
 380 007a E1020000 		.4byte	.LASF10
 381 007e 04       		.uleb128 0x4
 382 007f 04       		.byte	0x4
 383 0080 05       		.byte	0x5
 384 0081 696E7400 		.ascii	"int\000"
 385 0085 02       		.uleb128 0x2
 386 0086 04       		.byte	0x4
 387 0087 07       		.byte	0x7
 388 0088 AF020000 		.4byte	.LASF11
 389 008c 03       		.uleb128 0x3
 390 008d F8020000 		.4byte	.LASF12
 391 0091 03       		.byte	0x3
 392 0092 14       		.byte	0x14
 393 0093 2C000000 		.4byte	0x2c
 394 0097 03       		.uleb128 0x3
 395 0098 20030000 		.4byte	.LASF13
 396 009c 03       		.byte	0x3
 397 009d 1F       		.byte	0x1f
 398 009e 4C000000 		.4byte	0x4c
 399 00a2 03       		.uleb128 0x3
ARM GAS  /var/folders/m4/4md61f0s1_g0rzfghffqnxvr0000gn/T//ccIL3fXa.s 			page 8


 400 00a3 C5030000 		.4byte	.LASF14
 401 00a7 03       		.byte	0x3
 402 00a8 20       		.byte	0x20
 403 00a9 5E000000 		.4byte	0x5e
 404 00ad 02       		.uleb128 0x2
 405 00ae 04       		.byte	0x4
 406 00af 07       		.byte	0x7
 407 00b0 28030000 		.4byte	.LASF15
 408 00b4 05       		.uleb128 0x5
 409 00b5 A2000000 		.4byte	0xa2
 410 00b9 06       		.uleb128 0x6
 411 00ba A2000000 		.4byte	0xa2
 412 00be C9000000 		.4byte	0xc9
 413 00c2 07       		.uleb128 0x7
 414 00c3 AD000000 		.4byte	0xad
 415 00c7 01       		.byte	0x1
 416 00c8 00       		.byte	0
 417 00c9 06       		.uleb128 0x6
 418 00ca A2000000 		.4byte	0xa2
 419 00ce D9000000 		.4byte	0xd9
 420 00d2 07       		.uleb128 0x7
 421 00d3 AD000000 		.4byte	0xad
 422 00d7 03       		.byte	0x3
 423 00d8 00       		.byte	0
 424 00d9 08       		.uleb128 0x8
 425 00da 24       		.byte	0x24
 426 00db 04       		.byte	0x4
 427 00dc D201     		.2byte	0x1d2
 428 00de 24010000 		.4byte	0x124
 429 00e2 09       		.uleb128 0x9
 430 00e3 64020000 		.4byte	.LASF16
 431 00e7 04       		.byte	0x4
 432 00e8 D401     		.2byte	0x1d4
 433 00ea B4000000 		.4byte	0xb4
 434 00ee 00       		.byte	0
 435 00ef 0A       		.uleb128 0xa
 436 00f0 504D4300 		.ascii	"PMC\000"
 437 00f4 04       		.byte	0x4
 438 00f5 D501     		.2byte	0x1d5
 439 00f7 B4000000 		.4byte	0xb4
 440 00fb 04       		.byte	0x4
 441 00fc 09       		.uleb128 0x9
 442 00fd A8020000 		.4byte	.LASF17
 443 0101 04       		.byte	0x4
 444 0102 D601     		.2byte	0x1d6
 445 0104 24010000 		.4byte	0x124
 446 0108 08       		.byte	0x8
 447 0109 09       		.uleb128 0x9
 448 010a 9F020000 		.4byte	.LASF18
 449 010e 04       		.byte	0x4
 450 010f D701     		.2byte	0x1d7
 451 0111 B9000000 		.4byte	0xb9
 452 0115 18       		.byte	0x18
 453 0116 09       		.uleb128 0x9
 454 0117 FE010000 		.4byte	.LASF19
 455 011b 04       		.byte	0x4
 456 011c D801     		.2byte	0x1d8
ARM GAS  /var/folders/m4/4md61f0s1_g0rzfghffqnxvr0000gn/T//ccIL3fXa.s 			page 9


 457 011e B4000000 		.4byte	0xb4
 458 0122 20       		.byte	0x20
 459 0123 00       		.byte	0
 460 0124 05       		.uleb128 0x5
 461 0125 C9000000 		.4byte	0xc9
 462 0129 0B       		.uleb128 0xb
 463 012a A1030000 		.4byte	.LASF20
 464 012e 04       		.byte	0x4
 465 012f D901     		.2byte	0x1d9
 466 0131 D9000000 		.4byte	0xd9
 467 0135 0C       		.uleb128 0xc
 468 0136 01       		.byte	0x1
 469 0137 37000000 		.4byte	0x37
 470 013b 05       		.byte	0x5
 471 013c B8       		.byte	0xb8
 472 013d 4E010000 		.4byte	0x14e
 473 0141 0D       		.uleb128 0xd
 474 0142 DB020000 		.4byte	.LASF21
 475 0146 00       		.byte	0
 476 0147 0E       		.uleb128 0xe
 477 0148 53455400 		.ascii	"SET\000"
 478 014c 01       		.byte	0x1
 479 014d 00       		.byte	0
 480 014e 03       		.uleb128 0x3
 481 014f 47020000 		.4byte	.LASF22
 482 0153 05       		.byte	0x5
 483 0154 BB       		.byte	0xbb
 484 0155 35010000 		.4byte	0x135
 485 0159 0C       		.uleb128 0xc
 486 015a 01       		.byte	0x1
 487 015b 37000000 		.4byte	0x37
 488 015f 05       		.byte	0x5
 489 0160 BE       		.byte	0xbe
 490 0161 72010000 		.4byte	0x172
 491 0165 0D       		.uleb128 0xd
 492 0166 D7030000 		.4byte	.LASF23
 493 016a 00       		.byte	0
 494 016b 0D       		.uleb128 0xd
 495 016c E1010000 		.4byte	.LASF24
 496 0170 01       		.byte	0x1
 497 0171 00       		.byte	0
 498 0172 03       		.uleb128 0x3
 499 0173 9E010000 		.4byte	.LASF25
 500 0177 05       		.byte	0x5
 501 0178 C1       		.byte	0xc1
 502 0179 59010000 		.4byte	0x159
 503 017d 0F       		.uleb128 0xf
 504 017e AE010000 		.4byte	.LASF26
 505 0182 01       		.byte	0x1
 506 0183 63       		.byte	0x63
 507 0184 00000000 		.4byte	.LFB123
 508 0188 1A000000 		.4byte	.LFE123-.LFB123
 509 018c 01       		.uleb128 0x1
 510 018d 9C       		.byte	0x9c
 511 018e C3010000 		.4byte	0x1c3
 512 0192 10       		.uleb128 0x10
 513 0193 0C000000 		.4byte	.LVL0
ARM GAS  /var/folders/m4/4md61f0s1_g0rzfghffqnxvr0000gn/T//ccIL3fXa.s 			page 10


 514 0197 34040000 		.4byte	0x434
 515 019b AC010000 		.4byte	0x1ac
 516 019f 11       		.uleb128 0x11
 517 01a0 01       		.uleb128 0x1
 518 01a1 50       		.byte	0x50
 519 01a2 03       		.uleb128 0x3
 520 01a3 0A       		.byte	0xa
 521 01a4 0040     		.2byte	0x4000
 522 01a6 11       		.uleb128 0x11
 523 01a7 01       		.uleb128 0x1
 524 01a8 51       		.byte	0x51
 525 01a9 01       		.uleb128 0x1
 526 01aa 31       		.byte	0x31
 527 01ab 00       		.byte	0
 528 01ac 12       		.uleb128 0x12
 529 01ad 1A000000 		.4byte	.LVL1
 530 01b1 34040000 		.4byte	0x434
 531 01b5 11       		.uleb128 0x11
 532 01b6 01       		.uleb128 0x1
 533 01b7 50       		.byte	0x50
 534 01b8 03       		.uleb128 0x3
 535 01b9 0A       		.byte	0xa
 536 01ba 0040     		.2byte	0x4000
 537 01bc 11       		.uleb128 0x11
 538 01bd 01       		.uleb128 0x1
 539 01be 51       		.byte	0x51
 540 01bf 01       		.uleb128 0x1
 541 01c0 30       		.byte	0x30
 542 01c1 00       		.byte	0
 543 01c2 00       		.byte	0
 544 01c3 0F       		.uleb128 0xf
 545 01c4 03040000 		.4byte	.LASF27
 546 01c8 01       		.byte	0x1
 547 01c9 76       		.byte	0x76
 548 01ca 00000000 		.4byte	.LFB124
 549 01ce 18000000 		.4byte	.LFE124-.LFB124
 550 01d2 01       		.uleb128 0x1
 551 01d3 9C       		.byte	0x9c
 552 01d4 27020000 		.4byte	0x227
 553 01d8 13       		.uleb128 0x13
 554 01d9 7B030000 		.4byte	.LASF31
 555 01dd 01       		.byte	0x1
 556 01de 76       		.byte	0x76
 557 01df 8C000000 		.4byte	0x8c
 558 01e3 00000000 		.4byte	.LLST0
 559 01e7 14       		.uleb128 0x14
 560 01e8 16000000 		.4byte	.LASF28
 561 01ec 01       		.byte	0x1
 562 01ed 79       		.byte	0x79
 563 01ee 7E000000 		.4byte	0x7e
 564 01f2 F8010000 		.4byte	0x1f8
 565 01f6 15       		.uleb128 0x15
 566 01f7 00       		.byte	0
 567 01f8 14       		.uleb128 0x14
 568 01f9 BC020000 		.4byte	.LASF29
 569 01fd 01       		.byte	0x1
 570 01fe 79       		.byte	0x79
ARM GAS  /var/folders/m4/4md61f0s1_g0rzfghffqnxvr0000gn/T//ccIL3fXa.s 			page 11


 571 01ff 7E000000 		.4byte	0x7e
 572 0203 09020000 		.4byte	0x209
 573 0207 15       		.uleb128 0x15
 574 0208 00       		.byte	0
 575 0209 10       		.uleb128 0x10
 576 020a 08000000 		.4byte	.LVL3
 577 020e 40040000 		.4byte	0x440
 578 0212 1D020000 		.4byte	0x21d
 579 0216 11       		.uleb128 0x11
 580 0217 01       		.uleb128 0x1
 581 0218 50       		.byte	0x50
 582 0219 02       		.uleb128 0x2
 583 021a 74       		.byte	0x74
 584 021b 00       		.sleb128 0
 585 021c 00       		.byte	0
 586 021d 16       		.uleb128 0x16
 587 021e 0C000000 		.4byte	.LVL4
 588 0222 4B040000 		.4byte	0x44b
 589 0226 00       		.byte	0
 590 0227 0F       		.uleb128 0xf
 591 0228 E9030000 		.4byte	.LASF30
 592 022c 01       		.byte	0x1
 593 022d 8B       		.byte	0x8b
 594 022e 00000000 		.4byte	.LFB125
 595 0232 1C000000 		.4byte	.LFE125-.LFB125
 596 0236 01       		.uleb128 0x1
 597 0237 9C       		.byte	0x9c
 598 0238 91020000 		.4byte	0x291
 599 023c 13       		.uleb128 0x13
 600 023d 98030000 		.4byte	.LASF32
 601 0241 01       		.byte	0x1
 602 0242 8B       		.byte	0x8b
 603 0243 72010000 		.4byte	0x172
 604 0247 21000000 		.4byte	.LLST1
 605 024b 14       		.uleb128 0x14
 606 024c 16000000 		.4byte	.LASF28
 607 0250 01       		.byte	0x1
 608 0251 79       		.byte	0x79
 609 0252 7E000000 		.4byte	0x7e
 610 0256 5C020000 		.4byte	0x25c
 611 025a 15       		.uleb128 0x15
 612 025b 00       		.byte	0
 613 025c 17       		.uleb128 0x17
 614 025d 10000000 		.4byte	.LVL7
 615 0261 4B040000 		.4byte	0x44b
 616 0265 11       		.uleb128 0x11
 617 0266 01       		.uleb128 0x1
 618 0267 50       		.byte	0x50
 619 0268 26       		.uleb128 0x26
 620 0269 31       		.byte	0x31
 621 026a 30       		.byte	0x30
 622 026b 74       		.byte	0x74
 623 026c 00       		.sleb128 0
 624 026d 74       		.byte	0x74
 625 026e 00       		.sleb128 0
 626 026f 40       		.byte	0x40
 627 0270 4B       		.byte	0x4b
ARM GAS  /var/folders/m4/4md61f0s1_g0rzfghffqnxvr0000gn/T//ccIL3fXa.s 			page 12


 628 0271 24       		.byte	0x24
 629 0272 22       		.byte	0x22
 630 0273 0C       		.byte	0xc
 631 0274 01000080 		.4byte	0x80000001
 632 0278 2B       		.byte	0x2b
 633 0279 28       		.byte	0x28
 634 027a 0100     		.2byte	0x1
 635 027c 16       		.byte	0x16
 636 027d 13       		.byte	0x13
 637 027e 74       		.byte	0x74
 638 027f 00       		.sleb128 0
 639 0280 40       		.byte	0x40
 640 0281 4B       		.byte	0x4b
 641 0282 24       		.byte	0x24
 642 0283 22       		.byte	0x22
 643 0284 0C       		.byte	0xc
 644 0285 01000080 		.4byte	0x80000001
 645 0289 2C       		.byte	0x2c
 646 028a 28       		.byte	0x28
 647 028b 0100     		.2byte	0x1
 648 028d 16       		.byte	0x16
 649 028e 13       		.byte	0x13
 650 028f 00       		.byte	0
 651 0290 00       		.byte	0
 652 0291 0F       		.uleb128 0xf
 653 0292 E8010000 		.4byte	.LASF33
 654 0296 01       		.byte	0x1
 655 0297 A2       		.byte	0xa2
 656 0298 00000000 		.4byte	.LFB126
 657 029c 48000000 		.4byte	.LFE126-.LFB126
 658 02a0 01       		.uleb128 0x1
 659 02a1 9C       		.byte	0x9c
 660 02a2 26030000 		.4byte	0x326
 661 02a6 13       		.uleb128 0x13
 662 02a7 B0030000 		.4byte	.LASF34
 663 02ab 01       		.byte	0x1
 664 02ac A2       		.byte	0xa2
 665 02ad 8C000000 		.4byte	0x8c
 666 02b1 42000000 		.4byte	.LLST2
 667 02b5 13       		.uleb128 0x13
 668 02b6 8F020000 		.4byte	.LASF35
 669 02ba 01       		.byte	0x1
 670 02bb A2       		.byte	0xa2
 671 02bc 8C000000 		.4byte	0x8c
 672 02c0 63000000 		.4byte	.LLST3
 673 02c4 18       		.uleb128 0x18
 674 02c5 746D7000 		.ascii	"tmp\000"
 675 02c9 01       		.byte	0x1
 676 02ca A4       		.byte	0xa4
 677 02cb A2000000 		.4byte	0xa2
 678 02cf 84000000 		.4byte	.LLST4
 679 02d3 14       		.uleb128 0x14
 680 02d4 16000000 		.4byte	.LASF28
 681 02d8 01       		.byte	0x1
 682 02d9 79       		.byte	0x79
 683 02da 7E000000 		.4byte	0x7e
 684 02de E4020000 		.4byte	0x2e4
ARM GAS  /var/folders/m4/4md61f0s1_g0rzfghffqnxvr0000gn/T//ccIL3fXa.s 			page 13


 685 02e2 15       		.uleb128 0x15
 686 02e3 00       		.byte	0
 687 02e4 10       		.uleb128 0x10
 688 02e5 12000000 		.4byte	.LVL10
 689 02e9 4B040000 		.4byte	0x44b
 690 02ed 1C030000 		.4byte	0x31c
 691 02f1 11       		.uleb128 0x11
 692 02f2 01       		.uleb128 0x1
 693 02f3 50       		.byte	0x50
 694 02f4 26       		.uleb128 0x26
 695 02f5 31       		.byte	0x31
 696 02f6 30       		.byte	0x30
 697 02f7 75       		.byte	0x75
 698 02f8 00       		.sleb128 0
 699 02f9 75       		.byte	0x75
 700 02fa 00       		.sleb128 0
 701 02fb 40       		.byte	0x40
 702 02fc 4B       		.byte	0x4b
 703 02fd 24       		.byte	0x24
 704 02fe 22       		.byte	0x22
 705 02ff 0C       		.byte	0xc
 706 0300 0A000080 		.4byte	0x8000000a
 707 0304 2B       		.byte	0x2b
 708 0305 28       		.byte	0x28
 709 0306 0100     		.2byte	0x1
 710 0308 16       		.byte	0x16
 711 0309 13       		.byte	0x13
 712 030a 75       		.byte	0x75
 713 030b 00       		.sleb128 0
 714 030c 40       		.byte	0x40
 715 030d 4B       		.byte	0x4b
 716 030e 24       		.byte	0x24
 717 030f 22       		.byte	0x22
 718 0310 0C       		.byte	0xc
 719 0311 0A000080 		.4byte	0x8000000a
 720 0315 2C       		.byte	0x2c
 721 0316 28       		.byte	0x28
 722 0317 0100     		.2byte	0x1
 723 0319 16       		.byte	0x16
 724 031a 13       		.byte	0x13
 725 031b 00       		.byte	0
 726 031c 16       		.uleb128 0x16
 727 031d 1E000000 		.4byte	.LVL11
 728 0321 4B040000 		.4byte	0x44b
 729 0325 00       		.byte	0
 730 0326 0F       		.uleb128 0xf
 731 0327 00030000 		.4byte	.LASF36
 732 032b 01       		.byte	0x1
 733 032c B7       		.byte	0xb7
 734 032d 00000000 		.4byte	.LFB127
 735 0331 1C000000 		.4byte	.LFE127-.LFB127
 736 0335 01       		.uleb128 0x1
 737 0336 9C       		.byte	0x9c
 738 0337 90030000 		.4byte	0x390
 739 033b 13       		.uleb128 0x13
 740 033c BC010000 		.4byte	.LASF37
 741 0340 01       		.byte	0x1
ARM GAS  /var/folders/m4/4md61f0s1_g0rzfghffqnxvr0000gn/T//ccIL3fXa.s 			page 14


 742 0341 B7       		.byte	0xb7
 743 0342 A2000000 		.4byte	0xa2
 744 0346 C1000000 		.4byte	.LLST5
 745 034a 14       		.uleb128 0x14
 746 034b 16000000 		.4byte	.LASF28
 747 034f 01       		.byte	0x1
 748 0350 79       		.byte	0x79
 749 0351 7E000000 		.4byte	0x7e
 750 0355 5B030000 		.4byte	0x35b
 751 0359 15       		.uleb128 0x15
 752 035a 00       		.byte	0
 753 035b 17       		.uleb128 0x17
 754 035c 10000000 		.4byte	.LVL18
 755 0360 4B040000 		.4byte	0x44b
 756 0364 11       		.uleb128 0x11
 757 0365 01       		.uleb128 0x1
 758 0366 50       		.byte	0x50
 759 0367 26       		.uleb128 0x26
 760 0368 31       		.byte	0x31
 761 0369 30       		.byte	0x30
 762 036a 74       		.byte	0x74
 763 036b 00       		.sleb128 0
 764 036c 74       		.byte	0x74
 765 036d 00       		.sleb128 0
 766 036e 40       		.byte	0x40
 767 036f 4B       		.byte	0x4b
 768 0370 24       		.byte	0x24
 769 0371 22       		.byte	0x22
 770 0372 0C       		.byte	0xc
 771 0373 01000080 		.4byte	0x80000001
 772 0377 2B       		.byte	0x2b
 773 0378 28       		.byte	0x28
 774 0379 0100     		.2byte	0x1
 775 037b 16       		.byte	0x16
 776 037c 13       		.byte	0x13
 777 037d 74       		.byte	0x74
 778 037e 00       		.sleb128 0
 779 037f 40       		.byte	0x40
 780 0380 4B       		.byte	0x4b
 781 0381 24       		.byte	0x24
 782 0382 22       		.byte	0x22
 783 0383 0C       		.byte	0xc
 784 0384 01000080 		.4byte	0x80000001
 785 0388 2C       		.byte	0x2c
 786 0389 28       		.byte	0x28
 787 038a 0100     		.2byte	0x1
 788 038c 16       		.byte	0x16
 789 038d 13       		.byte	0x13
 790 038e 00       		.byte	0
 791 038f 00       		.byte	0
 792 0390 0F       		.uleb128 0xf
 793 0391 4F010000 		.4byte	.LASF38
 794 0395 01       		.byte	0x1
 795 0396 C8       		.byte	0xc8
 796 0397 00000000 		.4byte	.LFB128
 797 039b 1C000000 		.4byte	.LFE128-.LFB128
 798 039f 01       		.uleb128 0x1
ARM GAS  /var/folders/m4/4md61f0s1_g0rzfghffqnxvr0000gn/T//ccIL3fXa.s 			page 15


 799 03a0 9C       		.byte	0x9c
 800 03a1 FA030000 		.4byte	0x3fa
 801 03a5 13       		.uleb128 0x13
 802 03a6 98030000 		.4byte	.LASF32
 803 03aa 01       		.byte	0x1
 804 03ab C8       		.byte	0xc8
 805 03ac 72010000 		.4byte	0x172
 806 03b0 EB000000 		.4byte	.LLST6
 807 03b4 14       		.uleb128 0x14
 808 03b5 16000000 		.4byte	.LASF28
 809 03b9 01       		.byte	0x1
 810 03ba 79       		.byte	0x79
 811 03bb 7E000000 		.4byte	0x7e
 812 03bf C5030000 		.4byte	0x3c5
 813 03c3 15       		.uleb128 0x15
 814 03c4 00       		.byte	0
 815 03c5 17       		.uleb128 0x17
 816 03c6 10000000 		.4byte	.LVL22
 817 03ca 4B040000 		.4byte	0x44b
 818 03ce 11       		.uleb128 0x11
 819 03cf 01       		.uleb128 0x1
 820 03d0 50       		.byte	0x50
 821 03d1 26       		.uleb128 0x26
 822 03d2 31       		.byte	0x31
 823 03d3 30       		.byte	0x30
 824 03d4 74       		.byte	0x74
 825 03d5 00       		.sleb128 0
 826 03d6 74       		.byte	0x74
 827 03d7 00       		.sleb128 0
 828 03d8 40       		.byte	0x40
 829 03d9 4B       		.byte	0x4b
 830 03da 24       		.byte	0x24
 831 03db 22       		.byte	0x22
 832 03dc 0C       		.byte	0xc
 833 03dd 01000080 		.4byte	0x80000001
 834 03e1 2B       		.byte	0x2b
 835 03e2 28       		.byte	0x28
 836 03e3 0100     		.2byte	0x1
 837 03e5 16       		.byte	0x16
 838 03e6 13       		.byte	0x13
 839 03e7 74       		.byte	0x74
 840 03e8 00       		.sleb128 0
 841 03e9 40       		.byte	0x40
 842 03ea 4B       		.byte	0x4b
 843 03eb 24       		.byte	0x24
 844 03ec 22       		.byte	0x22
 845 03ed 0C       		.byte	0xc
 846 03ee 01000080 		.4byte	0x80000001
 847 03f2 2C       		.byte	0x2c
 848 03f3 28       		.byte	0x28
 849 03f4 0100     		.2byte	0x1
 850 03f6 16       		.byte	0x16
 851 03f7 13       		.byte	0x13
 852 03f8 00       		.byte	0
 853 03f9 00       		.byte	0
 854 03fa 19       		.uleb128 0x19
 855 03fb 7D010000 		.4byte	.LASF44
ARM GAS  /var/folders/m4/4md61f0s1_g0rzfghffqnxvr0000gn/T//ccIL3fXa.s 			page 16


 856 03ff 01       		.byte	0x1
 857 0400 D5       		.byte	0xd5
 858 0401 4E010000 		.4byte	0x14e
 859 0405 00000000 		.4byte	.LFB129
 860 0409 10000000 		.4byte	.LFE129-.LFB129
 861 040d 01       		.uleb128 0x1
 862 040e 9C       		.byte	0x9c
 863 040f 23040000 		.4byte	0x423
 864 0413 1A       		.uleb128 0x1a
 865 0414 DF030000 		.4byte	.LASF39
 866 0418 01       		.byte	0x1
 867 0419 D7       		.byte	0xd7
 868 041a 4E010000 		.4byte	0x14e
 869 041e 0C010000 		.4byte	.LLST7
 870 0422 00       		.byte	0
 871 0423 1B       		.uleb128 0x1b
 872 0424 82020000 		.4byte	.LASF45
 873 0428 07       		.byte	0x7
 874 0429 FA06     		.2byte	0x6fa
 875 042b 2F040000 		.4byte	0x42f
 876 042f 05       		.uleb128 0x5
 877 0430 97000000 		.4byte	0x97
 878 0434 1C       		.uleb128 0x1c
 879 0435 6B020000 		.4byte	.LASF40
 880 0439 6B020000 		.4byte	.LASF40
 881 043d 06       		.byte	0x6
 882 043e 6203     		.2byte	0x362
 883 0440 1D       		.uleb128 0x1d
 884 0441 BC020000 		.4byte	.LASF29
 885 0445 BC020000 		.4byte	.LASF29
 886 0449 01       		.byte	0x1
 887 044a 79       		.byte	0x79
 888 044b 1D       		.uleb128 0x1d
 889 044c 16000000 		.4byte	.LASF28
 890 0450 16000000 		.4byte	.LASF28
 891 0454 01       		.byte	0x1
 892 0455 79       		.byte	0x79
 893 0456 00       		.byte	0
 894              		.section	.debug_abbrev,"",%progbits
 895              	.Ldebug_abbrev0:
 896 0000 01       		.uleb128 0x1
 897 0001 11       		.uleb128 0x11
 898 0002 01       		.byte	0x1
 899 0003 25       		.uleb128 0x25
 900 0004 0E       		.uleb128 0xe
 901 0005 13       		.uleb128 0x13
 902 0006 0B       		.uleb128 0xb
 903 0007 03       		.uleb128 0x3
 904 0008 0E       		.uleb128 0xe
 905 0009 1B       		.uleb128 0x1b
 906 000a 0E       		.uleb128 0xe
 907 000b 55       		.uleb128 0x55
 908 000c 17       		.uleb128 0x17
 909 000d 11       		.uleb128 0x11
 910 000e 01       		.uleb128 0x1
 911 000f 10       		.uleb128 0x10
 912 0010 17       		.uleb128 0x17
ARM GAS  /var/folders/m4/4md61f0s1_g0rzfghffqnxvr0000gn/T//ccIL3fXa.s 			page 17


 913 0011 00       		.byte	0
 914 0012 00       		.byte	0
 915 0013 02       		.uleb128 0x2
 916 0014 24       		.uleb128 0x24
 917 0015 00       		.byte	0
 918 0016 0B       		.uleb128 0xb
 919 0017 0B       		.uleb128 0xb
 920 0018 3E       		.uleb128 0x3e
 921 0019 0B       		.uleb128 0xb
 922 001a 03       		.uleb128 0x3
 923 001b 0E       		.uleb128 0xe
 924 001c 00       		.byte	0
 925 001d 00       		.byte	0
 926 001e 03       		.uleb128 0x3
 927 001f 16       		.uleb128 0x16
 928 0020 00       		.byte	0
 929 0021 03       		.uleb128 0x3
 930 0022 0E       		.uleb128 0xe
 931 0023 3A       		.uleb128 0x3a
 932 0024 0B       		.uleb128 0xb
 933 0025 3B       		.uleb128 0x3b
 934 0026 0B       		.uleb128 0xb
 935 0027 49       		.uleb128 0x49
 936 0028 13       		.uleb128 0x13
 937 0029 00       		.byte	0
 938 002a 00       		.byte	0
 939 002b 04       		.uleb128 0x4
 940 002c 24       		.uleb128 0x24
 941 002d 00       		.byte	0
 942 002e 0B       		.uleb128 0xb
 943 002f 0B       		.uleb128 0xb
 944 0030 3E       		.uleb128 0x3e
 945 0031 0B       		.uleb128 0xb
 946 0032 03       		.uleb128 0x3
 947 0033 08       		.uleb128 0x8
 948 0034 00       		.byte	0
 949 0035 00       		.byte	0
 950 0036 05       		.uleb128 0x5
 951 0037 35       		.uleb128 0x35
 952 0038 00       		.byte	0
 953 0039 49       		.uleb128 0x49
 954 003a 13       		.uleb128 0x13
 955 003b 00       		.byte	0
 956 003c 00       		.byte	0
 957 003d 06       		.uleb128 0x6
 958 003e 01       		.uleb128 0x1
 959 003f 01       		.byte	0x1
 960 0040 49       		.uleb128 0x49
 961 0041 13       		.uleb128 0x13
 962 0042 01       		.uleb128 0x1
 963 0043 13       		.uleb128 0x13
 964 0044 00       		.byte	0
 965 0045 00       		.byte	0
 966 0046 07       		.uleb128 0x7
 967 0047 21       		.uleb128 0x21
 968 0048 00       		.byte	0
 969 0049 49       		.uleb128 0x49
ARM GAS  /var/folders/m4/4md61f0s1_g0rzfghffqnxvr0000gn/T//ccIL3fXa.s 			page 18


 970 004a 13       		.uleb128 0x13
 971 004b 2F       		.uleb128 0x2f
 972 004c 0B       		.uleb128 0xb
 973 004d 00       		.byte	0
 974 004e 00       		.byte	0
 975 004f 08       		.uleb128 0x8
 976 0050 13       		.uleb128 0x13
 977 0051 01       		.byte	0x1
 978 0052 0B       		.uleb128 0xb
 979 0053 0B       		.uleb128 0xb
 980 0054 3A       		.uleb128 0x3a
 981 0055 0B       		.uleb128 0xb
 982 0056 3B       		.uleb128 0x3b
 983 0057 05       		.uleb128 0x5
 984 0058 01       		.uleb128 0x1
 985 0059 13       		.uleb128 0x13
 986 005a 00       		.byte	0
 987 005b 00       		.byte	0
 988 005c 09       		.uleb128 0x9
 989 005d 0D       		.uleb128 0xd
 990 005e 00       		.byte	0
 991 005f 03       		.uleb128 0x3
 992 0060 0E       		.uleb128 0xe
 993 0061 3A       		.uleb128 0x3a
 994 0062 0B       		.uleb128 0xb
 995 0063 3B       		.uleb128 0x3b
 996 0064 05       		.uleb128 0x5
 997 0065 49       		.uleb128 0x49
 998 0066 13       		.uleb128 0x13
 999 0067 38       		.uleb128 0x38
 1000 0068 0B       		.uleb128 0xb
 1001 0069 00       		.byte	0
 1002 006a 00       		.byte	0
 1003 006b 0A       		.uleb128 0xa
 1004 006c 0D       		.uleb128 0xd
 1005 006d 00       		.byte	0
 1006 006e 03       		.uleb128 0x3
 1007 006f 08       		.uleb128 0x8
 1008 0070 3A       		.uleb128 0x3a
 1009 0071 0B       		.uleb128 0xb
 1010 0072 3B       		.uleb128 0x3b
 1011 0073 05       		.uleb128 0x5
 1012 0074 49       		.uleb128 0x49
 1013 0075 13       		.uleb128 0x13
 1014 0076 38       		.uleb128 0x38
 1015 0077 0B       		.uleb128 0xb
 1016 0078 00       		.byte	0
 1017 0079 00       		.byte	0
 1018 007a 0B       		.uleb128 0xb
 1019 007b 16       		.uleb128 0x16
 1020 007c 00       		.byte	0
 1021 007d 03       		.uleb128 0x3
 1022 007e 0E       		.uleb128 0xe
 1023 007f 3A       		.uleb128 0x3a
 1024 0080 0B       		.uleb128 0xb
 1025 0081 3B       		.uleb128 0x3b
 1026 0082 05       		.uleb128 0x5
ARM GAS  /var/folders/m4/4md61f0s1_g0rzfghffqnxvr0000gn/T//ccIL3fXa.s 			page 19


 1027 0083 49       		.uleb128 0x49
 1028 0084 13       		.uleb128 0x13
 1029 0085 00       		.byte	0
 1030 0086 00       		.byte	0
 1031 0087 0C       		.uleb128 0xc
 1032 0088 04       		.uleb128 0x4
 1033 0089 01       		.byte	0x1
 1034 008a 0B       		.uleb128 0xb
 1035 008b 0B       		.uleb128 0xb
 1036 008c 49       		.uleb128 0x49
 1037 008d 13       		.uleb128 0x13
 1038 008e 3A       		.uleb128 0x3a
 1039 008f 0B       		.uleb128 0xb
 1040 0090 3B       		.uleb128 0x3b
 1041 0091 0B       		.uleb128 0xb
 1042 0092 01       		.uleb128 0x1
 1043 0093 13       		.uleb128 0x13
 1044 0094 00       		.byte	0
 1045 0095 00       		.byte	0
 1046 0096 0D       		.uleb128 0xd
 1047 0097 28       		.uleb128 0x28
 1048 0098 00       		.byte	0
 1049 0099 03       		.uleb128 0x3
 1050 009a 0E       		.uleb128 0xe
 1051 009b 1C       		.uleb128 0x1c
 1052 009c 0B       		.uleb128 0xb
 1053 009d 00       		.byte	0
 1054 009e 00       		.byte	0
 1055 009f 0E       		.uleb128 0xe
 1056 00a0 28       		.uleb128 0x28
 1057 00a1 00       		.byte	0
 1058 00a2 03       		.uleb128 0x3
 1059 00a3 08       		.uleb128 0x8
 1060 00a4 1C       		.uleb128 0x1c
 1061 00a5 0B       		.uleb128 0xb
 1062 00a6 00       		.byte	0
 1063 00a7 00       		.byte	0
 1064 00a8 0F       		.uleb128 0xf
 1065 00a9 2E       		.uleb128 0x2e
 1066 00aa 01       		.byte	0x1
 1067 00ab 3F       		.uleb128 0x3f
 1068 00ac 19       		.uleb128 0x19
 1069 00ad 03       		.uleb128 0x3
 1070 00ae 0E       		.uleb128 0xe
 1071 00af 3A       		.uleb128 0x3a
 1072 00b0 0B       		.uleb128 0xb
 1073 00b1 3B       		.uleb128 0x3b
 1074 00b2 0B       		.uleb128 0xb
 1075 00b3 27       		.uleb128 0x27
 1076 00b4 19       		.uleb128 0x19
 1077 00b5 11       		.uleb128 0x11
 1078 00b6 01       		.uleb128 0x1
 1079 00b7 12       		.uleb128 0x12
 1080 00b8 06       		.uleb128 0x6
 1081 00b9 40       		.uleb128 0x40
 1082 00ba 18       		.uleb128 0x18
 1083 00bb 9742     		.uleb128 0x2117
ARM GAS  /var/folders/m4/4md61f0s1_g0rzfghffqnxvr0000gn/T//ccIL3fXa.s 			page 20


 1084 00bd 19       		.uleb128 0x19
 1085 00be 01       		.uleb128 0x1
 1086 00bf 13       		.uleb128 0x13
 1087 00c0 00       		.byte	0
 1088 00c1 00       		.byte	0
 1089 00c2 10       		.uleb128 0x10
 1090 00c3 898201   		.uleb128 0x4109
 1091 00c6 01       		.byte	0x1
 1092 00c7 11       		.uleb128 0x11
 1093 00c8 01       		.uleb128 0x1
 1094 00c9 31       		.uleb128 0x31
 1095 00ca 13       		.uleb128 0x13
 1096 00cb 01       		.uleb128 0x1
 1097 00cc 13       		.uleb128 0x13
 1098 00cd 00       		.byte	0
 1099 00ce 00       		.byte	0
 1100 00cf 11       		.uleb128 0x11
 1101 00d0 8A8201   		.uleb128 0x410a
 1102 00d3 00       		.byte	0
 1103 00d4 02       		.uleb128 0x2
 1104 00d5 18       		.uleb128 0x18
 1105 00d6 9142     		.uleb128 0x2111
 1106 00d8 18       		.uleb128 0x18
 1107 00d9 00       		.byte	0
 1108 00da 00       		.byte	0
 1109 00db 12       		.uleb128 0x12
 1110 00dc 898201   		.uleb128 0x4109
 1111 00df 01       		.byte	0x1
 1112 00e0 11       		.uleb128 0x11
 1113 00e1 01       		.uleb128 0x1
 1114 00e2 9542     		.uleb128 0x2115
 1115 00e4 19       		.uleb128 0x19
 1116 00e5 31       		.uleb128 0x31
 1117 00e6 13       		.uleb128 0x13
 1118 00e7 00       		.byte	0
 1119 00e8 00       		.byte	0
 1120 00e9 13       		.uleb128 0x13
 1121 00ea 05       		.uleb128 0x5
 1122 00eb 00       		.byte	0
 1123 00ec 03       		.uleb128 0x3
 1124 00ed 0E       		.uleb128 0xe
 1125 00ee 3A       		.uleb128 0x3a
 1126 00ef 0B       		.uleb128 0xb
 1127 00f0 3B       		.uleb128 0x3b
 1128 00f1 0B       		.uleb128 0xb
 1129 00f2 49       		.uleb128 0x49
 1130 00f3 13       		.uleb128 0x13
 1131 00f4 02       		.uleb128 0x2
 1132 00f5 17       		.uleb128 0x17
 1133 00f6 00       		.byte	0
 1134 00f7 00       		.byte	0
 1135 00f8 14       		.uleb128 0x14
 1136 00f9 2E       		.uleb128 0x2e
 1137 00fa 01       		.byte	0x1
 1138 00fb 3F       		.uleb128 0x3f
 1139 00fc 19       		.uleb128 0x19
 1140 00fd 03       		.uleb128 0x3
ARM GAS  /var/folders/m4/4md61f0s1_g0rzfghffqnxvr0000gn/T//ccIL3fXa.s 			page 21


 1141 00fe 0E       		.uleb128 0xe
 1142 00ff 3A       		.uleb128 0x3a
 1143 0100 0B       		.uleb128 0xb
 1144 0101 3B       		.uleb128 0x3b
 1145 0102 0B       		.uleb128 0xb
 1146 0103 49       		.uleb128 0x49
 1147 0104 13       		.uleb128 0x13
 1148 0105 3C       		.uleb128 0x3c
 1149 0106 19       		.uleb128 0x19
 1150 0107 01       		.uleb128 0x1
 1151 0108 13       		.uleb128 0x13
 1152 0109 00       		.byte	0
 1153 010a 00       		.byte	0
 1154 010b 15       		.uleb128 0x15
 1155 010c 18       		.uleb128 0x18
 1156 010d 00       		.byte	0
 1157 010e 00       		.byte	0
 1158 010f 00       		.byte	0
 1159 0110 16       		.uleb128 0x16
 1160 0111 898201   		.uleb128 0x4109
 1161 0114 00       		.byte	0
 1162 0115 11       		.uleb128 0x11
 1163 0116 01       		.uleb128 0x1
 1164 0117 31       		.uleb128 0x31
 1165 0118 13       		.uleb128 0x13
 1166 0119 00       		.byte	0
 1167 011a 00       		.byte	0
 1168 011b 17       		.uleb128 0x17
 1169 011c 898201   		.uleb128 0x4109
 1170 011f 01       		.byte	0x1
 1171 0120 11       		.uleb128 0x11
 1172 0121 01       		.uleb128 0x1
 1173 0122 31       		.uleb128 0x31
 1174 0123 13       		.uleb128 0x13
 1175 0124 00       		.byte	0
 1176 0125 00       		.byte	0
 1177 0126 18       		.uleb128 0x18
 1178 0127 34       		.uleb128 0x34
 1179 0128 00       		.byte	0
 1180 0129 03       		.uleb128 0x3
 1181 012a 08       		.uleb128 0x8
 1182 012b 3A       		.uleb128 0x3a
 1183 012c 0B       		.uleb128 0xb
 1184 012d 3B       		.uleb128 0x3b
 1185 012e 0B       		.uleb128 0xb
 1186 012f 49       		.uleb128 0x49
 1187 0130 13       		.uleb128 0x13
 1188 0131 02       		.uleb128 0x2
 1189 0132 17       		.uleb128 0x17
 1190 0133 00       		.byte	0
 1191 0134 00       		.byte	0
 1192 0135 19       		.uleb128 0x19
 1193 0136 2E       		.uleb128 0x2e
 1194 0137 01       		.byte	0x1
 1195 0138 3F       		.uleb128 0x3f
 1196 0139 19       		.uleb128 0x19
 1197 013a 03       		.uleb128 0x3
ARM GAS  /var/folders/m4/4md61f0s1_g0rzfghffqnxvr0000gn/T//ccIL3fXa.s 			page 22


 1198 013b 0E       		.uleb128 0xe
 1199 013c 3A       		.uleb128 0x3a
 1200 013d 0B       		.uleb128 0xb
 1201 013e 3B       		.uleb128 0x3b
 1202 013f 0B       		.uleb128 0xb
 1203 0140 27       		.uleb128 0x27
 1204 0141 19       		.uleb128 0x19
 1205 0142 49       		.uleb128 0x49
 1206 0143 13       		.uleb128 0x13
 1207 0144 11       		.uleb128 0x11
 1208 0145 01       		.uleb128 0x1
 1209 0146 12       		.uleb128 0x12
 1210 0147 06       		.uleb128 0x6
 1211 0148 40       		.uleb128 0x40
 1212 0149 18       		.uleb128 0x18
 1213 014a 9742     		.uleb128 0x2117
 1214 014c 19       		.uleb128 0x19
 1215 014d 01       		.uleb128 0x1
 1216 014e 13       		.uleb128 0x13
 1217 014f 00       		.byte	0
 1218 0150 00       		.byte	0
 1219 0151 1A       		.uleb128 0x1a
 1220 0152 34       		.uleb128 0x34
 1221 0153 00       		.byte	0
 1222 0154 03       		.uleb128 0x3
 1223 0155 0E       		.uleb128 0xe
 1224 0156 3A       		.uleb128 0x3a
 1225 0157 0B       		.uleb128 0xb
 1226 0158 3B       		.uleb128 0x3b
 1227 0159 0B       		.uleb128 0xb
 1228 015a 49       		.uleb128 0x49
 1229 015b 13       		.uleb128 0x13
 1230 015c 02       		.uleb128 0x2
 1231 015d 17       		.uleb128 0x17
 1232 015e 00       		.byte	0
 1233 015f 00       		.byte	0
 1234 0160 1B       		.uleb128 0x1b
 1235 0161 34       		.uleb128 0x34
 1236 0162 00       		.byte	0
 1237 0163 03       		.uleb128 0x3
 1238 0164 0E       		.uleb128 0xe
 1239 0165 3A       		.uleb128 0x3a
 1240 0166 0B       		.uleb128 0xb
 1241 0167 3B       		.uleb128 0x3b
 1242 0168 05       		.uleb128 0x5
 1243 0169 49       		.uleb128 0x49
 1244 016a 13       		.uleb128 0x13
 1245 016b 3F       		.uleb128 0x3f
 1246 016c 19       		.uleb128 0x19
 1247 016d 3C       		.uleb128 0x3c
 1248 016e 19       		.uleb128 0x19
 1249 016f 00       		.byte	0
 1250 0170 00       		.byte	0
 1251 0171 1C       		.uleb128 0x1c
 1252 0172 2E       		.uleb128 0x2e
 1253 0173 00       		.byte	0
 1254 0174 3F       		.uleb128 0x3f
ARM GAS  /var/folders/m4/4md61f0s1_g0rzfghffqnxvr0000gn/T//ccIL3fXa.s 			page 23


 1255 0175 19       		.uleb128 0x19
 1256 0176 3C       		.uleb128 0x3c
 1257 0177 19       		.uleb128 0x19
 1258 0178 6E       		.uleb128 0x6e
 1259 0179 0E       		.uleb128 0xe
 1260 017a 03       		.uleb128 0x3
 1261 017b 0E       		.uleb128 0xe
 1262 017c 3A       		.uleb128 0x3a
 1263 017d 0B       		.uleb128 0xb
 1264 017e 3B       		.uleb128 0x3b
 1265 017f 05       		.uleb128 0x5
 1266 0180 00       		.byte	0
 1267 0181 00       		.byte	0
 1268 0182 1D       		.uleb128 0x1d
 1269 0183 2E       		.uleb128 0x2e
 1270 0184 00       		.byte	0
 1271 0185 3F       		.uleb128 0x3f
 1272 0186 19       		.uleb128 0x19
 1273 0187 3C       		.uleb128 0x3c
 1274 0188 19       		.uleb128 0x19
 1275 0189 6E       		.uleb128 0x6e
 1276 018a 0E       		.uleb128 0xe
 1277 018b 03       		.uleb128 0x3
 1278 018c 0E       		.uleb128 0xe
 1279 018d 3A       		.uleb128 0x3a
 1280 018e 0B       		.uleb128 0xb
 1281 018f 3B       		.uleb128 0x3b
 1282 0190 0B       		.uleb128 0xb
 1283 0191 00       		.byte	0
 1284 0192 00       		.byte	0
 1285 0193 00       		.byte	0
 1286              		.section	.debug_loc,"",%progbits
 1287              	.Ldebug_loc0:
 1288              	.LLST0:
 1289 0000 00000000 		.4byte	.LVL2
 1290 0004 07000000 		.4byte	.LVL3-1
 1291 0008 0100     		.2byte	0x1
 1292 000a 50       		.byte	0x50
 1293 000b 07000000 		.4byte	.LVL3-1
 1294 000f 18000000 		.4byte	.LFE124
 1295 0013 0400     		.2byte	0x4
 1296 0015 F3       		.byte	0xf3
 1297 0016 01       		.uleb128 0x1
 1298 0017 50       		.byte	0x50
 1299 0018 9F       		.byte	0x9f
 1300 0019 00000000 		.4byte	0
 1301 001d 00000000 		.4byte	0
 1302              	.LLST1:
 1303 0021 00000000 		.4byte	.LVL5
 1304 0025 0A000000 		.4byte	.LVL6
 1305 0029 0100     		.2byte	0x1
 1306 002b 50       		.byte	0x50
 1307 002c 0A000000 		.4byte	.LVL6
 1308 0030 1C000000 		.4byte	.LFE125
 1309 0034 0400     		.2byte	0x4
 1310 0036 F3       		.byte	0xf3
 1311 0037 01       		.uleb128 0x1
ARM GAS  /var/folders/m4/4md61f0s1_g0rzfghffqnxvr0000gn/T//ccIL3fXa.s 			page 24


 1312 0038 50       		.byte	0x50
 1313 0039 9F       		.byte	0x9f
 1314 003a 00000000 		.4byte	0
 1315 003e 00000000 		.4byte	0
 1316              	.LLST2:
 1317 0042 00000000 		.4byte	.LVL8
 1318 0046 0C000000 		.4byte	.LVL9
 1319 004a 0100     		.2byte	0x1
 1320 004c 50       		.byte	0x50
 1321 004d 0C000000 		.4byte	.LVL9
 1322 0051 48000000 		.4byte	.LFE126
 1323 0055 0400     		.2byte	0x4
 1324 0057 F3       		.byte	0xf3
 1325 0058 01       		.uleb128 0x1
 1326 0059 50       		.byte	0x50
 1327 005a 9F       		.byte	0x9f
 1328 005b 00000000 		.4byte	0
 1329 005f 00000000 		.4byte	0
 1330              	.LLST3:
 1331 0063 00000000 		.4byte	.LVL8
 1332 0067 11000000 		.4byte	.LVL10-1
 1333 006b 0100     		.2byte	0x1
 1334 006d 51       		.byte	0x51
 1335 006e 11000000 		.4byte	.LVL10-1
 1336 0072 48000000 		.4byte	.LFE126
 1337 0076 0400     		.2byte	0x4
 1338 0078 F3       		.byte	0xf3
 1339 0079 01       		.uleb128 0x1
 1340 007a 51       		.byte	0x51
 1341 007b 9F       		.byte	0x9f
 1342 007c 00000000 		.4byte	0
 1343 0080 00000000 		.4byte	0
 1344              	.LLST4:
 1345 0084 00000000 		.4byte	.LVL8
 1346 0088 32000000 		.4byte	.LVL12
 1347 008c 0200     		.2byte	0x2
 1348 008e 30       		.byte	0x30
 1349 008f 9F       		.byte	0x9f
 1350 0090 32000000 		.4byte	.LVL12
 1351 0094 36000000 		.4byte	.LVL13
 1352 0098 0500     		.2byte	0x5
 1353 009a 3F       		.byte	0x3f
 1354 009b 74       		.byte	0x74
 1355 009c 00       		.sleb128 0
 1356 009d 24       		.byte	0x24
 1357 009e 9F       		.byte	0x9f
 1358 009f 36000000 		.4byte	.LVL13
 1359 00a3 3A000000 		.4byte	.LVL14
 1360 00a7 0100     		.2byte	0x1
 1361 00a9 52       		.byte	0x52
 1362 00aa 3A000000 		.4byte	.LVL14
 1363 00ae 42000000 		.4byte	.LVL15
 1364 00b2 0500     		.2byte	0x5
 1365 00b4 3F       		.byte	0x3f
 1366 00b5 74       		.byte	0x74
 1367 00b6 00       		.sleb128 0
 1368 00b7 24       		.byte	0x24
ARM GAS  /var/folders/m4/4md61f0s1_g0rzfghffqnxvr0000gn/T//ccIL3fXa.s 			page 25


 1369 00b8 9F       		.byte	0x9f
 1370 00b9 00000000 		.4byte	0
 1371 00bd 00000000 		.4byte	0
 1372              	.LLST5:
 1373 00c1 00000000 		.4byte	.LVL16
 1374 00c5 0A000000 		.4byte	.LVL17
 1375 00c9 0100     		.2byte	0x1
 1376 00cb 50       		.byte	0x50
 1377 00cc 0A000000 		.4byte	.LVL17
 1378 00d0 16000000 		.4byte	.LVL19
 1379 00d4 0100     		.2byte	0x1
 1380 00d6 54       		.byte	0x54
 1381 00d7 16000000 		.4byte	.LVL19
 1382 00db 1C000000 		.4byte	.LFE127
 1383 00df 0200     		.2byte	0x2
 1384 00e1 73       		.byte	0x73
 1385 00e2 00       		.sleb128 0
 1386 00e3 00000000 		.4byte	0
 1387 00e7 00000000 		.4byte	0
 1388              	.LLST6:
 1389 00eb 00000000 		.4byte	.LVL20
 1390 00ef 0A000000 		.4byte	.LVL21
 1391 00f3 0100     		.2byte	0x1
 1392 00f5 50       		.byte	0x50
 1393 00f6 0A000000 		.4byte	.LVL21
 1394 00fa 1C000000 		.4byte	.LFE128
 1395 00fe 0400     		.2byte	0x4
 1396 0100 F3       		.byte	0xf3
 1397 0101 01       		.uleb128 0x1
 1398 0102 50       		.byte	0x50
 1399 0103 9F       		.byte	0x9f
 1400 0104 00000000 		.4byte	0
 1401 0108 00000000 		.4byte	0
 1402              	.LLST7:
 1403 010c 00000000 		.4byte	.LVL23
 1404 0110 04000000 		.4byte	.LVL24
 1405 0114 0200     		.2byte	0x2
 1406 0116 30       		.byte	0x30
 1407 0117 9F       		.byte	0x9f
 1408 0118 04000000 		.4byte	.LVL24
 1409 011c 08000000 		.4byte	.LVL25
 1410 0120 0900     		.2byte	0x9
 1411 0122 70       		.byte	0x70
 1412 0123 00       		.sleb128 0
 1413 0124 0A       		.byte	0xa
 1414 0125 0001     		.2byte	0x100
 1415 0127 1A       		.byte	0x1a
 1416 0128 30       		.byte	0x30
 1417 0129 2E       		.byte	0x2e
 1418 012a 9F       		.byte	0x9f
 1419 012b 00000000 		.4byte	0
 1420 012f 00000000 		.4byte	0
 1421              		.section	.debug_aranges,"",%progbits
 1422 0000 4C000000 		.4byte	0x4c
 1423 0004 0200     		.2byte	0x2
 1424 0006 00000000 		.4byte	.Ldebug_info0
 1425 000a 04       		.byte	0x4
ARM GAS  /var/folders/m4/4md61f0s1_g0rzfghffqnxvr0000gn/T//ccIL3fXa.s 			page 26


 1426 000b 00       		.byte	0
 1427 000c 0000     		.2byte	0
 1428 000e 0000     		.2byte	0
 1429 0010 00000000 		.4byte	.LFB123
 1430 0014 1A000000 		.4byte	.LFE123-.LFB123
 1431 0018 00000000 		.4byte	.LFB124
 1432 001c 18000000 		.4byte	.LFE124-.LFB124
 1433 0020 00000000 		.4byte	.LFB125
 1434 0024 1C000000 		.4byte	.LFE125-.LFB125
 1435 0028 00000000 		.4byte	.LFB126
 1436 002c 48000000 		.4byte	.LFE126-.LFB126
 1437 0030 00000000 		.4byte	.LFB127
 1438 0034 1C000000 		.4byte	.LFE127-.LFB127
 1439 0038 00000000 		.4byte	.LFB128
 1440 003c 1C000000 		.4byte	.LFE128-.LFB128
 1441 0040 00000000 		.4byte	.LFB129
 1442 0044 10000000 		.4byte	.LFE129-.LFB129
 1443 0048 00000000 		.4byte	0
 1444 004c 00000000 		.4byte	0
 1445              		.section	.debug_ranges,"",%progbits
 1446              	.Ldebug_ranges0:
 1447 0000 00000000 		.4byte	.LFB123
 1448 0004 1A000000 		.4byte	.LFE123
 1449 0008 00000000 		.4byte	.LFB124
 1450 000c 18000000 		.4byte	.LFE124
 1451 0010 00000000 		.4byte	.LFB125
 1452 0014 1C000000 		.4byte	.LFE125
 1453 0018 00000000 		.4byte	.LFB126
 1454 001c 48000000 		.4byte	.LFE126
 1455 0020 00000000 		.4byte	.LFB127
 1456 0024 1C000000 		.4byte	.LFE127
 1457 0028 00000000 		.4byte	.LFB128
 1458 002c 1C000000 		.4byte	.LFE128
 1459 0030 00000000 		.4byte	.LFB129
 1460 0034 10000000 		.4byte	.LFE129
 1461 0038 00000000 		.4byte	0
 1462 003c 00000000 		.4byte	0
 1463              		.section	.debug_line,"",%progbits
 1464              	.Ldebug_line0:
 1465 0000 B5020000 		.section	.debug_str,"MS",%progbits,1
 1465      02001E02 
 1465      00000201 
 1465      FB0E0D00 
 1465      01010101 
 1466              	.LASF0:
 1467 0000 7369676E 		.ascii	"signed char\000"
 1467      65642063 
 1467      68617200 
 1468              	.LASF4:
 1469 000c 5F5F7569 		.ascii	"__uint8_t\000"
 1469      6E74385F 
 1469      7400
 1470              	.LASF28:
 1471 0016 61737365 		.ascii	"assert_param\000"
 1471      72745F70 
 1471      6172616D 
 1471      00
ARM GAS  /var/folders/m4/4md61f0s1_g0rzfghffqnxvr0000gn/T//ccIL3fXa.s 			page 27


 1472              	.LASF41:
 1473 0023 474E5520 		.ascii	"GNU C99 5.2.1 20151202 (release) [ARM/embedded-5-br"
 1473      43393920 
 1473      352E322E 
 1473      31203230 
 1473      31353132 
 1474 0056 616E6368 		.ascii	"anch revision 231848] -mcpu=cortex-m4 -mfloat-abi=h"
 1474      20726576 
 1474      6973696F 
 1474      6E203233 
 1474      31383438 
 1475 0089 61726420 		.ascii	"ard -mfpu=fpv4-sp-d16 -mno-thumb-interwork -mthumb "
 1475      2D6D6670 
 1475      753D6670 
 1475      76342D73 
 1475      702D6431 
 1476 00bc 2D676764 		.ascii	"-ggdb -O2 -std=c99 -fomit-frame-pointer -falign-fun"
 1476      62202D4F 
 1476      32202D73 
 1476      74643D63 
 1476      3939202D 
 1477 00ef 6374696F 		.ascii	"ctions=16 -fsingle-precision-constant -ffunction-se"
 1477      6E733D31 
 1477      36202D66 
 1477      73696E67 
 1477      6C652D70 
 1478 0122 6374696F 		.ascii	"ctions -fdata-sections -fno-common\000"
 1478      6E73202D 
 1478      66646174 
 1478      612D7365 
 1478      6374696F 
 1479              	.LASF5:
 1480 0145 5F5F696E 		.ascii	"__int32_t\000"
 1480      7433325F 
 1480      7400
 1481              	.LASF38:
 1482 014f 53595343 		.ascii	"SYSCFG_CompensationCellCmd\000"
 1482      46475F43 
 1482      6F6D7065 
 1482      6E736174 
 1482      696F6E43 
 1483              	.LASF3:
 1484 016a 73686F72 		.ascii	"short unsigned int\000"
 1484      7420756E 
 1484      7369676E 
 1484      65642069 
 1484      6E7400
 1485              	.LASF44:
 1486 017d 53595343 		.ascii	"SYSCFG_GetCompensationCellStatus\000"
 1486      46475F47 
 1486      6574436F 
 1486      6D70656E 
 1486      73617469 
 1487              	.LASF25:
 1488 019e 46756E63 		.ascii	"FunctionalState\000"
 1488      74696F6E 
 1488      616C5374 
ARM GAS  /var/folders/m4/4md61f0s1_g0rzfghffqnxvr0000gn/T//ccIL3fXa.s 			page 28


 1488      61746500 
 1489              	.LASF26:
 1490 01ae 53595343 		.ascii	"SYSCFG_DeInit\000"
 1490      46475F44 
 1490      65496E69 
 1490      7400
 1491              	.LASF37:
 1492 01bc 53595343 		.ascii	"SYSCFG_ETH_MediaInterface\000"
 1492      46475F45 
 1492      54485F4D 
 1492      65646961 
 1492      496E7465 
 1493              	.LASF7:
 1494 01d6 5F5F7569 		.ascii	"__uint32_t\000"
 1494      6E743332 
 1494      5F7400
 1495              	.LASF24:
 1496 01e1 454E4142 		.ascii	"ENABLE\000"
 1496      4C4500
 1497              	.LASF33:
 1498 01e8 53595343 		.ascii	"SYSCFG_EXTILineConfig\000"
 1498      46475F45 
 1498      5854494C 
 1498      696E6543 
 1498      6F6E6669 
 1499              	.LASF19:
 1500 01fe 434D5043 		.ascii	"CMPCR\000"
 1500      5200
 1501              	.LASF1:
 1502 0204 756E7369 		.ascii	"unsigned char\000"
 1502      676E6564 
 1502      20636861 
 1502      7200
 1503              	.LASF43:
 1504 0212 2F557365 		.ascii	"/Users/raphael/Documents/Projects/rESC/resc-firmwar"
 1504      72732F72 
 1504      61706861 
 1504      656C2F44 
 1504      6F63756D 
 1505 0245 6500     		.ascii	"e\000"
 1506              	.LASF22:
 1507 0247 466C6167 		.ascii	"FlagStatus\000"
 1507      53746174 
 1507      757300
 1508              	.LASF8:
 1509 0252 6C6F6E67 		.ascii	"long unsigned int\000"
 1509      20756E73 
 1509      69676E65 
 1509      6420696E 
 1509      7400
 1510              	.LASF16:
 1511 0264 4D454D52 		.ascii	"MEMRMP\000"
 1511      4D5000
 1512              	.LASF40:
 1513 026b 5243435F 		.ascii	"RCC_APB2PeriphResetCmd\000"
 1513      41504232 
 1513      50657269 
ARM GAS  /var/folders/m4/4md61f0s1_g0rzfghffqnxvr0000gn/T//ccIL3fXa.s 			page 29


 1513      70685265 
 1513      73657443 
 1514              	.LASF45:
 1515 0282 49544D5F 		.ascii	"ITM_RxBuffer\000"
 1515      52784275 
 1515      66666572 
 1515      00
 1516              	.LASF35:
 1517 028f 45585449 		.ascii	"EXTI_PinSourcex\000"
 1517      5F50696E 
 1517      536F7572 
 1517      63657800 
 1518              	.LASF18:
 1519 029f 52455345 		.ascii	"RESERVED\000"
 1519      52564544 
 1519      00
 1520              	.LASF17:
 1521 02a8 45585449 		.ascii	"EXTICR\000"
 1521      435200
 1522              	.LASF11:
 1523 02af 756E7369 		.ascii	"unsigned int\000"
 1523      676E6564 
 1523      20696E74 
 1523      00
 1524              	.LASF29:
 1525 02bc 49535F53 		.ascii	"IS_SYSCFG_MEMORY_REMAP_CONFING\000"
 1525      59534346 
 1525      475F4D45 
 1525      4D4F5259 
 1525      5F52454D 
 1526              	.LASF21:
 1527 02db 52455345 		.ascii	"RESET\000"
 1527      5400
 1528              	.LASF10:
 1529 02e1 6C6F6E67 		.ascii	"long long unsigned int\000"
 1529      206C6F6E 
 1529      6720756E 
 1529      7369676E 
 1529      65642069 
 1530              	.LASF12:
 1531 02f8 75696E74 		.ascii	"uint8_t\000"
 1531      385F7400 
 1532              	.LASF36:
 1533 0300 53595343 		.ascii	"SYSCFG_ETH_MediaInterfaceConfig\000"
 1533      46475F45 
 1533      54485F4D 
 1533      65646961 
 1533      496E7465 
 1534              	.LASF13:
 1535 0320 696E7433 		.ascii	"int32_t\000"
 1535      325F7400 
 1536              	.LASF15:
 1537 0328 73697A65 		.ascii	"sizetype\000"
 1537      74797065 
 1537      00
 1538              	.LASF9:
 1539 0331 6C6F6E67 		.ascii	"long long int\000"
ARM GAS  /var/folders/m4/4md61f0s1_g0rzfghffqnxvr0000gn/T//ccIL3fXa.s 			page 30


 1539      206C6F6E 
 1539      6720696E 
 1539      7400
 1540              	.LASF42:
 1541 033f 43686962 		.ascii	"ChibiOS_16.1.4/ext/stdperiph_stm32f4/src/stm32f4xx_"
 1541      694F535F 
 1541      31362E31 
 1541      2E342F65 
 1541      78742F73 
 1542 0372 73797363 		.ascii	"syscfg.c\000"
 1542      66672E63 
 1542      00
 1543              	.LASF31:
 1544 037b 53595343 		.ascii	"SYSCFG_MemoryRemap\000"
 1544      46475F4D 
 1544      656D6F72 
 1544      7952656D 
 1544      617000
 1545              	.LASF2:
 1546 038e 73686F72 		.ascii	"short int\000"
 1546      7420696E 
 1546      7400
 1547              	.LASF32:
 1548 0398 4E657753 		.ascii	"NewState\000"
 1548      74617465 
 1548      00
 1549              	.LASF20:
 1550 03a1 53595343 		.ascii	"SYSCFG_TypeDef\000"
 1550      46475F54 
 1550      79706544 
 1550      656600
 1551              	.LASF34:
 1552 03b0 45585449 		.ascii	"EXTI_PortSourceGPIOx\000"
 1552      5F506F72 
 1552      74536F75 
 1552      72636547 
 1552      50494F78 
 1553              	.LASF14:
 1554 03c5 75696E74 		.ascii	"uint32_t\000"
 1554      33325F74 
 1554      00
 1555              	.LASF6:
 1556 03ce 6C6F6E67 		.ascii	"long int\000"
 1556      20696E74 
 1556      00
 1557              	.LASF23:
 1558 03d7 44495341 		.ascii	"DISABLE\000"
 1558      424C4500 
 1559              	.LASF39:
 1560 03df 62697473 		.ascii	"bitstatus\000"
 1560      74617475 
 1560      7300
 1561              	.LASF30:
 1562 03e9 53595343 		.ascii	"SYSCFG_MemorySwappingBank\000"
 1562      46475F4D 
 1562      656D6F72 
 1562      79537761 
ARM GAS  /var/folders/m4/4md61f0s1_g0rzfghffqnxvr0000gn/T//ccIL3fXa.s 			page 31


 1562      7070696E 
 1563              	.LASF27:
 1564 0403 53595343 		.ascii	"SYSCFG_MemoryRemapConfig\000"
 1564      46475F4D 
 1564      656D6F72 
 1564      7952656D 
 1564      6170436F 
 1565              		.ident	"GCC: (GNU Tools for ARM Embedded Processors) 5.2.1 20151202 (release) [ARM/embedded-5-bran
ARM GAS  /var/folders/m4/4md61f0s1_g0rzfghffqnxvr0000gn/T//ccIL3fXa.s 			page 32


DEFINED SYMBOLS
                            *ABS*:0000000000000000 stm32f4xx_syscfg.c
/var/folders/m4/4md61f0s1_g0rzfghffqnxvr0000gn/T//ccIL3fXa.s:22     .text.SYSCFG_DeInit:0000000000000000 $t
/var/folders/m4/4md61f0s1_g0rzfghffqnxvr0000gn/T//ccIL3fXa.s:28     .text.SYSCFG_DeInit:0000000000000000 SYSCFG_DeInit
/var/folders/m4/4md61f0s1_g0rzfghffqnxvr0000gn/T//ccIL3fXa.s:59     .text.SYSCFG_MemoryRemapConfig:0000000000000000 $t
/var/folders/m4/4md61f0s1_g0rzfghffqnxvr0000gn/T//ccIL3fXa.s:65     .text.SYSCFG_MemoryRemapConfig:0000000000000000 SYSCFG_MemoryRemapConfig
/var/folders/m4/4md61f0s1_g0rzfghffqnxvr0000gn/T//ccIL3fXa.s:90     .text.SYSCFG_MemoryRemapConfig:0000000000000014 $d
/var/folders/m4/4md61f0s1_g0rzfghffqnxvr0000gn/T//ccIL3fXa.s:95     .text.SYSCFG_MemorySwappingBank:0000000000000000 $t
/var/folders/m4/4md61f0s1_g0rzfghffqnxvr0000gn/T//ccIL3fXa.s:101    .text.SYSCFG_MemorySwappingBank:0000000000000000 SYSCFG_MemorySwappingBank
/var/folders/m4/4md61f0s1_g0rzfghffqnxvr0000gn/T//ccIL3fXa.s:130    .text.SYSCFG_MemorySwappingBank:0000000000000018 $d
/var/folders/m4/4md61f0s1_g0rzfghffqnxvr0000gn/T//ccIL3fXa.s:135    .text.SYSCFG_EXTILineConfig:0000000000000000 $t
/var/folders/m4/4md61f0s1_g0rzfghffqnxvr0000gn/T//ccIL3fXa.s:141    .text.SYSCFG_EXTILineConfig:0000000000000000 SYSCFG_EXTILineConfig
/var/folders/m4/4md61f0s1_g0rzfghffqnxvr0000gn/T//ccIL3fXa.s:202    .text.SYSCFG_ETH_MediaInterfaceConfig:0000000000000000 $t
/var/folders/m4/4md61f0s1_g0rzfghffqnxvr0000gn/T//ccIL3fXa.s:208    .text.SYSCFG_ETH_MediaInterfaceConfig:0000000000000000 SYSCFG_ETH_MediaInterfaceConfig
/var/folders/m4/4md61f0s1_g0rzfghffqnxvr0000gn/T//ccIL3fXa.s:238    .text.SYSCFG_ETH_MediaInterfaceConfig:0000000000000018 $d
/var/folders/m4/4md61f0s1_g0rzfghffqnxvr0000gn/T//ccIL3fXa.s:243    .text.SYSCFG_CompensationCellCmd:0000000000000000 $t
/var/folders/m4/4md61f0s1_g0rzfghffqnxvr0000gn/T//ccIL3fXa.s:249    .text.SYSCFG_CompensationCellCmd:0000000000000000 SYSCFG_CompensationCellCmd
/var/folders/m4/4md61f0s1_g0rzfghffqnxvr0000gn/T//ccIL3fXa.s:278    .text.SYSCFG_CompensationCellCmd:0000000000000018 $d
/var/folders/m4/4md61f0s1_g0rzfghffqnxvr0000gn/T//ccIL3fXa.s:283    .text.SYSCFG_GetCompensationCellStatus:0000000000000000 $t
/var/folders/m4/4md61f0s1_g0rzfghffqnxvr0000gn/T//ccIL3fXa.s:289    .text.SYSCFG_GetCompensationCellStatus:0000000000000000 SYSCFG_GetCompensationCellStatus
/var/folders/m4/4md61f0s1_g0rzfghffqnxvr0000gn/T//ccIL3fXa.s:308    .text.SYSCFG_GetCompensationCellStatus:000000000000000c $d
                     .debug_frame:0000000000000010 $d

UNDEFINED SYMBOLS
RCC_APB2PeriphResetCmd
IS_SYSCFG_MEMORY_REMAP_CONFING
assert_param
