ARM GAS  /var/folders/m4/4md61f0s1_g0rzfghffqnxvr0000gn/T//ccIJAqhh.s 			page 1


   1              		.syntax unified
   2              		.cpu cortex-m4
   3              		.eabi_attribute 27, 1
   4              		.eabi_attribute 28, 1
   5              		.fpu fpv4-sp-d16
   6              		.eabi_attribute 20, 1
   7              		.eabi_attribute 21, 1
   8              		.eabi_attribute 23, 3
   9              		.eabi_attribute 24, 1
  10              		.eabi_attribute 25, 1
  11              		.eabi_attribute 26, 1
  12              		.eabi_attribute 30, 2
  13              		.eabi_attribute 34, 1
  14              		.eabi_attribute 18, 4
  15              		.thumb
  16              		.syntax unified
  17              		.file	"stm32f4xx_exti.c"
  18              		.text
  19              	.Ltext0:
  20              		.cfi_sections	.debug_frame
  21              		.section	.text.EXTI_DeInit,"ax",%progbits
  22              		.align	2
  23              		.p2align 4,,15
  24              		.global	EXTI_DeInit
  25              		.thumb
  26              		.thumb_func
  27              		.type	EXTI_DeInit, %function
  28              	EXTI_DeInit:
  29              	.LFB123:
  30              		.file 1 "ChibiOS_16.1.4/ext/stdperiph_stm32f4/src/stm32f4xx_exti.c"
  31              		.loc 1 111 0
  32              		.cfi_startproc
  33              		@ args = 0, pretend = 0, frame = 0
  34              		@ frame_needed = 0, uses_anonymous_args = 0
  35              		@ link register save eliminated.
  36              		.loc 1 112 0
  37 0000 044B     		ldr	r3, .L2
  38              		.loc 1 116 0
  39 0002 0549     		ldr	r1, .L2+4
  40              		.loc 1 112 0
  41 0004 0022     		movs	r2, #0
  42 0006 1A60     		str	r2, [r3]
  43              		.loc 1 113 0
  44 0008 5A60     		str	r2, [r3, #4]
  45              		.loc 1 114 0
  46 000a 9A60     		str	r2, [r3, #8]
  47              		.loc 1 115 0
  48 000c DA60     		str	r2, [r3, #12]
  49              		.loc 1 116 0
  50 000e 5961     		str	r1, [r3, #20]
  51 0010 7047     		bx	lr
  52              	.L3:
  53 0012 00BF     		.align	2
  54              	.L2:
  55 0014 003C0140 		.word	1073822720
  56 0018 FFFF7F00 		.word	8388607
  57              		.cfi_endproc
ARM GAS  /var/folders/m4/4md61f0s1_g0rzfghffqnxvr0000gn/T//ccIJAqhh.s 			page 2


  58              	.LFE123:
  59              		.size	EXTI_DeInit, .-EXTI_DeInit
  60              		.section	.text.EXTI_Init,"ax",%progbits
  61              		.align	2
  62              		.p2align 4,,15
  63              		.global	EXTI_Init
  64              		.thumb
  65              		.thumb_func
  66              		.type	EXTI_Init, %function
  67              	EXTI_Init:
  68              	.LFB124:
  69              		.loc 1 127 0
  70              		.cfi_startproc
  71              		@ args = 0, pretend = 0, frame = 0
  72              		@ frame_needed = 0, uses_anonymous_args = 0
  73              	.LVL0:
  74 0000 F8B5     		push	{r3, r4, r5, r6, r7, lr}
  75              		.cfi_def_cfa_offset 24
  76              		.cfi_offset 3, -24
  77              		.cfi_offset 4, -20
  78              		.cfi_offset 5, -16
  79              		.cfi_offset 6, -12
  80              		.cfi_offset 7, -8
  81              		.cfi_offset 14, -4
  82              		.loc 1 131 0
  83 0002 0379     		ldrb	r3, [r0, #4]	@ zero_extendqisi2
  84              		.loc 1 127 0
  85 0004 0446     		mov	r4, r0
  86              		.loc 1 131 0
  87 0006 13F0FB0F 		tst	r3, #251
  88 000a 0CBF     		ite	eq
  89 000c 0120     		moveq	r0, #1
  90              	.LVL1:
  91 000e 0020     		movne	r0, #0
  92 0010 FFF7FEFF 		bl	assert_param
  93              	.LVL2:
  94              		.loc 1 132 0
  95 0014 6079     		ldrb	r0, [r4, #5]	@ zero_extendqisi2
  96 0016 00F0FB03 		and	r3, r0, #251
  97 001a 082B     		cmp	r3, #8
  98 001c 1DBF     		ittte	ne
  99 001e 1038     		subne	r0, #16
 100 0020 B0FA80F0 		clzne	r0, r0
 101 0024 4009     		lsrne	r0, r0, #5
 102 0026 0120     		moveq	r0, #1
 103 0028 FFF7FEFF 		bl	assert_param
 104              	.LVL3:
 105              		.loc 1 133 0
 106 002c 2068     		ldr	r0, [r4]
 107 002e C30D     		lsrs	r3, r0, #23
 108 0030 DB05     		lsls	r3, r3, #23
 109 0032 002B     		cmp	r3, #0
 110 0034 32D1     		bne	.L11
 111              		.loc 1 133 0 is_stmt 0 discriminator 1
 112 0036 0030     		adds	r0, r0, #0
 113 0038 18BF     		it	ne
 114 003a 0120     		movne	r0, #1
ARM GAS  /var/folders/m4/4md61f0s1_g0rzfghffqnxvr0000gn/T//ccIJAqhh.s 			page 3


 115              	.L6:
 116              		.loc 1 133 0 discriminator 6
 117 003c FFF7FEFF 		bl	assert_param
 118              	.LVL4:
 119              		.loc 1 134 0 is_stmt 1 discriminator 6
 120 0040 A079     		ldrb	r0, [r4, #6]	@ zero_extendqisi2
 121 0042 0128     		cmp	r0, #1
 122 0044 8CBF     		ite	hi
 123 0046 0020     		movhi	r0, #0
 124 0048 0120     		movls	r0, #1
 125 004a FFF7FEFF 		bl	assert_param
 126              	.LVL5:
 127              		.loc 1 138 0 discriminator 6
 128 004e A379     		ldrb	r3, [r4, #6]	@ zero_extendqisi2
 129 0050 33B3     		cbz	r3, .L7
 130              		.loc 1 141 0
 131 0052 1C4B     		ldr	r3, .L15
 132 0054 2768     		ldr	r7, [r4]
 133 0056 1E68     		ldr	r6, [r3]
 134              		.loc 1 146 0
 135 0058 2279     		ldrb	r2, [r4, #4]	@ zero_extendqisi2
 136              		.loc 1 153 0
 137 005a 6179     		ldrb	r1, [r4, #5]	@ zero_extendqisi2
 138              		.loc 1 141 0
 139 005c F843     		mvns	r0, r7
 140 005e 0640     		ands	r6, r6, r0
 141 0060 1E60     		str	r6, [r3]
 142              		.loc 1 142 0
 143 0062 5D68     		ldr	r5, [r3, #4]
 144              		.loc 1 146 0
 145 0064 02F18042 		add	r2, r2, #1073741824
 146              		.loc 1 142 0
 147 0068 0540     		ands	r5, r5, r0
 148              		.loc 1 146 0
 149 006a 02F59E32 		add	r2, r2, #80896
 150              		.loc 1 142 0
 151 006e 5D60     		str	r5, [r3, #4]
 152              	.LVL6:
 153              		.loc 1 146 0
 154 0070 1068     		ldr	r0, [r2]
 155 0072 3843     		orrs	r0, r0, r7
 156 0074 1060     		str	r0, [r2]
 157              	.LVL7:
 158              		.loc 1 149 0
 159 0076 2468     		ldr	r4, [r4]
 160              	.LVL8:
 161 0078 9868     		ldr	r0, [r3, #8]
 162 007a E543     		mvns	r5, r4
 163 007c 2840     		ands	r0, r0, r5
 164 007e 9860     		str	r0, [r3, #8]
 165              		.loc 1 150 0
 166 0080 DA68     		ldr	r2, [r3, #12]
 167              		.loc 1 153 0
 168 0082 1029     		cmp	r1, #16
 169              		.loc 1 150 0
 170 0084 02EA0502 		and	r2, r2, r5
 171 0088 DA60     		str	r2, [r3, #12]
ARM GAS  /var/folders/m4/4md61f0s1_g0rzfghffqnxvr0000gn/T//ccIJAqhh.s 			page 4


 172              		.loc 1 153 0
 173 008a 14D0     		beq	.L14
 174              	.LVL9:
 175              		.loc 1 164 0
 176 008c 01F18043 		add	r3, r1, #1073741824
 177 0090 03F59E33 		add	r3, r3, #80896
 178 0094 1A68     		ldr	r2, [r3]
 179 0096 1443     		orrs	r4, r4, r2
 180 0098 1C60     		str	r4, [r3]
 181 009a F8BD     		pop	{r3, r4, r5, r6, r7, pc}
 182              	.LVL10:
 183              	.L11:
 184              		.loc 1 133 0
 185 009c 0020     		movs	r0, #0
 186 009e CDE7     		b	.L6
 187              	.LVL11:
 188              	.L7:
 189              		.loc 1 172 0
 190 00a0 2379     		ldrb	r3, [r4, #4]	@ zero_extendqisi2
 191 00a2 2168     		ldr	r1, [r4]
 192 00a4 03F18043 		add	r3, r3, #1073741824
 193 00a8 03F59E33 		add	r3, r3, #80896
 194 00ac 1A68     		ldr	r2, [r3]
 195 00ae 22EA0102 		bic	r2, r2, r1
 196 00b2 1A60     		str	r2, [r3]
 197              	.LVL12:
 198 00b4 F8BD     		pop	{r3, r4, r5, r6, r7, pc}
 199              	.LVL13:
 200              	.L14:
 201              		.loc 1 156 0
 202 00b6 9A68     		ldr	r2, [r3, #8]
 203 00b8 2243     		orrs	r2, r2, r4
 204 00ba 9A60     		str	r2, [r3, #8]
 205              		.loc 1 157 0
 206 00bc DA68     		ldr	r2, [r3, #12]
 207 00be 1443     		orrs	r4, r4, r2
 208 00c0 DC60     		str	r4, [r3, #12]
 209 00c2 F8BD     		pop	{r3, r4, r5, r6, r7, pc}
 210              	.L16:
 211              		.align	2
 212              	.L15:
 213 00c4 003C0140 		.word	1073822720
 214              		.cfi_endproc
 215              	.LFE124:
 216              		.size	EXTI_Init, .-EXTI_Init
 217              		.section	.text.EXTI_StructInit,"ax",%progbits
 218              		.align	2
 219              		.p2align 4,,15
 220              		.global	EXTI_StructInit
 221              		.thumb
 222              		.thumb_func
 223              		.type	EXTI_StructInit, %function
 224              	EXTI_StructInit:
 225              	.LFB125:
 226              		.loc 1 183 0
 227              		.cfi_startproc
 228              		@ args = 0, pretend = 0, frame = 0
ARM GAS  /var/folders/m4/4md61f0s1_g0rzfghffqnxvr0000gn/T//ccIJAqhh.s 			page 5


 229              		@ frame_needed = 0, uses_anonymous_args = 0
 230              		@ link register save eliminated.
 231              	.LVL14:
 232              		.loc 1 184 0
 233 0000 0023     		movs	r3, #0
 234              		.loc 1 186 0
 235 0002 0C22     		movs	r2, #12
 236 0004 4271     		strb	r2, [r0, #5]
 237              		.loc 1 184 0
 238 0006 0360     		str	r3, [r0]
 239              		.loc 1 185 0
 240 0008 0371     		strb	r3, [r0, #4]
 241              		.loc 1 187 0
 242 000a 8371     		strb	r3, [r0, #6]
 243 000c 7047     		bx	lr
 244              		.cfi_endproc
 245              	.LFE125:
 246              		.size	EXTI_StructInit, .-EXTI_StructInit
 247 000e 00BF     		.section	.text.EXTI_GenerateSWInterrupt,"ax",%progbits
 248              		.align	2
 249              		.p2align 4,,15
 250              		.global	EXTI_GenerateSWInterrupt
 251              		.thumb
 252              		.thumb_func
 253              		.type	EXTI_GenerateSWInterrupt, %function
 254              	EXTI_GenerateSWInterrupt:
 255              	.LFB126:
 256              		.loc 1 198 0
 257              		.cfi_startproc
 258              		@ args = 0, pretend = 0, frame = 0
 259              		@ frame_needed = 0, uses_anonymous_args = 0
 260              	.LVL15:
 261              		.loc 1 200 0
 262 0000 C30D     		lsrs	r3, r0, #23
 263 0002 DB05     		lsls	r3, r3, #23
 264              		.loc 1 198 0
 265 0004 10B5     		push	{r4, lr}
 266              		.cfi_def_cfa_offset 8
 267              		.cfi_offset 4, -8
 268              		.cfi_offset 14, -4
 269              		.loc 1 198 0
 270 0006 0446     		mov	r4, r0
 271              		.loc 1 200 0
 272 0008 4BB9     		cbnz	r3, .L20
 273              		.loc 1 200 0 is_stmt 0 discriminator 1
 274 000a 0030     		adds	r0, r0, #0
 275              	.LVL16:
 276 000c 18BF     		it	ne
 277 000e 0120     		movne	r0, #1
 278              	.L19:
 279              		.loc 1 200 0 discriminator 6
 280 0010 FFF7FEFF 		bl	assert_param
 281              	.LVL17:
 282              		.loc 1 202 0 is_stmt 1 discriminator 6
 283 0014 034B     		ldr	r3, .L22
 284 0016 1869     		ldr	r0, [r3, #16]
 285 0018 2043     		orrs	r0, r0, r4
ARM GAS  /var/folders/m4/4md61f0s1_g0rzfghffqnxvr0000gn/T//ccIJAqhh.s 			page 6


 286 001a 1861     		str	r0, [r3, #16]
 287 001c 10BD     		pop	{r4, pc}
 288              	.LVL18:
 289              	.L20:
 290              		.loc 1 200 0
 291 001e 0020     		movs	r0, #0
 292              	.LVL19:
 293 0020 F6E7     		b	.L19
 294              	.L23:
 295 0022 00BF     		.align	2
 296              	.L22:
 297 0024 003C0140 		.word	1073822720
 298              		.cfi_endproc
 299              	.LFE126:
 300              		.size	EXTI_GenerateSWInterrupt, .-EXTI_GenerateSWInterrupt
 301              		.section	.text.EXTI_GetITStatus,"ax",%progbits
 302              		.align	2
 303              		.p2align 4,,15
 304              		.global	EXTI_GetITStatus
 305              		.thumb
 306              		.thumb_func
 307              		.type	EXTI_GetITStatus, %function
 308              	EXTI_GetITStatus:
 309              	.LFB129:
 310              		.loc 1 265 0
 311              		.cfi_startproc
 312              		@ args = 0, pretend = 0, frame = 0
 313              		@ frame_needed = 0, uses_anonymous_args = 0
 314              	.LVL20:
 315              		.loc 1 268 0
 316 0000 421E     		subs	r2, r0, #1
 317 0002 1F2A     		cmp	r2, #31
 318              		.loc 1 265 0
 319 0004 10B5     		push	{r4, lr}
 320              		.cfi_def_cfa_offset 8
 321              		.cfi_offset 4, -8
 322              		.cfi_offset 14, -4
 323              		.loc 1 265 0
 324 0006 0446     		mov	r4, r0
 325              		.loc 1 268 0
 326 0008 0BD9     		bls	.L48
 327 000a 4028     		cmp	r0, #64
 328 000c 0DD1     		bne	.L27
 329              	.L45:
 330 000e 0120     		movs	r0, #1
 331              	.LVL21:
 332              	.L26:
 333              		.loc 1 268 0 is_stmt 0 discriminator 48
 334 0010 FFF7FEFF 		bl	assert_param
 335              	.LVL22:
 336              		.loc 1 270 0 is_stmt 1 discriminator 48
 337 0014 1F4B     		ldr	r3, .L49
 338 0016 5B69     		ldr	r3, [r3, #20]
 339              	.LVL23:
 340              		.loc 1 278 0 discriminator 48
 341 0018 1C42     		tst	r4, r3
 342 001a 14BF     		ite	ne
ARM GAS  /var/folders/m4/4md61f0s1_g0rzfghffqnxvr0000gn/T//ccIJAqhh.s 			page 7


 343 001c 0120     		movne	r0, #1
 344 001e 0020     		moveq	r0, #0
 345              		.loc 1 280 0 discriminator 48
 346 0020 10BD     		pop	{r4, pc}
 347              	.LVL24:
 348              	.L48:
 349              		.loc 1 268 0
 350 0022 1D4B     		ldr	r3, .L49+4
 351 0024 D340     		lsrs	r3, r3, r2
 352 0026 DA07     		lsls	r2, r3, #31
 353 0028 F1D4     		bmi	.L45
 354              	.L27:
 355              		.loc 1 268 0 is_stmt 0 discriminator 12
 356 002a 802C     		cmp	r4, #128
 357 002c EFD0     		beq	.L45
 358              		.loc 1 268 0 discriminator 14
 359 002e B4F5807F 		cmp	r4, #256
 360 0032 ECD0     		beq	.L45
 361              		.loc 1 268 0 discriminator 16
 362 0034 B4F5007F 		cmp	r4, #512
 363 0038 E9D0     		beq	.L45
 364              		.loc 1 268 0 discriminator 18
 365 003a B4F5806F 		cmp	r4, #1024
 366 003e E6D0     		beq	.L45
 367              		.loc 1 268 0 discriminator 20
 368 0040 B4F5006F 		cmp	r4, #2048
 369 0044 E3D0     		beq	.L45
 370              		.loc 1 268 0 discriminator 22
 371 0046 B4F5805F 		cmp	r4, #4096
 372 004a E0D0     		beq	.L45
 373              		.loc 1 268 0 discriminator 24
 374 004c B4F5005F 		cmp	r4, #8192
 375 0050 DDD0     		beq	.L45
 376              		.loc 1 268 0 discriminator 26
 377 0052 B4F5804F 		cmp	r4, #16384
 378 0056 DAD0     		beq	.L45
 379              		.loc 1 268 0 discriminator 28
 380 0058 B4F5004F 		cmp	r4, #32768
 381 005c D7D0     		beq	.L45
 382              		.loc 1 268 0 discriminator 30
 383 005e B4F5803F 		cmp	r4, #65536
 384 0062 D4D0     		beq	.L45
 385              		.loc 1 268 0 discriminator 32
 386 0064 B4F5003F 		cmp	r4, #131072
 387 0068 D1D0     		beq	.L45
 388              		.loc 1 268 0 discriminator 34
 389 006a B4F5802F 		cmp	r4, #262144
 390 006e CED0     		beq	.L45
 391              		.loc 1 268 0 discriminator 36
 392 0070 B4F5002F 		cmp	r4, #524288
 393 0074 CBD0     		beq	.L45
 394              		.loc 1 268 0 discriminator 38
 395 0076 B4F5801F 		cmp	r4, #1048576
 396 007a C8D0     		beq	.L45
 397              		.loc 1 268 0 discriminator 40
 398 007c B4F5001F 		cmp	r4, #2097152
 399 0080 C5D0     		beq	.L45
ARM GAS  /var/folders/m4/4md61f0s1_g0rzfghffqnxvr0000gn/T//ccIJAqhh.s 			page 8


 400              		.loc 1 268 0 discriminator 42
 401 0082 B4F5800F 		cmp	r4, #4194304
 402 0086 C2D0     		beq	.L45
 403              		.loc 1 268 0 discriminator 44
 404 0088 A4F50003 		sub	r3, r4, #8388608
 405 008c 5842     		rsbs	r0, r3, #0
 406              	.LVL25:
 407 008e 5841     		adcs	r0, r0, r3
 408 0090 BEE7     		b	.L26
 409              	.L50:
 410 0092 00BF     		.align	2
 411              	.L49:
 412 0094 003C0140 		.word	1073822720
 413 0098 8B800080 		.word	-2147450741
 414              		.cfi_endproc
 415              	.LFE129:
 416              		.size	EXTI_GetITStatus, .-EXTI_GetITStatus
 417              		.section	.text.EXTI_GetFlagStatus,"ax",%progbits
 418              		.align	2
 419              		.p2align 4,,15
 420              		.global	EXTI_GetFlagStatus
 421              		.thumb
 422              		.thumb_func
 423              		.type	EXTI_GetFlagStatus, %function
 424              	EXTI_GetFlagStatus:
 425              	.LFB134:
 426              		.cfi_startproc
 427              		@ args = 0, pretend = 0, frame = 0
 428              		@ frame_needed = 0, uses_anonymous_args = 0
 429              		@ link register save eliminated.
 430 0000 FFF7FEBF 		b	EXTI_GetITStatus
 431              		.cfi_endproc
 432              	.LFE134:
 433              		.size	EXTI_GetFlagStatus, .-EXTI_GetFlagStatus
 434              		.section	.text.EXTI_ClearITPendingBit,"ax",%progbits
 435              		.align	2
 436              		.p2align 4,,15
 437              		.global	EXTI_ClearITPendingBit
 438              		.thumb
 439              		.thumb_func
 440              		.type	EXTI_ClearITPendingBit, %function
 441              	EXTI_ClearITPendingBit:
 442              	.LFB130:
 443              		.loc 1 289 0 is_stmt 1
 444              		.cfi_startproc
 445              		@ args = 0, pretend = 0, frame = 0
 446              		@ frame_needed = 0, uses_anonymous_args = 0
 447              	.LVL26:
 448              		.loc 1 291 0
 449 0000 C30D     		lsrs	r3, r0, #23
 450 0002 DB05     		lsls	r3, r3, #23
 451              		.loc 1 289 0
 452 0004 10B5     		push	{r4, lr}
 453              		.cfi_def_cfa_offset 8
 454              		.cfi_offset 4, -8
 455              		.cfi_offset 14, -4
 456              		.loc 1 289 0
ARM GAS  /var/folders/m4/4md61f0s1_g0rzfghffqnxvr0000gn/T//ccIJAqhh.s 			page 9


 457 0006 0446     		mov	r4, r0
 458              		.loc 1 291 0
 459 0008 3BB9     		cbnz	r3, .L54
 460              		.loc 1 291 0 is_stmt 0 discriminator 1
 461 000a 0030     		adds	r0, r0, #0
 462              	.LVL27:
 463 000c 18BF     		it	ne
 464 000e 0120     		movne	r0, #1
 465 0010 FFF7FEFF 		bl	assert_param
 466              	.LVL28:
 467              		.loc 1 293 0 is_stmt 1 discriminator 1
 468 0014 044B     		ldr	r3, .L56
 469 0016 5C61     		str	r4, [r3, #20]
 470 0018 10BD     		pop	{r4, pc}
 471              	.LVL29:
 472              	.L54:
 473              		.loc 1 291 0
 474 001a 0020     		movs	r0, #0
 475              	.LVL30:
 476 001c FFF7FEFF 		bl	assert_param
 477              	.LVL31:
 478              		.loc 1 293 0
 479 0020 014B     		ldr	r3, .L56
 480 0022 5C61     		str	r4, [r3, #20]
 481 0024 10BD     		pop	{r4, pc}
 482              	.LVL32:
 483              	.L57:
 484 0026 00BF     		.align	2
 485              	.L56:
 486 0028 003C0140 		.word	1073822720
 487              		.cfi_endproc
 488              	.LFE130:
 489              		.size	EXTI_ClearITPendingBit, .-EXTI_ClearITPendingBit
 490              		.section	.text.EXTI_ClearFlag,"ax",%progbits
 491              		.align	2
 492              		.p2align 4,,15
 493              		.global	EXTI_ClearFlag
 494              		.thumb
 495              		.thumb_func
 496              		.type	EXTI_ClearFlag, %function
 497              	EXTI_ClearFlag:
 498              	.LFB132:
 499              		.cfi_startproc
 500              		@ args = 0, pretend = 0, frame = 0
 501              		@ frame_needed = 0, uses_anonymous_args = 0
 502              		@ link register save eliminated.
 503 0000 FFF7FEBF 		b	EXTI_ClearITPendingBit
 504              		.cfi_endproc
 505              	.LFE132:
 506              		.size	EXTI_ClearFlag, .-EXTI_ClearFlag
 507              		.text
 508              	.Letext0:
 509              		.file 2 "/opt/homebrew-cask/Caskroom/gcc-arm-embedded/5_2-2015q4,20151219/gcc-arm-none-eabi-5_2-20
 510              		.file 3 "/opt/homebrew-cask/Caskroom/gcc-arm-embedded/5_2-2015q4,20151219/gcc-arm-none-eabi-5_2-20
 511              		.file 4 "ChibiOS_16.1.4/os/ext/CMSIS/ST/STM32F4xx/stm32f405xx.h"
 512              		.file 5 "ChibiOS_16.1.4/os/ext/CMSIS/ST/STM32F4xx/stm32f4xx.h"
 513              		.file 6 "ChibiOS_16.1.4/ext/stdperiph_stm32f4/inc/stm32f4xx_exti.h"
ARM GAS  /var/folders/m4/4md61f0s1_g0rzfghffqnxvr0000gn/T//ccIJAqhh.s 			page 10


 514              		.file 7 "ChibiOS_16.1.4/os/ext/CMSIS/include/core_cm4.h"
 515              		.section	.debug_info,"",%progbits
 516              	.Ldebug_info0:
 517 0000 B6030000 		.4byte	0x3b6
 518 0004 0400     		.2byte	0x4
 519 0006 00000000 		.4byte	.Ldebug_abbrev0
 520 000a 04       		.byte	0x4
 521 000b 01       		.uleb128 0x1
 522 000c DD020000 		.4byte	.LASF45
 523 0010 0C       		.byte	0xc
 524 0011 58020000 		.4byte	.LASF46
 525 0015 F4000000 		.4byte	.LASF47
 526 0019 00000000 		.4byte	.Ldebug_ranges0+0
 527 001d 00000000 		.4byte	0
 528 0021 00000000 		.4byte	.Ldebug_line0
 529 0025 02       		.uleb128 0x2
 530 0026 01       		.byte	0x1
 531 0027 06       		.byte	0x6
 532 0028 F0010000 		.4byte	.LASF0
 533 002c 02       		.uleb128 0x2
 534 002d 01       		.byte	0x1
 535 002e 08       		.byte	0x8
 536 002f E6000000 		.4byte	.LASF1
 537 0033 02       		.uleb128 0x2
 538 0034 02       		.byte	0x2
 539 0035 05       		.byte	0x5
 540 0036 92020000 		.4byte	.LASF2
 541 003a 03       		.uleb128 0x3
 542 003b 7C010000 		.4byte	.LASF4
 543 003f 02       		.byte	0x2
 544 0040 2B       		.byte	0x2b
 545 0041 45000000 		.4byte	0x45
 546 0045 02       		.uleb128 0x2
 547 0046 02       		.byte	0x2
 548 0047 07       		.byte	0x7
 549 0048 64000000 		.4byte	.LASF3
 550 004c 03       		.uleb128 0x3
 551 004d 3A000000 		.4byte	.LASF5
 552 0051 02       		.byte	0x2
 553 0052 3F       		.byte	0x3f
 554 0053 57000000 		.4byte	0x57
 555 0057 02       		.uleb128 0x2
 556 0058 04       		.byte	0x4
 557 0059 05       		.byte	0x5
 558 005a B8020000 		.4byte	.LASF6
 559 005e 03       		.uleb128 0x3
 560 005f 87010000 		.4byte	.LASF7
 561 0063 02       		.byte	0x2
 562 0064 41       		.byte	0x41
 563 0065 69000000 		.4byte	0x69
 564 0069 02       		.uleb128 0x2
 565 006a 04       		.byte	0x4
 566 006b 07       		.byte	0x7
 567 006c 34010000 		.4byte	.LASF8
 568 0070 02       		.uleb128 0x2
 569 0071 08       		.byte	0x8
 570 0072 05       		.byte	0x5
ARM GAS  /var/folders/m4/4md61f0s1_g0rzfghffqnxvr0000gn/T//ccIJAqhh.s 			page 11


 571 0073 39020000 		.4byte	.LASF9
 572 0077 02       		.uleb128 0x2
 573 0078 08       		.byte	0x8
 574 0079 07       		.byte	0x7
 575 007a D9010000 		.4byte	.LASF10
 576 007e 04       		.uleb128 0x4
 577 007f 04       		.byte	0x4
 578 0080 05       		.byte	0x5
 579 0081 696E7400 		.ascii	"int\000"
 580 0085 02       		.uleb128 0x2
 581 0086 04       		.byte	0x4
 582 0087 07       		.byte	0x7
 583 0088 C2010000 		.4byte	.LASF11
 584 008c 03       		.uleb128 0x3
 585 008d 9C020000 		.4byte	.LASF12
 586 0091 03       		.byte	0x3
 587 0092 1A       		.byte	0x1a
 588 0093 3A000000 		.4byte	0x3a
 589 0097 03       		.uleb128 0x3
 590 0098 11020000 		.4byte	.LASF13
 591 009c 03       		.byte	0x3
 592 009d 1F       		.byte	0x1f
 593 009e 4C000000 		.4byte	0x4c
 594 00a2 03       		.uleb128 0x3
 595 00a3 AF020000 		.4byte	.LASF14
 596 00a7 03       		.byte	0x3
 597 00a8 20       		.byte	0x20
 598 00a9 5E000000 		.4byte	0x5e
 599 00ad 02       		.uleb128 0x2
 600 00ae 04       		.byte	0x4
 601 00af 07       		.byte	0x7
 602 00b0 19020000 		.4byte	.LASF15
 603 00b4 05       		.uleb128 0x5
 604 00b5 A2000000 		.4byte	0xa2
 605 00b9 06       		.uleb128 0x6
 606 00ba 18       		.byte	0x18
 607 00bb 04       		.byte	0x4
 608 00bc 6D01     		.2byte	0x16d
 609 00be 10010000 		.4byte	0x110
 610 00c2 07       		.uleb128 0x7
 611 00c3 494D5200 		.ascii	"IMR\000"
 612 00c7 04       		.byte	0x4
 613 00c8 6F01     		.2byte	0x16f
 614 00ca B4000000 		.4byte	0xb4
 615 00ce 00       		.byte	0
 616 00cf 07       		.uleb128 0x7
 617 00d0 454D5200 		.ascii	"EMR\000"
 618 00d4 04       		.byte	0x4
 619 00d5 7001     		.2byte	0x170
 620 00d7 B4000000 		.4byte	0xb4
 621 00db 04       		.byte	0x4
 622 00dc 08       		.uleb128 0x8
 623 00dd 77010000 		.4byte	.LASF16
 624 00e1 04       		.byte	0x4
 625 00e2 7101     		.2byte	0x171
 626 00e4 B4000000 		.4byte	0xb4
 627 00e8 08       		.byte	0x8
ARM GAS  /var/folders/m4/4md61f0s1_g0rzfghffqnxvr0000gn/T//ccIJAqhh.s 			page 12


 628 00e9 08       		.uleb128 0x8
 629 00ea F5030000 		.4byte	.LASF17
 630 00ee 04       		.byte	0x4
 631 00ef 7201     		.2byte	0x172
 632 00f1 B4000000 		.4byte	0xb4
 633 00f5 0C       		.byte	0xc
 634 00f6 08       		.uleb128 0x8
 635 00f7 E3030000 		.4byte	.LASF18
 636 00fb 04       		.byte	0x4
 637 00fc 7301     		.2byte	0x173
 638 00fe B4000000 		.4byte	0xb4
 639 0102 10       		.byte	0x10
 640 0103 07       		.uleb128 0x7
 641 0104 505200   		.ascii	"PR\000"
 642 0107 04       		.byte	0x4
 643 0108 7401     		.2byte	0x174
 644 010a B4000000 		.4byte	0xb4
 645 010e 14       		.byte	0x14
 646 010f 00       		.byte	0
 647 0110 09       		.uleb128 0x9
 648 0111 5D010000 		.4byte	.LASF19
 649 0115 04       		.byte	0x4
 650 0116 7501     		.2byte	0x175
 651 0118 B9000000 		.4byte	0xb9
 652 011c 0A       		.uleb128 0xa
 653 011d 01       		.byte	0x1
 654 011e 2C000000 		.4byte	0x2c
 655 0122 05       		.byte	0x5
 656 0123 B8       		.byte	0xb8
 657 0124 35010000 		.4byte	0x135
 658 0128 0B       		.uleb128 0xb
 659 0129 46010000 		.4byte	.LASF20
 660 012d 00       		.byte	0
 661 012e 0C       		.uleb128 0xc
 662 012f 53455400 		.ascii	"SET\000"
 663 0133 01       		.byte	0x1
 664 0134 00       		.byte	0
 665 0135 03       		.uleb128 0x3
 666 0136 29010000 		.4byte	.LASF21
 667 013a 05       		.byte	0x5
 668 013b BB       		.byte	0xbb
 669 013c 1C010000 		.4byte	0x11c
 670 0140 03       		.uleb128 0x3
 671 0141 17000000 		.4byte	.LASF22
 672 0145 05       		.byte	0x5
 673 0146 BB       		.byte	0xbb
 674 0147 1C010000 		.4byte	0x11c
 675 014b 0A       		.uleb128 0xa
 676 014c 01       		.byte	0x1
 677 014d 2C000000 		.4byte	0x2c
 678 0151 05       		.byte	0x5
 679 0152 BE       		.byte	0xbe
 680 0153 64010000 		.4byte	0x164
 681 0157 0B       		.uleb128 0xb
 682 0158 C1020000 		.4byte	.LASF23
 683 015c 00       		.byte	0
 684 015d 0B       		.uleb128 0xb
ARM GAS  /var/folders/m4/4md61f0s1_g0rzfghffqnxvr0000gn/T//ccIJAqhh.s 			page 13


 685 015e CB000000 		.4byte	.LASF24
 686 0162 01       		.byte	0x1
 687 0163 00       		.byte	0
 688 0164 03       		.uleb128 0x3
 689 0165 77000000 		.4byte	.LASF25
 690 0169 05       		.byte	0x5
 691 016a C1       		.byte	0xc1
 692 016b 4B010000 		.4byte	0x14b
 693 016f 0A       		.uleb128 0xa
 694 0170 01       		.byte	0x1
 695 0171 2C000000 		.4byte	0x2c
 696 0175 06       		.byte	0x6
 697 0176 37       		.byte	0x37
 698 0177 88010000 		.4byte	0x188
 699 017b 0B       		.uleb128 0xb
 700 017c D2000000 		.4byte	.LASF26
 701 0180 00       		.byte	0
 702 0181 0B       		.uleb128 0xb
 703 0182 54000000 		.4byte	.LASF27
 704 0186 04       		.byte	0x4
 705 0187 00       		.byte	0
 706 0188 03       		.uleb128 0x3
 707 0189 4C010000 		.4byte	.LASF28
 708 018d 06       		.byte	0x6
 709 018e 3A       		.byte	0x3a
 710 018f 6F010000 		.4byte	0x16f
 711 0193 0A       		.uleb128 0xa
 712 0194 01       		.byte	0x1
 713 0195 2C000000 		.4byte	0x2c
 714 0199 06       		.byte	0x6
 715 019a 43       		.byte	0x43
 716 019b B2010000 		.4byte	0x1b2
 717 019f 0B       		.uleb128 0xb
 718 01a0 92010000 		.4byte	.LASF29
 719 01a4 08       		.byte	0x8
 720 01a5 0B       		.uleb128 0xb
 721 01a6 FC010000 		.4byte	.LASF30
 722 01aa 0C       		.byte	0xc
 723 01ab 0B       		.uleb128 0xb
 724 01ac A6010000 		.4byte	.LASF31
 725 01b0 10       		.byte	0x10
 726 01b1 00       		.byte	0
 727 01b2 03       		.uleb128 0x3
 728 01b3 C9020000 		.4byte	.LASF32
 729 01b7 06       		.byte	0x6
 730 01b8 47       		.byte	0x47
 731 01b9 93010000 		.4byte	0x193
 732 01bd 0D       		.uleb128 0xd
 733 01be 08       		.byte	0x8
 734 01bf 06       		.byte	0x6
 735 01c0 50       		.byte	0x50
 736 01c1 F6010000 		.4byte	0x1f6
 737 01c5 0E       		.uleb128 0xe
 738 01c6 00000000 		.4byte	.LASF33
 739 01ca 06       		.byte	0x6
 740 01cb 52       		.byte	0x52
 741 01cc A2000000 		.4byte	0xa2
ARM GAS  /var/folders/m4/4md61f0s1_g0rzfghffqnxvr0000gn/T//ccIJAqhh.s 			page 14


 742 01d0 00       		.byte	0
 743 01d1 0E       		.uleb128 0xe
 744 01d2 A5020000 		.4byte	.LASF34
 745 01d6 06       		.byte	0x6
 746 01d7 55       		.byte	0x55
 747 01d8 88010000 		.4byte	0x188
 748 01dc 04       		.byte	0x4
 749 01dd 0E       		.uleb128 0xe
 750 01de 2D000000 		.4byte	.LASF35
 751 01e2 06       		.byte	0x6
 752 01e3 58       		.byte	0x58
 753 01e4 B2010000 		.4byte	0x1b2
 754 01e8 05       		.byte	0x5
 755 01e9 0E       		.uleb128 0xe
 756 01ea 20000000 		.4byte	.LASF36
 757 01ee 06       		.byte	0x6
 758 01ef 5B       		.byte	0x5b
 759 01f0 64010000 		.4byte	0x164
 760 01f4 06       		.byte	0x6
 761 01f5 00       		.byte	0
 762 01f6 03       		.uleb128 0x3
 763 01f7 AA000000 		.4byte	.LASF37
 764 01fb 06       		.byte	0x6
 765 01fc 5D       		.byte	0x5d
 766 01fd BD010000 		.4byte	0x1bd
 767 0201 0F       		.uleb128 0xf
 768 0202 E9030000 		.4byte	.LASF48
 769 0206 01       		.byte	0x1
 770 0207 6E       		.byte	0x6e
 771 0208 00000000 		.4byte	.LFB123
 772 020c 1C000000 		.4byte	.LFE123-.LFB123
 773 0210 01       		.uleb128 0x1
 774 0211 9C       		.byte	0x9c
 775 0212 10       		.uleb128 0x10
 776 0213 CF010000 		.4byte	.LASF38
 777 0217 01       		.byte	0x1
 778 0218 7E       		.byte	0x7e
 779 0219 00000000 		.4byte	.LFB124
 780 021d C8000000 		.4byte	.LFE124-.LFB124
 781 0221 01       		.uleb128 0x1
 782 0222 9C       		.byte	0x9c
 783 0223 7B020000 		.4byte	0x27b
 784 0227 11       		.uleb128 0x11
 785 0228 BB000000 		.4byte	.LASF40
 786 022c 01       		.byte	0x1
 787 022d 7E       		.byte	0x7e
 788 022e 7B020000 		.4byte	0x27b
 789 0232 00000000 		.4byte	.LLST0
 790 0236 12       		.uleb128 0x12
 791 0237 746D7000 		.ascii	"tmp\000"
 792 023b 01       		.byte	0x1
 793 023c 80       		.byte	0x80
 794 023d A2000000 		.4byte	0xa2
 795 0241 45000000 		.4byte	.LLST1
 796 0245 13       		.uleb128 0x13
 797 0246 0A000000 		.4byte	.LASF42
 798 024a 01       		.byte	0x1
ARM GAS  /var/folders/m4/4md61f0s1_g0rzfghffqnxvr0000gn/T//ccIJAqhh.s 			page 15


 799 024b 83       		.byte	0x83
 800 024c 7E000000 		.4byte	0x7e
 801 0250 56020000 		.4byte	0x256
 802 0254 14       		.uleb128 0x14
 803 0255 00       		.byte	0
 804 0256 15       		.uleb128 0x15
 805 0257 14000000 		.4byte	.LVL2
 806 025b AE030000 		.4byte	0x3ae
 807 025f 15       		.uleb128 0x15
 808 0260 2C000000 		.4byte	.LVL3
 809 0264 AE030000 		.4byte	0x3ae
 810 0268 15       		.uleb128 0x15
 811 0269 40000000 		.4byte	.LVL4
 812 026d AE030000 		.4byte	0x3ae
 813 0271 15       		.uleb128 0x15
 814 0272 4E000000 		.4byte	.LVL5
 815 0276 AE030000 		.4byte	0x3ae
 816 027a 00       		.byte	0
 817 027b 16       		.uleb128 0x16
 818 027c 04       		.byte	0x4
 819 027d F6010000 		.4byte	0x1f6
 820 0281 10       		.uleb128 0x10
 821 0282 44000000 		.4byte	.LASF39
 822 0286 01       		.byte	0x1
 823 0287 B6       		.byte	0xb6
 824 0288 00000000 		.4byte	.LFB125
 825 028c 0E000000 		.4byte	.LFE125-.LFB125
 826 0290 01       		.uleb128 0x1
 827 0291 9C       		.byte	0x9c
 828 0292 A4020000 		.4byte	0x2a4
 829 0296 17       		.uleb128 0x17
 830 0297 BB000000 		.4byte	.LASF40
 831 029b 01       		.byte	0x1
 832 029c B6       		.byte	0xb6
 833 029d 7B020000 		.4byte	0x27b
 834 02a1 01       		.uleb128 0x1
 835 02a2 50       		.byte	0x50
 836 02a3 00       		.byte	0
 837 02a4 10       		.uleb128 0x10
 838 02a5 91000000 		.4byte	.LASF41
 839 02a9 01       		.byte	0x1
 840 02aa C5       		.byte	0xc5
 841 02ab 00000000 		.4byte	.LFB126
 842 02af 28000000 		.4byte	.LFE126-.LFB126
 843 02b3 01       		.uleb128 0x1
 844 02b4 9C       		.byte	0x9c
 845 02b5 E3020000 		.4byte	0x2e3
 846 02b9 11       		.uleb128 0x11
 847 02ba 00000000 		.4byte	.LASF33
 848 02be 01       		.byte	0x1
 849 02bf C5       		.byte	0xc5
 850 02c0 A2000000 		.4byte	0xa2
 851 02c4 D5000000 		.4byte	.LLST2
 852 02c8 13       		.uleb128 0x13
 853 02c9 0A000000 		.4byte	.LASF42
 854 02cd 01       		.byte	0x1
 855 02ce 83       		.byte	0x83
ARM GAS  /var/folders/m4/4md61f0s1_g0rzfghffqnxvr0000gn/T//ccIJAqhh.s 			page 16


 856 02cf 7E000000 		.4byte	0x7e
 857 02d3 D9020000 		.4byte	0x2d9
 858 02d7 14       		.uleb128 0x14
 859 02d8 00       		.byte	0
 860 02d9 15       		.uleb128 0x15
 861 02da 14000000 		.4byte	.LVL17
 862 02de AE030000 		.4byte	0x3ae
 863 02e2 00       		.byte	0
 864 02e3 18       		.uleb128 0x18
 865 02e4 47020000 		.4byte	.LASF49
 866 02e8 01       		.byte	0x1
 867 02e9 0801     		.2byte	0x108
 868 02eb 40010000 		.4byte	0x140
 869 02ef 00000000 		.4byte	.LFB129
 870 02f3 9C000000 		.4byte	.LFE129-.LFB129
 871 02f7 01       		.uleb128 0x1
 872 02f8 9C       		.byte	0x9c
 873 02f9 38030000 		.4byte	0x338
 874 02fd 19       		.uleb128 0x19
 875 02fe 00000000 		.4byte	.LASF33
 876 0302 01       		.byte	0x1
 877 0303 0801     		.2byte	0x108
 878 0305 A2000000 		.4byte	0xa2
 879 0309 09010000 		.4byte	.LLST3
 880 030d 1A       		.uleb128 0x1a
 881 030e 87000000 		.4byte	.LASF43
 882 0312 01       		.byte	0x1
 883 0313 0A01     		.2byte	0x10a
 884 0315 35010000 		.4byte	0x135
 885 0319 3D010000 		.4byte	.LLST4
 886 031d 13       		.uleb128 0x13
 887 031e 0A000000 		.4byte	.LASF42
 888 0322 01       		.byte	0x1
 889 0323 83       		.byte	0x83
 890 0324 7E000000 		.4byte	0x7e
 891 0328 2E030000 		.4byte	0x32e
 892 032c 14       		.uleb128 0x14
 893 032d 00       		.byte	0
 894 032e 15       		.uleb128 0x15
 895 032f 14000000 		.4byte	.LVL22
 896 0333 AE030000 		.4byte	0x3ae
 897 0337 00       		.byte	0
 898 0338 1B       		.uleb128 0x1b
 899 0339 22020000 		.4byte	.LASF44
 900 033d 01       		.byte	0x1
 901 033e 2001     		.2byte	0x120
 902 0340 00000000 		.4byte	.LFB130
 903 0344 2C000000 		.4byte	.LFE130-.LFB130
 904 0348 01       		.uleb128 0x1
 905 0349 9C       		.byte	0x9c
 906 034a 9D030000 		.4byte	0x39d
 907 034e 19       		.uleb128 0x19
 908 034f 00000000 		.4byte	.LASF33
 909 0353 01       		.byte	0x1
 910 0354 2001     		.2byte	0x120
 911 0356 A2000000 		.4byte	0xa2
 912 035a 6F010000 		.4byte	.LLST5
ARM GAS  /var/folders/m4/4md61f0s1_g0rzfghffqnxvr0000gn/T//ccIJAqhh.s 			page 17


 913 035e 13       		.uleb128 0x13
 914 035f 0A000000 		.4byte	.LASF42
 915 0363 01       		.byte	0x1
 916 0364 83       		.byte	0x83
 917 0365 7E000000 		.4byte	0x7e
 918 0369 6F030000 		.4byte	0x36f
 919 036d 14       		.uleb128 0x14
 920 036e 00       		.byte	0
 921 036f 1C       		.uleb128 0x1c
 922 0370 14000000 		.4byte	.LVL28
 923 0374 AE030000 		.4byte	0x3ae
 924 0378 8D030000 		.4byte	0x38d
 925 037c 1D       		.uleb128 0x1d
 926 037d 01       		.uleb128 0x1
 927 037e 50       		.byte	0x50
 928 037f 0C       		.uleb128 0xc
 929 0380 31       		.byte	0x31
 930 0381 74       		.byte	0x74
 931 0382 00       		.sleb128 0
 932 0383 74       		.byte	0x74
 933 0384 00       		.sleb128 0
 934 0385 30       		.byte	0x30
 935 0386 2E       		.byte	0x2e
 936 0387 28       		.byte	0x28
 937 0388 0100     		.2byte	0x1
 938 038a 16       		.byte	0x16
 939 038b 13       		.byte	0x13
 940 038c 00       		.byte	0
 941 038d 1E       		.uleb128 0x1e
 942 038e 20000000 		.4byte	.LVL31
 943 0392 AE030000 		.4byte	0x3ae
 944 0396 1D       		.uleb128 0x1d
 945 0397 01       		.uleb128 0x1
 946 0398 50       		.byte	0x50
 947 0399 01       		.uleb128 0x1
 948 039a 30       		.byte	0x30
 949 039b 00       		.byte	0
 950 039c 00       		.byte	0
 951 039d 1F       		.uleb128 0x1f
 952 039e 6A010000 		.4byte	.LASF50
 953 03a2 07       		.byte	0x7
 954 03a3 FA06     		.2byte	0x6fa
 955 03a5 A9030000 		.4byte	0x3a9
 956 03a9 05       		.uleb128 0x5
 957 03aa 97000000 		.4byte	0x97
 958 03ae 20       		.uleb128 0x20
 959 03af 0A000000 		.4byte	.LASF42
 960 03b3 0A000000 		.4byte	.LASF42
 961 03b7 01       		.byte	0x1
 962 03b8 83       		.byte	0x83
 963 03b9 00       		.byte	0
 964              		.section	.debug_abbrev,"",%progbits
 965              	.Ldebug_abbrev0:
 966 0000 01       		.uleb128 0x1
 967 0001 11       		.uleb128 0x11
 968 0002 01       		.byte	0x1
 969 0003 25       		.uleb128 0x25
ARM GAS  /var/folders/m4/4md61f0s1_g0rzfghffqnxvr0000gn/T//ccIJAqhh.s 			page 18


 970 0004 0E       		.uleb128 0xe
 971 0005 13       		.uleb128 0x13
 972 0006 0B       		.uleb128 0xb
 973 0007 03       		.uleb128 0x3
 974 0008 0E       		.uleb128 0xe
 975 0009 1B       		.uleb128 0x1b
 976 000a 0E       		.uleb128 0xe
 977 000b 55       		.uleb128 0x55
 978 000c 17       		.uleb128 0x17
 979 000d 11       		.uleb128 0x11
 980 000e 01       		.uleb128 0x1
 981 000f 10       		.uleb128 0x10
 982 0010 17       		.uleb128 0x17
 983 0011 00       		.byte	0
 984 0012 00       		.byte	0
 985 0013 02       		.uleb128 0x2
 986 0014 24       		.uleb128 0x24
 987 0015 00       		.byte	0
 988 0016 0B       		.uleb128 0xb
 989 0017 0B       		.uleb128 0xb
 990 0018 3E       		.uleb128 0x3e
 991 0019 0B       		.uleb128 0xb
 992 001a 03       		.uleb128 0x3
 993 001b 0E       		.uleb128 0xe
 994 001c 00       		.byte	0
 995 001d 00       		.byte	0
 996 001e 03       		.uleb128 0x3
 997 001f 16       		.uleb128 0x16
 998 0020 00       		.byte	0
 999 0021 03       		.uleb128 0x3
 1000 0022 0E       		.uleb128 0xe
 1001 0023 3A       		.uleb128 0x3a
 1002 0024 0B       		.uleb128 0xb
 1003 0025 3B       		.uleb128 0x3b
 1004 0026 0B       		.uleb128 0xb
 1005 0027 49       		.uleb128 0x49
 1006 0028 13       		.uleb128 0x13
 1007 0029 00       		.byte	0
 1008 002a 00       		.byte	0
 1009 002b 04       		.uleb128 0x4
 1010 002c 24       		.uleb128 0x24
 1011 002d 00       		.byte	0
 1012 002e 0B       		.uleb128 0xb
 1013 002f 0B       		.uleb128 0xb
 1014 0030 3E       		.uleb128 0x3e
 1015 0031 0B       		.uleb128 0xb
 1016 0032 03       		.uleb128 0x3
 1017 0033 08       		.uleb128 0x8
 1018 0034 00       		.byte	0
 1019 0035 00       		.byte	0
 1020 0036 05       		.uleb128 0x5
 1021 0037 35       		.uleb128 0x35
 1022 0038 00       		.byte	0
 1023 0039 49       		.uleb128 0x49
 1024 003a 13       		.uleb128 0x13
 1025 003b 00       		.byte	0
 1026 003c 00       		.byte	0
ARM GAS  /var/folders/m4/4md61f0s1_g0rzfghffqnxvr0000gn/T//ccIJAqhh.s 			page 19


 1027 003d 06       		.uleb128 0x6
 1028 003e 13       		.uleb128 0x13
 1029 003f 01       		.byte	0x1
 1030 0040 0B       		.uleb128 0xb
 1031 0041 0B       		.uleb128 0xb
 1032 0042 3A       		.uleb128 0x3a
 1033 0043 0B       		.uleb128 0xb
 1034 0044 3B       		.uleb128 0x3b
 1035 0045 05       		.uleb128 0x5
 1036 0046 01       		.uleb128 0x1
 1037 0047 13       		.uleb128 0x13
 1038 0048 00       		.byte	0
 1039 0049 00       		.byte	0
 1040 004a 07       		.uleb128 0x7
 1041 004b 0D       		.uleb128 0xd
 1042 004c 00       		.byte	0
 1043 004d 03       		.uleb128 0x3
 1044 004e 08       		.uleb128 0x8
 1045 004f 3A       		.uleb128 0x3a
 1046 0050 0B       		.uleb128 0xb
 1047 0051 3B       		.uleb128 0x3b
 1048 0052 05       		.uleb128 0x5
 1049 0053 49       		.uleb128 0x49
 1050 0054 13       		.uleb128 0x13
 1051 0055 38       		.uleb128 0x38
 1052 0056 0B       		.uleb128 0xb
 1053 0057 00       		.byte	0
 1054 0058 00       		.byte	0
 1055 0059 08       		.uleb128 0x8
 1056 005a 0D       		.uleb128 0xd
 1057 005b 00       		.byte	0
 1058 005c 03       		.uleb128 0x3
 1059 005d 0E       		.uleb128 0xe
 1060 005e 3A       		.uleb128 0x3a
 1061 005f 0B       		.uleb128 0xb
 1062 0060 3B       		.uleb128 0x3b
 1063 0061 05       		.uleb128 0x5
 1064 0062 49       		.uleb128 0x49
 1065 0063 13       		.uleb128 0x13
 1066 0064 38       		.uleb128 0x38
 1067 0065 0B       		.uleb128 0xb
 1068 0066 00       		.byte	0
 1069 0067 00       		.byte	0
 1070 0068 09       		.uleb128 0x9
 1071 0069 16       		.uleb128 0x16
 1072 006a 00       		.byte	0
 1073 006b 03       		.uleb128 0x3
 1074 006c 0E       		.uleb128 0xe
 1075 006d 3A       		.uleb128 0x3a
 1076 006e 0B       		.uleb128 0xb
 1077 006f 3B       		.uleb128 0x3b
 1078 0070 05       		.uleb128 0x5
 1079 0071 49       		.uleb128 0x49
 1080 0072 13       		.uleb128 0x13
 1081 0073 00       		.byte	0
 1082 0074 00       		.byte	0
 1083 0075 0A       		.uleb128 0xa
ARM GAS  /var/folders/m4/4md61f0s1_g0rzfghffqnxvr0000gn/T//ccIJAqhh.s 			page 20


 1084 0076 04       		.uleb128 0x4
 1085 0077 01       		.byte	0x1
 1086 0078 0B       		.uleb128 0xb
 1087 0079 0B       		.uleb128 0xb
 1088 007a 49       		.uleb128 0x49
 1089 007b 13       		.uleb128 0x13
 1090 007c 3A       		.uleb128 0x3a
 1091 007d 0B       		.uleb128 0xb
 1092 007e 3B       		.uleb128 0x3b
 1093 007f 0B       		.uleb128 0xb
 1094 0080 01       		.uleb128 0x1
 1095 0081 13       		.uleb128 0x13
 1096 0082 00       		.byte	0
 1097 0083 00       		.byte	0
 1098 0084 0B       		.uleb128 0xb
 1099 0085 28       		.uleb128 0x28
 1100 0086 00       		.byte	0
 1101 0087 03       		.uleb128 0x3
 1102 0088 0E       		.uleb128 0xe
 1103 0089 1C       		.uleb128 0x1c
 1104 008a 0B       		.uleb128 0xb
 1105 008b 00       		.byte	0
 1106 008c 00       		.byte	0
 1107 008d 0C       		.uleb128 0xc
 1108 008e 28       		.uleb128 0x28
 1109 008f 00       		.byte	0
 1110 0090 03       		.uleb128 0x3
 1111 0091 08       		.uleb128 0x8
 1112 0092 1C       		.uleb128 0x1c
 1113 0093 0B       		.uleb128 0xb
 1114 0094 00       		.byte	0
 1115 0095 00       		.byte	0
 1116 0096 0D       		.uleb128 0xd
 1117 0097 13       		.uleb128 0x13
 1118 0098 01       		.byte	0x1
 1119 0099 0B       		.uleb128 0xb
 1120 009a 0B       		.uleb128 0xb
 1121 009b 3A       		.uleb128 0x3a
 1122 009c 0B       		.uleb128 0xb
 1123 009d 3B       		.uleb128 0x3b
 1124 009e 0B       		.uleb128 0xb
 1125 009f 01       		.uleb128 0x1
 1126 00a0 13       		.uleb128 0x13
 1127 00a1 00       		.byte	0
 1128 00a2 00       		.byte	0
 1129 00a3 0E       		.uleb128 0xe
 1130 00a4 0D       		.uleb128 0xd
 1131 00a5 00       		.byte	0
 1132 00a6 03       		.uleb128 0x3
 1133 00a7 0E       		.uleb128 0xe
 1134 00a8 3A       		.uleb128 0x3a
 1135 00a9 0B       		.uleb128 0xb
 1136 00aa 3B       		.uleb128 0x3b
 1137 00ab 0B       		.uleb128 0xb
 1138 00ac 49       		.uleb128 0x49
 1139 00ad 13       		.uleb128 0x13
 1140 00ae 38       		.uleb128 0x38
ARM GAS  /var/folders/m4/4md61f0s1_g0rzfghffqnxvr0000gn/T//ccIJAqhh.s 			page 21


 1141 00af 0B       		.uleb128 0xb
 1142 00b0 00       		.byte	0
 1143 00b1 00       		.byte	0
 1144 00b2 0F       		.uleb128 0xf
 1145 00b3 2E       		.uleb128 0x2e
 1146 00b4 00       		.byte	0
 1147 00b5 3F       		.uleb128 0x3f
 1148 00b6 19       		.uleb128 0x19
 1149 00b7 03       		.uleb128 0x3
 1150 00b8 0E       		.uleb128 0xe
 1151 00b9 3A       		.uleb128 0x3a
 1152 00ba 0B       		.uleb128 0xb
 1153 00bb 3B       		.uleb128 0x3b
 1154 00bc 0B       		.uleb128 0xb
 1155 00bd 27       		.uleb128 0x27
 1156 00be 19       		.uleb128 0x19
 1157 00bf 11       		.uleb128 0x11
 1158 00c0 01       		.uleb128 0x1
 1159 00c1 12       		.uleb128 0x12
 1160 00c2 06       		.uleb128 0x6
 1161 00c3 40       		.uleb128 0x40
 1162 00c4 18       		.uleb128 0x18
 1163 00c5 9742     		.uleb128 0x2117
 1164 00c7 19       		.uleb128 0x19
 1165 00c8 00       		.byte	0
 1166 00c9 00       		.byte	0
 1167 00ca 10       		.uleb128 0x10
 1168 00cb 2E       		.uleb128 0x2e
 1169 00cc 01       		.byte	0x1
 1170 00cd 3F       		.uleb128 0x3f
 1171 00ce 19       		.uleb128 0x19
 1172 00cf 03       		.uleb128 0x3
 1173 00d0 0E       		.uleb128 0xe
 1174 00d1 3A       		.uleb128 0x3a
 1175 00d2 0B       		.uleb128 0xb
 1176 00d3 3B       		.uleb128 0x3b
 1177 00d4 0B       		.uleb128 0xb
 1178 00d5 27       		.uleb128 0x27
 1179 00d6 19       		.uleb128 0x19
 1180 00d7 11       		.uleb128 0x11
 1181 00d8 01       		.uleb128 0x1
 1182 00d9 12       		.uleb128 0x12
 1183 00da 06       		.uleb128 0x6
 1184 00db 40       		.uleb128 0x40
 1185 00dc 18       		.uleb128 0x18
 1186 00dd 9742     		.uleb128 0x2117
 1187 00df 19       		.uleb128 0x19
 1188 00e0 01       		.uleb128 0x1
 1189 00e1 13       		.uleb128 0x13
 1190 00e2 00       		.byte	0
 1191 00e3 00       		.byte	0
 1192 00e4 11       		.uleb128 0x11
 1193 00e5 05       		.uleb128 0x5
 1194 00e6 00       		.byte	0
 1195 00e7 03       		.uleb128 0x3
 1196 00e8 0E       		.uleb128 0xe
 1197 00e9 3A       		.uleb128 0x3a
ARM GAS  /var/folders/m4/4md61f0s1_g0rzfghffqnxvr0000gn/T//ccIJAqhh.s 			page 22


 1198 00ea 0B       		.uleb128 0xb
 1199 00eb 3B       		.uleb128 0x3b
 1200 00ec 0B       		.uleb128 0xb
 1201 00ed 49       		.uleb128 0x49
 1202 00ee 13       		.uleb128 0x13
 1203 00ef 02       		.uleb128 0x2
 1204 00f0 17       		.uleb128 0x17
 1205 00f1 00       		.byte	0
 1206 00f2 00       		.byte	0
 1207 00f3 12       		.uleb128 0x12
 1208 00f4 34       		.uleb128 0x34
 1209 00f5 00       		.byte	0
 1210 00f6 03       		.uleb128 0x3
 1211 00f7 08       		.uleb128 0x8
 1212 00f8 3A       		.uleb128 0x3a
 1213 00f9 0B       		.uleb128 0xb
 1214 00fa 3B       		.uleb128 0x3b
 1215 00fb 0B       		.uleb128 0xb
 1216 00fc 49       		.uleb128 0x49
 1217 00fd 13       		.uleb128 0x13
 1218 00fe 02       		.uleb128 0x2
 1219 00ff 17       		.uleb128 0x17
 1220 0100 00       		.byte	0
 1221 0101 00       		.byte	0
 1222 0102 13       		.uleb128 0x13
 1223 0103 2E       		.uleb128 0x2e
 1224 0104 01       		.byte	0x1
 1225 0105 3F       		.uleb128 0x3f
 1226 0106 19       		.uleb128 0x19
 1227 0107 03       		.uleb128 0x3
 1228 0108 0E       		.uleb128 0xe
 1229 0109 3A       		.uleb128 0x3a
 1230 010a 0B       		.uleb128 0xb
 1231 010b 3B       		.uleb128 0x3b
 1232 010c 0B       		.uleb128 0xb
 1233 010d 49       		.uleb128 0x49
 1234 010e 13       		.uleb128 0x13
 1235 010f 3C       		.uleb128 0x3c
 1236 0110 19       		.uleb128 0x19
 1237 0111 01       		.uleb128 0x1
 1238 0112 13       		.uleb128 0x13
 1239 0113 00       		.byte	0
 1240 0114 00       		.byte	0
 1241 0115 14       		.uleb128 0x14
 1242 0116 18       		.uleb128 0x18
 1243 0117 00       		.byte	0
 1244 0118 00       		.byte	0
 1245 0119 00       		.byte	0
 1246 011a 15       		.uleb128 0x15
 1247 011b 898201   		.uleb128 0x4109
 1248 011e 00       		.byte	0
 1249 011f 11       		.uleb128 0x11
 1250 0120 01       		.uleb128 0x1
 1251 0121 31       		.uleb128 0x31
 1252 0122 13       		.uleb128 0x13
 1253 0123 00       		.byte	0
 1254 0124 00       		.byte	0
ARM GAS  /var/folders/m4/4md61f0s1_g0rzfghffqnxvr0000gn/T//ccIJAqhh.s 			page 23


 1255 0125 16       		.uleb128 0x16
 1256 0126 0F       		.uleb128 0xf
 1257 0127 00       		.byte	0
 1258 0128 0B       		.uleb128 0xb
 1259 0129 0B       		.uleb128 0xb
 1260 012a 49       		.uleb128 0x49
 1261 012b 13       		.uleb128 0x13
 1262 012c 00       		.byte	0
 1263 012d 00       		.byte	0
 1264 012e 17       		.uleb128 0x17
 1265 012f 05       		.uleb128 0x5
 1266 0130 00       		.byte	0
 1267 0131 03       		.uleb128 0x3
 1268 0132 0E       		.uleb128 0xe
 1269 0133 3A       		.uleb128 0x3a
 1270 0134 0B       		.uleb128 0xb
 1271 0135 3B       		.uleb128 0x3b
 1272 0136 0B       		.uleb128 0xb
 1273 0137 49       		.uleb128 0x49
 1274 0138 13       		.uleb128 0x13
 1275 0139 02       		.uleb128 0x2
 1276 013a 18       		.uleb128 0x18
 1277 013b 00       		.byte	0
 1278 013c 00       		.byte	0
 1279 013d 18       		.uleb128 0x18
 1280 013e 2E       		.uleb128 0x2e
 1281 013f 01       		.byte	0x1
 1282 0140 3F       		.uleb128 0x3f
 1283 0141 19       		.uleb128 0x19
 1284 0142 03       		.uleb128 0x3
 1285 0143 0E       		.uleb128 0xe
 1286 0144 3A       		.uleb128 0x3a
 1287 0145 0B       		.uleb128 0xb
 1288 0146 3B       		.uleb128 0x3b
 1289 0147 05       		.uleb128 0x5
 1290 0148 27       		.uleb128 0x27
 1291 0149 19       		.uleb128 0x19
 1292 014a 49       		.uleb128 0x49
 1293 014b 13       		.uleb128 0x13
 1294 014c 11       		.uleb128 0x11
 1295 014d 01       		.uleb128 0x1
 1296 014e 12       		.uleb128 0x12
 1297 014f 06       		.uleb128 0x6
 1298 0150 40       		.uleb128 0x40
 1299 0151 18       		.uleb128 0x18
 1300 0152 9742     		.uleb128 0x2117
 1301 0154 19       		.uleb128 0x19
 1302 0155 01       		.uleb128 0x1
 1303 0156 13       		.uleb128 0x13
 1304 0157 00       		.byte	0
 1305 0158 00       		.byte	0
 1306 0159 19       		.uleb128 0x19
 1307 015a 05       		.uleb128 0x5
 1308 015b 00       		.byte	0
 1309 015c 03       		.uleb128 0x3
 1310 015d 0E       		.uleb128 0xe
 1311 015e 3A       		.uleb128 0x3a
ARM GAS  /var/folders/m4/4md61f0s1_g0rzfghffqnxvr0000gn/T//ccIJAqhh.s 			page 24


 1312 015f 0B       		.uleb128 0xb
 1313 0160 3B       		.uleb128 0x3b
 1314 0161 05       		.uleb128 0x5
 1315 0162 49       		.uleb128 0x49
 1316 0163 13       		.uleb128 0x13
 1317 0164 02       		.uleb128 0x2
 1318 0165 17       		.uleb128 0x17
 1319 0166 00       		.byte	0
 1320 0167 00       		.byte	0
 1321 0168 1A       		.uleb128 0x1a
 1322 0169 34       		.uleb128 0x34
 1323 016a 00       		.byte	0
 1324 016b 03       		.uleb128 0x3
 1325 016c 0E       		.uleb128 0xe
 1326 016d 3A       		.uleb128 0x3a
 1327 016e 0B       		.uleb128 0xb
 1328 016f 3B       		.uleb128 0x3b
 1329 0170 05       		.uleb128 0x5
 1330 0171 49       		.uleb128 0x49
 1331 0172 13       		.uleb128 0x13
 1332 0173 02       		.uleb128 0x2
 1333 0174 17       		.uleb128 0x17
 1334 0175 00       		.byte	0
 1335 0176 00       		.byte	0
 1336 0177 1B       		.uleb128 0x1b
 1337 0178 2E       		.uleb128 0x2e
 1338 0179 01       		.byte	0x1
 1339 017a 3F       		.uleb128 0x3f
 1340 017b 19       		.uleb128 0x19
 1341 017c 03       		.uleb128 0x3
 1342 017d 0E       		.uleb128 0xe
 1343 017e 3A       		.uleb128 0x3a
 1344 017f 0B       		.uleb128 0xb
 1345 0180 3B       		.uleb128 0x3b
 1346 0181 05       		.uleb128 0x5
 1347 0182 27       		.uleb128 0x27
 1348 0183 19       		.uleb128 0x19
 1349 0184 11       		.uleb128 0x11
 1350 0185 01       		.uleb128 0x1
 1351 0186 12       		.uleb128 0x12
 1352 0187 06       		.uleb128 0x6
 1353 0188 40       		.uleb128 0x40
 1354 0189 18       		.uleb128 0x18
 1355 018a 9742     		.uleb128 0x2117
 1356 018c 19       		.uleb128 0x19
 1357 018d 01       		.uleb128 0x1
 1358 018e 13       		.uleb128 0x13
 1359 018f 00       		.byte	0
 1360 0190 00       		.byte	0
 1361 0191 1C       		.uleb128 0x1c
 1362 0192 898201   		.uleb128 0x4109
 1363 0195 01       		.byte	0x1
 1364 0196 11       		.uleb128 0x11
 1365 0197 01       		.uleb128 0x1
 1366 0198 31       		.uleb128 0x31
 1367 0199 13       		.uleb128 0x13
 1368 019a 01       		.uleb128 0x1
ARM GAS  /var/folders/m4/4md61f0s1_g0rzfghffqnxvr0000gn/T//ccIJAqhh.s 			page 25


 1369 019b 13       		.uleb128 0x13
 1370 019c 00       		.byte	0
 1371 019d 00       		.byte	0
 1372 019e 1D       		.uleb128 0x1d
 1373 019f 8A8201   		.uleb128 0x410a
 1374 01a2 00       		.byte	0
 1375 01a3 02       		.uleb128 0x2
 1376 01a4 18       		.uleb128 0x18
 1377 01a5 9142     		.uleb128 0x2111
 1378 01a7 18       		.uleb128 0x18
 1379 01a8 00       		.byte	0
 1380 01a9 00       		.byte	0
 1381 01aa 1E       		.uleb128 0x1e
 1382 01ab 898201   		.uleb128 0x4109
 1383 01ae 01       		.byte	0x1
 1384 01af 11       		.uleb128 0x11
 1385 01b0 01       		.uleb128 0x1
 1386 01b1 31       		.uleb128 0x31
 1387 01b2 13       		.uleb128 0x13
 1388 01b3 00       		.byte	0
 1389 01b4 00       		.byte	0
 1390 01b5 1F       		.uleb128 0x1f
 1391 01b6 34       		.uleb128 0x34
 1392 01b7 00       		.byte	0
 1393 01b8 03       		.uleb128 0x3
 1394 01b9 0E       		.uleb128 0xe
 1395 01ba 3A       		.uleb128 0x3a
 1396 01bb 0B       		.uleb128 0xb
 1397 01bc 3B       		.uleb128 0x3b
 1398 01bd 05       		.uleb128 0x5
 1399 01be 49       		.uleb128 0x49
 1400 01bf 13       		.uleb128 0x13
 1401 01c0 3F       		.uleb128 0x3f
 1402 01c1 19       		.uleb128 0x19
 1403 01c2 3C       		.uleb128 0x3c
 1404 01c3 19       		.uleb128 0x19
 1405 01c4 00       		.byte	0
 1406 01c5 00       		.byte	0
 1407 01c6 20       		.uleb128 0x20
 1408 01c7 2E       		.uleb128 0x2e
 1409 01c8 00       		.byte	0
 1410 01c9 3F       		.uleb128 0x3f
 1411 01ca 19       		.uleb128 0x19
 1412 01cb 3C       		.uleb128 0x3c
 1413 01cc 19       		.uleb128 0x19
 1414 01cd 6E       		.uleb128 0x6e
 1415 01ce 0E       		.uleb128 0xe
 1416 01cf 03       		.uleb128 0x3
 1417 01d0 0E       		.uleb128 0xe
 1418 01d1 3A       		.uleb128 0x3a
 1419 01d2 0B       		.uleb128 0xb
 1420 01d3 3B       		.uleb128 0x3b
 1421 01d4 0B       		.uleb128 0xb
 1422 01d5 00       		.byte	0
 1423 01d6 00       		.byte	0
 1424 01d7 00       		.byte	0
 1425              		.section	.debug_loc,"",%progbits
ARM GAS  /var/folders/m4/4md61f0s1_g0rzfghffqnxvr0000gn/T//ccIJAqhh.s 			page 26


 1426              	.Ldebug_loc0:
 1427              	.LLST0:
 1428 0000 00000000 		.4byte	.LVL0
 1429 0004 0E000000 		.4byte	.LVL1
 1430 0008 0100     		.2byte	0x1
 1431 000a 50       		.byte	0x50
 1432 000b 0E000000 		.4byte	.LVL1
 1433 000f 78000000 		.4byte	.LVL8
 1434 0013 0100     		.2byte	0x1
 1435 0015 54       		.byte	0x54
 1436 0016 78000000 		.4byte	.LVL8
 1437 001a 9C000000 		.4byte	.LVL10
 1438 001e 0400     		.2byte	0x4
 1439 0020 F3       		.byte	0xf3
 1440 0021 01       		.uleb128 0x1
 1441 0022 50       		.byte	0x50
 1442 0023 9F       		.byte	0x9f
 1443 0024 9C000000 		.4byte	.LVL10
 1444 0028 B6000000 		.4byte	.LVL13
 1445 002c 0100     		.2byte	0x1
 1446 002e 54       		.byte	0x54
 1447 002f B6000000 		.4byte	.LVL13
 1448 0033 C8000000 		.4byte	.LFE124
 1449 0037 0400     		.2byte	0x4
 1450 0039 F3       		.byte	0xf3
 1451 003a 01       		.uleb128 0x1
 1452 003b 50       		.byte	0x50
 1453 003c 9F       		.byte	0x9f
 1454 003d 00000000 		.4byte	0
 1455 0041 00000000 		.4byte	0
 1456              	.LLST1:
 1457 0045 00000000 		.4byte	.LVL0
 1458 0049 4E000000 		.4byte	.LVL5
 1459 004d 0200     		.2byte	0x2
 1460 004f 30       		.byte	0x30
 1461 0050 9F       		.byte	0x9f
 1462 0051 4E000000 		.4byte	.LVL5
 1463 0055 70000000 		.4byte	.LVL6
 1464 0059 0600     		.2byte	0x6
 1465 005b 0C       		.byte	0xc
 1466 005c 003C0140 		.4byte	0x40013c00
 1467 0060 9F       		.byte	0x9f
 1468 0061 70000000 		.4byte	.LVL6
 1469 0065 76000000 		.4byte	.LVL7
 1470 0069 0E00     		.2byte	0xe
 1471 006b 74       		.byte	0x74
 1472 006c 04       		.sleb128 4
 1473 006d 94       		.byte	0x94
 1474 006e 01       		.byte	0x1
 1475 006f 08       		.byte	0x8
 1476 0070 FF       		.byte	0xff
 1477 0071 1A       		.byte	0x1a
 1478 0072 23       		.byte	0x23
 1479 0073 80F88480 		.uleb128 0x40013c00
 1479      04
 1480 0078 9F       		.byte	0x9f
 1481 0079 8C000000 		.4byte	.LVL9
ARM GAS  /var/folders/m4/4md61f0s1_g0rzfghffqnxvr0000gn/T//ccIJAqhh.s 			page 27


 1482 007d 9C000000 		.4byte	.LVL10
 1483 0081 0C00     		.2byte	0xc
 1484 0083 71       		.byte	0x71
 1485 0084 00       		.sleb128 0
 1486 0085 08       		.byte	0x8
 1487 0086 FF       		.byte	0xff
 1488 0087 1A       		.byte	0x1a
 1489 0088 23       		.byte	0x23
 1490 0089 80F88480 		.uleb128 0x40013c00
 1490      04
 1491 008e 9F       		.byte	0x9f
 1492 008f 9C000000 		.4byte	.LVL10
 1493 0093 A0000000 		.4byte	.LVL11
 1494 0097 0200     		.2byte	0x2
 1495 0099 30       		.byte	0x30
 1496 009a 9F       		.byte	0x9f
 1497 009b A0000000 		.4byte	.LVL11
 1498 009f B4000000 		.4byte	.LVL12
 1499 00a3 0E00     		.2byte	0xe
 1500 00a5 74       		.byte	0x74
 1501 00a6 04       		.sleb128 4
 1502 00a7 94       		.byte	0x94
 1503 00a8 01       		.byte	0x1
 1504 00a9 08       		.byte	0x8
 1505 00aa FF       		.byte	0xff
 1506 00ab 1A       		.byte	0x1a
 1507 00ac 23       		.byte	0x23
 1508 00ad 80F88480 		.uleb128 0x40013c00
 1508      04
 1509 00b2 9F       		.byte	0x9f
 1510 00b3 B4000000 		.4byte	.LVL12
 1511 00b7 B6000000 		.4byte	.LVL13
 1512 00bb 1000     		.2byte	0x10
 1513 00bd 73       		.byte	0x73
 1514 00be 8088FBFF 		.sleb128 -1073822720
 1514      7B
 1515 00c3 08       		.byte	0x8
 1516 00c4 FF       		.byte	0xff
 1517 00c5 1A       		.byte	0x1a
 1518 00c6 23       		.byte	0x23
 1519 00c7 80F88480 		.uleb128 0x40013c00
 1519      04
 1520 00cc 9F       		.byte	0x9f
 1521 00cd 00000000 		.4byte	0
 1522 00d1 00000000 		.4byte	0
 1523              	.LLST2:
 1524 00d5 00000000 		.4byte	.LVL15
 1525 00d9 0C000000 		.4byte	.LVL16
 1526 00dd 0100     		.2byte	0x1
 1527 00df 50       		.byte	0x50
 1528 00e0 0C000000 		.4byte	.LVL16
 1529 00e4 1E000000 		.4byte	.LVL18
 1530 00e8 0100     		.2byte	0x1
 1531 00ea 54       		.byte	0x54
 1532 00eb 1E000000 		.4byte	.LVL18
 1533 00ef 20000000 		.4byte	.LVL19
 1534 00f3 0100     		.2byte	0x1
ARM GAS  /var/folders/m4/4md61f0s1_g0rzfghffqnxvr0000gn/T//ccIJAqhh.s 			page 28


 1535 00f5 50       		.byte	0x50
 1536 00f6 20000000 		.4byte	.LVL19
 1537 00fa 28000000 		.4byte	.LFE126
 1538 00fe 0100     		.2byte	0x1
 1539 0100 54       		.byte	0x54
 1540 0101 00000000 		.4byte	0
 1541 0105 00000000 		.4byte	0
 1542              	.LLST3:
 1543 0109 00000000 		.4byte	.LVL20
 1544 010d 10000000 		.4byte	.LVL21
 1545 0111 0100     		.2byte	0x1
 1546 0113 50       		.byte	0x50
 1547 0114 10000000 		.4byte	.LVL21
 1548 0118 22000000 		.4byte	.LVL24
 1549 011c 0100     		.2byte	0x1
 1550 011e 54       		.byte	0x54
 1551 011f 22000000 		.4byte	.LVL24
 1552 0123 8E000000 		.4byte	.LVL25
 1553 0127 0100     		.2byte	0x1
 1554 0129 50       		.byte	0x50
 1555 012a 8E000000 		.4byte	.LVL25
 1556 012e 9C000000 		.4byte	.LFE129
 1557 0132 0100     		.2byte	0x1
 1558 0134 54       		.byte	0x54
 1559 0135 00000000 		.4byte	0
 1560 0139 00000000 		.4byte	0
 1561              	.LLST4:
 1562 013d 00000000 		.4byte	.LVL20
 1563 0141 18000000 		.4byte	.LVL23
 1564 0145 0200     		.2byte	0x2
 1565 0147 30       		.byte	0x30
 1566 0148 9F       		.byte	0x9f
 1567 0149 18000000 		.4byte	.LVL23
 1568 014d 22000000 		.4byte	.LVL24
 1569 0151 0800     		.2byte	0x8
 1570 0153 74       		.byte	0x74
 1571 0154 00       		.sleb128 0
 1572 0155 73       		.byte	0x73
 1573 0156 00       		.sleb128 0
 1574 0157 1A       		.byte	0x1a
 1575 0158 30       		.byte	0x30
 1576 0159 2E       		.byte	0x2e
 1577 015a 9F       		.byte	0x9f
 1578 015b 22000000 		.4byte	.LVL24
 1579 015f 9C000000 		.4byte	.LFE129
 1580 0163 0200     		.2byte	0x2
 1581 0165 30       		.byte	0x30
 1582 0166 9F       		.byte	0x9f
 1583 0167 00000000 		.4byte	0
 1584 016b 00000000 		.4byte	0
 1585              	.LLST5:
 1586 016f 00000000 		.4byte	.LVL26
 1587 0173 0C000000 		.4byte	.LVL27
 1588 0177 0100     		.2byte	0x1
 1589 0179 50       		.byte	0x50
 1590 017a 0C000000 		.4byte	.LVL27
 1591 017e 1A000000 		.4byte	.LVL29
ARM GAS  /var/folders/m4/4md61f0s1_g0rzfghffqnxvr0000gn/T//ccIJAqhh.s 			page 29


 1592 0182 0100     		.2byte	0x1
 1593 0184 54       		.byte	0x54
 1594 0185 1A000000 		.4byte	.LVL29
 1595 0189 1C000000 		.4byte	.LVL30
 1596 018d 0100     		.2byte	0x1
 1597 018f 50       		.byte	0x50
 1598 0190 1C000000 		.4byte	.LVL30
 1599 0194 26000000 		.4byte	.LVL32
 1600 0198 0100     		.2byte	0x1
 1601 019a 54       		.byte	0x54
 1602 019b 26000000 		.4byte	.LVL32
 1603 019f 2C000000 		.4byte	.LFE130
 1604 01a3 0200     		.2byte	0x2
 1605 01a5 73       		.byte	0x73
 1606 01a6 14       		.sleb128 20
 1607 01a7 00000000 		.4byte	0
 1608 01ab 00000000 		.4byte	0
 1609              		.section	.debug_aranges,"",%progbits
 1610 0000 44000000 		.4byte	0x44
 1611 0004 0200     		.2byte	0x2
 1612 0006 00000000 		.4byte	.Ldebug_info0
 1613 000a 04       		.byte	0x4
 1614 000b 00       		.byte	0
 1615 000c 0000     		.2byte	0
 1616 000e 0000     		.2byte	0
 1617 0010 00000000 		.4byte	.LFB123
 1618 0014 1C000000 		.4byte	.LFE123-.LFB123
 1619 0018 00000000 		.4byte	.LFB124
 1620 001c C8000000 		.4byte	.LFE124-.LFB124
 1621 0020 00000000 		.4byte	.LFB125
 1622 0024 0E000000 		.4byte	.LFE125-.LFB125
 1623 0028 00000000 		.4byte	.LFB126
 1624 002c 28000000 		.4byte	.LFE126-.LFB126
 1625 0030 00000000 		.4byte	.LFB129
 1626 0034 9C000000 		.4byte	.LFE129-.LFB129
 1627 0038 00000000 		.4byte	.LFB130
 1628 003c 2C000000 		.4byte	.LFE130-.LFB130
 1629 0040 00000000 		.4byte	0
 1630 0044 00000000 		.4byte	0
 1631              		.section	.debug_ranges,"",%progbits
 1632              	.Ldebug_ranges0:
 1633 0000 00000000 		.4byte	.LFB123
 1634 0004 1C000000 		.4byte	.LFE123
 1635 0008 00000000 		.4byte	.LFB124
 1636 000c C8000000 		.4byte	.LFE124
 1637 0010 00000000 		.4byte	.LFB125
 1638 0014 0E000000 		.4byte	.LFE125
 1639 0018 00000000 		.4byte	.LFB126
 1640 001c 28000000 		.4byte	.LFE126
 1641 0020 00000000 		.4byte	.LFB129
 1642 0024 9C000000 		.4byte	.LFE129
 1643 0028 00000000 		.4byte	.LFB130
 1644 002c 2C000000 		.4byte	.LFE130
 1645 0030 00000000 		.4byte	0
 1646 0034 00000000 		.4byte	0
 1647              		.section	.debug_line,"",%progbits
 1648              	.Ldebug_line0:
ARM GAS  /var/folders/m4/4md61f0s1_g0rzfghffqnxvr0000gn/T//ccIJAqhh.s 			page 30


 1649 0000 63030000 		.section	.debug_str,"MS",%progbits,1
 1649      02001D02 
 1649      00000201 
 1649      FB0E0D00 
 1649      01010101 
 1650              	.LASF33:
 1651 0000 45585449 		.ascii	"EXTI_Line\000"
 1651      5F4C696E 
 1651      6500
 1652              	.LASF42:
 1653 000a 61737365 		.ascii	"assert_param\000"
 1653      72745F70 
 1653      6172616D 
 1653      00
 1654              	.LASF22:
 1655 0017 49545374 		.ascii	"ITStatus\000"
 1655      61747573 
 1655      00
 1656              	.LASF36:
 1657 0020 45585449 		.ascii	"EXTI_LineCmd\000"
 1657      5F4C696E 
 1657      65436D64 
 1657      00
 1658              	.LASF35:
 1659 002d 45585449 		.ascii	"EXTI_Trigger\000"
 1659      5F547269 
 1659      67676572 
 1659      00
 1660              	.LASF5:
 1661 003a 5F5F696E 		.ascii	"__int32_t\000"
 1661      7433325F 
 1661      7400
 1662              	.LASF39:
 1663 0044 45585449 		.ascii	"EXTI_StructInit\000"
 1663      5F537472 
 1663      75637449 
 1663      6E697400 
 1664              	.LASF27:
 1665 0054 45585449 		.ascii	"EXTI_Mode_Event\000"
 1665      5F4D6F64 
 1665      655F4576 
 1665      656E7400 
 1666              	.LASF3:
 1667 0064 73686F72 		.ascii	"short unsigned int\000"
 1667      7420756E 
 1667      7369676E 
 1667      65642069 
 1667      6E7400
 1668              	.LASF25:
 1669 0077 46756E63 		.ascii	"FunctionalState\000"
 1669      74696F6E 
 1669      616C5374 
 1669      61746500 
 1670              	.LASF43:
 1671 0087 62697473 		.ascii	"bitstatus\000"
 1671      74617475 
 1671      7300
ARM GAS  /var/folders/m4/4md61f0s1_g0rzfghffqnxvr0000gn/T//ccIJAqhh.s 			page 31


 1672              	.LASF41:
 1673 0091 45585449 		.ascii	"EXTI_GenerateSWInterrupt\000"
 1673      5F47656E 
 1673      65726174 
 1673      65535749 
 1673      6E746572 
 1674              	.LASF37:
 1675 00aa 45585449 		.ascii	"EXTI_InitTypeDef\000"
 1675      5F496E69 
 1675      74547970 
 1675      65446566 
 1675      00
 1676              	.LASF40:
 1677 00bb 45585449 		.ascii	"EXTI_InitStruct\000"
 1677      5F496E69 
 1677      74537472 
 1677      75637400 
 1678              	.LASF24:
 1679 00cb 454E4142 		.ascii	"ENABLE\000"
 1679      4C4500
 1680              	.LASF26:
 1681 00d2 45585449 		.ascii	"EXTI_Mode_Interrupt\000"
 1681      5F4D6F64 
 1681      655F496E 
 1681      74657272 
 1681      75707400 
 1682              	.LASF1:
 1683 00e6 756E7369 		.ascii	"unsigned char\000"
 1683      676E6564 
 1683      20636861 
 1683      7200
 1684              	.LASF47:
 1685 00f4 2F557365 		.ascii	"/Users/raphael/Documents/Projects/rESC/resc-firmwar"
 1685      72732F72 
 1685      61706861 
 1685      656C2F44 
 1685      6F63756D 
 1686 0127 6500     		.ascii	"e\000"
 1687              	.LASF21:
 1688 0129 466C6167 		.ascii	"FlagStatus\000"
 1688      53746174 
 1688      757300
 1689              	.LASF8:
 1690 0134 6C6F6E67 		.ascii	"long unsigned int\000"
 1690      20756E73 
 1690      69676E65 
 1690      6420696E 
 1690      7400
 1691              	.LASF20:
 1692 0146 52455345 		.ascii	"RESET\000"
 1692      5400
 1693              	.LASF28:
 1694 014c 45585449 		.ascii	"EXTIMode_TypeDef\000"
 1694      4D6F6465 
 1694      5F547970 
 1694      65446566 
 1694      00
ARM GAS  /var/folders/m4/4md61f0s1_g0rzfghffqnxvr0000gn/T//ccIJAqhh.s 			page 32


 1695              	.LASF19:
 1696 015d 45585449 		.ascii	"EXTI_TypeDef\000"
 1696      5F547970 
 1696      65446566 
 1696      00
 1697              	.LASF50:
 1698 016a 49544D5F 		.ascii	"ITM_RxBuffer\000"
 1698      52784275 
 1698      66666572 
 1698      00
 1699              	.LASF16:
 1700 0177 52545352 		.ascii	"RTSR\000"
 1700      00
 1701              	.LASF4:
 1702 017c 5F5F7569 		.ascii	"__uint16_t\000"
 1702      6E743136 
 1702      5F7400
 1703              	.LASF7:
 1704 0187 5F5F7569 		.ascii	"__uint32_t\000"
 1704      6E743332 
 1704      5F7400
 1705              	.LASF29:
 1706 0192 45585449 		.ascii	"EXTI_Trigger_Rising\000"
 1706      5F547269 
 1706      67676572 
 1706      5F526973 
 1706      696E6700 
 1707              	.LASF31:
 1708 01a6 45585449 		.ascii	"EXTI_Trigger_Rising_Falling\000"
 1708      5F547269 
 1708      67676572 
 1708      5F526973 
 1708      696E675F 
 1709              	.LASF11:
 1710 01c2 756E7369 		.ascii	"unsigned int\000"
 1710      676E6564 
 1710      20696E74 
 1710      00
 1711              	.LASF38:
 1712 01cf 45585449 		.ascii	"EXTI_Init\000"
 1712      5F496E69 
 1712      7400
 1713              	.LASF10:
 1714 01d9 6C6F6E67 		.ascii	"long long unsigned int\000"
 1714      206C6F6E 
 1714      6720756E 
 1714      7369676E 
 1714      65642069 
 1715              	.LASF0:
 1716 01f0 7369676E 		.ascii	"signed char\000"
 1716      65642063 
 1716      68617200 
 1717              	.LASF30:
 1718 01fc 45585449 		.ascii	"EXTI_Trigger_Falling\000"
 1718      5F547269 
 1718      67676572 
 1718      5F46616C 
ARM GAS  /var/folders/m4/4md61f0s1_g0rzfghffqnxvr0000gn/T//ccIJAqhh.s 			page 33


 1718      6C696E67 
 1719              	.LASF13:
 1720 0211 696E7433 		.ascii	"int32_t\000"
 1720      325F7400 
 1721              	.LASF15:
 1722 0219 73697A65 		.ascii	"sizetype\000"
 1722      74797065 
 1722      00
 1723              	.LASF44:
 1724 0222 45585449 		.ascii	"EXTI_ClearITPendingBit\000"
 1724      5F436C65 
 1724      61724954 
 1724      50656E64 
 1724      696E6742 
 1725              	.LASF9:
 1726 0239 6C6F6E67 		.ascii	"long long int\000"
 1726      206C6F6E 
 1726      6720696E 
 1726      7400
 1727              	.LASF49:
 1728 0247 45585449 		.ascii	"EXTI_GetITStatus\000"
 1728      5F476574 
 1728      49545374 
 1728      61747573 
 1728      00
 1729              	.LASF46:
 1730 0258 43686962 		.ascii	"ChibiOS_16.1.4/ext/stdperiph_stm32f4/src/stm32f4xx_"
 1730      694F535F 
 1730      31362E31 
 1730      2E342F65 
 1730      78742F73 
 1731 028b 65787469 		.ascii	"exti.c\000"
 1731      2E6300
 1732              	.LASF2:
 1733 0292 73686F72 		.ascii	"short int\000"
 1733      7420696E 
 1733      7400
 1734              	.LASF12:
 1735 029c 75696E74 		.ascii	"uint16_t\000"
 1735      31365F74 
 1735      00
 1736              	.LASF34:
 1737 02a5 45585449 		.ascii	"EXTI_Mode\000"
 1737      5F4D6F64 
 1737      6500
 1738              	.LASF14:
 1739 02af 75696E74 		.ascii	"uint32_t\000"
 1739      33325F74 
 1739      00
 1740              	.LASF6:
 1741 02b8 6C6F6E67 		.ascii	"long int\000"
 1741      20696E74 
 1741      00
 1742              	.LASF23:
 1743 02c1 44495341 		.ascii	"DISABLE\000"
 1743      424C4500 
 1744              	.LASF32:
ARM GAS  /var/folders/m4/4md61f0s1_g0rzfghffqnxvr0000gn/T//ccIJAqhh.s 			page 34


 1745 02c9 45585449 		.ascii	"EXTITrigger_TypeDef\000"
 1745      54726967 
 1745      6765725F 
 1745      54797065 
 1745      44656600 
 1746              	.LASF45:
 1747 02dd 474E5520 		.ascii	"GNU C99 5.2.1 20151202 (release) [ARM/embedded-5-br"
 1747      43393920 
 1747      352E322E 
 1747      31203230 
 1747      31353132 
 1748 0310 616E6368 		.ascii	"anch revision 231848] -mcpu=cortex-m4 -mfloat-abi=h"
 1748      20726576 
 1748      6973696F 
 1748      6E203233 
 1748      31383438 
 1749 0343 61726420 		.ascii	"ard -mfpu=fpv4-sp-d16 -mno-thumb-interwork -mthumb "
 1749      2D6D6670 
 1749      753D6670 
 1749      76342D73 
 1749      702D6431 
 1750 0376 2D676764 		.ascii	"-ggdb -O2 -std=c99 -fomit-frame-pointer -falign-fun"
 1750      62202D4F 
 1750      32202D73 
 1750      74643D63 
 1750      3939202D 
 1751 03a9 6374696F 		.ascii	"ctions=16 -ffunction-sections -fdata-sections -fno-"
 1751      6E733D31 
 1751      36202D66 
 1751      66756E63 
 1751      74696F6E 
 1752 03dc 636F6D6D 		.ascii	"common\000"
 1752      6F6E00
 1753              	.LASF18:
 1754 03e3 53574945 		.ascii	"SWIER\000"
 1754      5200
 1755              	.LASF48:
 1756 03e9 45585449 		.ascii	"EXTI_DeInit\000"
 1756      5F446549 
 1756      6E697400 
 1757              	.LASF17:
 1758 03f5 46545352 		.ascii	"FTSR\000"
 1758      00
 1759              		.ident	"GCC: (GNU Tools for ARM Embedded Processors) 5.2.1 20151202 (release) [ARM/embedded-5-bran
ARM GAS  /var/folders/m4/4md61f0s1_g0rzfghffqnxvr0000gn/T//ccIJAqhh.s 			page 35


DEFINED SYMBOLS
                            *ABS*:0000000000000000 stm32f4xx_exti.c
/var/folders/m4/4md61f0s1_g0rzfghffqnxvr0000gn/T//ccIJAqhh.s:22     .text.EXTI_DeInit:0000000000000000 $t
/var/folders/m4/4md61f0s1_g0rzfghffqnxvr0000gn/T//ccIJAqhh.s:28     .text.EXTI_DeInit:0000000000000000 EXTI_DeInit
/var/folders/m4/4md61f0s1_g0rzfghffqnxvr0000gn/T//ccIJAqhh.s:55     .text.EXTI_DeInit:0000000000000014 $d
/var/folders/m4/4md61f0s1_g0rzfghffqnxvr0000gn/T//ccIJAqhh.s:61     .text.EXTI_Init:0000000000000000 $t
/var/folders/m4/4md61f0s1_g0rzfghffqnxvr0000gn/T//ccIJAqhh.s:67     .text.EXTI_Init:0000000000000000 EXTI_Init
/var/folders/m4/4md61f0s1_g0rzfghffqnxvr0000gn/T//ccIJAqhh.s:213    .text.EXTI_Init:00000000000000c4 $d
/var/folders/m4/4md61f0s1_g0rzfghffqnxvr0000gn/T//ccIJAqhh.s:218    .text.EXTI_StructInit:0000000000000000 $t
/var/folders/m4/4md61f0s1_g0rzfghffqnxvr0000gn/T//ccIJAqhh.s:224    .text.EXTI_StructInit:0000000000000000 EXTI_StructInit
/var/folders/m4/4md61f0s1_g0rzfghffqnxvr0000gn/T//ccIJAqhh.s:248    .text.EXTI_GenerateSWInterrupt:0000000000000000 $t
/var/folders/m4/4md61f0s1_g0rzfghffqnxvr0000gn/T//ccIJAqhh.s:254    .text.EXTI_GenerateSWInterrupt:0000000000000000 EXTI_GenerateSWInterrupt
/var/folders/m4/4md61f0s1_g0rzfghffqnxvr0000gn/T//ccIJAqhh.s:297    .text.EXTI_GenerateSWInterrupt:0000000000000024 $d
/var/folders/m4/4md61f0s1_g0rzfghffqnxvr0000gn/T//ccIJAqhh.s:302    .text.EXTI_GetITStatus:0000000000000000 $t
/var/folders/m4/4md61f0s1_g0rzfghffqnxvr0000gn/T//ccIJAqhh.s:308    .text.EXTI_GetITStatus:0000000000000000 EXTI_GetITStatus
/var/folders/m4/4md61f0s1_g0rzfghffqnxvr0000gn/T//ccIJAqhh.s:412    .text.EXTI_GetITStatus:0000000000000094 $d
/var/folders/m4/4md61f0s1_g0rzfghffqnxvr0000gn/T//ccIJAqhh.s:418    .text.EXTI_GetFlagStatus:0000000000000000 $t
/var/folders/m4/4md61f0s1_g0rzfghffqnxvr0000gn/T//ccIJAqhh.s:424    .text.EXTI_GetFlagStatus:0000000000000000 EXTI_GetFlagStatus
/var/folders/m4/4md61f0s1_g0rzfghffqnxvr0000gn/T//ccIJAqhh.s:435    .text.EXTI_ClearITPendingBit:0000000000000000 $t
/var/folders/m4/4md61f0s1_g0rzfghffqnxvr0000gn/T//ccIJAqhh.s:441    .text.EXTI_ClearITPendingBit:0000000000000000 EXTI_ClearITPendingBit
/var/folders/m4/4md61f0s1_g0rzfghffqnxvr0000gn/T//ccIJAqhh.s:486    .text.EXTI_ClearITPendingBit:0000000000000028 $d
/var/folders/m4/4md61f0s1_g0rzfghffqnxvr0000gn/T//ccIJAqhh.s:491    .text.EXTI_ClearFlag:0000000000000000 $t
/var/folders/m4/4md61f0s1_g0rzfghffqnxvr0000gn/T//ccIJAqhh.s:497    .text.EXTI_ClearFlag:0000000000000000 EXTI_ClearFlag
                     .debug_frame:0000000000000010 $d

UNDEFINED SYMBOLS
assert_param
