ARM GAS  /var/folders/m4/4md61f0s1_g0rzfghffqnxvr0000gn/T//cc9FryGf.s 			page 1


   1              		.syntax unified
   2              		.cpu cortex-m4
   3              		.eabi_attribute 27, 1
   4              		.eabi_attribute 28, 1
   5              		.fpu fpv4-sp-d16
   6              		.eabi_attribute 20, 1
   7              		.eabi_attribute 21, 1
   8              		.eabi_attribute 23, 3
   9              		.eabi_attribute 24, 1
  10              		.eabi_attribute 25, 1
  11              		.eabi_attribute 26, 1
  12              		.eabi_attribute 30, 2
  13              		.eabi_attribute 34, 1
  14              		.eabi_attribute 18, 4
  15              		.thumb
  16              		.syntax unified
  17              		.file	"vectors.c"
  18              		.text
  19              	.Ltext0:
  20              		.cfi_sections	.debug_frame
  21              		.section	.text._unhandled_exception,"ax",%progbits
  22              		.align	2
  23              		.p2align 4,,15
  24              		.global	_unhandled_exception
  25              		.thumb
  26              		.thumb_func
  27              		.type	_unhandled_exception, %function
  28              	_unhandled_exception:
  29              	.LFB123:
  30              		.file 1 "ChibiOS_16.1.4/os/common/ports/ARMCMx/compilers/GCC/vectors.c"
  31              		.loc 1 46 0
  32              		.cfi_startproc
  33              		@ Volatile: function does not return.
  34              		@ args = 0, pretend = 0, frame = 0
  35              		@ frame_needed = 0, uses_anonymous_args = 0
  36              		@ link register save eliminated.
  37              	.L2:
  38 0000 FEE7     		b	.L2
  39              		.cfi_endproc
  40              	.LFE123:
  41              		.size	_unhandled_exception, .-_unhandled_exception
  42              		.weak	Vector1BC
  43              		.thumb_set Vector1BC,_unhandled_exception
  44              		.weak	Vector1B8
  45              		.thumb_set Vector1B8,_unhandled_exception
  46              		.weak	Vector1B4
  47              		.thumb_set Vector1B4,_unhandled_exception
  48              		.weak	Vector1B0
  49              		.thumb_set Vector1B0,_unhandled_exception
  50              		.weak	Vector1AC
  51              		.thumb_set Vector1AC,_unhandled_exception
  52              		.weak	Vector1A8
  53              		.thumb_set Vector1A8,_unhandled_exception
  54              		.weak	Vector1A4
  55              		.thumb_set Vector1A4,_unhandled_exception
  56              		.weak	Vector1A0
  57              		.thumb_set Vector1A0,_unhandled_exception
ARM GAS  /var/folders/m4/4md61f0s1_g0rzfghffqnxvr0000gn/T//cc9FryGf.s 			page 2


  58              		.weak	Vector19C
  59              		.thumb_set Vector19C,_unhandled_exception
  60              		.weak	Vector198
  61              		.thumb_set Vector198,_unhandled_exception
  62              		.weak	Vector194
  63              		.thumb_set Vector194,_unhandled_exception
  64              		.weak	Vector190
  65              		.thumb_set Vector190,_unhandled_exception
  66              		.weak	Vector18C
  67              		.thumb_set Vector18C,_unhandled_exception
  68              		.weak	Vector188
  69              		.thumb_set Vector188,_unhandled_exception
  70              		.weak	Vector184
  71              		.thumb_set Vector184,_unhandled_exception
  72              		.weak	Vector180
  73              		.thumb_set Vector180,_unhandled_exception
  74              		.weak	Vector17C
  75              		.thumb_set Vector17C,_unhandled_exception
  76              		.weak	Vector178
  77              		.thumb_set Vector178,_unhandled_exception
  78              		.weak	Vector174
  79              		.thumb_set Vector174,_unhandled_exception
  80              		.weak	Vector170
  81              		.thumb_set Vector170,_unhandled_exception
  82              		.weak	Vector16C
  83              		.thumb_set Vector16C,_unhandled_exception
  84              		.weak	Vector168
  85              		.thumb_set Vector168,_unhandled_exception
  86              		.weak	Vector164
  87              		.thumb_set Vector164,_unhandled_exception
  88              		.weak	Vector160
  89              		.thumb_set Vector160,_unhandled_exception
  90              		.weak	Vector15C
  91              		.thumb_set Vector15C,_unhandled_exception
  92              		.weak	Vector158
  93              		.thumb_set Vector158,_unhandled_exception
  94              		.weak	Vector154
  95              		.thumb_set Vector154,_unhandled_exception
  96              		.weak	Vector150
  97              		.thumb_set Vector150,_unhandled_exception
  98              		.weak	Vector14C
  99              		.thumb_set Vector14C,_unhandled_exception
 100              		.weak	Vector148
 101              		.thumb_set Vector148,_unhandled_exception
 102              		.weak	Vector144
 103              		.thumb_set Vector144,_unhandled_exception
 104              		.weak	Vector140
 105              		.thumb_set Vector140,_unhandled_exception
 106              		.weak	Vector13C
 107              		.thumb_set Vector13C,_unhandled_exception
 108              		.weak	Vector138
 109              		.thumb_set Vector138,_unhandled_exception
 110              		.weak	Vector134
 111              		.thumb_set Vector134,_unhandled_exception
 112              		.weak	Vector130
 113              		.thumb_set Vector130,_unhandled_exception
 114              		.weak	Vector12C
ARM GAS  /var/folders/m4/4md61f0s1_g0rzfghffqnxvr0000gn/T//cc9FryGf.s 			page 3


 115              		.thumb_set Vector12C,_unhandled_exception
 116              		.weak	Vector128
 117              		.thumb_set Vector128,_unhandled_exception
 118              		.weak	Vector124
 119              		.thumb_set Vector124,_unhandled_exception
 120              		.weak	Vector120
 121              		.thumb_set Vector120,_unhandled_exception
 122              		.weak	Vector11C
 123              		.thumb_set Vector11C,_unhandled_exception
 124              		.weak	Vector118
 125              		.thumb_set Vector118,_unhandled_exception
 126              		.weak	Vector114
 127              		.thumb_set Vector114,_unhandled_exception
 128              		.weak	Vector110
 129              		.thumb_set Vector110,_unhandled_exception
 130              		.weak	Vector10C
 131              		.thumb_set Vector10C,_unhandled_exception
 132              		.weak	Vector108
 133              		.thumb_set Vector108,_unhandled_exception
 134              		.weak	Vector104
 135              		.thumb_set Vector104,_unhandled_exception
 136              		.weak	Vector100
 137              		.thumb_set Vector100,_unhandled_exception
 138              		.weak	VectorFC
 139              		.thumb_set VectorFC,_unhandled_exception
 140              		.weak	VectorF8
 141              		.thumb_set VectorF8,_unhandled_exception
 142              		.weak	VectorF4
 143              		.thumb_set VectorF4,_unhandled_exception
 144              		.weak	VectorF0
 145              		.thumb_set VectorF0,_unhandled_exception
 146              		.weak	VectorEC
 147              		.thumb_set VectorEC,_unhandled_exception
 148              		.weak	VectorE8
 149              		.thumb_set VectorE8,_unhandled_exception
 150              		.weak	VectorE4
 151              		.thumb_set VectorE4,_unhandled_exception
 152              		.weak	VectorE0
 153              		.thumb_set VectorE0,_unhandled_exception
 154              		.weak	VectorDC
 155              		.thumb_set VectorDC,_unhandled_exception
 156              		.weak	VectorD8
 157              		.thumb_set VectorD8,_unhandled_exception
 158              		.weak	VectorD4
 159              		.thumb_set VectorD4,_unhandled_exception
 160              		.weak	VectorD0
 161              		.thumb_set VectorD0,_unhandled_exception
 162              		.weak	VectorCC
 163              		.thumb_set VectorCC,_unhandled_exception
 164              		.weak	VectorC8
 165              		.thumb_set VectorC8,_unhandled_exception
 166              		.weak	VectorC4
 167              		.thumb_set VectorC4,_unhandled_exception
 168              		.weak	VectorC0
 169              		.thumb_set VectorC0,_unhandled_exception
 170              		.weak	VectorBC
 171              		.thumb_set VectorBC,_unhandled_exception
ARM GAS  /var/folders/m4/4md61f0s1_g0rzfghffqnxvr0000gn/T//cc9FryGf.s 			page 4


 172              		.weak	VectorB8
 173              		.thumb_set VectorB8,_unhandled_exception
 174              		.weak	VectorB4
 175              		.thumb_set VectorB4,_unhandled_exception
 176              		.weak	VectorB0
 177              		.thumb_set VectorB0,_unhandled_exception
 178              		.weak	VectorAC
 179              		.thumb_set VectorAC,_unhandled_exception
 180              		.weak	VectorA8
 181              		.thumb_set VectorA8,_unhandled_exception
 182              		.weak	VectorA4
 183              		.thumb_set VectorA4,_unhandled_exception
 184              		.weak	VectorA0
 185              		.thumb_set VectorA0,_unhandled_exception
 186              		.weak	Vector9C
 187              		.thumb_set Vector9C,_unhandled_exception
 188              		.weak	Vector98
 189              		.thumb_set Vector98,_unhandled_exception
 190              		.weak	Vector94
 191              		.thumb_set Vector94,_unhandled_exception
 192              		.weak	Vector90
 193              		.thumb_set Vector90,_unhandled_exception
 194              		.weak	Vector8C
 195              		.thumb_set Vector8C,_unhandled_exception
 196              		.weak	Vector88
 197              		.thumb_set Vector88,_unhandled_exception
 198              		.weak	Vector84
 199              		.thumb_set Vector84,_unhandled_exception
 200              		.weak	Vector80
 201              		.thumb_set Vector80,_unhandled_exception
 202              		.weak	Vector7C
 203              		.thumb_set Vector7C,_unhandled_exception
 204              		.weak	Vector78
 205              		.thumb_set Vector78,_unhandled_exception
 206              		.weak	Vector74
 207              		.thumb_set Vector74,_unhandled_exception
 208              		.weak	Vector70
 209              		.thumb_set Vector70,_unhandled_exception
 210              		.weak	Vector6C
 211              		.thumb_set Vector6C,_unhandled_exception
 212              		.weak	Vector68
 213              		.thumb_set Vector68,_unhandled_exception
 214              		.weak	Vector64
 215              		.thumb_set Vector64,_unhandled_exception
 216              		.weak	Vector60
 217              		.thumb_set Vector60,_unhandled_exception
 218              		.weak	Vector5C
 219              		.thumb_set Vector5C,_unhandled_exception
 220              		.weak	Vector58
 221              		.thumb_set Vector58,_unhandled_exception
 222              		.weak	Vector54
 223              		.thumb_set Vector54,_unhandled_exception
 224              		.weak	Vector50
 225              		.thumb_set Vector50,_unhandled_exception
 226              		.weak	Vector4C
 227              		.thumb_set Vector4C,_unhandled_exception
 228              		.weak	Vector48
ARM GAS  /var/folders/m4/4md61f0s1_g0rzfghffqnxvr0000gn/T//cc9FryGf.s 			page 5


 229              		.thumb_set Vector48,_unhandled_exception
 230              		.weak	Vector44
 231              		.thumb_set Vector44,_unhandled_exception
 232              		.weak	Vector40
 233              		.thumb_set Vector40,_unhandled_exception
 234              		.weak	SysTick_Handler
 235              		.thumb_set SysTick_Handler,_unhandled_exception
 236              		.weak	PendSV_Handler
 237              		.thumb_set PendSV_Handler,_unhandled_exception
 238              		.weak	Vector34
 239              		.thumb_set Vector34,_unhandled_exception
 240              		.weak	DebugMon_Handler
 241              		.thumb_set DebugMon_Handler,_unhandled_exception
 242              		.weak	SVC_Handler
 243              		.thumb_set SVC_Handler,_unhandled_exception
 244              		.weak	Vector28
 245              		.thumb_set Vector28,_unhandled_exception
 246              		.weak	Vector24
 247              		.thumb_set Vector24,_unhandled_exception
 248              		.weak	Vector20
 249              		.thumb_set Vector20,_unhandled_exception
 250              		.weak	Vector1C
 251              		.thumb_set Vector1C,_unhandled_exception
 252              		.weak	UsageFault_Handler
 253              		.thumb_set UsageFault_Handler,_unhandled_exception
 254              		.weak	BusFault_Handler
 255              		.thumb_set BusFault_Handler,_unhandled_exception
 256              		.weak	MemManage_Handler
 257              		.thumb_set MemManage_Handler,_unhandled_exception
 258              		.weak	HardFault_Handler
 259              		.thumb_set HardFault_Handler,_unhandled_exception
 260              		.weak	NMI_Handler
 261              		.thumb_set NMI_Handler,_unhandled_exception
 262              		.global	_vectors
 263 0002 00BF     		.section	.vectors,"aw",%progbits
 264              		.align	7
 265              		.type	_vectors, %object
 266              		.size	_vectors, 448
 267              	_vectors:
 268 0000 00000000 		.word	__main_stack_end__
 269 0004 00000000 		.word	Reset_Handler
 270 0008 00000000 		.word	NMI_Handler
 271 000c 00000000 		.word	HardFault_Handler
 272 0010 00000000 		.word	MemManage_Handler
 273 0014 00000000 		.word	BusFault_Handler
 274 0018 00000000 		.word	UsageFault_Handler
 275 001c 00000000 		.word	Vector1C
 276 0020 00000000 		.word	Vector20
 277 0024 00000000 		.word	Vector24
 278 0028 00000000 		.word	Vector28
 279 002c 00000000 		.word	SVC_Handler
 280 0030 00000000 		.word	DebugMon_Handler
 281 0034 00000000 		.word	Vector34
 282 0038 00000000 		.word	PendSV_Handler
 283 003c 00000000 		.word	SysTick_Handler
 284 0040 00000000 		.word	Vector40
 285 0044 00000000 		.word	Vector44
ARM GAS  /var/folders/m4/4md61f0s1_g0rzfghffqnxvr0000gn/T//cc9FryGf.s 			page 6


 286 0048 00000000 		.word	Vector48
 287 004c 00000000 		.word	Vector4C
 288 0050 00000000 		.word	Vector50
 289 0054 00000000 		.word	Vector54
 290 0058 00000000 		.word	Vector58
 291 005c 00000000 		.word	Vector5C
 292 0060 00000000 		.word	Vector60
 293 0064 00000000 		.word	Vector64
 294 0068 00000000 		.word	Vector68
 295 006c 00000000 		.word	Vector6C
 296 0070 00000000 		.word	Vector70
 297 0074 00000000 		.word	Vector74
 298 0078 00000000 		.word	Vector78
 299 007c 00000000 		.word	Vector7C
 300 0080 00000000 		.word	Vector80
 301 0084 00000000 		.word	Vector84
 302 0088 00000000 		.word	Vector88
 303 008c 00000000 		.word	Vector8C
 304 0090 00000000 		.word	Vector90
 305 0094 00000000 		.word	Vector94
 306 0098 00000000 		.word	Vector98
 307 009c 00000000 		.word	Vector9C
 308 00a0 00000000 		.word	VectorA0
 309 00a4 00000000 		.word	VectorA4
 310 00a8 00000000 		.word	VectorA8
 311 00ac 00000000 		.word	VectorAC
 312 00b0 00000000 		.word	VectorB0
 313 00b4 00000000 		.word	VectorB4
 314 00b8 00000000 		.word	VectorB8
 315 00bc 00000000 		.word	VectorBC
 316 00c0 00000000 		.word	VectorC0
 317 00c4 00000000 		.word	VectorC4
 318 00c8 00000000 		.word	VectorC8
 319 00cc 00000000 		.word	VectorCC
 320 00d0 00000000 		.word	VectorD0
 321 00d4 00000000 		.word	VectorD4
 322 00d8 00000000 		.word	VectorD8
 323 00dc 00000000 		.word	VectorDC
 324 00e0 00000000 		.word	VectorE0
 325 00e4 00000000 		.word	VectorE4
 326 00e8 00000000 		.word	VectorE8
 327 00ec 00000000 		.word	VectorEC
 328 00f0 00000000 		.word	VectorF0
 329 00f4 00000000 		.word	VectorF4
 330 00f8 00000000 		.word	VectorF8
 331 00fc 00000000 		.word	VectorFC
 332 0100 00000000 		.word	Vector100
 333 0104 00000000 		.word	Vector104
 334 0108 00000000 		.word	Vector108
 335 010c 00000000 		.word	Vector10C
 336 0110 00000000 		.word	Vector110
 337 0114 00000000 		.word	Vector114
 338 0118 00000000 		.word	Vector118
 339 011c 00000000 		.word	Vector11C
 340 0120 00000000 		.word	Vector120
 341 0124 00000000 		.word	Vector124
 342 0128 00000000 		.word	Vector128
ARM GAS  /var/folders/m4/4md61f0s1_g0rzfghffqnxvr0000gn/T//cc9FryGf.s 			page 7


 343 012c 00000000 		.word	Vector12C
 344 0130 00000000 		.word	Vector130
 345 0134 00000000 		.word	Vector134
 346 0138 00000000 		.word	Vector138
 347 013c 00000000 		.word	Vector13C
 348 0140 00000000 		.word	Vector140
 349 0144 00000000 		.word	Vector144
 350 0148 00000000 		.word	Vector148
 351 014c 00000000 		.word	Vector14C
 352 0150 00000000 		.word	Vector150
 353 0154 00000000 		.word	Vector154
 354 0158 00000000 		.word	Vector158
 355 015c 00000000 		.word	Vector15C
 356 0160 00000000 		.word	Vector160
 357 0164 00000000 		.word	Vector164
 358 0168 00000000 		.word	Vector168
 359 016c 00000000 		.word	Vector16C
 360 0170 00000000 		.word	Vector170
 361 0174 00000000 		.word	Vector174
 362 0178 00000000 		.word	Vector178
 363 017c 00000000 		.word	Vector17C
 364 0180 00000000 		.word	Vector180
 365 0184 00000000 		.word	Vector184
 366 0188 00000000 		.word	Vector188
 367 018c 00000000 		.word	Vector18C
 368 0190 00000000 		.word	Vector190
 369 0194 00000000 		.word	Vector194
 370 0198 00000000 		.word	Vector198
 371 019c 00000000 		.word	Vector19C
 372 01a0 00000000 		.word	Vector1A0
 373 01a4 00000000 		.word	Vector1A4
 374 01a8 00000000 		.word	Vector1A8
 375 01ac 00000000 		.word	Vector1AC
 376 01b0 00000000 		.word	Vector1B0
 377 01b4 00000000 		.word	Vector1B4
 378 01b8 00000000 		.word	Vector1B8
 379 01bc 00000000 		.word	Vector1BC
 380              		.text
 381              	.Letext0:
 382              		.file 2 "/opt/homebrew-cask/Caskroom/gcc-arm-embedded/5_2-2015q4,20151219/gcc-arm-none-eabi-5_2-20
 383              		.file 3 "/opt/homebrew-cask/Caskroom/gcc-arm-embedded/5_2-2015q4,20151219/gcc-arm-none-eabi-5_2-20
 384              		.file 4 "ChibiOS_16.1.4/os/common/ports/ARMCMx/compilers/GCC/vectors.h"
 385              		.file 5 "ChibiOS_16.1.4/os/ext/CMSIS/include/core_cm4.h"
 386              		.section	.debug_info,"",%progbits
 387              	.Ldebug_info0:
 388 0000 E3010000 		.4byte	0x1e3
 389 0004 0400     		.2byte	0x4
 390 0006 00000000 		.4byte	.Ldebug_abbrev0
 391 000a 04       		.byte	0x4
 392 000b 01       		.uleb128 0x1
 393 000c 25000000 		.4byte	.LASF36
 394 0010 0C       		.byte	0xc
 395 0011 F4020000 		.4byte	.LASF37
 396 0015 AA010000 		.4byte	.LASF38
 397 0019 00000000 		.4byte	.Ldebug_ranges0+0
 398 001d 00000000 		.4byte	0
 399 0021 00000000 		.4byte	.Ldebug_line0
ARM GAS  /var/folders/m4/4md61f0s1_g0rzfghffqnxvr0000gn/T//cc9FryGf.s 			page 8


 400 0025 02       		.uleb128 0x2
 401 0026 01       		.byte	0x1
 402 0027 06       		.byte	0x6
 403 0028 56030000 		.4byte	.LASF0
 404 002c 02       		.uleb128 0x2
 405 002d 01       		.byte	0x1
 406 002e 08       		.byte	0x8
 407 002f 9C010000 		.4byte	.LASF1
 408 0033 02       		.uleb128 0x2
 409 0034 02       		.byte	0x2
 410 0035 05       		.byte	0x5
 411 0036 EA020000 		.4byte	.LASF2
 412 003a 02       		.uleb128 0x2
 413 003b 02       		.byte	0x2
 414 003c 07       		.byte	0x7
 415 003d 61010000 		.4byte	.LASF3
 416 0041 03       		.uleb128 0x3
 417 0042 47010000 		.4byte	.LASF5
 418 0046 02       		.byte	0x2
 419 0047 3F       		.byte	0x3f
 420 0048 4C000000 		.4byte	0x4c
 421 004c 02       		.uleb128 0x2
 422 004d 04       		.byte	0x4
 423 004e 05       		.byte	0x5
 424 004f 3B030000 		.4byte	.LASF4
 425 0053 03       		.uleb128 0x3
 426 0054 25020000 		.4byte	.LASF6
 427 0058 02       		.byte	0x2
 428 0059 41       		.byte	0x41
 429 005a 5E000000 		.4byte	0x5e
 430 005e 02       		.uleb128 0x2
 431 005f 04       		.byte	0x4
 432 0060 07       		.byte	0x7
 433 0061 DF010000 		.4byte	.LASF7
 434 0065 02       		.uleb128 0x2
 435 0066 08       		.byte	0x8
 436 0067 05       		.byte	0x5
 437 0068 AE020000 		.4byte	.LASF8
 438 006c 02       		.uleb128 0x2
 439 006d 08       		.byte	0x8
 440 006e 07       		.byte	0x7
 441 006f 52020000 		.4byte	.LASF9
 442 0073 04       		.uleb128 0x4
 443 0074 04       		.byte	0x4
 444 0075 05       		.byte	0x5
 445 0076 696E7400 		.ascii	"int\000"
 446 007a 02       		.uleb128 0x2
 447 007b 04       		.byte	0x4
 448 007c 07       		.byte	0x7
 449 007d 3C020000 		.4byte	.LASF10
 450 0081 03       		.uleb128 0x3
 451 0082 7F010000 		.4byte	.LASF11
 452 0086 03       		.byte	0x3
 453 0087 1F       		.byte	0x1f
 454 0088 41000000 		.4byte	0x41
 455 008c 03       		.uleb128 0x3
 456 008d 32030000 		.4byte	.LASF12
ARM GAS  /var/folders/m4/4md61f0s1_g0rzfghffqnxvr0000gn/T//cc9FryGf.s 			page 9


 457 0091 03       		.byte	0x3
 458 0092 20       		.byte	0x20
 459 0093 53000000 		.4byte	0x53
 460 0097 02       		.uleb128 0x2
 461 0098 04       		.byte	0x4
 462 0099 07       		.byte	0x7
 463 009a 92020000 		.4byte	.LASF13
 464 009e 03       		.uleb128 0x3
 465 009f 00000000 		.4byte	.LASF14
 466 00a3 04       		.byte	0x4
 467 00a4 32       		.byte	0x32
 468 00a5 A9000000 		.4byte	0xa9
 469 00a9 05       		.uleb128 0x5
 470 00aa 04       		.byte	0x4
 471 00ab AF000000 		.4byte	0xaf
 472 00af 06       		.uleb128 0x6
 473 00b0 07       		.uleb128 0x7
 474 00b1 C001     		.2byte	0x1c0
 475 00b3 04       		.byte	0x4
 476 00b4 37       		.byte	0x37
 477 00b5 86010000 		.4byte	0x186
 478 00b9 08       		.uleb128 0x8
 479 00ba 74010000 		.4byte	.LASF15
 480 00be 04       		.byte	0x4
 481 00bf 38       		.byte	0x38
 482 00c0 86010000 		.4byte	0x186
 483 00c4 00       		.byte	0
 484 00c5 08       		.uleb128 0x8
 485 00c6 84020000 		.4byte	.LASF16
 486 00ca 04       		.byte	0x4
 487 00cb 39       		.byte	0x39
 488 00cc 9E000000 		.4byte	0x9e
 489 00d0 04       		.byte	0x4
 490 00d1 08       		.uleb128 0x8
 491 00d2 30020000 		.4byte	.LASF17
 492 00d6 04       		.byte	0x4
 493 00d7 3A       		.byte	0x3a
 494 00d8 9E000000 		.4byte	0x9e
 495 00dc 08       		.byte	0x8
 496 00dd 08       		.uleb128 0x8
 497 00de 13020000 		.4byte	.LASF18
 498 00e2 04       		.byte	0x4
 499 00e3 3B       		.byte	0x3b
 500 00e4 9E000000 		.4byte	0x9e
 501 00e8 0C       		.byte	0xc
 502 00e9 08       		.uleb128 0x8
 503 00ea 44030000 		.4byte	.LASF19
 504 00ee 04       		.byte	0x4
 505 00ef 3C       		.byte	0x3c
 506 00f0 9E000000 		.4byte	0x9e
 507 00f4 10       		.byte	0x10
 508 00f5 08       		.uleb128 0x8
 509 00f6 BC020000 		.4byte	.LASF20
 510 00fa 04       		.byte	0x4
 511 00fb 3D       		.byte	0x3d
 512 00fc 9E000000 		.4byte	0x9e
 513 0100 14       		.byte	0x14
ARM GAS  /var/folders/m4/4md61f0s1_g0rzfghffqnxvr0000gn/T//cc9FryGf.s 			page 10


 514 0101 08       		.uleb128 0x8
 515 0102 9B020000 		.4byte	.LASF21
 516 0106 04       		.byte	0x4
 517 0107 3E       		.byte	0x3e
 518 0108 9E000000 		.4byte	0x9e
 519 010c 18       		.byte	0x18
 520 010d 08       		.uleb128 0x8
 521 010e 0A020000 		.4byte	.LASF22
 522 0112 04       		.byte	0x4
 523 0113 3F       		.byte	0x3f
 524 0114 9E000000 		.4byte	0x9e
 525 0118 1C       		.byte	0x1c
 526 0119 08       		.uleb128 0x8
 527 011a 49020000 		.4byte	.LASF23
 528 011e 04       		.byte	0x4
 529 011f 40       		.byte	0x40
 530 0120 9E000000 		.4byte	0x9e
 531 0124 20       		.byte	0x20
 532 0125 08       		.uleb128 0x8
 533 0126 69020000 		.4byte	.LASF24
 534 012a 04       		.byte	0x4
 535 012b 41       		.byte	0x41
 536 012c 9E000000 		.4byte	0x9e
 537 0130 24       		.byte	0x24
 538 0131 08       		.uleb128 0x8
 539 0132 72020000 		.4byte	.LASF25
 540 0136 04       		.byte	0x4
 541 0137 42       		.byte	0x42
 542 0138 9E000000 		.4byte	0x9e
 543 013c 28       		.byte	0x28
 544 013d 08       		.uleb128 0x8
 545 013e F1010000 		.4byte	.LASF26
 546 0142 04       		.byte	0x4
 547 0143 43       		.byte	0x43
 548 0144 9E000000 		.4byte	0x9e
 549 0148 2C       		.byte	0x2c
 550 0149 08       		.uleb128 0x8
 551 014a 87010000 		.4byte	.LASF27
 552 014e 04       		.byte	0x4
 553 014f 44       		.byte	0x44
 554 0150 9E000000 		.4byte	0x9e
 555 0154 30       		.byte	0x30
 556 0155 08       		.uleb128 0x8
 557 0156 0D000000 		.4byte	.LASF28
 558 015a 04       		.byte	0x4
 559 015b 45       		.byte	0x45
 560 015c 9E000000 		.4byte	0x9e
 561 0160 34       		.byte	0x34
 562 0161 08       		.uleb128 0x8
 563 0162 16000000 		.4byte	.LASF29
 564 0166 04       		.byte	0x4
 565 0167 46       		.byte	0x46
 566 0168 9E000000 		.4byte	0x9e
 567 016c 38       		.byte	0x38
 568 016d 08       		.uleb128 0x8
 569 016e 51010000 		.4byte	.LASF30
 570 0172 04       		.byte	0x4
ARM GAS  /var/folders/m4/4md61f0s1_g0rzfghffqnxvr0000gn/T//cc9FryGf.s 			page 11


 571 0173 47       		.byte	0x47
 572 0174 9E000000 		.4byte	0x9e
 573 0178 3C       		.byte	0x3c
 574 0179 08       		.uleb128 0x8
 575 017a E2020000 		.4byte	.LASF31
 576 017e 04       		.byte	0x4
 577 017f 48       		.byte	0x48
 578 0180 8C010000 		.4byte	0x18c
 579 0184 40       		.byte	0x40
 580 0185 00       		.byte	0
 581 0186 05       		.uleb128 0x5
 582 0187 04       		.byte	0x4
 583 0188 8C000000 		.4byte	0x8c
 584 018c 09       		.uleb128 0x9
 585 018d 9E000000 		.4byte	0x9e
 586 0191 9C010000 		.4byte	0x19c
 587 0195 0A       		.uleb128 0xa
 588 0196 97000000 		.4byte	0x97
 589 019a 5F       		.byte	0x5f
 590 019b 00       		.byte	0
 591 019c 03       		.uleb128 0x3
 592 019d 62030000 		.4byte	.LASF32
 593 01a1 04       		.byte	0x4
 594 01a2 49       		.byte	0x49
 595 01a3 B0000000 		.4byte	0xb0
 596 01a7 0B       		.uleb128 0xb
 597 01a8 CD020000 		.4byte	.LASF39
 598 01ac 01       		.byte	0x1
 599 01ad 2E       		.byte	0x2e
 600 01ae 00000000 		.4byte	.LFB123
 601 01b2 02000000 		.4byte	.LFE123-.LFB123
 602 01b6 01       		.uleb128 0x1
 603 01b7 9C       		.byte	0x9c
 604 01b8 0C       		.uleb128 0xc
 605 01b9 FD010000 		.4byte	.LASF33
 606 01bd 05       		.byte	0x5
 607 01be FA06     		.2byte	0x6fa
 608 01c0 C4010000 		.4byte	0x1c4
 609 01c4 0D       		.uleb128 0xd
 610 01c5 81000000 		.4byte	0x81
 611 01c9 0E       		.uleb128 0xe
 612 01ca 7B020000 		.4byte	.LASF34
 613 01ce 01       		.byte	0x1
 614 01cf B901     		.2byte	0x1b9
 615 01d1 9C010000 		.4byte	0x19c
 616 01d5 05       		.uleb128 0x5
 617 01d6 03       		.byte	0x3
 618 01d7 00000000 		.4byte	_vectors
 619 01db 0F       		.uleb128 0xf
 620 01dc 6C030000 		.4byte	.LASF35
 621 01e0 01       		.byte	0x1
 622 01e1 36       		.byte	0x36
 623 01e2 8C000000 		.4byte	0x8c
 624 01e6 00       		.byte	0
 625              		.section	.debug_abbrev,"",%progbits
 626              	.Ldebug_abbrev0:
 627 0000 01       		.uleb128 0x1
ARM GAS  /var/folders/m4/4md61f0s1_g0rzfghffqnxvr0000gn/T//cc9FryGf.s 			page 12


 628 0001 11       		.uleb128 0x11
 629 0002 01       		.byte	0x1
 630 0003 25       		.uleb128 0x25
 631 0004 0E       		.uleb128 0xe
 632 0005 13       		.uleb128 0x13
 633 0006 0B       		.uleb128 0xb
 634 0007 03       		.uleb128 0x3
 635 0008 0E       		.uleb128 0xe
 636 0009 1B       		.uleb128 0x1b
 637 000a 0E       		.uleb128 0xe
 638 000b 55       		.uleb128 0x55
 639 000c 17       		.uleb128 0x17
 640 000d 11       		.uleb128 0x11
 641 000e 01       		.uleb128 0x1
 642 000f 10       		.uleb128 0x10
 643 0010 17       		.uleb128 0x17
 644 0011 00       		.byte	0
 645 0012 00       		.byte	0
 646 0013 02       		.uleb128 0x2
 647 0014 24       		.uleb128 0x24
 648 0015 00       		.byte	0
 649 0016 0B       		.uleb128 0xb
 650 0017 0B       		.uleb128 0xb
 651 0018 3E       		.uleb128 0x3e
 652 0019 0B       		.uleb128 0xb
 653 001a 03       		.uleb128 0x3
 654 001b 0E       		.uleb128 0xe
 655 001c 00       		.byte	0
 656 001d 00       		.byte	0
 657 001e 03       		.uleb128 0x3
 658 001f 16       		.uleb128 0x16
 659 0020 00       		.byte	0
 660 0021 03       		.uleb128 0x3
 661 0022 0E       		.uleb128 0xe
 662 0023 3A       		.uleb128 0x3a
 663 0024 0B       		.uleb128 0xb
 664 0025 3B       		.uleb128 0x3b
 665 0026 0B       		.uleb128 0xb
 666 0027 49       		.uleb128 0x49
 667 0028 13       		.uleb128 0x13
 668 0029 00       		.byte	0
 669 002a 00       		.byte	0
 670 002b 04       		.uleb128 0x4
 671 002c 24       		.uleb128 0x24
 672 002d 00       		.byte	0
 673 002e 0B       		.uleb128 0xb
 674 002f 0B       		.uleb128 0xb
 675 0030 3E       		.uleb128 0x3e
 676 0031 0B       		.uleb128 0xb
 677 0032 03       		.uleb128 0x3
 678 0033 08       		.uleb128 0x8
 679 0034 00       		.byte	0
 680 0035 00       		.byte	0
 681 0036 05       		.uleb128 0x5
 682 0037 0F       		.uleb128 0xf
 683 0038 00       		.byte	0
 684 0039 0B       		.uleb128 0xb
ARM GAS  /var/folders/m4/4md61f0s1_g0rzfghffqnxvr0000gn/T//cc9FryGf.s 			page 13


 685 003a 0B       		.uleb128 0xb
 686 003b 49       		.uleb128 0x49
 687 003c 13       		.uleb128 0x13
 688 003d 00       		.byte	0
 689 003e 00       		.byte	0
 690 003f 06       		.uleb128 0x6
 691 0040 15       		.uleb128 0x15
 692 0041 00       		.byte	0
 693 0042 27       		.uleb128 0x27
 694 0043 19       		.uleb128 0x19
 695 0044 00       		.byte	0
 696 0045 00       		.byte	0
 697 0046 07       		.uleb128 0x7
 698 0047 13       		.uleb128 0x13
 699 0048 01       		.byte	0x1
 700 0049 0B       		.uleb128 0xb
 701 004a 05       		.uleb128 0x5
 702 004b 3A       		.uleb128 0x3a
 703 004c 0B       		.uleb128 0xb
 704 004d 3B       		.uleb128 0x3b
 705 004e 0B       		.uleb128 0xb
 706 004f 01       		.uleb128 0x1
 707 0050 13       		.uleb128 0x13
 708 0051 00       		.byte	0
 709 0052 00       		.byte	0
 710 0053 08       		.uleb128 0x8
 711 0054 0D       		.uleb128 0xd
 712 0055 00       		.byte	0
 713 0056 03       		.uleb128 0x3
 714 0057 0E       		.uleb128 0xe
 715 0058 3A       		.uleb128 0x3a
 716 0059 0B       		.uleb128 0xb
 717 005a 3B       		.uleb128 0x3b
 718 005b 0B       		.uleb128 0xb
 719 005c 49       		.uleb128 0x49
 720 005d 13       		.uleb128 0x13
 721 005e 38       		.uleb128 0x38
 722 005f 0B       		.uleb128 0xb
 723 0060 00       		.byte	0
 724 0061 00       		.byte	0
 725 0062 09       		.uleb128 0x9
 726 0063 01       		.uleb128 0x1
 727 0064 01       		.byte	0x1
 728 0065 49       		.uleb128 0x49
 729 0066 13       		.uleb128 0x13
 730 0067 01       		.uleb128 0x1
 731 0068 13       		.uleb128 0x13
 732 0069 00       		.byte	0
 733 006a 00       		.byte	0
 734 006b 0A       		.uleb128 0xa
 735 006c 21       		.uleb128 0x21
 736 006d 00       		.byte	0
 737 006e 49       		.uleb128 0x49
 738 006f 13       		.uleb128 0x13
 739 0070 2F       		.uleb128 0x2f
 740 0071 0B       		.uleb128 0xb
 741 0072 00       		.byte	0
ARM GAS  /var/folders/m4/4md61f0s1_g0rzfghffqnxvr0000gn/T//cc9FryGf.s 			page 14


 742 0073 00       		.byte	0
 743 0074 0B       		.uleb128 0xb
 744 0075 2E       		.uleb128 0x2e
 745 0076 00       		.byte	0
 746 0077 3F       		.uleb128 0x3f
 747 0078 19       		.uleb128 0x19
 748 0079 03       		.uleb128 0x3
 749 007a 0E       		.uleb128 0xe
 750 007b 3A       		.uleb128 0x3a
 751 007c 0B       		.uleb128 0xb
 752 007d 3B       		.uleb128 0x3b
 753 007e 0B       		.uleb128 0xb
 754 007f 27       		.uleb128 0x27
 755 0080 19       		.uleb128 0x19
 756 0081 8701     		.uleb128 0x87
 757 0083 19       		.uleb128 0x19
 758 0084 11       		.uleb128 0x11
 759 0085 01       		.uleb128 0x1
 760 0086 12       		.uleb128 0x12
 761 0087 06       		.uleb128 0x6
 762 0088 40       		.uleb128 0x40
 763 0089 18       		.uleb128 0x18
 764 008a 9742     		.uleb128 0x2117
 765 008c 19       		.uleb128 0x19
 766 008d 00       		.byte	0
 767 008e 00       		.byte	0
 768 008f 0C       		.uleb128 0xc
 769 0090 34       		.uleb128 0x34
 770 0091 00       		.byte	0
 771 0092 03       		.uleb128 0x3
 772 0093 0E       		.uleb128 0xe
 773 0094 3A       		.uleb128 0x3a
 774 0095 0B       		.uleb128 0xb
 775 0096 3B       		.uleb128 0x3b
 776 0097 05       		.uleb128 0x5
 777 0098 49       		.uleb128 0x49
 778 0099 13       		.uleb128 0x13
 779 009a 3F       		.uleb128 0x3f
 780 009b 19       		.uleb128 0x19
 781 009c 3C       		.uleb128 0x3c
 782 009d 19       		.uleb128 0x19
 783 009e 00       		.byte	0
 784 009f 00       		.byte	0
 785 00a0 0D       		.uleb128 0xd
 786 00a1 35       		.uleb128 0x35
 787 00a2 00       		.byte	0
 788 00a3 49       		.uleb128 0x49
 789 00a4 13       		.uleb128 0x13
 790 00a5 00       		.byte	0
 791 00a6 00       		.byte	0
 792 00a7 0E       		.uleb128 0xe
 793 00a8 34       		.uleb128 0x34
 794 00a9 00       		.byte	0
 795 00aa 03       		.uleb128 0x3
 796 00ab 0E       		.uleb128 0xe
 797 00ac 3A       		.uleb128 0x3a
 798 00ad 0B       		.uleb128 0xb
ARM GAS  /var/folders/m4/4md61f0s1_g0rzfghffqnxvr0000gn/T//cc9FryGf.s 			page 15


 799 00ae 3B       		.uleb128 0x3b
 800 00af 05       		.uleb128 0x5
 801 00b0 49       		.uleb128 0x49
 802 00b1 13       		.uleb128 0x13
 803 00b2 3F       		.uleb128 0x3f
 804 00b3 19       		.uleb128 0x19
 805 00b4 02       		.uleb128 0x2
 806 00b5 18       		.uleb128 0x18
 807 00b6 00       		.byte	0
 808 00b7 00       		.byte	0
 809 00b8 0F       		.uleb128 0xf
 810 00b9 34       		.uleb128 0x34
 811 00ba 00       		.byte	0
 812 00bb 03       		.uleb128 0x3
 813 00bc 0E       		.uleb128 0xe
 814 00bd 3A       		.uleb128 0x3a
 815 00be 0B       		.uleb128 0xb
 816 00bf 3B       		.uleb128 0x3b
 817 00c0 0B       		.uleb128 0xb
 818 00c1 49       		.uleb128 0x49
 819 00c2 13       		.uleb128 0x13
 820 00c3 3F       		.uleb128 0x3f
 821 00c4 19       		.uleb128 0x19
 822 00c5 3C       		.uleb128 0x3c
 823 00c6 19       		.uleb128 0x19
 824 00c7 00       		.byte	0
 825 00c8 00       		.byte	0
 826 00c9 00       		.byte	0
 827              		.section	.debug_aranges,"",%progbits
 828 0000 1C000000 		.4byte	0x1c
 829 0004 0200     		.2byte	0x2
 830 0006 00000000 		.4byte	.Ldebug_info0
 831 000a 04       		.byte	0x4
 832 000b 00       		.byte	0
 833 000c 0000     		.2byte	0
 834 000e 0000     		.2byte	0
 835 0010 00000000 		.4byte	.LFB123
 836 0014 02000000 		.4byte	.LFE123-.LFB123
 837 0018 00000000 		.4byte	0
 838 001c 00000000 		.4byte	0
 839              		.section	.debug_ranges,"",%progbits
 840              	.Ldebug_ranges0:
 841 0000 00000000 		.4byte	.LFB123
 842 0004 02000000 		.4byte	.LFE123
 843 0008 00000000 		.4byte	0
 844 000c 00000000 		.4byte	0
 845              		.section	.debug_line,"",%progbits
 846              	.Ldebug_line0:
 847 0000 BD010000 		.section	.debug_str,"MS",%progbits,1
 847      0200A801 
 847      00000201 
 847      FB0E0D00 
 847      01010101 
 848              	.LASF14:
 849 0000 6972715F 		.ascii	"irq_vector_t\000"
 849      76656374 
 849      6F725F74 
ARM GAS  /var/folders/m4/4md61f0s1_g0rzfghffqnxvr0000gn/T//cc9FryGf.s 			page 16


 849      00
 850              	.LASF28:
 851 000d 76656374 		.ascii	"vector34\000"
 851      6F723334 
 851      00
 852              	.LASF29:
 853 0016 70656E64 		.ascii	"pendsv_handler\000"
 853      73765F68 
 853      616E646C 
 853      657200
 854              	.LASF36:
 855 0025 474E5520 		.ascii	"GNU C99 5.2.1 20151202 (release) [ARM/embedded-5-br"
 855      43393920 
 855      352E322E 
 855      31203230 
 855      31353132 
 856 0058 616E6368 		.ascii	"anch revision 231848] -mcpu=cortex-m4 -mfloat-abi=h"
 856      20726576 
 856      6973696F 
 856      6E203233 
 856      31383438 
 857 008b 61726420 		.ascii	"ard -mfpu=fpv4-sp-d16 -mno-thumb-interwork -mthumb "
 857      2D6D6670 
 857      753D6670 
 857      76342D73 
 857      702D6431 
 858 00be 2D676764 		.ascii	"-ggdb -O2 -std=c99 -fomit-frame-pointer -falign-fun"
 858      62202D4F 
 858      32202D73 
 858      74643D63 
 858      3939202D 
 859 00f1 6374696F 		.ascii	"ctions=16 -fsingle-precision-constant -ffunction-se"
 859      6E733D31 
 859      36202D66 
 859      73696E67 
 859      6C652D70 
 860 0124 6374696F 		.ascii	"ctions -fdata-sections -fno-common\000"
 860      6E73202D 
 860      66646174 
 860      612D7365 
 860      6374696F 
 861              	.LASF5:
 862 0147 5F5F696E 		.ascii	"__int32_t\000"
 862      7433325F 
 862      7400
 863              	.LASF30:
 864 0151 73797374 		.ascii	"systick_handler\000"
 864      69636B5F 
 864      68616E64 
 864      6C657200 
 865              	.LASF3:
 866 0161 73686F72 		.ascii	"short unsigned int\000"
 866      7420756E 
 866      7369676E 
 866      65642069 
 866      6E7400
 867              	.LASF15:
ARM GAS  /var/folders/m4/4md61f0s1_g0rzfghffqnxvr0000gn/T//cc9FryGf.s 			page 17


 868 0174 696E6974 		.ascii	"init_stack\000"
 868      5F737461 
 868      636B00
 869              	.LASF11:
 870 017f 696E7433 		.ascii	"int32_t\000"
 870      325F7400 
 871              	.LASF27:
 872 0187 64656275 		.ascii	"debugmonitor_handler\000"
 872      676D6F6E 
 872      69746F72 
 872      5F68616E 
 872      646C6572 
 873              	.LASF1:
 874 019c 756E7369 		.ascii	"unsigned char\000"
 874      676E6564 
 874      20636861 
 874      7200
 875              	.LASF38:
 876 01aa 2F557365 		.ascii	"/Users/raphael/Documents/Projects/rESC/resc-firmwar"
 876      72732F72 
 876      61706861 
 876      656C2F44 
 876      6F63756D 
 877 01dd 6500     		.ascii	"e\000"
 878              	.LASF7:
 879 01df 6C6F6E67 		.ascii	"long unsigned int\000"
 879      20756E73 
 879      69676E65 
 879      6420696E 
 879      7400
 880              	.LASF26:
 881 01f1 7376635F 		.ascii	"svc_handler\000"
 881      68616E64 
 881      6C657200 
 882              	.LASF33:
 883 01fd 49544D5F 		.ascii	"ITM_RxBuffer\000"
 883      52784275 
 883      66666572 
 883      00
 884              	.LASF22:
 885 020a 76656374 		.ascii	"vector1c\000"
 885      6F723163 
 885      00
 886              	.LASF18:
 887 0213 68617264 		.ascii	"hardfault_handler\000"
 887      6661756C 
 887      745F6861 
 887      6E646C65 
 887      7200
 888              	.LASF6:
 889 0225 5F5F7569 		.ascii	"__uint32_t\000"
 889      6E743332 
 889      5F7400
 890              	.LASF17:
 891 0230 6E6D695F 		.ascii	"nmi_handler\000"
 891      68616E64 
 891      6C657200 
ARM GAS  /var/folders/m4/4md61f0s1_g0rzfghffqnxvr0000gn/T//cc9FryGf.s 			page 18


 892              	.LASF10:
 893 023c 756E7369 		.ascii	"unsigned int\000"
 893      676E6564 
 893      20696E74 
 893      00
 894              	.LASF23:
 895 0249 76656374 		.ascii	"vector20\000"
 895      6F723230 
 895      00
 896              	.LASF9:
 897 0252 6C6F6E67 		.ascii	"long long unsigned int\000"
 897      206C6F6E 
 897      6720756E 
 897      7369676E 
 897      65642069 
 898              	.LASF24:
 899 0269 76656374 		.ascii	"vector24\000"
 899      6F723234 
 899      00
 900              	.LASF25:
 901 0272 76656374 		.ascii	"vector28\000"
 901      6F723238 
 901      00
 902              	.LASF34:
 903 027b 5F766563 		.ascii	"_vectors\000"
 903      746F7273 
 903      00
 904              	.LASF16:
 905 0284 72657365 		.ascii	"reset_handler\000"
 905      745F6861 
 905      6E646C65 
 905      7200
 906              	.LASF13:
 907 0292 73697A65 		.ascii	"sizetype\000"
 907      74797065 
 907      00
 908              	.LASF21:
 909 029b 75736167 		.ascii	"usagefault_handler\000"
 909      65666175 
 909      6C745F68 
 909      616E646C 
 909      657200
 910              	.LASF8:
 911 02ae 6C6F6E67 		.ascii	"long long int\000"
 911      206C6F6E 
 911      6720696E 
 911      7400
 912              	.LASF20:
 913 02bc 62757366 		.ascii	"busfault_handler\000"
 913      61756C74 
 913      5F68616E 
 913      646C6572 
 913      00
 914              	.LASF39:
 915 02cd 5F756E68 		.ascii	"_unhandled_exception\000"
 915      616E646C 
 915      65645F65 
ARM GAS  /var/folders/m4/4md61f0s1_g0rzfghffqnxvr0000gn/T//cc9FryGf.s 			page 19


 915      78636570 
 915      74696F6E 
 916              	.LASF31:
 917 02e2 76656374 		.ascii	"vectors\000"
 917      6F727300 
 918              	.LASF2:
 919 02ea 73686F72 		.ascii	"short int\000"
 919      7420696E 
 919      7400
 920              	.LASF37:
 921 02f4 43686962 		.ascii	"ChibiOS_16.1.4/os/common/ports/ARMCMx/compilers/GCC"
 921      694F535F 
 921      31362E31 
 921      2E342F6F 
 921      732F636F 
 922 0327 2F766563 		.ascii	"/vectors.c\000"
 922      746F7273 
 922      2E6300
 923              	.LASF12:
 924 0332 75696E74 		.ascii	"uint32_t\000"
 924      33325F74 
 924      00
 925              	.LASF4:
 926 033b 6C6F6E67 		.ascii	"long int\000"
 926      20696E74 
 926      00
 927              	.LASF19:
 928 0344 6D656D6D 		.ascii	"memmanage_handler\000"
 928      616E6167 
 928      655F6861 
 928      6E646C65 
 928      7200
 929              	.LASF0:
 930 0356 7369676E 		.ascii	"signed char\000"
 930      65642063 
 930      68617200 
 931              	.LASF32:
 932 0362 76656374 		.ascii	"vectors_t\000"
 932      6F72735F 
 932      7400
 933              	.LASF35:
 934 036c 5F5F6D61 		.ascii	"__main_stack_end__\000"
 934      696E5F73 
 934      7461636B 
 934      5F656E64 
 934      5F5F00
 935              		.ident	"GCC: (GNU Tools for ARM Embedded Processors) 5.2.1 20151202 (release) [ARM/embedded-5-bran
ARM GAS  /var/folders/m4/4md61f0s1_g0rzfghffqnxvr0000gn/T//cc9FryGf.s 			page 20


DEFINED SYMBOLS
                            *ABS*:0000000000000000 vectors.c
/var/folders/m4/4md61f0s1_g0rzfghffqnxvr0000gn/T//cc9FryGf.s:22     .text._unhandled_exception:0000000000000000 $t
/var/folders/m4/4md61f0s1_g0rzfghffqnxvr0000gn/T//cc9FryGf.s:28     .text._unhandled_exception:0000000000000000 _unhandled_exception
/var/folders/m4/4md61f0s1_g0rzfghffqnxvr0000gn/T//cc9FryGf.s:28     .text._unhandled_exception:0000000000000000 Vector1BC
/var/folders/m4/4md61f0s1_g0rzfghffqnxvr0000gn/T//cc9FryGf.s:28     .text._unhandled_exception:0000000000000000 Vector1B8
/var/folders/m4/4md61f0s1_g0rzfghffqnxvr0000gn/T//cc9FryGf.s:28     .text._unhandled_exception:0000000000000000 Vector1B4
/var/folders/m4/4md61f0s1_g0rzfghffqnxvr0000gn/T//cc9FryGf.s:28     .text._unhandled_exception:0000000000000000 Vector1B0
/var/folders/m4/4md61f0s1_g0rzfghffqnxvr0000gn/T//cc9FryGf.s:28     .text._unhandled_exception:0000000000000000 Vector1AC
/var/folders/m4/4md61f0s1_g0rzfghffqnxvr0000gn/T//cc9FryGf.s:28     .text._unhandled_exception:0000000000000000 Vector1A8
/var/folders/m4/4md61f0s1_g0rzfghffqnxvr0000gn/T//cc9FryGf.s:28     .text._unhandled_exception:0000000000000000 Vector1A4
/var/folders/m4/4md61f0s1_g0rzfghffqnxvr0000gn/T//cc9FryGf.s:28     .text._unhandled_exception:0000000000000000 Vector1A0
/var/folders/m4/4md61f0s1_g0rzfghffqnxvr0000gn/T//cc9FryGf.s:28     .text._unhandled_exception:0000000000000000 Vector19C
/var/folders/m4/4md61f0s1_g0rzfghffqnxvr0000gn/T//cc9FryGf.s:28     .text._unhandled_exception:0000000000000000 Vector198
/var/folders/m4/4md61f0s1_g0rzfghffqnxvr0000gn/T//cc9FryGf.s:28     .text._unhandled_exception:0000000000000000 Vector194
/var/folders/m4/4md61f0s1_g0rzfghffqnxvr0000gn/T//cc9FryGf.s:28     .text._unhandled_exception:0000000000000000 Vector190
/var/folders/m4/4md61f0s1_g0rzfghffqnxvr0000gn/T//cc9FryGf.s:28     .text._unhandled_exception:0000000000000000 Vector18C
/var/folders/m4/4md61f0s1_g0rzfghffqnxvr0000gn/T//cc9FryGf.s:28     .text._unhandled_exception:0000000000000000 Vector188
/var/folders/m4/4md61f0s1_g0rzfghffqnxvr0000gn/T//cc9FryGf.s:28     .text._unhandled_exception:0000000000000000 Vector184
/var/folders/m4/4md61f0s1_g0rzfghffqnxvr0000gn/T//cc9FryGf.s:28     .text._unhandled_exception:0000000000000000 Vector180
/var/folders/m4/4md61f0s1_g0rzfghffqnxvr0000gn/T//cc9FryGf.s:28     .text._unhandled_exception:0000000000000000 Vector17C
/var/folders/m4/4md61f0s1_g0rzfghffqnxvr0000gn/T//cc9FryGf.s:28     .text._unhandled_exception:0000000000000000 Vector178
/var/folders/m4/4md61f0s1_g0rzfghffqnxvr0000gn/T//cc9FryGf.s:28     .text._unhandled_exception:0000000000000000 Vector174
/var/folders/m4/4md61f0s1_g0rzfghffqnxvr0000gn/T//cc9FryGf.s:28     .text._unhandled_exception:0000000000000000 Vector170
/var/folders/m4/4md61f0s1_g0rzfghffqnxvr0000gn/T//cc9FryGf.s:28     .text._unhandled_exception:0000000000000000 Vector16C
/var/folders/m4/4md61f0s1_g0rzfghffqnxvr0000gn/T//cc9FryGf.s:28     .text._unhandled_exception:0000000000000000 Vector168
/var/folders/m4/4md61f0s1_g0rzfghffqnxvr0000gn/T//cc9FryGf.s:28     .text._unhandled_exception:0000000000000000 Vector164
/var/folders/m4/4md61f0s1_g0rzfghffqnxvr0000gn/T//cc9FryGf.s:28     .text._unhandled_exception:0000000000000000 Vector160
/var/folders/m4/4md61f0s1_g0rzfghffqnxvr0000gn/T//cc9FryGf.s:28     .text._unhandled_exception:0000000000000000 Vector15C
/var/folders/m4/4md61f0s1_g0rzfghffqnxvr0000gn/T//cc9FryGf.s:28     .text._unhandled_exception:0000000000000000 Vector158
/var/folders/m4/4md61f0s1_g0rzfghffqnxvr0000gn/T//cc9FryGf.s:28     .text._unhandled_exception:0000000000000000 Vector154
/var/folders/m4/4md61f0s1_g0rzfghffqnxvr0000gn/T//cc9FryGf.s:28     .text._unhandled_exception:0000000000000000 Vector150
/var/folders/m4/4md61f0s1_g0rzfghffqnxvr0000gn/T//cc9FryGf.s:28     .text._unhandled_exception:0000000000000000 Vector14C
/var/folders/m4/4md61f0s1_g0rzfghffqnxvr0000gn/T//cc9FryGf.s:28     .text._unhandled_exception:0000000000000000 Vector148
/var/folders/m4/4md61f0s1_g0rzfghffqnxvr0000gn/T//cc9FryGf.s:28     .text._unhandled_exception:0000000000000000 Vector144
/var/folders/m4/4md61f0s1_g0rzfghffqnxvr0000gn/T//cc9FryGf.s:28     .text._unhandled_exception:0000000000000000 Vector140
/var/folders/m4/4md61f0s1_g0rzfghffqnxvr0000gn/T//cc9FryGf.s:28     .text._unhandled_exception:0000000000000000 Vector13C
/var/folders/m4/4md61f0s1_g0rzfghffqnxvr0000gn/T//cc9FryGf.s:28     .text._unhandled_exception:0000000000000000 Vector138
/var/folders/m4/4md61f0s1_g0rzfghffqnxvr0000gn/T//cc9FryGf.s:28     .text._unhandled_exception:0000000000000000 Vector134
/var/folders/m4/4md61f0s1_g0rzfghffqnxvr0000gn/T//cc9FryGf.s:28     .text._unhandled_exception:0000000000000000 Vector130
/var/folders/m4/4md61f0s1_g0rzfghffqnxvr0000gn/T//cc9FryGf.s:28     .text._unhandled_exception:0000000000000000 Vector12C
/var/folders/m4/4md61f0s1_g0rzfghffqnxvr0000gn/T//cc9FryGf.s:28     .text._unhandled_exception:0000000000000000 Vector128
/var/folders/m4/4md61f0s1_g0rzfghffqnxvr0000gn/T//cc9FryGf.s:28     .text._unhandled_exception:0000000000000000 Vector124
/var/folders/m4/4md61f0s1_g0rzfghffqnxvr0000gn/T//cc9FryGf.s:28     .text._unhandled_exception:0000000000000000 Vector120
/var/folders/m4/4md61f0s1_g0rzfghffqnxvr0000gn/T//cc9FryGf.s:28     .text._unhandled_exception:0000000000000000 Vector11C
/var/folders/m4/4md61f0s1_g0rzfghffqnxvr0000gn/T//cc9FryGf.s:28     .text._unhandled_exception:0000000000000000 Vector118
/var/folders/m4/4md61f0s1_g0rzfghffqnxvr0000gn/T//cc9FryGf.s:28     .text._unhandled_exception:0000000000000000 Vector114
/var/folders/m4/4md61f0s1_g0rzfghffqnxvr0000gn/T//cc9FryGf.s:28     .text._unhandled_exception:0000000000000000 Vector110
/var/folders/m4/4md61f0s1_g0rzfghffqnxvr0000gn/T//cc9FryGf.s:28     .text._unhandled_exception:0000000000000000 Vector10C
/var/folders/m4/4md61f0s1_g0rzfghffqnxvr0000gn/T//cc9FryGf.s:28     .text._unhandled_exception:0000000000000000 Vector108
/var/folders/m4/4md61f0s1_g0rzfghffqnxvr0000gn/T//cc9FryGf.s:28     .text._unhandled_exception:0000000000000000 Vector104
/var/folders/m4/4md61f0s1_g0rzfghffqnxvr0000gn/T//cc9FryGf.s:28     .text._unhandled_exception:0000000000000000 Vector100
/var/folders/m4/4md61f0s1_g0rzfghffqnxvr0000gn/T//cc9FryGf.s:28     .text._unhandled_exception:0000000000000000 VectorFC
/var/folders/m4/4md61f0s1_g0rzfghffqnxvr0000gn/T//cc9FryGf.s:28     .text._unhandled_exception:0000000000000000 VectorF8
/var/folders/m4/4md61f0s1_g0rzfghffqnxvr0000gn/T//cc9FryGf.s:28     .text._unhandled_exception:0000000000000000 VectorF4
/var/folders/m4/4md61f0s1_g0rzfghffqnxvr0000gn/T//cc9FryGf.s:28     .text._unhandled_exception:0000000000000000 VectorF0
/var/folders/m4/4md61f0s1_g0rzfghffqnxvr0000gn/T//cc9FryGf.s:28     .text._unhandled_exception:0000000000000000 VectorEC
ARM GAS  /var/folders/m4/4md61f0s1_g0rzfghffqnxvr0000gn/T//cc9FryGf.s 			page 21


/var/folders/m4/4md61f0s1_g0rzfghffqnxvr0000gn/T//cc9FryGf.s:28     .text._unhandled_exception:0000000000000000 VectorE8
/var/folders/m4/4md61f0s1_g0rzfghffqnxvr0000gn/T//cc9FryGf.s:28     .text._unhandled_exception:0000000000000000 VectorE4
/var/folders/m4/4md61f0s1_g0rzfghffqnxvr0000gn/T//cc9FryGf.s:28     .text._unhandled_exception:0000000000000000 VectorE0
/var/folders/m4/4md61f0s1_g0rzfghffqnxvr0000gn/T//cc9FryGf.s:28     .text._unhandled_exception:0000000000000000 VectorDC
/var/folders/m4/4md61f0s1_g0rzfghffqnxvr0000gn/T//cc9FryGf.s:28     .text._unhandled_exception:0000000000000000 VectorD8
/var/folders/m4/4md61f0s1_g0rzfghffqnxvr0000gn/T//cc9FryGf.s:28     .text._unhandled_exception:0000000000000000 VectorD4
/var/folders/m4/4md61f0s1_g0rzfghffqnxvr0000gn/T//cc9FryGf.s:28     .text._unhandled_exception:0000000000000000 VectorD0
/var/folders/m4/4md61f0s1_g0rzfghffqnxvr0000gn/T//cc9FryGf.s:28     .text._unhandled_exception:0000000000000000 VectorCC
/var/folders/m4/4md61f0s1_g0rzfghffqnxvr0000gn/T//cc9FryGf.s:28     .text._unhandled_exception:0000000000000000 VectorC8
/var/folders/m4/4md61f0s1_g0rzfghffqnxvr0000gn/T//cc9FryGf.s:28     .text._unhandled_exception:0000000000000000 VectorC4
/var/folders/m4/4md61f0s1_g0rzfghffqnxvr0000gn/T//cc9FryGf.s:28     .text._unhandled_exception:0000000000000000 VectorC0
/var/folders/m4/4md61f0s1_g0rzfghffqnxvr0000gn/T//cc9FryGf.s:28     .text._unhandled_exception:0000000000000000 VectorBC
/var/folders/m4/4md61f0s1_g0rzfghffqnxvr0000gn/T//cc9FryGf.s:28     .text._unhandled_exception:0000000000000000 VectorB8
/var/folders/m4/4md61f0s1_g0rzfghffqnxvr0000gn/T//cc9FryGf.s:28     .text._unhandled_exception:0000000000000000 VectorB4
/var/folders/m4/4md61f0s1_g0rzfghffqnxvr0000gn/T//cc9FryGf.s:28     .text._unhandled_exception:0000000000000000 VectorB0
/var/folders/m4/4md61f0s1_g0rzfghffqnxvr0000gn/T//cc9FryGf.s:28     .text._unhandled_exception:0000000000000000 VectorAC
/var/folders/m4/4md61f0s1_g0rzfghffqnxvr0000gn/T//cc9FryGf.s:28     .text._unhandled_exception:0000000000000000 VectorA8
/var/folders/m4/4md61f0s1_g0rzfghffqnxvr0000gn/T//cc9FryGf.s:28     .text._unhandled_exception:0000000000000000 VectorA4
/var/folders/m4/4md61f0s1_g0rzfghffqnxvr0000gn/T//cc9FryGf.s:28     .text._unhandled_exception:0000000000000000 VectorA0
/var/folders/m4/4md61f0s1_g0rzfghffqnxvr0000gn/T//cc9FryGf.s:28     .text._unhandled_exception:0000000000000000 Vector9C
/var/folders/m4/4md61f0s1_g0rzfghffqnxvr0000gn/T//cc9FryGf.s:28     .text._unhandled_exception:0000000000000000 Vector98
/var/folders/m4/4md61f0s1_g0rzfghffqnxvr0000gn/T//cc9FryGf.s:28     .text._unhandled_exception:0000000000000000 Vector94
/var/folders/m4/4md61f0s1_g0rzfghffqnxvr0000gn/T//cc9FryGf.s:28     .text._unhandled_exception:0000000000000000 Vector90
/var/folders/m4/4md61f0s1_g0rzfghffqnxvr0000gn/T//cc9FryGf.s:28     .text._unhandled_exception:0000000000000000 Vector8C
/var/folders/m4/4md61f0s1_g0rzfghffqnxvr0000gn/T//cc9FryGf.s:28     .text._unhandled_exception:0000000000000000 Vector88
/var/folders/m4/4md61f0s1_g0rzfghffqnxvr0000gn/T//cc9FryGf.s:28     .text._unhandled_exception:0000000000000000 Vector84
/var/folders/m4/4md61f0s1_g0rzfghffqnxvr0000gn/T//cc9FryGf.s:28     .text._unhandled_exception:0000000000000000 Vector80
/var/folders/m4/4md61f0s1_g0rzfghffqnxvr0000gn/T//cc9FryGf.s:28     .text._unhandled_exception:0000000000000000 Vector7C
/var/folders/m4/4md61f0s1_g0rzfghffqnxvr0000gn/T//cc9FryGf.s:28     .text._unhandled_exception:0000000000000000 Vector78
/var/folders/m4/4md61f0s1_g0rzfghffqnxvr0000gn/T//cc9FryGf.s:28     .text._unhandled_exception:0000000000000000 Vector74
/var/folders/m4/4md61f0s1_g0rzfghffqnxvr0000gn/T//cc9FryGf.s:28     .text._unhandled_exception:0000000000000000 Vector70
/var/folders/m4/4md61f0s1_g0rzfghffqnxvr0000gn/T//cc9FryGf.s:28     .text._unhandled_exception:0000000000000000 Vector6C
/var/folders/m4/4md61f0s1_g0rzfghffqnxvr0000gn/T//cc9FryGf.s:28     .text._unhandled_exception:0000000000000000 Vector68
/var/folders/m4/4md61f0s1_g0rzfghffqnxvr0000gn/T//cc9FryGf.s:28     .text._unhandled_exception:0000000000000000 Vector64
/var/folders/m4/4md61f0s1_g0rzfghffqnxvr0000gn/T//cc9FryGf.s:28     .text._unhandled_exception:0000000000000000 Vector60
/var/folders/m4/4md61f0s1_g0rzfghffqnxvr0000gn/T//cc9FryGf.s:28     .text._unhandled_exception:0000000000000000 Vector5C
/var/folders/m4/4md61f0s1_g0rzfghffqnxvr0000gn/T//cc9FryGf.s:28     .text._unhandled_exception:0000000000000000 Vector58
/var/folders/m4/4md61f0s1_g0rzfghffqnxvr0000gn/T//cc9FryGf.s:28     .text._unhandled_exception:0000000000000000 Vector54
/var/folders/m4/4md61f0s1_g0rzfghffqnxvr0000gn/T//cc9FryGf.s:28     .text._unhandled_exception:0000000000000000 Vector50
/var/folders/m4/4md61f0s1_g0rzfghffqnxvr0000gn/T//cc9FryGf.s:28     .text._unhandled_exception:0000000000000000 Vector4C
/var/folders/m4/4md61f0s1_g0rzfghffqnxvr0000gn/T//cc9FryGf.s:28     .text._unhandled_exception:0000000000000000 Vector48
/var/folders/m4/4md61f0s1_g0rzfghffqnxvr0000gn/T//cc9FryGf.s:28     .text._unhandled_exception:0000000000000000 Vector44
/var/folders/m4/4md61f0s1_g0rzfghffqnxvr0000gn/T//cc9FryGf.s:28     .text._unhandled_exception:0000000000000000 Vector40
/var/folders/m4/4md61f0s1_g0rzfghffqnxvr0000gn/T//cc9FryGf.s:28     .text._unhandled_exception:0000000000000000 SysTick_Handler
/var/folders/m4/4md61f0s1_g0rzfghffqnxvr0000gn/T//cc9FryGf.s:28     .text._unhandled_exception:0000000000000000 PendSV_Handler
/var/folders/m4/4md61f0s1_g0rzfghffqnxvr0000gn/T//cc9FryGf.s:28     .text._unhandled_exception:0000000000000000 Vector34
/var/folders/m4/4md61f0s1_g0rzfghffqnxvr0000gn/T//cc9FryGf.s:28     .text._unhandled_exception:0000000000000000 DebugMon_Handler
/var/folders/m4/4md61f0s1_g0rzfghffqnxvr0000gn/T//cc9FryGf.s:28     .text._unhandled_exception:0000000000000000 SVC_Handler
/var/folders/m4/4md61f0s1_g0rzfghffqnxvr0000gn/T//cc9FryGf.s:28     .text._unhandled_exception:0000000000000000 Vector28
/var/folders/m4/4md61f0s1_g0rzfghffqnxvr0000gn/T//cc9FryGf.s:28     .text._unhandled_exception:0000000000000000 Vector24
/var/folders/m4/4md61f0s1_g0rzfghffqnxvr0000gn/T//cc9FryGf.s:28     .text._unhandled_exception:0000000000000000 Vector20
/var/folders/m4/4md61f0s1_g0rzfghffqnxvr0000gn/T//cc9FryGf.s:28     .text._unhandled_exception:0000000000000000 Vector1C
/var/folders/m4/4md61f0s1_g0rzfghffqnxvr0000gn/T//cc9FryGf.s:28     .text._unhandled_exception:0000000000000000 UsageFault_Handler
/var/folders/m4/4md61f0s1_g0rzfghffqnxvr0000gn/T//cc9FryGf.s:28     .text._unhandled_exception:0000000000000000 BusFault_Handler
/var/folders/m4/4md61f0s1_g0rzfghffqnxvr0000gn/T//cc9FryGf.s:28     .text._unhandled_exception:0000000000000000 MemManage_Handler
/var/folders/m4/4md61f0s1_g0rzfghffqnxvr0000gn/T//cc9FryGf.s:28     .text._unhandled_exception:0000000000000000 HardFault_Handler
/var/folders/m4/4md61f0s1_g0rzfghffqnxvr0000gn/T//cc9FryGf.s:28     .text._unhandled_exception:0000000000000000 NMI_Handler
ARM GAS  /var/folders/m4/4md61f0s1_g0rzfghffqnxvr0000gn/T//cc9FryGf.s 			page 22


/var/folders/m4/4md61f0s1_g0rzfghffqnxvr0000gn/T//cc9FryGf.s:267    .vectors:0000000000000000 _vectors
/var/folders/m4/4md61f0s1_g0rzfghffqnxvr0000gn/T//cc9FryGf.s:264    .vectors:0000000000000000 $d
                     .debug_frame:0000000000000010 $d

UNDEFINED SYMBOLS
__main_stack_end__
Reset_Handler
